[1.070s] DEBUG:colcon:Command line arguments: ['/usr/bin/colcon', 'build', '--symlink-install', '--packages-select', 'robot_go_pkg']
[1.070s] DEBUG:colcon:Parsed command line arguments: Namespace(log_base=None, log_level=None, verb_name='build', build_base='build', install_base='install', merge_install=False, symlink_install=True, test_result_base=None, continue_on_error=False, executor='parallel', parallel_workers=4, event_handlers=None, ignore_user_meta=False, metas=['./colcon.meta'], base_paths=['.'], packages_ignore=None, packages_ignore_regex=None, paths=None, packages_up_to=None, packages_up_to_regex=None, packages_above=None, packages_above_and_dependencies=None, packages_above_depth=None, packages_select_by_dep=None, packages_skip_by_dep=None, packages_skip_up_to=None, packages_select_build_failed=False, packages_skip_build_finished=False, packages_select_test_failures=False, packages_skip_test_passed=False, packages_select=['robot_go_pkg'], packages_skip=None, packages_select_regex=None, packages_skip_regex=None, packages_start=None, packages_end=None, allow_overriding=[], cmake_args=None, cmake_target=None, cmake_target_skip_unavailable=False, cmake_clean_cache=False, cmake_clean_first=False, cmake_force_configure=False, ament_cmake_args=None, catkin_cmake_args=None, catkin_skip_building_tests=False, mixin_files=None, mixin=None, verb_parser=<colcon_mixin.mixin.mixin_argument.MixinArgumentDecorator object at 0xffffa75a58d0>, verb_extension=<colcon_core.verb.build.BuildVerb object at 0xffffa75a5420>, main=<bound method BuildVerb.main of <colcon_core.verb.build.BuildVerb object at 0xffffa75a5420>>, mixin_verb=('build',))
[2.294s] Level 1:colcon.colcon_core.package_discovery:discover_packages(colcon_meta) check parameters
[2.295s] Level 1:colcon.colcon_core.package_discovery:discover_packages(recursive) check parameters
[2.295s] Level 1:colcon.colcon_core.package_discovery:discover_packages(ignore) check parameters
[2.295s] Level 1:colcon.colcon_core.package_discovery:discover_packages(path) check parameters
[2.295s] Level 1:colcon.colcon_core.package_discovery:discover_packages(colcon_meta) discover
[2.296s] Level 1:colcon.colcon_core.package_discovery:discover_packages(recursive) discover
[2.296s] INFO:colcon.colcon_core.package_discovery:Crawling recursively for packages in '/home/hae/robot_ws/src'
[2.296s] Level 1:colcon.colcon_core.package_identification:_identify(.) by extensions ['ignore', 'ignore_ament_install']
[2.297s] Level 1:colcon.colcon_core.package_identification:_identify(.) by extension 'ignore'
[2.297s] Level 1:colcon.colcon_core.package_identification:_identify(.) by extension 'ignore_ament_install'
[2.297s] Level 1:colcon.colcon_core.package_identification:_identify(.) by extensions ['colcon_pkg']
[2.297s] Level 1:colcon.colcon_core.package_identification:_identify(.) by extension 'colcon_pkg'
[2.298s] Level 1:colcon.colcon_core.package_identification:_identify(.) by extensions ['colcon_meta']
[2.298s] Level 1:colcon.colcon_core.package_identification:_identify(.) by extension 'colcon_meta'
[2.299s] Level 1:colcon.colcon_core.package_identification:_identify(.) by extensions ['ros']
[2.299s] Level 1:colcon.colcon_core.package_identification:_identify(.) by extension 'ros'
[2.364s] Level 1:colcon.colcon_core.package_identification:_identify(.) by extensions ['cmake', 'python']
[2.364s] Level 1:colcon.colcon_core.package_identification:_identify(.) by extension 'cmake'
[2.364s] Level 1:colcon.colcon_core.package_identification:_identify(.) by extension 'python'
[2.364s] Level 1:colcon.colcon_core.package_identification:_identify(.) by extensions ['python_setup_py']
[2.365s] Level 1:colcon.colcon_core.package_identification:_identify(.) by extension 'python_setup_py'
[2.365s] Level 1:colcon.colcon_core.package_identification:_identify(action_test) by extensions ['ignore', 'ignore_ament_install']
[2.366s] Level 1:colcon.colcon_core.package_identification:_identify(action_test) by extension 'ignore'
[2.366s] Level 1:colcon.colcon_core.package_identification:_identify(action_test) by extension 'ignore_ament_install'
[2.366s] Level 1:colcon.colcon_core.package_identification:_identify(action_test) by extensions ['colcon_pkg']
[2.366s] Level 1:colcon.colcon_core.package_identification:_identify(action_test) by extension 'colcon_pkg'
[2.367s] Level 1:colcon.colcon_core.package_identification:_identify(action_test) by extensions ['colcon_meta']
[2.367s] Level 1:colcon.colcon_core.package_identification:_identify(action_test) by extension 'colcon_meta'
[2.367s] Level 1:colcon.colcon_core.package_identification:_identify(action_test) by extensions ['ros']
[2.367s] Level 1:colcon.colcon_core.package_identification:_identify(action_test) by extension 'ros'
[2.381s] DEBUG:colcon.colcon_core.package_identification:Package 'action_test' with type 'ros.ament_cmake' and name 'action_test'
[2.382s] Level 1:colcon.colcon_core.package_identification:_identify(build) by extensions ['ignore', 'ignore_ament_install']
[2.383s] Level 1:colcon.colcon_core.package_identification:_identify(build) by extension 'ignore'
[2.383s] Level 1:colcon.colcon_core.package_identification:_identify(build) ignored
[2.384s] Level 1:colcon.colcon_core.package_identification:_identify(install) by extensions ['ignore', 'ignore_ament_install']
[2.384s] Level 1:colcon.colcon_core.package_identification:_identify(install) by extension 'ignore'
[2.384s] Level 1:colcon.colcon_core.package_identification:_identify(install) ignored
[2.387s] Level 1:colcon.colcon_core.package_identification:_identify(log) by extensions ['ignore', 'ignore_ament_install']
[2.387s] Level 1:colcon.colcon_core.package_identification:_identify(log) by extension 'ignore'
[2.387s] Level 1:colcon.colcon_core.package_identification:_identify(log) ignored
[2.388s] Level 1:colcon.colcon_core.package_identification:_identify(robot_action) by extensions ['ignore', 'ignore_ament_install']
[2.388s] Level 1:colcon.colcon_core.package_identification:_identify(robot_action) by extension 'ignore'
[2.389s] Level 1:colcon.colcon_core.package_identification:_identify(robot_action) by extension 'ignore_ament_install'
[2.389s] Level 1:colcon.colcon_core.package_identification:_identify(robot_action) by extensions ['colcon_pkg']
[2.390s] Level 1:colcon.colcon_core.package_identification:_identify(robot_action) by extension 'colcon_pkg'
[2.390s] Level 1:colcon.colcon_core.package_identification:_identify(robot_action) by extensions ['colcon_meta']
[2.390s] Level 1:colcon.colcon_core.package_identification:_identify(robot_action) by extension 'colcon_meta'
[2.391s] Level 1:colcon.colcon_core.package_identification:_identify(robot_action) by extensions ['ros']
[2.391s] Level 1:colcon.colcon_core.package_identification:_identify(robot_action) by extension 'ros'
[2.394s] DEBUG:colcon.colcon_core.package_identification:Package 'robot_action' with type 'ros.ament_cmake' and name 'robot_action'
[2.395s] Level 1:colcon.colcon_core.package_identification:_identify(robot_cleaner_pkg) by extensions ['ignore', 'ignore_ament_install']
[2.395s] Level 1:colcon.colcon_core.package_identification:_identify(robot_cleaner_pkg) by extension 'ignore'
[2.395s] Level 1:colcon.colcon_core.package_identification:_identify(robot_cleaner_pkg) by extension 'ignore_ament_install'
[2.396s] Level 1:colcon.colcon_core.package_identification:_identify(robot_cleaner_pkg) by extensions ['colcon_pkg']
[2.396s] Level 1:colcon.colcon_core.package_identification:_identify(robot_cleaner_pkg) by extension 'colcon_pkg'
[2.396s] Level 1:colcon.colcon_core.package_identification:_identify(robot_cleaner_pkg) by extensions ['colcon_meta']
[2.396s] Level 1:colcon.colcon_core.package_identification:_identify(robot_cleaner_pkg) by extension 'colcon_meta'
[2.396s] Level 1:colcon.colcon_core.package_identification:_identify(robot_cleaner_pkg) by extensions ['ros']
[2.396s] Level 1:colcon.colcon_core.package_identification:_identify(robot_cleaner_pkg) by extension 'ros'
[2.400s] DEBUG:colcon.colcon_core.package_identification:Package 'robot_cleaner_pkg' with type 'ros.ament_cmake' and name 'robot_cleaner_pkg'
[2.400s] Level 1:colcon.colcon_core.package_identification:_identify(robot_go_pkg) by extensions ['ignore', 'ignore_ament_install']
[2.401s] Level 1:colcon.colcon_core.package_identification:_identify(robot_go_pkg) by extension 'ignore'
[2.401s] Level 1:colcon.colcon_core.package_identification:_identify(robot_go_pkg) by extension 'ignore_ament_install'
[2.402s] Level 1:colcon.colcon_core.package_identification:_identify(robot_go_pkg) by extensions ['colcon_pkg']
[2.402s] Level 1:colcon.colcon_core.package_identification:_identify(robot_go_pkg) by extension 'colcon_pkg'
[2.402s] Level 1:colcon.colcon_core.package_identification:_identify(robot_go_pkg) by extensions ['colcon_meta']
[2.402s] Level 1:colcon.colcon_core.package_identification:_identify(robot_go_pkg) by extension 'colcon_meta'
[2.402s] Level 1:colcon.colcon_core.package_identification:_identify(robot_go_pkg) by extensions ['ros']
[2.403s] Level 1:colcon.colcon_core.package_identification:_identify(robot_go_pkg) by extension 'ros'
[2.407s] DEBUG:colcon.colcon_core.package_identification:Package 'robot_go_pkg' with type 'ros.ament_cmake' and name 'robot_go_pkg'
[2.408s] Level 1:colcon.colcon_core.package_identification:_identify(robot_move_pkg) by extensions ['ignore', 'ignore_ament_install']
[2.408s] Level 1:colcon.colcon_core.package_identification:_identify(robot_move_pkg) by extension 'ignore'
[2.409s] Level 1:colcon.colcon_core.package_identification:_identify(robot_move_pkg) by extension 'ignore_ament_install'
[2.409s] Level 1:colcon.colcon_core.package_identification:_identify(robot_move_pkg) by extensions ['colcon_pkg']
[2.409s] Level 1:colcon.colcon_core.package_identification:_identify(robot_move_pkg) by extension 'colcon_pkg'
[2.409s] Level 1:colcon.colcon_core.package_identification:_identify(robot_move_pkg) by extensions ['colcon_meta']
[2.409s] Level 1:colcon.colcon_core.package_identification:_identify(robot_move_pkg) by extension 'colcon_meta'
[2.410s] Level 1:colcon.colcon_core.package_identification:_identify(robot_move_pkg) by extensions ['ros']
[2.410s] Level 1:colcon.colcon_core.package_identification:_identify(robot_move_pkg) by extension 'ros'
[2.413s] DEBUG:colcon.colcon_core.package_identification:Package 'robot_move_pkg' with type 'ros.ament_cmake' and name 'robot_move_pkg'
[2.414s] Level 1:colcon.colcon_core.package_identification:_identify(test_pkg) by extensions ['ignore', 'ignore_ament_install']
[2.414s] Level 1:colcon.colcon_core.package_identification:_identify(test_pkg) by extension 'ignore'
[2.415s] Level 1:colcon.colcon_core.package_identification:_identify(test_pkg) by extension 'ignore_ament_install'
[2.415s] Level 1:colcon.colcon_core.package_identification:_identify(test_pkg) by extensions ['colcon_pkg']
[2.415s] Level 1:colcon.colcon_core.package_identification:_identify(test_pkg) by extension 'colcon_pkg'
[2.415s] Level 1:colcon.colcon_core.package_identification:_identify(test_pkg) by extensions ['colcon_meta']
[2.416s] Level 1:colcon.colcon_core.package_identification:_identify(test_pkg) by extension 'colcon_meta'
[2.416s] Level 1:colcon.colcon_core.package_identification:_identify(test_pkg) by extensions ['ros']
[2.416s] Level 1:colcon.colcon_core.package_identification:_identify(test_pkg) by extension 'ros'
[2.420s] DEBUG:colcon.colcon_core.package_identification:Package 'test_pkg' with type 'ros.ament_cmake' and name 'test_pkg'
[2.420s] Level 1:colcon.colcon_core.package_discovery:discover_packages(recursive) using defaults
[2.421s] Level 1:colcon.colcon_core.package_discovery:discover_packages(ignore) discover
[2.421s] Level 1:colcon.colcon_core.package_discovery:discover_packages(ignore) using defaults
[2.421s] Level 1:colcon.colcon_core.package_discovery:discover_packages(path) discover
[2.421s] Level 1:colcon.colcon_core.package_discovery:discover_packages(path) using defaults
[2.556s] INFO:colcon.colcon_core.package_selection:Skipping not selected package 'robot_action' in 'robot_action'
[2.557s] INFO:colcon.colcon_core.package_selection:Skipping not selected package 'robot_cleaner_pkg' in 'robot_cleaner_pkg'
[2.557s] INFO:colcon.colcon_core.package_selection:Skipping not selected package 'robot_move_pkg' in 'robot_move_pkg'
[2.557s] INFO:colcon.colcon_core.package_selection:Skipping not selected package 'action_test' in 'action_test'
[2.557s] INFO:colcon.colcon_core.package_selection:Skipping not selected package 'test_pkg' in 'test_pkg'
[2.561s] Level 1:colcon.colcon_core.package_discovery:discover_packages(prefix_path) check parameters
[2.562s] Level 1:colcon.colcon_core.package_discovery:discover_packages(prefix_path) discover
[2.589s] DEBUG:colcon.colcon_installed_package_information.package_discovery:Found 268 installed packages in /opt/ros/humble
[2.644s] Level 1:colcon.colcon_core.package_discovery:discover_packages(prefix_path) using defaults
[2.809s] Level 5:colcon.colcon_core.verb:set package 'robot_go_pkg' build argument 'cmake_args' from command line to 'None'
[2.809s] Level 5:colcon.colcon_core.verb:set package 'robot_go_pkg' build argument 'cmake_target' from command line to 'None'
[2.809s] Level 5:colcon.colcon_core.verb:set package 'robot_go_pkg' build argument 'cmake_target_skip_unavailable' from command line to 'False'
[2.809s] Level 5:colcon.colcon_core.verb:set package 'robot_go_pkg' build argument 'cmake_clean_cache' from command line to 'False'
[2.809s] Level 5:colcon.colcon_core.verb:set package 'robot_go_pkg' build argument 'cmake_clean_first' from command line to 'False'
[2.810s] Level 5:colcon.colcon_core.verb:set package 'robot_go_pkg' build argument 'cmake_force_configure' from command line to 'False'
[2.810s] Level 5:colcon.colcon_core.verb:set package 'robot_go_pkg' build argument 'ament_cmake_args' from command line to 'None'
[2.810s] Level 5:colcon.colcon_core.verb:set package 'robot_go_pkg' build argument 'catkin_cmake_args' from command line to 'None'
[2.810s] Level 5:colcon.colcon_core.verb:set package 'robot_go_pkg' build argument 'catkin_skip_building_tests' from command line to 'False'
[2.810s] DEBUG:colcon.colcon_core.verb:Building package 'robot_go_pkg' with the following arguments: {'ament_cmake_args': None, 'build_base': '/home/hae/robot_ws/src/build/robot_go_pkg', 'catkin_cmake_args': None, 'catkin_skip_building_tests': False, 'cmake_args': None, 'cmake_clean_cache': False, 'cmake_clean_first': False, 'cmake_force_configure': False, 'cmake_target': None, 'cmake_target_skip_unavailable': False, 'install_base': '/home/hae/robot_ws/src/install/robot_go_pkg', 'merge_install': False, 'path': '/home/hae/robot_ws/src/robot_go_pkg', 'symlink_install': True, 'test_result_base': None}
[2.811s] INFO:colcon.colcon_core.executor:Executing jobs using 'parallel' executor
[2.814s] DEBUG:colcon.colcon_parallel_executor.executor.parallel:run_until_complete
[2.815s] INFO:colcon.colcon_ros.task.ament_cmake.build:Building ROS package in '/home/hae/robot_ws/src/robot_go_pkg' with build type 'ament_cmake'
[2.816s] INFO:colcon.colcon_cmake.task.cmake.build:Building CMake package in '/home/hae/robot_ws/src/robot_go_pkg'
[2.836s] INFO:colcon.colcon_core.plugin_system:Skipping extension 'colcon_core.shell.bat': Not used on non-Windows systems
[2.837s] INFO:colcon.colcon_core.shell:Skip shell extension 'powershell' for command environment: Not usable outside of PowerShell
[2.837s] DEBUG:colcon.colcon_core.shell:Skip shell extension 'dsv' for command environment
[2.896s] DEBUG:colcon.colcon_core.event_handler.log_command:Invoking command in '/home/hae/robot_ws/src/build/robot_go_pkg': AMENT_PREFIX_PATH=/home/hae/robot_ws/src/install/robot_action:${AMENT_PREFIX_PATH} CMAKE_PREFIX_PATH=/home/hae/robot_ws/src/install/robot_action:/opt/ros/humble LD_LIBRARY_PATH=/home/hae/robot_ws/src/install/robot_action/lib:${LD_LIBRARY_PATH} PYTHONPATH=/home/hae/robot_ws/src/install/robot_action/local/lib/python3.10/dist-packages:${PYTHONPATH} /usr/bin/cmake --build /home/hae/robot_ws/src/build/robot_go_pkg -- -j4 -l4
[81.065s] DEBUG:colcon.colcon_core.event_handler.log_command:Invoked command in '/home/hae/robot_ws/src/build/robot_go_pkg' returned '0': AMENT_PREFIX_PATH=/home/hae/robot_ws/src/install/robot_action:${AMENT_PREFIX_PATH} CMAKE_PREFIX_PATH=/home/hae/robot_ws/src/install/robot_action:/opt/ros/humble LD_LIBRARY_PATH=/home/hae/robot_ws/src/install/robot_action/lib:${LD_LIBRARY_PATH} PYTHONPATH=/home/hae/robot_ws/src/install/robot_action/local/lib/python3.10/dist-packages:${PYTHONPATH} /usr/bin/cmake --build /home/hae/robot_ws/src/build/robot_go_pkg -- -j4 -l4
[81.292s] DEBUG:colcon.colcon_core.event_handler.log_command:Invoking command in '/home/hae/robot_ws/src/build/robot_go_pkg': AMENT_PREFIX_PATH=/home/hae/robot_ws/src/install/robot_action:${AMENT_PREFIX_PATH} CMAKE_PREFIX_PATH=/home/hae/robot_ws/src/install/robot_action:/opt/ros/humble LD_LIBRARY_PATH=/home/hae/robot_ws/src/install/robot_action/lib:${LD_LIBRARY_PATH} PYTHONPATH=/home/hae/robot_ws/src/install/robot_action/local/lib/python3.10/dist-packages:${PYTHONPATH} /usr/bin/cmake --install /home/hae/robot_ws/src/build/robot_go_pkg
[81.380s] Level 1:colcon.colcon_core.environment:create_environment_scripts_only(robot_go_pkg)
[81.382s] DEBUG:colcon.colcon_core.event_handler.log_command:Invoked command in '/home/hae/robot_ws/src/build/robot_go_pkg' returned '0': AMENT_PREFIX_PATH=/home/hae/robot_ws/src/install/robot_action:${AMENT_PREFIX_PATH} CMAKE_PREFIX_PATH=/home/hae/robot_ws/src/install/robot_action:/opt/ros/humble LD_LIBRARY_PATH=/home/hae/robot_ws/src/install/robot_action/lib:${LD_LIBRARY_PATH} PYTHONPATH=/home/hae/robot_ws/src/install/robot_action/local/lib/python3.10/dist-packages:${PYTHONPATH} /usr/bin/cmake --install /home/hae/robot_ws/src/build/robot_go_pkg
[81.416s] Level 1:colcon.colcon_core.environment:checking '/home/hae/robot_ws/src/install/robot_go_pkg' for CMake module files
[81.422s] Level 1:colcon.colcon_core.environment:checking '/home/hae/robot_ws/src/install/robot_go_pkg' for CMake config files
[81.425s] Level 1:colcon.colcon_core.shell:create_environment_hook('robot_go_pkg', 'cmake_prefix_path')
[81.427s] INFO:colcon.colcon_core.shell:Creating environment hook '/home/hae/robot_ws/src/install/robot_go_pkg/share/robot_go_pkg/hook/cmake_prefix_path.ps1'
[81.434s] INFO:colcon.colcon_core.shell:Creating environment descriptor '/home/hae/robot_ws/src/install/robot_go_pkg/share/robot_go_pkg/hook/cmake_prefix_path.dsv'
[81.440s] INFO:colcon.colcon_core.shell:Creating environment hook '/home/hae/robot_ws/src/install/robot_go_pkg/share/robot_go_pkg/hook/cmake_prefix_path.sh'
[81.446s] Level 1:colcon.colcon_core.environment:checking '/home/hae/robot_ws/src/install/robot_go_pkg/lib'
[81.447s] Level 1:colcon.colcon_core.environment:checking '/home/hae/robot_ws/src/install/robot_go_pkg/bin'
[81.447s] Level 1:colcon.colcon_core.environment:checking '/home/hae/robot_ws/src/install/robot_go_pkg/lib/pkgconfig/robot_go_pkg.pc'
[81.448s] Level 1:colcon.colcon_core.environment:checking '/home/hae/robot_ws/src/install/robot_go_pkg/lib/python3.10/site-packages'
[81.449s] Level 1:colcon.colcon_core.environment:checking '/home/hae/robot_ws/src/install/robot_go_pkg/bin'
[81.451s] INFO:colcon.colcon_core.shell:Creating package script '/home/hae/robot_ws/src/install/robot_go_pkg/share/robot_go_pkg/package.ps1'
[81.456s] INFO:colcon.colcon_core.shell:Creating package descriptor '/home/hae/robot_ws/src/install/robot_go_pkg/share/robot_go_pkg/package.dsv'
[81.462s] INFO:colcon.colcon_core.shell:Creating package script '/home/hae/robot_ws/src/install/robot_go_pkg/share/robot_go_pkg/package.sh'
[81.466s] INFO:colcon.colcon_core.shell:Creating package script '/home/hae/robot_ws/src/install/robot_go_pkg/share/robot_go_pkg/package.bash'
[81.472s] INFO:colcon.colcon_core.shell:Creating package script '/home/hae/robot_ws/src/install/robot_go_pkg/share/robot_go_pkg/package.zsh'
[81.477s] Level 1:colcon.colcon_core.environment:create_file_with_runtime_dependencies(/home/hae/robot_ws/src/install/robot_go_pkg/share/colcon-core/packages/robot_go_pkg)
[81.661s] Level 1:colcon.colcon_core.environment:create_environment_scripts_only(robot_go_pkg)
[81.663s] Level 1:colcon.colcon_core.environment:checking '/home/hae/robot_ws/src/install/robot_go_pkg' for CMake module files
[81.668s] Level 1:colcon.colcon_core.environment:checking '/home/hae/robot_ws/src/install/robot_go_pkg' for CMake config files
[81.670s] Level 1:colcon.colcon_core.shell:create_environment_hook('robot_go_pkg', 'cmake_prefix_path')
[81.671s] INFO:colcon.colcon_core.shell:Creating environment hook '/home/hae/robot_ws/src/install/robot_go_pkg/share/robot_go_pkg/hook/cmake_prefix_path.ps1'
[81.674s] INFO:colcon.colcon_core.shell:Creating environment descriptor '/home/hae/robot_ws/src/install/robot_go_pkg/share/robot_go_pkg/hook/cmake_prefix_path.dsv'
[81.676s] INFO:colcon.colcon_core.shell:Creating environment hook '/home/hae/robot_ws/src/install/robot_go_pkg/share/robot_go_pkg/hook/cmake_prefix_path.sh'
[81.679s] Level 1:colcon.colcon_core.environment:checking '/home/hae/robot_ws/src/install/robot_go_pkg/lib'
[81.680s] Level 1:colcon.colcon_core.environment:checking '/home/hae/robot_ws/src/install/robot_go_pkg/bin'
[81.680s] Level 1:colcon.colcon_core.environment:checking '/home/hae/robot_ws/src/install/robot_go_pkg/lib/pkgconfig/robot_go_pkg.pc'
[81.681s] Level 1:colcon.colcon_core.environment:checking '/home/hae/robot_ws/src/install/robot_go_pkg/lib/python3.10/site-packages'
[81.682s] Level 1:colcon.colcon_core.environment:checking '/home/hae/robot_ws/src/install/robot_go_pkg/bin'
[81.683s] INFO:colcon.colcon_core.shell:Creating package script '/home/hae/robot_ws/src/install/robot_go_pkg/share/robot_go_pkg/package.ps1'
[81.686s] INFO:colcon.colcon_core.shell:Creating package descriptor '/home/hae/robot_ws/src/install/robot_go_pkg/share/robot_go_pkg/package.dsv'
[81.689s] INFO:colcon.colcon_core.shell:Creating package script '/home/hae/robot_ws/src/install/robot_go_pkg/share/robot_go_pkg/package.sh'
[81.691s] INFO:colcon.colcon_core.shell:Creating package script '/home/hae/robot_ws/src/install/robot_go_pkg/share/robot_go_pkg/package.bash'
[81.693s] INFO:colcon.colcon_core.shell:Creating package script '/home/hae/robot_ws/src/install/robot_go_pkg/share/robot_go_pkg/package.zsh'
[81.695s] Level 1:colcon.colcon_core.environment:create_file_with_runtime_dependencies(/home/hae/robot_ws/src/install/robot_go_pkg/share/colcon-core/packages/robot_go_pkg)
[81.696s] DEBUG:colcon.colcon_parallel_executor.executor.parallel:closing loop
[81.697s] DEBUG:colcon.colcon_parallel_executor.executor.parallel:loop closed
[81.698s] DEBUG:colcon.colcon_parallel_executor.executor.parallel:run_until_complete finished with '0'
[81.698s] DEBUG:colcon.colcon_core.event_reactor:joining thread
[81.726s] INFO:colcon.colcon_core.plugin_system:Skipping extension 'colcon_notification.desktop_notification.terminal_notifier': Not used on non-Darwin systems
[81.726s] INFO:colcon.colcon_core.plugin_system:Skipping extension 'colcon_notification.desktop_notification.win32': Not used on non-Windows systems
[81.726s] INFO:colcon.colcon_notification.desktop_notification:Sending desktop notification using 'notify2'
[81.769s] DEBUG:colcon.colcon_core.event_reactor:joined thread
[81.770s] INFO:colcon.colcon_core.shell:Creating prefix script '/home/hae/robot_ws/src/install/local_setup.ps1'
[81.775s] INFO:colcon.colcon_core.shell:Creating prefix util module '/home/hae/robot_ws/src/install/_local_setup_util_ps1.py'
[81.783s] INFO:colcon.colcon_core.shell:Creating prefix chain script '/home/hae/robot_ws/src/install/setup.ps1'
[81.791s] INFO:colcon.colcon_core.shell:Creating prefix script '/home/hae/robot_ws/src/install/local_setup.sh'
[81.795s] INFO:colcon.colcon_core.shell:Creating prefix util module '/home/hae/robot_ws/src/install/_local_setup_util_sh.py'
[81.798s] INFO:colcon.colcon_core.shell:Creating prefix chain script '/home/hae/robot_ws/src/install/setup.sh'
[81.806s] INFO:colcon.colcon_core.shell:Creating prefix script '/home/hae/robot_ws/src/install/local_setup.bash'
[81.809s] INFO:colcon.colcon_core.shell:Creating prefix chain script '/home/hae/robot_ws/src/install/setup.bash'
[81.814s] INFO:colcon.colcon_core.shell:Creating prefix script '/home/hae/robot_ws/src/install/local_setup.zsh'
[81.818s] INFO:colcon.colcon_core.shell:Creating prefix chain script '/home/hae/robot_ws/src/install/setup.zsh'
