[0.043s] Invoking command in '/home/hae/robot_ws/src/build/robot_drive_pkg': CMAKE_PREFIX_PATH=/opt/ros/humble /usr/bin/cmake /home/hae/robot_ws/src/robot_drive_pkg -DAMENT_CMAKE_SYMLINK_INSTALL=1 -DCMAKE_INSTALL_PREFIX=/home/hae/robot_ws/src/install/robot_drive_pkg
[0.095s] -- Found ament_cmake: 1.3.9 (/opt/ros/humble/share/ament_cmake/cmake)
[0.658s] -- Override CMake install command with custom implementation using symlinks instead of copying resources
[0.689s] -- Found rclcpp: 16.0.9 (/opt/ros/humble/share/rclcpp/cmake)
[0.868s] -- Found rosidl_generator_c: 3.1.5 (/opt/ros/humble/share/rosidl_generator_c/cmake)
[0.878s] -- Found rosidl_adapter: 3.1.5 (/opt/ros/humble/share/rosidl_adapter/cmake)
[0.909s] -- Found rosidl_generator_cpp: 3.1.5 (/opt/ros/humble/share/rosidl_generator_cpp/cmake)
[0.953s] -- Using all available rosidl_typesupport_c: rosidl_typesupport_fastrtps_c;rosidl_typesupport_introspection_c
[1.017s] -- Using all available rosidl_typesupport_cpp: rosidl_typesupport_fastrtps_cpp;rosidl_typesupport_introspection_cpp
[1.240s] -- Found rmw_implementation_cmake: 6.1.2 (/opt/ros/humble/share/rmw_implementation_cmake/cmake)
[1.247s] -- Found rmw_fastrtps_cpp: 6.2.6 (/opt/ros/humble/share/rmw_fastrtps_cpp/cmake)
[2.263s] -- Using RMW implementation 'rmw_fastrtps_cpp' as default
[2.854s] -- Found sensor_msgs: 4.2.4 (/opt/ros/humble/share/sensor_msgs/cmake)
[3.500s] [31mCMake Error at CMakeLists.txt:13 (find_package):
[3.501s]   By not providing "Findgeometry_megs.cmake" in CMAKE_MODULE_PATH this
[3.501s]   project has asked CMake to find a package configuration file provided by
[3.501s]   "geometry_megs", but CMake did not find one.
[3.502s] 
[3.502s]   Could not find a package configuration file provided by "geometry_megs"
[3.503s]   with any of the following names:
[3.503s] 
[3.504s]     geometry_megsConfig.cmake
[3.504s]     geometry_megs-config.cmake
[3.504s] 
[3.505s]   Add the installation prefix of "geometry_megs" to CMAKE_PREFIX_PATH or set
[3.505s]   "geometry_megs_DIR" to a directory containing one of the above files.  If
[3.505s]   "geometry_megs" provides a separate development package or SDK, be sure it
[3.506s]   has been installed.
[3.506s] 
[3.507s] [0m
[3.507s] -- Configuring incomplete, errors occurred!
[3.508s] See also "/home/hae/robot_ws/src/build/robot_drive_pkg/CMakeFiles/CMakeOutput.log".
[3.531s] Invoked command in '/home/hae/robot_ws/src/build/robot_drive_pkg' returned '1': CMAKE_PREFIX_PATH=/opt/ros/humble /usr/bin/cmake /home/hae/robot_ws/src/robot_drive_pkg -DAMENT_CMAKE_SYMLINK_INSTALL=1 -DCMAKE_INSTALL_PREFIX=/home/hae/robot_ws/src/install/robot_drive_pkg
