[0.056s] Invoking command in '/home/hae/robot_ws/src/build/robot_drive_pkg': CMAKE_PREFIX_PATH=/opt/ros/humble /usr/bin/cmake /home/hae/robot_ws/src/robot_drive_pkg -DAMENT_CMAKE_SYMLINK_INSTALL=1 -DCMAKE_INSTALL_PREFIX=/home/hae/robot_ws/src/install/robot_drive_pkg
[1.155s] -- The C compiler identification is GNU 11.4.0
[1.852s] -- The CXX compiler identification is GNU 11.4.0
[1.900s] -- Detecting C compiler ABI info
[2.348s] -- Detecting C compiler ABI info - done
[2.375s] -- Check for working C compiler: /usr/bin/cc - skipped
[2.377s] -- Detecting C compile features
[2.380s] -- Detecting C compile features - done
[2.398s] -- Detecting CXX compiler ABI info
[2.802s] -- Detecting CXX compiler ABI info - done
[2.831s] -- Check for working CXX compiler: /usr/bin/c++ - skipped
[2.838s] -- Detecting CXX compile features
[2.839s] -- Detecting CXX compile features - done
[2.872s] -- Found ament_cmake: 1.3.9 (/opt/ros/humble/share/ament_cmake/cmake)
[3.706s] -- Found Python3: /usr/bin/python3 (found version "3.10.12") found components: Interpreter 
[4.016s] -- Override CMake install command with custom implementation using symlinks instead of copying resources
[4.325s] -- Found rclcpp: 16.0.9 (/opt/ros/humble/share/rclcpp/cmake)
[5.007s] -- Found rosidl_generator_c: 3.1.5 (/opt/ros/humble/share/rosidl_generator_c/cmake)
[5.054s] -- Found rosidl_adapter: 3.1.5 (/opt/ros/humble/share/rosidl_adapter/cmake)
[5.124s] -- Found rosidl_generator_cpp: 3.1.5 (/opt/ros/humble/share/rosidl_generator_cpp/cmake)
[5.222s] -- Using all available rosidl_typesupport_c: rosidl_typesupport_fastrtps_c;rosidl_typesupport_introspection_c
[5.360s] -- Using all available rosidl_typesupport_cpp: rosidl_typesupport_fastrtps_cpp;rosidl_typesupport_introspection_cpp
[5.795s] -- Found rmw_implementation_cmake: 6.1.2 (/opt/ros/humble/share/rmw_implementation_cmake/cmake)
[5.820s] -- Found rmw_fastrtps_cpp: 6.2.6 (/opt/ros/humble/share/rmw_fastrtps_cpp/cmake)
[6.515s] -- Found OpenSSL: /usr/lib/aarch64-linux-gnu/libcrypto.so (found version "3.0.2")  
[6.789s] -- Found FastRTPS: /opt/ros/humble/include  
[7.242s] -- Using RMW implementation 'rmw_fastrtps_cpp' as default
[7.331s] -- Looking for pthread.h
[7.739s] -- Looking for pthread.h - found
[7.742s] -- Performing Test CMAKE_HAVE_LIBC_PTHREAD
[8.104s] -- Performing Test CMAKE_HAVE_LIBC_PTHREAD - Success
[8.108s] -- Found Threads: TRUE  
[9.015s] -- Found sensor_msgs: 4.2.4 (/opt/ros/humble/share/sensor_msgs/cmake)
[10.575s] [31mCMake Error at CMakeLists.txt:13 (find_package):
[10.576s]   By not providing "Findgeometry_megs.cmake" in CMAKE_MODULE_PATH this
[10.576s]   project has asked CMake to find a package configuration file provided by
[10.577s]   "geometry_megs", but CMake did not find one.
[10.578s] 
[10.578s]   Could not find a package configuration file provided by "geometry_megs"
[10.579s]   with any of the following names:
[10.579s] 
[10.580s]     geometry_megsConfig.cmake
[10.585s]     geometry_megs-config.cmake
[10.588s] 
[10.589s]   Add the installation prefix of "geometry_megs" to CMAKE_PREFIX_PATH or set
[10.590s]   "geometry_megs_DIR" to a directory containing one of the above files.  If
[10.591s]   "geometry_megs" provides a separate development package or SDK, be sure it
[10.599s]   has been installed.
[10.601s] 
[10.611s] [0m
[10.612s] -- Configuring incomplete, errors occurred!
[10.613s] See also "/home/hae/robot_ws/src/build/robot_drive_pkg/CMakeFiles/CMakeOutput.log".
[10.619s] Invoked command in '/home/hae/robot_ws/src/build/robot_drive_pkg' returned '1': CMAKE_PREFIX_PATH=/opt/ros/humble /usr/bin/cmake /home/hae/robot_ws/src/robot_drive_pkg -DAMENT_CMAKE_SYMLINK_INSTALL=1 -DCMAKE_INSTALL_PREFIX=/home/hae/robot_ws/src/install/robot_drive_pkg
