[0.049s] Invoking command in '/home/hae/robot_ws/src/robot_cleaner_pkg/build/robot_cleaner_pkg': CMAKE_PREFIX_PATH=${CMAKE_PREFIX_PATH}:/opt/ros/humble /usr/bin/cmake --build /home/hae/robot_ws/src/robot_cleaner_pkg/build/robot_cleaner_pkg -- -j4 -l4
[0.225s] [35m[1mConsolidate compiler generated dependencies of target cleaner[0m
[0.320s] [ 50%] [32mBuilding CXX object CMakeFiles/cleaner.dir/src/cleaner.cpp.o[0m
[10.916s] [01m[K/home/hae/robot_ws/src/robot_cleaner_pkg/src/cleaner.cpp:[m[K In function ‘[01m[Kvoid signalHandler(int)[m[K’:
[10.917s] [01m[K/home/hae/robot_ws/src/robot_cleaner_pkg/src/cleaner.cpp:60:24:[m[K [01;35m[Kwarning: [m[Kunused parameter ‘[01m[Ksignum[m[K’ [[01;35m[K-Wunused-parameter[m[K]
[10.917s]    60 | void signalHandler([01;35m[Kint signum[m[K) {
[10.918s]       |                    [01;35m[K~~~~^~~~~~[m[K
[33.598s] [100%] [32m[1mLinking CXX executable cleaner[0m
[35.515s] [100%] Built target cleaner
[35.555s] Invoked command in '/home/hae/robot_ws/src/robot_cleaner_pkg/build/robot_cleaner_pkg' returned '0': CMAKE_PREFIX_PATH=${CMAKE_PREFIX_PATH}:/opt/ros/humble /usr/bin/cmake --build /home/hae/robot_ws/src/robot_cleaner_pkg/build/robot_cleaner_pkg -- -j4 -l4
[35.709s] Invoking command in '/home/hae/robot_ws/src/robot_cleaner_pkg/build/robot_cleaner_pkg': CMAKE_PREFIX_PATH=${CMAKE_PREFIX_PATH}:/opt/ros/humble /usr/bin/cmake --install /home/hae/robot_ws/src/robot_cleaner_pkg/build/robot_cleaner_pkg
[35.736s] -- Install configuration: ""
[35.738s] -- Execute custom install script
[35.740s] -- Up-to-date symlink: /home/hae/robot_ws/src/robot_cleaner_pkg/install/robot_cleaner_pkg/lib/robot_cleaner_pkg/cleaner
[35.742s] -- Up-to-date symlink: /home/hae/robot_ws/src/robot_cleaner_pkg/install/robot_cleaner_pkg/share/ament_index/resource_index/package_run_dependencies/robot_cleaner_pkg
[35.743s] -- Up-to-date symlink: /home/hae/robot_ws/src/robot_cleaner_pkg/install/robot_cleaner_pkg/share/ament_index/resource_index/parent_prefix_path/robot_cleaner_pkg
[35.745s] -- Up-to-date symlink: /home/hae/robot_ws/src/robot_cleaner_pkg/install/robot_cleaner_pkg/share/robot_cleaner_pkg/environment/ament_prefix_path.sh
[35.747s] -- Up-to-date symlink: /home/hae/robot_ws/src/robot_cleaner_pkg/install/robot_cleaner_pkg/share/robot_cleaner_pkg/environment/ament_prefix_path.dsv
[35.747s] -- Up-to-date symlink: /home/hae/robot_ws/src/robot_cleaner_pkg/install/robot_cleaner_pkg/share/robot_cleaner_pkg/environment/path.sh
[35.748s] -- Up-to-date symlink: /home/hae/robot_ws/src/robot_cleaner_pkg/install/robot_cleaner_pkg/share/robot_cleaner_pkg/environment/path.dsv
[35.750s] -- Up-to-date symlink: /home/hae/robot_ws/src/robot_cleaner_pkg/install/robot_cleaner_pkg/share/robot_cleaner_pkg/local_setup.bash
[35.751s] -- Up-to-date symlink: /home/hae/robot_ws/src/robot_cleaner_pkg/install/robot_cleaner_pkg/share/robot_cleaner_pkg/local_setup.sh
[35.752s] -- Up-to-date symlink: /home/hae/robot_ws/src/robot_cleaner_pkg/install/robot_cleaner_pkg/share/robot_cleaner_pkg/local_setup.zsh
[35.753s] -- Up-to-date symlink: /home/hae/robot_ws/src/robot_cleaner_pkg/install/robot_cleaner_pkg/share/robot_cleaner_pkg/local_setup.dsv
[35.755s] -- Symlinking: /home/hae/robot_ws/src/robot_cleaner_pkg/install/robot_cleaner_pkg/share/robot_cleaner_pkg/package.dsv
[35.789s] -- Up-to-date symlink: /home/hae/robot_ws/src/robot_cleaner_pkg/install/robot_cleaner_pkg/share/ament_index/resource_index/packages/robot_cleaner_pkg
[35.791s] -- Up-to-date symlink: /home/hae/robot_ws/src/robot_cleaner_pkg/install/robot_cleaner_pkg/share/robot_cleaner_pkg/cmake/robot_cleaner_pkgConfig.cmake
[35.794s] -- Up-to-date symlink: /home/hae/robot_ws/src/robot_cleaner_pkg/install/robot_cleaner_pkg/share/robot_cleaner_pkg/cmake/robot_cleaner_pkgConfig-version.cmake
[35.796s] -- Up-to-date symlink: /home/hae/robot_ws/src/robot_cleaner_pkg/install/robot_cleaner_pkg/share/robot_cleaner_pkg/package.xml
[35.805s] Invoked command in '/home/hae/robot_ws/src/robot_cleaner_pkg/build/robot_cleaner_pkg' returned '0': CMAKE_PREFIX_PATH=${CMAKE_PREFIX_PATH}:/opt/ros/humble /usr/bin/cmake --install /home/hae/robot_ws/src/robot_cleaner_pkg/build/robot_cleaner_pkg
