[0.824s] DEBUG:colcon:Command line arguments: ['/usr/bin/colcon', 'build', '--symlink-install', '--packages-select', 'dot_pkg']
[0.824s] DEBUG:colcon:Parsed command line arguments: Namespace(log_base=None, log_level=None, verb_name='build', build_base='build', install_base='install', merge_install=False, symlink_install=True, test_result_base=None, continue_on_error=False, executor='parallel', parallel_workers=4, event_handlers=None, ignore_user_meta=False, metas=['./colcon.meta'], base_paths=['.'], packages_ignore=None, packages_ignore_regex=None, paths=None, packages_up_to=None, packages_up_to_regex=None, packages_above=None, packages_above_and_dependencies=None, packages_above_depth=None, packages_select_by_dep=None, packages_skip_by_dep=None, packages_skip_up_to=None, packages_select_build_failed=False, packages_skip_build_finished=False, packages_select_test_failures=False, packages_skip_test_passed=False, packages_select=['dot_pkg'], packages_skip=None, packages_select_regex=None, packages_skip_regex=None, packages_start=None, packages_end=None, allow_overriding=[], cmake_args=None, cmake_target=None, cmake_target_skip_unavailable=False, cmake_clean_cache=False, cmake_clean_first=False, cmake_force_configure=False, ament_cmake_args=None, catkin_cmake_args=None, catkin_skip_building_tests=False, mixin_files=None, mixin=None, verb_parser=<colcon_mixin.mixin.mixin_argument.MixinArgumentDecorator object at 0xffff9f7419c0>, verb_extension=<colcon_core.verb.build.BuildVerb object at 0xffff9f9120e0>, main=<bound method BuildVerb.main of <colcon_core.verb.build.BuildVerb object at 0xffff9f9120e0>>, mixin_verb=('build',))
[2.055s] Level 1:colcon.colcon_core.package_discovery:discover_packages(colcon_meta) check parameters
[2.056s] Level 1:colcon.colcon_core.package_discovery:discover_packages(recursive) check parameters
[2.056s] Level 1:colcon.colcon_core.package_discovery:discover_packages(ignore) check parameters
[2.056s] Level 1:colcon.colcon_core.package_discovery:discover_packages(path) check parameters
[2.056s] Level 1:colcon.colcon_core.package_discovery:discover_packages(colcon_meta) discover
[2.057s] Level 1:colcon.colcon_core.package_discovery:discover_packages(recursive) discover
[2.057s] INFO:colcon.colcon_core.package_discovery:Crawling recursively for packages in '/home/hae/robot_ws/src'
[2.058s] Level 1:colcon.colcon_core.package_identification:_identify(.) by extensions ['ignore', 'ignore_ament_install']
[2.058s] Level 1:colcon.colcon_core.package_identification:_identify(.) by extension 'ignore'
[2.059s] Level 1:colcon.colcon_core.package_identification:_identify(.) by extension 'ignore_ament_install'
[2.059s] Level 1:colcon.colcon_core.package_identification:_identify(.) by extensions ['colcon_pkg']
[2.059s] Level 1:colcon.colcon_core.package_identification:_identify(.) by extension 'colcon_pkg'
[2.060s] Level 1:colcon.colcon_core.package_identification:_identify(.) by extensions ['colcon_meta']
[2.060s] Level 1:colcon.colcon_core.package_identification:_identify(.) by extension 'colcon_meta'
[2.060s] Level 1:colcon.colcon_core.package_identification:_identify(.) by extensions ['ros']
[2.060s] Level 1:colcon.colcon_core.package_identification:_identify(.) by extension 'ros'
[2.135s] Level 1:colcon.colcon_core.package_identification:_identify(.) by extensions ['cmake', 'python']
[2.136s] Level 1:colcon.colcon_core.package_identification:_identify(.) by extension 'cmake'
[2.141s] Level 1:colcon.colcon_core.package_identification:_identify(.) by extension 'python'
[2.141s] Level 1:colcon.colcon_core.package_identification:_identify(.) by extensions ['python_setup_py']
[2.142s] Level 1:colcon.colcon_core.package_identification:_identify(.) by extension 'python_setup_py'
[2.142s] Level 1:colcon.colcon_core.package_identification:_identify(Cgps) by extensions ['ignore', 'ignore_ament_install']
[2.143s] Level 1:colcon.colcon_core.package_identification:_identify(Cgps) by extension 'ignore'
[2.143s] Level 1:colcon.colcon_core.package_identification:_identify(Cgps) by extension 'ignore_ament_install'
[2.144s] Level 1:colcon.colcon_core.package_identification:_identify(Cgps) by extensions ['colcon_pkg']
[2.144s] Level 1:colcon.colcon_core.package_identification:_identify(Cgps) by extension 'colcon_pkg'
[2.144s] Level 1:colcon.colcon_core.package_identification:_identify(Cgps) by extensions ['colcon_meta']
[2.145s] Level 1:colcon.colcon_core.package_identification:_identify(Cgps) by extension 'colcon_meta'
[2.145s] Level 1:colcon.colcon_core.package_identification:_identify(Cgps) by extensions ['ros']
[2.145s] Level 1:colcon.colcon_core.package_identification:_identify(Cgps) by extension 'ros'
[2.146s] Level 1:colcon.colcon_core.package_identification:_identify(Cgps) by extensions ['cmake', 'python']
[2.146s] Level 1:colcon.colcon_core.package_identification:_identify(Cgps) by extension 'cmake'
[2.146s] Level 1:colcon.colcon_core.package_identification:_identify(Cgps) by extension 'python'
[2.147s] Level 1:colcon.colcon_core.package_identification:_identify(Cgps) by extensions ['python_setup_py']
[2.147s] Level 1:colcon.colcon_core.package_identification:_identify(Cgps) by extension 'python_setup_py'
[2.148s] Level 1:colcon.colcon_core.package_identification:_identify(action_test) by extensions ['ignore', 'ignore_ament_install']
[2.148s] Level 1:colcon.colcon_core.package_identification:_identify(action_test) by extension 'ignore'
[2.149s] Level 1:colcon.colcon_core.package_identification:_identify(action_test) by extension 'ignore_ament_install'
[2.149s] Level 1:colcon.colcon_core.package_identification:_identify(action_test) by extensions ['colcon_pkg']
[2.149s] Level 1:colcon.colcon_core.package_identification:_identify(action_test) by extension 'colcon_pkg'
[2.150s] Level 1:colcon.colcon_core.package_identification:_identify(action_test) by extensions ['colcon_meta']
[2.150s] Level 1:colcon.colcon_core.package_identification:_identify(action_test) by extension 'colcon_meta'
[2.150s] Level 1:colcon.colcon_core.package_identification:_identify(action_test) by extensions ['ros']
[2.151s] Level 1:colcon.colcon_core.package_identification:_identify(action_test) by extension 'ros'
[2.166s] DEBUG:colcon.colcon_core.package_identification:Package 'action_test' with type 'ros.ament_cmake' and name 'action_test'
[2.167s] Level 1:colcon.colcon_core.package_identification:_identify(build) by extensions ['ignore', 'ignore_ament_install']
[2.167s] Level 1:colcon.colcon_core.package_identification:_identify(build) by extension 'ignore'
[2.168s] Level 1:colcon.colcon_core.package_identification:_identify(build) ignored
[2.168s] Level 1:colcon.colcon_core.package_identification:_identify(cgps_pkg) by extensions ['ignore', 'ignore_ament_install']
[2.169s] Level 1:colcon.colcon_core.package_identification:_identify(cgps_pkg) by extension 'ignore'
[2.169s] Level 1:colcon.colcon_core.package_identification:_identify(cgps_pkg) by extension 'ignore_ament_install'
[2.170s] Level 1:colcon.colcon_core.package_identification:_identify(cgps_pkg) by extensions ['colcon_pkg']
[2.170s] Level 1:colcon.colcon_core.package_identification:_identify(cgps_pkg) by extension 'colcon_pkg'
[2.170s] Level 1:colcon.colcon_core.package_identification:_identify(cgps_pkg) by extensions ['colcon_meta']
[2.171s] Level 1:colcon.colcon_core.package_identification:_identify(cgps_pkg) by extension 'colcon_meta'
[2.171s] Level 1:colcon.colcon_core.package_identification:_identify(cgps_pkg) by extensions ['ros']
[2.171s] Level 1:colcon.colcon_core.package_identification:_identify(cgps_pkg) by extension 'ros'
[2.175s] DEBUG:colcon.colcon_core.package_identification:Package 'cgps_pkg' with type 'ros.ament_cmake' and name 'cgps_pkg'
[2.176s] Level 1:colcon.colcon_core.package_identification:_identify(dot_pkg) by extensions ['ignore', 'ignore_ament_install']
[2.176s] Level 1:colcon.colcon_core.package_identification:_identify(dot_pkg) by extension 'ignore'
[2.177s] Level 1:colcon.colcon_core.package_identification:_identify(dot_pkg) by extension 'ignore_ament_install'
[2.177s] Level 1:colcon.colcon_core.package_identification:_identify(dot_pkg) by extensions ['colcon_pkg']
[2.178s] Level 1:colcon.colcon_core.package_identification:_identify(dot_pkg) by extension 'colcon_pkg'
[2.178s] Level 1:colcon.colcon_core.package_identification:_identify(dot_pkg) by extensions ['colcon_meta']
[2.178s] Level 1:colcon.colcon_core.package_identification:_identify(dot_pkg) by extension 'colcon_meta'
[2.179s] Level 1:colcon.colcon_core.package_identification:_identify(dot_pkg) by extensions ['ros']
[2.179s] Level 1:colcon.colcon_core.package_identification:_identify(dot_pkg) by extension 'ros'
[2.183s] DEBUG:colcon.colcon_core.package_identification:Package 'dot_pkg' with type 'ros.ament_cmake' and name 'dot_pkg'
[2.184s] Level 1:colcon.colcon_core.package_identification:_identify(install) by extensions ['ignore', 'ignore_ament_install']
[2.184s] Level 1:colcon.colcon_core.package_identification:_identify(install) by extension 'ignore'
[2.184s] Level 1:colcon.colcon_core.package_identification:_identify(install) ignored
[2.188s] Level 1:colcon.colcon_core.package_identification:_identify(log) by extensions ['ignore', 'ignore_ament_install']
[2.188s] Level 1:colcon.colcon_core.package_identification:_identify(log) by extension 'ignore'
[2.189s] Level 1:colcon.colcon_core.package_identification:_identify(log) ignored
[2.190s] Level 1:colcon.colcon_core.package_identification:_identify(robot_action) by extensions ['ignore', 'ignore_ament_install']
[2.190s] Level 1:colcon.colcon_core.package_identification:_identify(robot_action) by extension 'ignore'
[2.191s] Level 1:colcon.colcon_core.package_identification:_identify(robot_action) by extension 'ignore_ament_install'
[2.191s] Level 1:colcon.colcon_core.package_identification:_identify(robot_action) by extensions ['colcon_pkg']
[2.191s] Level 1:colcon.colcon_core.package_identification:_identify(robot_action) by extension 'colcon_pkg'
[2.191s] Level 1:colcon.colcon_core.package_identification:_identify(robot_action) by extensions ['colcon_meta']
[2.192s] Level 1:colcon.colcon_core.package_identification:_identify(robot_action) by extension 'colcon_meta'
[2.192s] Level 1:colcon.colcon_core.package_identification:_identify(robot_action) by extensions ['ros']
[2.192s] Level 1:colcon.colcon_core.package_identification:_identify(robot_action) by extension 'ros'
[2.195s] DEBUG:colcon.colcon_core.package_identification:Package 'robot_action' with type 'ros.ament_cmake' and name 'robot_action'
[2.196s] Level 1:colcon.colcon_core.package_identification:_identify(robot_cleaner_pkg) by extensions ['ignore', 'ignore_ament_install']
[2.197s] Level 1:colcon.colcon_core.package_identification:_identify(robot_cleaner_pkg) by extension 'ignore'
[2.197s] Level 1:colcon.colcon_core.package_identification:_identify(robot_cleaner_pkg) by extension 'ignore_ament_install'
[2.198s] Level 1:colcon.colcon_core.package_identification:_identify(robot_cleaner_pkg) by extensions ['colcon_pkg']
[2.198s] Level 1:colcon.colcon_core.package_identification:_identify(robot_cleaner_pkg) by extension 'colcon_pkg'
[2.198s] Level 1:colcon.colcon_core.package_identification:_identify(robot_cleaner_pkg) by extensions ['colcon_meta']
[2.198s] Level 1:colcon.colcon_core.package_identification:_identify(robot_cleaner_pkg) by extension 'colcon_meta'
[2.199s] Level 1:colcon.colcon_core.package_identification:_identify(robot_cleaner_pkg) by extensions ['ros']
[2.199s] Level 1:colcon.colcon_core.package_identification:_identify(robot_cleaner_pkg) by extension 'ros'
[2.203s] DEBUG:colcon.colcon_core.package_identification:Package 'robot_cleaner_pkg' with type 'ros.ament_cmake' and name 'robot_cleaner_pkg'
[2.204s] Level 1:colcon.colcon_core.package_identification:_identify(robot_drive_pkg) by extensions ['ignore', 'ignore_ament_install']
[2.204s] Level 1:colcon.colcon_core.package_identification:_identify(robot_drive_pkg) by extension 'ignore'
[2.205s] Level 1:colcon.colcon_core.package_identification:_identify(robot_drive_pkg) by extension 'ignore_ament_install'
[2.205s] Level 1:colcon.colcon_core.package_identification:_identify(robot_drive_pkg) by extensions ['colcon_pkg']
[2.205s] Level 1:colcon.colcon_core.package_identification:_identify(robot_drive_pkg) by extension 'colcon_pkg'
[2.206s] Level 1:colcon.colcon_core.package_identification:_identify(robot_drive_pkg) by extensions ['colcon_meta']
[2.206s] Level 1:colcon.colcon_core.package_identification:_identify(robot_drive_pkg) by extension 'colcon_meta'
[2.206s] Level 1:colcon.colcon_core.package_identification:_identify(robot_drive_pkg) by extensions ['ros']
[2.207s] Level 1:colcon.colcon_core.package_identification:_identify(robot_drive_pkg) by extension 'ros'
[2.210s] DEBUG:colcon.colcon_core.package_identification:Package 'robot_drive_pkg' with type 'ros.ament_cmake' and name 'robot_drive_pkg'
[2.211s] Level 1:colcon.colcon_core.package_identification:_identify(robot_go_pkg) by extensions ['ignore', 'ignore_ament_install']
[2.211s] Level 1:colcon.colcon_core.package_identification:_identify(robot_go_pkg) by extension 'ignore'
[2.211s] Level 1:colcon.colcon_core.package_identification:_identify(robot_go_pkg) by extension 'ignore_ament_install'
[2.212s] Level 1:colcon.colcon_core.package_identification:_identify(robot_go_pkg) by extensions ['colcon_pkg']
[2.212s] Level 1:colcon.colcon_core.package_identification:_identify(robot_go_pkg) by extension 'colcon_pkg'
[2.212s] Level 1:colcon.colcon_core.package_identification:_identify(robot_go_pkg) by extensions ['colcon_meta']
[2.212s] Level 1:colcon.colcon_core.package_identification:_identify(robot_go_pkg) by extension 'colcon_meta'
[2.212s] Level 1:colcon.colcon_core.package_identification:_identify(robot_go_pkg) by extensions ['ros']
[2.213s] Level 1:colcon.colcon_core.package_identification:_identify(robot_go_pkg) by extension 'ros'
[2.217s] DEBUG:colcon.colcon_core.package_identification:Package 'robot_go_pkg' with type 'ros.ament_cmake' and name 'robot_go_pkg'
[2.218s] Level 1:colcon.colcon_core.package_identification:_identify(robot_move_pkg) by extensions ['ignore', 'ignore_ament_install']
[2.219s] Level 1:colcon.colcon_core.package_identification:_identify(robot_move_pkg) by extension 'ignore'
[2.219s] Level 1:colcon.colcon_core.package_identification:_identify(robot_move_pkg) by extension 'ignore_ament_install'
[2.219s] Level 1:colcon.colcon_core.package_identification:_identify(robot_move_pkg) by extensions ['colcon_pkg']
[2.219s] Level 1:colcon.colcon_core.package_identification:_identify(robot_move_pkg) by extension 'colcon_pkg'
[2.220s] Level 1:colcon.colcon_core.package_identification:_identify(robot_move_pkg) by extensions ['colcon_meta']
[2.220s] Level 1:colcon.colcon_core.package_identification:_identify(robot_move_pkg) by extension 'colcon_meta'
[2.220s] Level 1:colcon.colcon_core.package_identification:_identify(robot_move_pkg) by extensions ['ros']
[2.220s] Level 1:colcon.colcon_core.package_identification:_identify(robot_move_pkg) by extension 'ros'
[2.223s] DEBUG:colcon.colcon_core.package_identification:Package 'robot_move_pkg' with type 'ros.ament_cmake' and name 'robot_move_pkg'
[2.224s] Level 1:colcon.colcon_core.package_identification:_identify(test_pkg) by extensions ['ignore', 'ignore_ament_install']
[2.224s] Level 1:colcon.colcon_core.package_identification:_identify(test_pkg) by extension 'ignore'
[2.225s] Level 1:colcon.colcon_core.package_identification:_identify(test_pkg) by extension 'ignore_ament_install'
[2.225s] Level 1:colcon.colcon_core.package_identification:_identify(test_pkg) by extensions ['colcon_pkg']
[2.225s] Level 1:colcon.colcon_core.package_identification:_identify(test_pkg) by extension 'colcon_pkg'
[2.226s] Level 1:colcon.colcon_core.package_identification:_identify(test_pkg) by extensions ['colcon_meta']
[2.226s] Level 1:colcon.colcon_core.package_identification:_identify(test_pkg) by extension 'colcon_meta'
[2.226s] Level 1:colcon.colcon_core.package_identification:_identify(test_pkg) by extensions ['ros']
[2.226s] Level 1:colcon.colcon_core.package_identification:_identify(test_pkg) by extension 'ros'
[2.230s] DEBUG:colcon.colcon_core.package_identification:Package 'test_pkg' with type 'ros.ament_cmake' and name 'test_pkg'
[2.231s] Level 1:colcon.colcon_core.package_discovery:discover_packages(recursive) using defaults
[2.231s] Level 1:colcon.colcon_core.package_discovery:discover_packages(ignore) discover
[2.231s] Level 1:colcon.colcon_core.package_discovery:discover_packages(ignore) using defaults
[2.232s] Level 1:colcon.colcon_core.package_discovery:discover_packages(path) discover
[2.232s] Level 1:colcon.colcon_core.package_discovery:discover_packages(path) using defaults
[2.358s] INFO:colcon.colcon_core.package_selection:Skipping not selected package 'cgps_pkg' in 'cgps_pkg'
[2.358s] INFO:colcon.colcon_core.package_selection:Skipping not selected package 'robot_action' in 'robot_action'
[2.359s] INFO:colcon.colcon_core.package_selection:Skipping not selected package 'robot_cleaner_pkg' in 'robot_cleaner_pkg'
[2.359s] INFO:colcon.colcon_core.package_selection:Skipping not selected package 'robot_drive_pkg' in 'robot_drive_pkg'
[2.359s] INFO:colcon.colcon_core.package_selection:Skipping not selected package 'robot_move_pkg' in 'robot_move_pkg'
[2.359s] INFO:colcon.colcon_core.package_selection:Skipping not selected package 'action_test' in 'action_test'
[2.359s] INFO:colcon.colcon_core.package_selection:Skipping not selected package 'robot_go_pkg' in 'robot_go_pkg'
[2.360s] INFO:colcon.colcon_core.package_selection:Skipping not selected package 'test_pkg' in 'test_pkg'
[2.363s] Level 1:colcon.colcon_core.package_discovery:discover_packages(prefix_path) check parameters
[2.363s] Level 1:colcon.colcon_core.package_discovery:discover_packages(prefix_path) discover
[2.383s] DEBUG:colcon.colcon_installed_package_information.package_discovery:Found 10 installed packages in /home/hae/robot_ws/src/install
[2.394s] DEBUG:colcon.colcon_installed_package_information.package_discovery:Found 268 installed packages in /opt/ros/humble
[2.458s] Level 1:colcon.colcon_core.package_discovery:discover_packages(prefix_path) using defaults
[2.815s] Level 5:colcon.colcon_core.verb:set package 'dot_pkg' build argument 'cmake_args' from command line to 'None'
[2.816s] Level 5:colcon.colcon_core.verb:set package 'dot_pkg' build argument 'cmake_target' from command line to 'None'
[2.816s] Level 5:colcon.colcon_core.verb:set package 'dot_pkg' build argument 'cmake_target_skip_unavailable' from command line to 'False'
[2.816s] Level 5:colcon.colcon_core.verb:set package 'dot_pkg' build argument 'cmake_clean_cache' from command line to 'False'
[2.816s] Level 5:colcon.colcon_core.verb:set package 'dot_pkg' build argument 'cmake_clean_first' from command line to 'False'
[2.816s] Level 5:colcon.colcon_core.verb:set package 'dot_pkg' build argument 'cmake_force_configure' from command line to 'False'
[2.816s] Level 5:colcon.colcon_core.verb:set package 'dot_pkg' build argument 'ament_cmake_args' from command line to 'None'
[2.816s] Level 5:colcon.colcon_core.verb:set package 'dot_pkg' build argument 'catkin_cmake_args' from command line to 'None'
[2.817s] Level 5:colcon.colcon_core.verb:set package 'dot_pkg' build argument 'catkin_skip_building_tests' from command line to 'False'
[2.817s] DEBUG:colcon.colcon_core.verb:Building package 'dot_pkg' with the following arguments: {'ament_cmake_args': None, 'build_base': '/home/hae/robot_ws/src/build/dot_pkg', 'catkin_cmake_args': None, 'catkin_skip_building_tests': False, 'cmake_args': None, 'cmake_clean_cache': False, 'cmake_clean_first': False, 'cmake_force_configure': False, 'cmake_target': None, 'cmake_target_skip_unavailable': False, 'install_base': '/home/hae/robot_ws/src/install/dot_pkg', 'merge_install': False, 'path': '/home/hae/robot_ws/src/dot_pkg', 'symlink_install': True, 'test_result_base': None}
[2.818s] INFO:colcon.colcon_core.executor:Executing jobs using 'parallel' executor
[2.822s] DEBUG:colcon.colcon_parallel_executor.executor.parallel:run_until_complete
[2.823s] INFO:colcon.colcon_ros.task.ament_cmake.build:Building ROS package in '/home/hae/robot_ws/src/dot_pkg' with build type 'ament_cmake'
[2.825s] INFO:colcon.colcon_cmake.task.cmake.build:Building CMake package in '/home/hae/robot_ws/src/dot_pkg'
[2.859s] INFO:colcon.colcon_core.plugin_system:Skipping extension 'colcon_core.shell.bat': Not used on non-Windows systems
[2.861s] INFO:colcon.colcon_core.shell:Skip shell extension 'powershell' for command environment: Not usable outside of PowerShell
[2.861s] DEBUG:colcon.colcon_core.shell:Skip shell extension 'dsv' for command environment
[2.912s] DEBUG:colcon.colcon_core.event_handler.log_command:Invoking command in '/home/hae/robot_ws/src/build/dot_pkg': CMAKE_PREFIX_PATH=${CMAKE_PREFIX_PATH}:/opt/ros/humble /usr/bin/cmake --build /home/hae/robot_ws/src/build/dot_pkg -- -j4 -l4
[42.377s] DEBUG:colcon.colcon_core.event_handler.log_command:Invoked command in '/home/hae/robot_ws/src/build/dot_pkg' returned '0': CMAKE_PREFIX_PATH=${CMAKE_PREFIX_PATH}:/opt/ros/humble /usr/bin/cmake --build /home/hae/robot_ws/src/build/dot_pkg -- -j4 -l4
[42.737s] DEBUG:colcon.colcon_core.event_handler.log_command:Invoking command in '/home/hae/robot_ws/src/build/dot_pkg': CMAKE_PREFIX_PATH=${CMAKE_PREFIX_PATH}:/opt/ros/humble /usr/bin/cmake --install /home/hae/robot_ws/src/build/dot_pkg
[42.879s] Level 1:colcon.colcon_core.environment:create_environment_scripts_only(dot_pkg)
[42.893s] DEBUG:colcon.colcon_core.event_handler.log_command:Invoked command in '/home/hae/robot_ws/src/build/dot_pkg' returned '0': CMAKE_PREFIX_PATH=${CMAKE_PREFIX_PATH}:/opt/ros/humble /usr/bin/cmake --install /home/hae/robot_ws/src/build/dot_pkg
[43.013s] Level 1:colcon.colcon_core.environment:checking '/home/hae/robot_ws/src/install/dot_pkg' for CMake module files
[43.021s] Level 1:colcon.colcon_core.environment:checking '/home/hae/robot_ws/src/install/dot_pkg' for CMake config files
[43.025s] Level 1:colcon.colcon_core.shell:create_environment_hook('dot_pkg', 'cmake_prefix_path')
[43.030s] INFO:colcon.colcon_core.shell:Creating environment hook '/home/hae/robot_ws/src/install/dot_pkg/share/dot_pkg/hook/cmake_prefix_path.ps1'
[43.077s] INFO:colcon.colcon_core.shell:Creating environment descriptor '/home/hae/robot_ws/src/install/dot_pkg/share/dot_pkg/hook/cmake_prefix_path.dsv'
[43.084s] INFO:colcon.colcon_core.shell:Creating environment hook '/home/hae/robot_ws/src/install/dot_pkg/share/dot_pkg/hook/cmake_prefix_path.sh'
[43.101s] Level 1:colcon.colcon_core.environment:checking '/home/hae/robot_ws/src/install/dot_pkg/lib'
[43.102s] Level 1:colcon.colcon_core.environment:checking '/home/hae/robot_ws/src/install/dot_pkg/bin'
[43.102s] Level 1:colcon.colcon_core.environment:checking '/home/hae/robot_ws/src/install/dot_pkg/lib/pkgconfig/dot_pkg.pc'
[43.107s] Level 1:colcon.colcon_core.environment:checking '/home/hae/robot_ws/src/install/dot_pkg/lib/python3.10/site-packages'
[43.109s] Level 1:colcon.colcon_core.environment:checking '/home/hae/robot_ws/src/install/dot_pkg/bin'
[43.112s] INFO:colcon.colcon_core.shell:Creating package script '/home/hae/robot_ws/src/install/dot_pkg/share/dot_pkg/package.ps1'
[43.117s] INFO:colcon.colcon_core.shell:Creating package descriptor '/home/hae/robot_ws/src/install/dot_pkg/share/dot_pkg/package.dsv'
[43.122s] INFO:colcon.colcon_core.shell:Creating package script '/home/hae/robot_ws/src/install/dot_pkg/share/dot_pkg/package.sh'
[43.126s] INFO:colcon.colcon_core.shell:Creating package script '/home/hae/robot_ws/src/install/dot_pkg/share/dot_pkg/package.bash'
[43.132s] INFO:colcon.colcon_core.shell:Creating package script '/home/hae/robot_ws/src/install/dot_pkg/share/dot_pkg/package.zsh'
[43.144s] Level 1:colcon.colcon_core.environment:create_file_with_runtime_dependencies(/home/hae/robot_ws/src/install/dot_pkg/share/colcon-core/packages/dot_pkg)
[43.286s] Level 1:colcon.colcon_core.environment:create_environment_scripts_only(dot_pkg)
[43.288s] Level 1:colcon.colcon_core.environment:checking '/home/hae/robot_ws/src/install/dot_pkg' for CMake module files
[43.292s] Level 1:colcon.colcon_core.environment:checking '/home/hae/robot_ws/src/install/dot_pkg' for CMake config files
[43.293s] Level 1:colcon.colcon_core.shell:create_environment_hook('dot_pkg', 'cmake_prefix_path')
[43.295s] INFO:colcon.colcon_core.shell:Creating environment hook '/home/hae/robot_ws/src/install/dot_pkg/share/dot_pkg/hook/cmake_prefix_path.ps1'
[43.297s] INFO:colcon.colcon_core.shell:Creating environment descriptor '/home/hae/robot_ws/src/install/dot_pkg/share/dot_pkg/hook/cmake_prefix_path.dsv'
[43.299s] INFO:colcon.colcon_core.shell:Creating environment hook '/home/hae/robot_ws/src/install/dot_pkg/share/dot_pkg/hook/cmake_prefix_path.sh'
[43.302s] Level 1:colcon.colcon_core.environment:checking '/home/hae/robot_ws/src/install/dot_pkg/lib'
[43.303s] Level 1:colcon.colcon_core.environment:checking '/home/hae/robot_ws/src/install/dot_pkg/bin'
[43.304s] Level 1:colcon.colcon_core.environment:checking '/home/hae/robot_ws/src/install/dot_pkg/lib/pkgconfig/dot_pkg.pc'
[43.305s] Level 1:colcon.colcon_core.environment:checking '/home/hae/robot_ws/src/install/dot_pkg/lib/python3.10/site-packages'
[43.305s] Level 1:colcon.colcon_core.environment:checking '/home/hae/robot_ws/src/install/dot_pkg/bin'
[43.307s] INFO:colcon.colcon_core.shell:Creating package script '/home/hae/robot_ws/src/install/dot_pkg/share/dot_pkg/package.ps1'
[43.310s] INFO:colcon.colcon_core.shell:Creating package descriptor '/home/hae/robot_ws/src/install/dot_pkg/share/dot_pkg/package.dsv'
[43.313s] INFO:colcon.colcon_core.shell:Creating package script '/home/hae/robot_ws/src/install/dot_pkg/share/dot_pkg/package.sh'
[43.315s] INFO:colcon.colcon_core.shell:Creating package script '/home/hae/robot_ws/src/install/dot_pkg/share/dot_pkg/package.bash'
[43.318s] INFO:colcon.colcon_core.shell:Creating package script '/home/hae/robot_ws/src/install/dot_pkg/share/dot_pkg/package.zsh'
[43.320s] Level 1:colcon.colcon_core.environment:create_file_with_runtime_dependencies(/home/hae/robot_ws/src/install/dot_pkg/share/colcon-core/packages/dot_pkg)
[43.326s] DEBUG:colcon.colcon_parallel_executor.executor.parallel:closing loop
[43.331s] DEBUG:colcon.colcon_parallel_executor.executor.parallel:loop closed
[43.332s] DEBUG:colcon.colcon_parallel_executor.executor.parallel:run_until_complete finished with '0'
[43.334s] DEBUG:colcon.colcon_core.event_reactor:joining thread
[43.447s] INFO:colcon.colcon_core.plugin_system:Skipping extension 'colcon_notification.desktop_notification.terminal_notifier': Not used on non-Darwin systems
[43.447s] INFO:colcon.colcon_core.plugin_system:Skipping extension 'colcon_notification.desktop_notification.win32': Not used on non-Windows systems
[43.448s] INFO:colcon.colcon_notification.desktop_notification:Sending desktop notification using 'notify2'
[43.601s] DEBUG:colcon.colcon_core.event_reactor:joined thread
[43.604s] INFO:colcon.colcon_core.shell:Creating prefix script '/home/hae/robot_ws/src/install/local_setup.ps1'
[43.612s] INFO:colcon.colcon_core.shell:Creating prefix util module '/home/hae/robot_ws/src/install/_local_setup_util_ps1.py'
[43.621s] INFO:colcon.colcon_core.shell:Creating prefix chain script '/home/hae/robot_ws/src/install/setup.ps1'
[43.636s] INFO:colcon.colcon_core.shell:Creating prefix script '/home/hae/robot_ws/src/install/local_setup.sh'
[43.644s] INFO:colcon.colcon_core.shell:Creating prefix util module '/home/hae/robot_ws/src/install/_local_setup_util_sh.py'
[43.647s] INFO:colcon.colcon_core.shell:Creating prefix chain script '/home/hae/robot_ws/src/install/setup.sh'
[43.660s] INFO:colcon.colcon_core.shell:Creating prefix script '/home/hae/robot_ws/src/install/local_setup.bash'
[43.664s] INFO:colcon.colcon_core.shell:Creating prefix chain script '/home/hae/robot_ws/src/install/setup.bash'
[43.672s] INFO:colcon.colcon_core.shell:Creating prefix script '/home/hae/robot_ws/src/install/local_setup.zsh'
[43.677s] INFO:colcon.colcon_core.shell:Creating prefix chain script '/home/hae/robot_ws/src/install/setup.zsh'
