[0.472s] DEBUG:colcon:Command line arguments: ['/usr/bin/colcon', 'build', '--symlink-install', '--packages-select', 'robot_go_pkg']
[0.472s] DEBUG:colcon:Parsed command line arguments: Namespace(log_base=None, log_level=None, verb_name='build', build_base='build', install_base='install', merge_install=False, symlink_install=True, test_result_base=None, continue_on_error=False, executor='parallel', parallel_workers=4, event_handlers=None, ignore_user_meta=False, metas=['./colcon.meta'], base_paths=['.'], packages_ignore=None, packages_ignore_regex=None, paths=None, packages_up_to=None, packages_up_to_regex=None, packages_above=None, packages_above_and_dependencies=None, packages_above_depth=None, packages_select_by_dep=None, packages_skip_by_dep=None, packages_skip_up_to=None, packages_select_build_failed=False, packages_skip_build_finished=False, packages_select_test_failures=False, packages_skip_test_passed=False, packages_select=['robot_go_pkg'], packages_skip=None, packages_select_regex=None, packages_skip_regex=None, packages_start=None, packages_end=None, allow_overriding=[], cmake_args=None, cmake_target=None, cmake_target_skip_unavailable=False, cmake_clean_cache=False, cmake_clean_first=False, cmake_force_configure=False, ament_cmake_args=None, catkin_cmake_args=None, catkin_skip_building_tests=False, mixin_files=None, mixin=None, verb_parser=<colcon_mixin.mixin.mixin_argument.MixinArgumentDecorator object at 0xffff98215ae0>, verb_extension=<colcon_core.verb.build.BuildVerb object at 0xffff98215630>, main=<bound method BuildVerb.main of <colcon_core.verb.build.BuildVerb object at 0xffff98215630>>, mixin_verb=('build',))
[1.313s] Level 1:colcon.colcon_core.package_discovery:discover_packages(colcon_meta) check parameters
[1.313s] Level 1:colcon.colcon_core.package_discovery:discover_packages(recursive) check parameters
[1.313s] Level 1:colcon.colcon_core.package_discovery:discover_packages(ignore) check parameters
[1.314s] Level 1:colcon.colcon_core.package_discovery:discover_packages(path) check parameters
[1.314s] Level 1:colcon.colcon_core.package_discovery:discover_packages(colcon_meta) discover
[1.314s] Level 1:colcon.colcon_core.package_discovery:discover_packages(recursive) discover
[1.314s] INFO:colcon.colcon_core.package_discovery:Crawling recursively for packages in '/home/hae/robot_ws/src'
[1.315s] Level 1:colcon.colcon_core.package_identification:_identify(.) by extensions ['ignore', 'ignore_ament_install']
[1.316s] Level 1:colcon.colcon_core.package_identification:_identify(.) by extension 'ignore'
[1.316s] Level 1:colcon.colcon_core.package_identification:_identify(.) by extension 'ignore_ament_install'
[1.316s] Level 1:colcon.colcon_core.package_identification:_identify(.) by extensions ['colcon_pkg']
[1.316s] Level 1:colcon.colcon_core.package_identification:_identify(.) by extension 'colcon_pkg'
[1.317s] Level 1:colcon.colcon_core.package_identification:_identify(.) by extensions ['colcon_meta']
[1.317s] Level 1:colcon.colcon_core.package_identification:_identify(.) by extension 'colcon_meta'
[1.317s] Level 1:colcon.colcon_core.package_identification:_identify(.) by extensions ['ros']
[1.317s] Level 1:colcon.colcon_core.package_identification:_identify(.) by extension 'ros'
[1.367s] Level 1:colcon.colcon_core.package_identification:_identify(.) by extensions ['cmake', 'python']
[1.367s] Level 1:colcon.colcon_core.package_identification:_identify(.) by extension 'cmake'
[1.367s] Level 1:colcon.colcon_core.package_identification:_identify(.) by extension 'python'
[1.368s] Level 1:colcon.colcon_core.package_identification:_identify(.) by extensions ['python_setup_py']
[1.368s] Level 1:colcon.colcon_core.package_identification:_identify(.) by extension 'python_setup_py'
[1.368s] Level 1:colcon.colcon_core.package_identification:_identify(action_test) by extensions ['ignore', 'ignore_ament_install']
[1.369s] Level 1:colcon.colcon_core.package_identification:_identify(action_test) by extension 'ignore'
[1.369s] Level 1:colcon.colcon_core.package_identification:_identify(action_test) by extension 'ignore_ament_install'
[1.370s] Level 1:colcon.colcon_core.package_identification:_identify(action_test) by extensions ['colcon_pkg']
[1.370s] Level 1:colcon.colcon_core.package_identification:_identify(action_test) by extension 'colcon_pkg'
[1.370s] Level 1:colcon.colcon_core.package_identification:_identify(action_test) by extensions ['colcon_meta']
[1.370s] Level 1:colcon.colcon_core.package_identification:_identify(action_test) by extension 'colcon_meta'
[1.370s] Level 1:colcon.colcon_core.package_identification:_identify(action_test) by extensions ['ros']
[1.371s] Level 1:colcon.colcon_core.package_identification:_identify(action_test) by extension 'ros'
[1.380s] DEBUG:colcon.colcon_core.package_identification:Package 'action_test' with type 'ros.ament_cmake' and name 'action_test'
[1.381s] Level 1:colcon.colcon_core.package_identification:_identify(build) by extensions ['ignore', 'ignore_ament_install']
[1.381s] Level 1:colcon.colcon_core.package_identification:_identify(build) by extension 'ignore'
[1.381s] Level 1:colcon.colcon_core.package_identification:_identify(build) ignored
[1.382s] Level 1:colcon.colcon_core.package_identification:_identify(install) by extensions ['ignore', 'ignore_ament_install']
[1.382s] Level 1:colcon.colcon_core.package_identification:_identify(install) by extension 'ignore'
[1.383s] Level 1:colcon.colcon_core.package_identification:_identify(install) ignored
[1.385s] Level 1:colcon.colcon_core.package_identification:_identify(log) by extensions ['ignore', 'ignore_ament_install']
[1.386s] Level 1:colcon.colcon_core.package_identification:_identify(log) by extension 'ignore'
[1.386s] Level 1:colcon.colcon_core.package_identification:_identify(log) ignored
[1.387s] Level 1:colcon.colcon_core.package_identification:_identify(robot_action) by extensions ['ignore', 'ignore_ament_install']
[1.387s] Level 1:colcon.colcon_core.package_identification:_identify(robot_action) by extension 'ignore'
[1.387s] Level 1:colcon.colcon_core.package_identification:_identify(robot_action) by extension 'ignore_ament_install'
[1.387s] Level 1:colcon.colcon_core.package_identification:_identify(robot_action) by extensions ['colcon_pkg']
[1.387s] Level 1:colcon.colcon_core.package_identification:_identify(robot_action) by extension 'colcon_pkg'
[1.388s] Level 1:colcon.colcon_core.package_identification:_identify(robot_action) by extensions ['colcon_meta']
[1.388s] Level 1:colcon.colcon_core.package_identification:_identify(robot_action) by extension 'colcon_meta'
[1.388s] Level 1:colcon.colcon_core.package_identification:_identify(robot_action) by extensions ['ros']
[1.388s] Level 1:colcon.colcon_core.package_identification:_identify(robot_action) by extension 'ros'
[1.391s] DEBUG:colcon.colcon_core.package_identification:Package 'robot_action' with type 'ros.ament_cmake' and name 'robot_action'
[1.392s] Level 1:colcon.colcon_core.package_identification:_identify(robot_cleaner_pkg) by extensions ['ignore', 'ignore_ament_install']
[1.392s] Level 1:colcon.colcon_core.package_identification:_identify(robot_cleaner_pkg) by extension 'ignore'
[1.392s] Level 1:colcon.colcon_core.package_identification:_identify(robot_cleaner_pkg) by extension 'ignore_ament_install'
[1.393s] Level 1:colcon.colcon_core.package_identification:_identify(robot_cleaner_pkg) by extensions ['colcon_pkg']
[1.393s] Level 1:colcon.colcon_core.package_identification:_identify(robot_cleaner_pkg) by extension 'colcon_pkg'
[1.393s] Level 1:colcon.colcon_core.package_identification:_identify(robot_cleaner_pkg) by extensions ['colcon_meta']
[1.393s] Level 1:colcon.colcon_core.package_identification:_identify(robot_cleaner_pkg) by extension 'colcon_meta'
[1.393s] Level 1:colcon.colcon_core.package_identification:_identify(robot_cleaner_pkg) by extensions ['ros']
[1.393s] Level 1:colcon.colcon_core.package_identification:_identify(robot_cleaner_pkg) by extension 'ros'
[1.396s] DEBUG:colcon.colcon_core.package_identification:Package 'robot_cleaner_pkg' with type 'ros.ament_cmake' and name 'robot_cleaner_pkg'
[1.397s] Level 1:colcon.colcon_core.package_identification:_identify(robot_go_pkg) by extensions ['ignore', 'ignore_ament_install']
[1.397s] Level 1:colcon.colcon_core.package_identification:_identify(robot_go_pkg) by extension 'ignore'
[1.397s] Level 1:colcon.colcon_core.package_identification:_identify(robot_go_pkg) by extension 'ignore_ament_install'
[1.398s] Level 1:colcon.colcon_core.package_identification:_identify(robot_go_pkg) by extensions ['colcon_pkg']
[1.398s] Level 1:colcon.colcon_core.package_identification:_identify(robot_go_pkg) by extension 'colcon_pkg'
[1.398s] Level 1:colcon.colcon_core.package_identification:_identify(robot_go_pkg) by extensions ['colcon_meta']
[1.398s] Level 1:colcon.colcon_core.package_identification:_identify(robot_go_pkg) by extension 'colcon_meta'
[1.398s] Level 1:colcon.colcon_core.package_identification:_identify(robot_go_pkg) by extensions ['ros']
[1.398s] Level 1:colcon.colcon_core.package_identification:_identify(robot_go_pkg) by extension 'ros'
[1.402s] DEBUG:colcon.colcon_core.package_identification:Package 'robot_go_pkg' with type 'ros.ament_cmake' and name 'robot_go_pkg'
[1.403s] Level 1:colcon.colcon_core.package_identification:_identify(robot_move_pkg) by extensions ['ignore', 'ignore_ament_install']
[1.403s] Level 1:colcon.colcon_core.package_identification:_identify(robot_move_pkg) by extension 'ignore'
[1.404s] Level 1:colcon.colcon_core.package_identification:_identify(robot_move_pkg) by extension 'ignore_ament_install'
[1.404s] Level 1:colcon.colcon_core.package_identification:_identify(robot_move_pkg) by extensions ['colcon_pkg']
[1.404s] Level 1:colcon.colcon_core.package_identification:_identify(robot_move_pkg) by extension 'colcon_pkg'
[1.405s] Level 1:colcon.colcon_core.package_identification:_identify(robot_move_pkg) by extensions ['colcon_meta']
[1.405s] Level 1:colcon.colcon_core.package_identification:_identify(robot_move_pkg) by extension 'colcon_meta'
[1.405s] Level 1:colcon.colcon_core.package_identification:_identify(robot_move_pkg) by extensions ['ros']
[1.405s] Level 1:colcon.colcon_core.package_identification:_identify(robot_move_pkg) by extension 'ros'
[1.408s] DEBUG:colcon.colcon_core.package_identification:Package 'robot_move_pkg' with type 'ros.ament_cmake' and name 'robot_move_pkg'
[1.408s] Level 1:colcon.colcon_core.package_identification:_identify(test_pkg) by extensions ['ignore', 'ignore_ament_install']
[1.409s] Level 1:colcon.colcon_core.package_identification:_identify(test_pkg) by extension 'ignore'
[1.409s] Level 1:colcon.colcon_core.package_identification:_identify(test_pkg) by extension 'ignore_ament_install'
[1.409s] Level 1:colcon.colcon_core.package_identification:_identify(test_pkg) by extensions ['colcon_pkg']
[1.410s] Level 1:colcon.colcon_core.package_identification:_identify(test_pkg) by extension 'colcon_pkg'
[1.410s] Level 1:colcon.colcon_core.package_identification:_identify(test_pkg) by extensions ['colcon_meta']
[1.410s] Level 1:colcon.colcon_core.package_identification:_identify(test_pkg) by extension 'colcon_meta'
[1.410s] Level 1:colcon.colcon_core.package_identification:_identify(test_pkg) by extensions ['ros']
[1.410s] Level 1:colcon.colcon_core.package_identification:_identify(test_pkg) by extension 'ros'
[1.414s] DEBUG:colcon.colcon_core.package_identification:Package 'test_pkg' with type 'ros.ament_cmake' and name 'test_pkg'
[1.414s] Level 1:colcon.colcon_core.package_discovery:discover_packages(recursive) using defaults
[1.414s] Level 1:colcon.colcon_core.package_discovery:discover_packages(ignore) discover
[1.414s] Level 1:colcon.colcon_core.package_discovery:discover_packages(ignore) using defaults
[1.414s] Level 1:colcon.colcon_core.package_discovery:discover_packages(path) discover
[1.415s] Level 1:colcon.colcon_core.package_discovery:discover_packages(path) using defaults
[1.493s] INFO:colcon.colcon_core.package_selection:Skipping not selected package 'robot_action' in 'robot_action'
[1.493s] INFO:colcon.colcon_core.package_selection:Skipping not selected package 'robot_cleaner_pkg' in 'robot_cleaner_pkg'
[1.493s] INFO:colcon.colcon_core.package_selection:Skipping not selected package 'robot_move_pkg' in 'robot_move_pkg'
[1.493s] INFO:colcon.colcon_core.package_selection:Skipping not selected package 'action_test' in 'action_test'
[1.493s] INFO:colcon.colcon_core.package_selection:Skipping not selected package 'test_pkg' in 'test_pkg'
[1.495s] Level 1:colcon.colcon_core.package_discovery:discover_packages(prefix_path) check parameters
[1.495s] Level 1:colcon.colcon_core.package_discovery:discover_packages(prefix_path) discover
[1.505s] DEBUG:colcon.colcon_installed_package_information.package_discovery:Found 7 installed packages in /home/hae/robot_ws/src/install
[1.514s] DEBUG:colcon.colcon_installed_package_information.package_discovery:Found 268 installed packages in /opt/ros/humble
[1.524s] Level 1:colcon.colcon_core.package_discovery:discover_packages(prefix_path) using defaults
[1.730s] Level 5:colcon.colcon_core.verb:set package 'robot_go_pkg' build argument 'cmake_args' from command line to 'None'
[1.730s] Level 5:colcon.colcon_core.verb:set package 'robot_go_pkg' build argument 'cmake_target' from command line to 'None'
[1.730s] Level 5:colcon.colcon_core.verb:set package 'robot_go_pkg' build argument 'cmake_target_skip_unavailable' from command line to 'False'
[1.730s] Level 5:colcon.colcon_core.verb:set package 'robot_go_pkg' build argument 'cmake_clean_cache' from command line to 'False'
[1.730s] Level 5:colcon.colcon_core.verb:set package 'robot_go_pkg' build argument 'cmake_clean_first' from command line to 'False'
[1.731s] Level 5:colcon.colcon_core.verb:set package 'robot_go_pkg' build argument 'cmake_force_configure' from command line to 'False'
[1.731s] Level 5:colcon.colcon_core.verb:set package 'robot_go_pkg' build argument 'ament_cmake_args' from command line to 'None'
[1.731s] Level 5:colcon.colcon_core.verb:set package 'robot_go_pkg' build argument 'catkin_cmake_args' from command line to 'None'
[1.731s] Level 5:colcon.colcon_core.verb:set package 'robot_go_pkg' build argument 'catkin_skip_building_tests' from command line to 'False'
[1.731s] DEBUG:colcon.colcon_core.verb:Building package 'robot_go_pkg' with the following arguments: {'ament_cmake_args': None, 'build_base': '/home/hae/robot_ws/src/build/robot_go_pkg', 'catkin_cmake_args': None, 'catkin_skip_building_tests': False, 'cmake_args': None, 'cmake_clean_cache': False, 'cmake_clean_first': False, 'cmake_force_configure': False, 'cmake_target': None, 'cmake_target_skip_unavailable': False, 'install_base': '/home/hae/robot_ws/src/install/robot_go_pkg', 'merge_install': False, 'path': '/home/hae/robot_ws/src/robot_go_pkg', 'symlink_install': True, 'test_result_base': None}
[1.732s] INFO:colcon.colcon_core.executor:Executing jobs using 'parallel' executor
[1.735s] DEBUG:colcon.colcon_parallel_executor.executor.parallel:run_until_complete
[1.736s] INFO:colcon.colcon_ros.task.ament_cmake.build:Building ROS package in '/home/hae/robot_ws/src/robot_go_pkg' with build type 'ament_cmake'
[1.737s] INFO:colcon.colcon_cmake.task.cmake.build:Building CMake package in '/home/hae/robot_ws/src/robot_go_pkg'
[1.747s] INFO:colcon.colcon_core.plugin_system:Skipping extension 'colcon_core.shell.bat': Not used on non-Windows systems
[1.748s] INFO:colcon.colcon_core.shell:Skip shell extension 'powershell' for command environment: Not usable outside of PowerShell
[1.749s] DEBUG:colcon.colcon_core.shell:Skip shell extension 'dsv' for command environment
[1.804s] DEBUG:colcon.colcon_core.event_handler.log_command:Invoking command in '/home/hae/robot_ws/src/build/robot_go_pkg': CMAKE_PREFIX_PATH=/home/hae/robot_ws/src/install/robot_action:/home/hae/robot_ws/src/install/test_pkg:/home/hae/robot_ws/src/install/robot_move_pkg:/home/hae/robot_ws/src/install/robot_go_pkg:/home/hae/robot_ws/src/install/robot_cleaner_pkg:/home/hae/robot_ws/src/install/action_test:/opt/ros/humble /usr/bin/cmake --build /home/hae/robot_ws/src/build/robot_go_pkg -- -j4 -l4
[2.212s] DEBUG:colcon.colcon_core.event_handler.log_command:Invoked command in '/home/hae/robot_ws/src/build/robot_go_pkg' returned '0': CMAKE_PREFIX_PATH=/home/hae/robot_ws/src/install/robot_action:/home/hae/robot_ws/src/install/test_pkg:/home/hae/robot_ws/src/install/robot_move_pkg:/home/hae/robot_ws/src/install/robot_go_pkg:/home/hae/robot_ws/src/install/robot_cleaner_pkg:/home/hae/robot_ws/src/install/action_test:/opt/ros/humble /usr/bin/cmake --build /home/hae/robot_ws/src/build/robot_go_pkg -- -j4 -l4
[2.450s] DEBUG:colcon.colcon_core.event_handler.log_command:Invoking command in '/home/hae/robot_ws/src/build/robot_go_pkg': CMAKE_PREFIX_PATH=/home/hae/robot_ws/src/install/robot_action:/home/hae/robot_ws/src/install/test_pkg:/home/hae/robot_ws/src/install/robot_move_pkg:/home/hae/robot_ws/src/install/robot_go_pkg:/home/hae/robot_ws/src/install/robot_cleaner_pkg:/home/hae/robot_ws/src/install/action_test:/opt/ros/humble /usr/bin/cmake --install /home/hae/robot_ws/src/build/robot_go_pkg
[2.535s] Level 1:colcon.colcon_core.environment:create_environment_scripts_only(robot_go_pkg)
[2.538s] DEBUG:colcon.colcon_core.event_handler.log_command:Invoked command in '/home/hae/robot_ws/src/build/robot_go_pkg' returned '0': CMAKE_PREFIX_PATH=/home/hae/robot_ws/src/install/robot_action:/home/hae/robot_ws/src/install/test_pkg:/home/hae/robot_ws/src/install/robot_move_pkg:/home/hae/robot_ws/src/install/robot_go_pkg:/home/hae/robot_ws/src/install/robot_cleaner_pkg:/home/hae/robot_ws/src/install/action_test:/opt/ros/humble /usr/bin/cmake --install /home/hae/robot_ws/src/build/robot_go_pkg
[2.552s] Level 1:colcon.colcon_core.environment:checking '/home/hae/robot_ws/src/install/robot_go_pkg' for CMake module files
[2.560s] Level 1:colcon.colcon_core.environment:checking '/home/hae/robot_ws/src/install/robot_go_pkg' for CMake config files
[2.563s] Level 1:colcon.colcon_core.shell:create_environment_hook('robot_go_pkg', 'cmake_prefix_path')
[2.564s] INFO:colcon.colcon_core.shell:Creating environment hook '/home/hae/robot_ws/src/install/robot_go_pkg/share/robot_go_pkg/hook/cmake_prefix_path.ps1'
[2.568s] INFO:colcon.colcon_core.shell:Creating environment descriptor '/home/hae/robot_ws/src/install/robot_go_pkg/share/robot_go_pkg/hook/cmake_prefix_path.dsv'
[2.571s] INFO:colcon.colcon_core.shell:Creating environment hook '/home/hae/robot_ws/src/install/robot_go_pkg/share/robot_go_pkg/hook/cmake_prefix_path.sh'
[2.576s] Level 1:colcon.colcon_core.environment:checking '/home/hae/robot_ws/src/install/robot_go_pkg/lib'
[2.577s] Level 1:colcon.colcon_core.environment:checking '/home/hae/robot_ws/src/install/robot_go_pkg/bin'
[2.578s] Level 1:colcon.colcon_core.environment:checking '/home/hae/robot_ws/src/install/robot_go_pkg/lib/pkgconfig/robot_go_pkg.pc'
[2.580s] Level 1:colcon.colcon_core.environment:checking '/home/hae/robot_ws/src/install/robot_go_pkg/lib/python3.10/site-packages'
[2.582s] Level 1:colcon.colcon_core.environment:checking '/home/hae/robot_ws/src/install/robot_go_pkg/bin'
[2.584s] INFO:colcon.colcon_core.shell:Creating package script '/home/hae/robot_ws/src/install/robot_go_pkg/share/robot_go_pkg/package.ps1'
[2.591s] INFO:colcon.colcon_core.shell:Creating package descriptor '/home/hae/robot_ws/src/install/robot_go_pkg/share/robot_go_pkg/package.dsv'
[2.596s] INFO:colcon.colcon_core.shell:Creating package script '/home/hae/robot_ws/src/install/robot_go_pkg/share/robot_go_pkg/package.sh'
[2.602s] INFO:colcon.colcon_core.shell:Creating package script '/home/hae/robot_ws/src/install/robot_go_pkg/share/robot_go_pkg/package.bash'
[2.606s] INFO:colcon.colcon_core.shell:Creating package script '/home/hae/robot_ws/src/install/robot_go_pkg/share/robot_go_pkg/package.zsh'
[2.609s] Level 1:colcon.colcon_core.environment:create_file_with_runtime_dependencies(/home/hae/robot_ws/src/install/robot_go_pkg/share/colcon-core/packages/robot_go_pkg)
[2.797s] Level 1:colcon.colcon_core.environment:create_environment_scripts_only(robot_go_pkg)
[2.799s] Level 1:colcon.colcon_core.environment:checking '/home/hae/robot_ws/src/install/robot_go_pkg' for CMake module files
[2.802s] Level 1:colcon.colcon_core.environment:checking '/home/hae/robot_ws/src/install/robot_go_pkg' for CMake config files
[2.803s] Level 1:colcon.colcon_core.shell:create_environment_hook('robot_go_pkg', 'cmake_prefix_path')
[2.804s] INFO:colcon.colcon_core.shell:Creating environment hook '/home/hae/robot_ws/src/install/robot_go_pkg/share/robot_go_pkg/hook/cmake_prefix_path.ps1'
[2.806s] INFO:colcon.colcon_core.shell:Creating environment descriptor '/home/hae/robot_ws/src/install/robot_go_pkg/share/robot_go_pkg/hook/cmake_prefix_path.dsv'
[2.808s] INFO:colcon.colcon_core.shell:Creating environment hook '/home/hae/robot_ws/src/install/robot_go_pkg/share/robot_go_pkg/hook/cmake_prefix_path.sh'
[2.812s] Level 1:colcon.colcon_core.environment:checking '/home/hae/robot_ws/src/install/robot_go_pkg/lib'
[2.813s] Level 1:colcon.colcon_core.environment:checking '/home/hae/robot_ws/src/install/robot_go_pkg/bin'
[2.813s] Level 1:colcon.colcon_core.environment:checking '/home/hae/robot_ws/src/install/robot_go_pkg/lib/pkgconfig/robot_go_pkg.pc'
[2.815s] Level 1:colcon.colcon_core.environment:checking '/home/hae/robot_ws/src/install/robot_go_pkg/lib/python3.10/site-packages'
[2.816s] Level 1:colcon.colcon_core.environment:checking '/home/hae/robot_ws/src/install/robot_go_pkg/bin'
[2.818s] INFO:colcon.colcon_core.shell:Creating package script '/home/hae/robot_ws/src/install/robot_go_pkg/share/robot_go_pkg/package.ps1'
[2.821s] INFO:colcon.colcon_core.shell:Creating package descriptor '/home/hae/robot_ws/src/install/robot_go_pkg/share/robot_go_pkg/package.dsv'
[2.824s] INFO:colcon.colcon_core.shell:Creating package script '/home/hae/robot_ws/src/install/robot_go_pkg/share/robot_go_pkg/package.sh'
[2.826s] INFO:colcon.colcon_core.shell:Creating package script '/home/hae/robot_ws/src/install/robot_go_pkg/share/robot_go_pkg/package.bash'
[2.829s] INFO:colcon.colcon_core.shell:Creating package script '/home/hae/robot_ws/src/install/robot_go_pkg/share/robot_go_pkg/package.zsh'
[2.832s] Level 1:colcon.colcon_core.environment:create_file_with_runtime_dependencies(/home/hae/robot_ws/src/install/robot_go_pkg/share/colcon-core/packages/robot_go_pkg)
[2.834s] DEBUG:colcon.colcon_parallel_executor.executor.parallel:closing loop
[2.835s] DEBUG:colcon.colcon_parallel_executor.executor.parallel:loop closed
[2.835s] DEBUG:colcon.colcon_parallel_executor.executor.parallel:run_until_complete finished with '0'
[2.836s] DEBUG:colcon.colcon_core.event_reactor:joining thread
[2.857s] INFO:colcon.colcon_core.plugin_system:Skipping extension 'colcon_notification.desktop_notification.terminal_notifier': Not used on non-Darwin systems
[2.857s] INFO:colcon.colcon_core.plugin_system:Skipping extension 'colcon_notification.desktop_notification.win32': Not used on non-Windows systems
[2.858s] INFO:colcon.colcon_notification.desktop_notification:Sending desktop notification using 'notify2'
[2.905s] DEBUG:colcon.colcon_core.event_reactor:joined thread
[2.906s] INFO:colcon.colcon_core.shell:Creating prefix script '/home/hae/robot_ws/src/install/local_setup.ps1'
[2.910s] INFO:colcon.colcon_core.shell:Creating prefix util module '/home/hae/robot_ws/src/install/_local_setup_util_ps1.py'
[2.916s] INFO:colcon.colcon_core.shell:Creating prefix chain script '/home/hae/robot_ws/src/install/setup.ps1'
[2.923s] INFO:colcon.colcon_core.shell:Creating prefix script '/home/hae/robot_ws/src/install/local_setup.sh'
[2.925s] INFO:colcon.colcon_core.shell:Creating prefix util module '/home/hae/robot_ws/src/install/_local_setup_util_sh.py'
[2.927s] INFO:colcon.colcon_core.shell:Creating prefix chain script '/home/hae/robot_ws/src/install/setup.sh'
[2.935s] INFO:colcon.colcon_core.shell:Creating prefix script '/home/hae/robot_ws/src/install/local_setup.bash'
[2.938s] INFO:colcon.colcon_core.shell:Creating prefix chain script '/home/hae/robot_ws/src/install/setup.bash'
[2.943s] INFO:colcon.colcon_core.shell:Creating prefix script '/home/hae/robot_ws/src/install/local_setup.zsh'
[2.946s] INFO:colcon.colcon_core.shell:Creating prefix chain script '/home/hae/robot_ws/src/install/setup.zsh'
