[1.613s] DEBUG:colcon:Command line arguments: ['/usr/bin/colcon', 'build', '--symlink-install', '--packages-select', 'robot_drive_pkg']
[1.613s] DEBUG:colcon:Parsed command line arguments: Namespace(log_base=None, log_level=None, verb_name='build', build_base='build', install_base='install', merge_install=False, symlink_install=True, test_result_base=None, continue_on_error=False, executor='parallel', parallel_workers=4, event_handlers=None, ignore_user_meta=False, metas=['./colcon.meta'], base_paths=['.'], packages_ignore=None, packages_ignore_regex=None, paths=None, packages_up_to=None, packages_up_to_regex=None, packages_above=None, packages_above_and_dependencies=None, packages_above_depth=None, packages_select_by_dep=None, packages_skip_by_dep=None, packages_skip_up_to=None, packages_select_build_failed=False, packages_skip_build_finished=False, packages_select_test_failures=False, packages_skip_test_passed=False, packages_select=['robot_drive_pkg'], packages_skip=None, packages_select_regex=None, packages_skip_regex=None, packages_start=None, packages_end=None, allow_overriding=[], cmake_args=None, cmake_target=None, cmake_target_skip_unavailable=False, cmake_clean_cache=False, cmake_clean_first=False, cmake_force_configure=False, ament_cmake_args=None, catkin_cmake_args=None, catkin_skip_building_tests=False, mixin_files=None, mixin=None, verb_parser=<colcon_mixin.mixin.mixin_argument.MixinArgumentDecorator object at 0xffff8c909780>, verb_extension=<colcon_core.verb.build.BuildVerb object at 0xffff8cae1ea0>, main=<bound method BuildVerb.main of <colcon_core.verb.build.BuildVerb object at 0xffff8cae1ea0>>, mixin_verb=('build',))
[3.063s] Level 1:colcon.colcon_core.package_discovery:discover_packages(colcon_meta) check parameters
[3.064s] Level 1:colcon.colcon_core.package_discovery:discover_packages(recursive) check parameters
[3.064s] Level 1:colcon.colcon_core.package_discovery:discover_packages(ignore) check parameters
[3.065s] Level 1:colcon.colcon_core.package_discovery:discover_packages(path) check parameters
[3.065s] Level 1:colcon.colcon_core.package_discovery:discover_packages(colcon_meta) discover
[3.065s] Level 1:colcon.colcon_core.package_discovery:discover_packages(recursive) discover
[3.066s] INFO:colcon.colcon_core.package_discovery:Crawling recursively for packages in '/home/hae/robot_ws/src'
[3.067s] Level 1:colcon.colcon_core.package_identification:_identify(.) by extensions ['ignore', 'ignore_ament_install']
[3.068s] Level 1:colcon.colcon_core.package_identification:_identify(.) by extension 'ignore'
[3.068s] Level 1:colcon.colcon_core.package_identification:_identify(.) by extension 'ignore_ament_install'
[3.069s] Level 1:colcon.colcon_core.package_identification:_identify(.) by extensions ['colcon_pkg']
[3.069s] Level 1:colcon.colcon_core.package_identification:_identify(.) by extension 'colcon_pkg'
[3.070s] Level 1:colcon.colcon_core.package_identification:_identify(.) by extensions ['colcon_meta']
[3.070s] Level 1:colcon.colcon_core.package_identification:_identify(.) by extension 'colcon_meta'
[3.071s] Level 1:colcon.colcon_core.package_identification:_identify(.) by extensions ['ros']
[3.071s] Level 1:colcon.colcon_core.package_identification:_identify(.) by extension 'ros'
[3.215s] Level 1:colcon.colcon_core.package_identification:_identify(.) by extensions ['cmake', 'python']
[3.216s] Level 1:colcon.colcon_core.package_identification:_identify(.) by extension 'cmake'
[3.216s] Level 1:colcon.colcon_core.package_identification:_identify(.) by extension 'python'
[3.217s] Level 1:colcon.colcon_core.package_identification:_identify(.) by extensions ['python_setup_py']
[3.217s] Level 1:colcon.colcon_core.package_identification:_identify(.) by extension 'python_setup_py'
[3.218s] Level 1:colcon.colcon_core.package_identification:_identify(Cgps) by extensions ['ignore', 'ignore_ament_install']
[3.219s] Level 1:colcon.colcon_core.package_identification:_identify(Cgps) by extension 'ignore'
[3.219s] Level 1:colcon.colcon_core.package_identification:_identify(Cgps) by extension 'ignore_ament_install'
[3.220s] Level 1:colcon.colcon_core.package_identification:_identify(Cgps) by extensions ['colcon_pkg']
[3.220s] Level 1:colcon.colcon_core.package_identification:_identify(Cgps) by extension 'colcon_pkg'
[3.220s] Level 1:colcon.colcon_core.package_identification:_identify(Cgps) by extensions ['colcon_meta']
[3.221s] Level 1:colcon.colcon_core.package_identification:_identify(Cgps) by extension 'colcon_meta'
[3.222s] Level 1:colcon.colcon_core.package_identification:_identify(Cgps) by extensions ['ros']
[3.222s] Level 1:colcon.colcon_core.package_identification:_identify(Cgps) by extension 'ros'
[3.223s] Level 1:colcon.colcon_core.package_identification:_identify(Cgps) by extensions ['cmake', 'python']
[3.223s] Level 1:colcon.colcon_core.package_identification:_identify(Cgps) by extension 'cmake'
[3.223s] Level 1:colcon.colcon_core.package_identification:_identify(Cgps) by extension 'python'
[3.224s] Level 1:colcon.colcon_core.package_identification:_identify(Cgps) by extensions ['python_setup_py']
[3.224s] Level 1:colcon.colcon_core.package_identification:_identify(Cgps) by extension 'python_setup_py'
[3.225s] Level 1:colcon.colcon_core.package_identification:_identify(action_test) by extensions ['ignore', 'ignore_ament_install']
[3.226s] Level 1:colcon.colcon_core.package_identification:_identify(action_test) by extension 'ignore'
[3.226s] Level 1:colcon.colcon_core.package_identification:_identify(action_test) by extension 'ignore_ament_install'
[3.227s] Level 1:colcon.colcon_core.package_identification:_identify(action_test) by extensions ['colcon_pkg']
[3.227s] Level 1:colcon.colcon_core.package_identification:_identify(action_test) by extension 'colcon_pkg'
[3.227s] Level 1:colcon.colcon_core.package_identification:_identify(action_test) by extensions ['colcon_meta']
[3.228s] Level 1:colcon.colcon_core.package_identification:_identify(action_test) by extension 'colcon_meta'
[3.228s] Level 1:colcon.colcon_core.package_identification:_identify(action_test) by extensions ['ros']
[3.229s] Level 1:colcon.colcon_core.package_identification:_identify(action_test) by extension 'ros'
[3.273s] DEBUG:colcon.colcon_core.package_identification:Package 'action_test' with type 'ros.ament_cmake' and name 'action_test'
[3.274s] Level 1:colcon.colcon_core.package_identification:_identify(build) by extensions ['ignore', 'ignore_ament_install']
[3.275s] Level 1:colcon.colcon_core.package_identification:_identify(build) by extension 'ignore'
[3.276s] Level 1:colcon.colcon_core.package_identification:_identify(build) ignored
[3.282s] Level 1:colcon.colcon_core.package_identification:_identify(cgps_pkg) by extensions ['ignore', 'ignore_ament_install']
[3.284s] Level 1:colcon.colcon_core.package_identification:_identify(cgps_pkg) by extension 'ignore'
[3.284s] Level 1:colcon.colcon_core.package_identification:_identify(cgps_pkg) by extension 'ignore_ament_install'
[3.284s] Level 1:colcon.colcon_core.package_identification:_identify(cgps_pkg) by extensions ['colcon_pkg']
[3.285s] Level 1:colcon.colcon_core.package_identification:_identify(cgps_pkg) by extension 'colcon_pkg'
[3.285s] Level 1:colcon.colcon_core.package_identification:_identify(cgps_pkg) by extensions ['colcon_meta']
[3.285s] Level 1:colcon.colcon_core.package_identification:_identify(cgps_pkg) by extension 'colcon_meta'
[3.285s] Level 1:colcon.colcon_core.package_identification:_identify(cgps_pkg) by extensions ['ros']
[3.286s] Level 1:colcon.colcon_core.package_identification:_identify(cgps_pkg) by extension 'ros'
[3.294s] DEBUG:colcon.colcon_core.package_identification:Package 'cgps_pkg' with type 'ros.ament_cmake' and name 'cgps_pkg'
[3.297s] Level 1:colcon.colcon_core.package_identification:_identify(dot_pkg) by extensions ['ignore', 'ignore_ament_install']
[3.298s] Level 1:colcon.colcon_core.package_identification:_identify(dot_pkg) by extension 'ignore'
[3.299s] Level 1:colcon.colcon_core.package_identification:_identify(dot_pkg) by extension 'ignore_ament_install'
[3.299s] Level 1:colcon.colcon_core.package_identification:_identify(dot_pkg) by extensions ['colcon_pkg']
[3.300s] Level 1:colcon.colcon_core.package_identification:_identify(dot_pkg) by extension 'colcon_pkg'
[3.300s] Level 1:colcon.colcon_core.package_identification:_identify(dot_pkg) by extensions ['colcon_meta']
[3.300s] Level 1:colcon.colcon_core.package_identification:_identify(dot_pkg) by extension 'colcon_meta'
[3.300s] Level 1:colcon.colcon_core.package_identification:_identify(dot_pkg) by extensions ['ros']
[3.301s] Level 1:colcon.colcon_core.package_identification:_identify(dot_pkg) by extension 'ros'
[3.312s] DEBUG:colcon.colcon_core.package_identification:Package 'dot_pkg' with type 'ros.ament_cmake' and name 'dot_pkg'
[3.313s] Level 1:colcon.colcon_core.package_identification:_identify(install) by extensions ['ignore', 'ignore_ament_install']
[3.314s] Level 1:colcon.colcon_core.package_identification:_identify(install) by extension 'ignore'
[3.315s] Level 1:colcon.colcon_core.package_identification:_identify(install) ignored
[3.318s] Level 1:colcon.colcon_core.package_identification:_identify(log) by extensions ['ignore', 'ignore_ament_install']
[3.319s] Level 1:colcon.colcon_core.package_identification:_identify(log) by extension 'ignore'
[3.319s] Level 1:colcon.colcon_core.package_identification:_identify(log) ignored
[3.320s] Level 1:colcon.colcon_core.package_identification:_identify(robot_action) by extensions ['ignore', 'ignore_ament_install']
[3.320s] Level 1:colcon.colcon_core.package_identification:_identify(robot_action) by extension 'ignore'
[3.321s] Level 1:colcon.colcon_core.package_identification:_identify(robot_action) by extension 'ignore_ament_install'
[3.321s] Level 1:colcon.colcon_core.package_identification:_identify(robot_action) by extensions ['colcon_pkg']
[3.322s] Level 1:colcon.colcon_core.package_identification:_identify(robot_action) by extension 'colcon_pkg'
[3.322s] Level 1:colcon.colcon_core.package_identification:_identify(robot_action) by extensions ['colcon_meta']
[3.322s] Level 1:colcon.colcon_core.package_identification:_identify(robot_action) by extension 'colcon_meta'
[3.322s] Level 1:colcon.colcon_core.package_identification:_identify(robot_action) by extensions ['ros']
[3.323s] Level 1:colcon.colcon_core.package_identification:_identify(robot_action) by extension 'ros'
[3.327s] DEBUG:colcon.colcon_core.package_identification:Package 'robot_action' with type 'ros.ament_cmake' and name 'robot_action'
[3.328s] Level 1:colcon.colcon_core.package_identification:_identify(robot_cleaner_pkg) by extensions ['ignore', 'ignore_ament_install']
[3.329s] Level 1:colcon.colcon_core.package_identification:_identify(robot_cleaner_pkg) by extension 'ignore'
[3.329s] Level 1:colcon.colcon_core.package_identification:_identify(robot_cleaner_pkg) by extension 'ignore_ament_install'
[3.329s] Level 1:colcon.colcon_core.package_identification:_identify(robot_cleaner_pkg) by extensions ['colcon_pkg']
[3.330s] Level 1:colcon.colcon_core.package_identification:_identify(robot_cleaner_pkg) by extension 'colcon_pkg'
[3.330s] Level 1:colcon.colcon_core.package_identification:_identify(robot_cleaner_pkg) by extensions ['colcon_meta']
[3.330s] Level 1:colcon.colcon_core.package_identification:_identify(robot_cleaner_pkg) by extension 'colcon_meta'
[3.330s] Level 1:colcon.colcon_core.package_identification:_identify(robot_cleaner_pkg) by extensions ['ros']
[3.330s] Level 1:colcon.colcon_core.package_identification:_identify(robot_cleaner_pkg) by extension 'ros'
[3.337s] DEBUG:colcon.colcon_core.package_identification:Package 'robot_cleaner_pkg' with type 'ros.ament_cmake' and name 'robot_cleaner_pkg'
[3.340s] Level 1:colcon.colcon_core.package_identification:_identify(robot_drive_pkg) by extensions ['ignore', 'ignore_ament_install']
[3.341s] Level 1:colcon.colcon_core.package_identification:_identify(robot_drive_pkg) by extension 'ignore'
[3.342s] Level 1:colcon.colcon_core.package_identification:_identify(robot_drive_pkg) by extension 'ignore_ament_install'
[3.342s] Level 1:colcon.colcon_core.package_identification:_identify(robot_drive_pkg) by extensions ['colcon_pkg']
[3.343s] Level 1:colcon.colcon_core.package_identification:_identify(robot_drive_pkg) by extension 'colcon_pkg'
[3.343s] Level 1:colcon.colcon_core.package_identification:_identify(robot_drive_pkg) by extensions ['colcon_meta']
[3.344s] Level 1:colcon.colcon_core.package_identification:_identify(robot_drive_pkg) by extension 'colcon_meta'
[3.344s] Level 1:colcon.colcon_core.package_identification:_identify(robot_drive_pkg) by extensions ['ros']
[3.345s] Level 1:colcon.colcon_core.package_identification:_identify(robot_drive_pkg) by extension 'ros'
[3.352s] DEBUG:colcon.colcon_core.package_identification:Package 'robot_drive_pkg' with type 'ros.ament_cmake' and name 'robot_drive_pkg'
[3.357s] Level 1:colcon.colcon_core.package_identification:_identify(robot_go_pkg) by extensions ['ignore', 'ignore_ament_install']
[3.358s] Level 1:colcon.colcon_core.package_identification:_identify(robot_go_pkg) by extension 'ignore'
[3.359s] Level 1:colcon.colcon_core.package_identification:_identify(robot_go_pkg) by extension 'ignore_ament_install'
[3.359s] Level 1:colcon.colcon_core.package_identification:_identify(robot_go_pkg) by extensions ['colcon_pkg']
[3.360s] Level 1:colcon.colcon_core.package_identification:_identify(robot_go_pkg) by extension 'colcon_pkg'
[3.360s] Level 1:colcon.colcon_core.package_identification:_identify(robot_go_pkg) by extensions ['colcon_meta']
[3.361s] Level 1:colcon.colcon_core.package_identification:_identify(robot_go_pkg) by extension 'colcon_meta'
[3.361s] Level 1:colcon.colcon_core.package_identification:_identify(robot_go_pkg) by extensions ['ros']
[3.361s] Level 1:colcon.colcon_core.package_identification:_identify(robot_go_pkg) by extension 'ros'
[3.369s] DEBUG:colcon.colcon_core.package_identification:Package 'robot_go_pkg' with type 'ros.ament_cmake' and name 'robot_go_pkg'
[3.373s] Level 1:colcon.colcon_core.package_identification:_identify(robot_move_pkg) by extensions ['ignore', 'ignore_ament_install']
[3.374s] Level 1:colcon.colcon_core.package_identification:_identify(robot_move_pkg) by extension 'ignore'
[3.375s] Level 1:colcon.colcon_core.package_identification:_identify(robot_move_pkg) by extension 'ignore_ament_install'
[3.375s] Level 1:colcon.colcon_core.package_identification:_identify(robot_move_pkg) by extensions ['colcon_pkg']
[3.376s] Level 1:colcon.colcon_core.package_identification:_identify(robot_move_pkg) by extension 'colcon_pkg'
[3.376s] Level 1:colcon.colcon_core.package_identification:_identify(robot_move_pkg) by extensions ['colcon_meta']
[3.377s] Level 1:colcon.colcon_core.package_identification:_identify(robot_move_pkg) by extension 'colcon_meta'
[3.377s] Level 1:colcon.colcon_core.package_identification:_identify(robot_move_pkg) by extensions ['ros']
[3.378s] Level 1:colcon.colcon_core.package_identification:_identify(robot_move_pkg) by extension 'ros'
[3.386s] DEBUG:colcon.colcon_core.package_identification:Package 'robot_move_pkg' with type 'ros.ament_cmake' and name 'robot_move_pkg'
[3.390s] Level 1:colcon.colcon_core.package_identification:_identify(test_pkg) by extensions ['ignore', 'ignore_ament_install']
[3.391s] Level 1:colcon.colcon_core.package_identification:_identify(test_pkg) by extension 'ignore'
[3.391s] Level 1:colcon.colcon_core.package_identification:_identify(test_pkg) by extension 'ignore_ament_install'
[3.392s] Level 1:colcon.colcon_core.package_identification:_identify(test_pkg) by extensions ['colcon_pkg']
[3.392s] Level 1:colcon.colcon_core.package_identification:_identify(test_pkg) by extension 'colcon_pkg'
[3.393s] Level 1:colcon.colcon_core.package_identification:_identify(test_pkg) by extensions ['colcon_meta']
[3.393s] Level 1:colcon.colcon_core.package_identification:_identify(test_pkg) by extension 'colcon_meta'
[3.394s] Level 1:colcon.colcon_core.package_identification:_identify(test_pkg) by extensions ['ros']
[3.394s] Level 1:colcon.colcon_core.package_identification:_identify(test_pkg) by extension 'ros'
[3.409s] DEBUG:colcon.colcon_core.package_identification:Package 'test_pkg' with type 'ros.ament_cmake' and name 'test_pkg'
[3.409s] Level 1:colcon.colcon_core.package_discovery:discover_packages(recursive) using defaults
[3.410s] Level 1:colcon.colcon_core.package_discovery:discover_packages(ignore) discover
[3.410s] Level 1:colcon.colcon_core.package_discovery:discover_packages(ignore) using defaults
[3.410s] Level 1:colcon.colcon_core.package_discovery:discover_packages(path) discover
[3.411s] Level 1:colcon.colcon_core.package_discovery:discover_packages(path) using defaults
[3.624s] INFO:colcon.colcon_core.package_selection:Skipping not selected package 'cgps_pkg' in 'cgps_pkg'
[3.624s] INFO:colcon.colcon_core.package_selection:Skipping not selected package 'dot_pkg' in 'dot_pkg'
[3.624s] INFO:colcon.colcon_core.package_selection:Skipping not selected package 'robot_action' in 'robot_action'
[3.624s] INFO:colcon.colcon_core.package_selection:Skipping not selected package 'robot_cleaner_pkg' in 'robot_cleaner_pkg'
[3.625s] INFO:colcon.colcon_core.package_selection:Skipping not selected package 'robot_move_pkg' in 'robot_move_pkg'
[3.625s] INFO:colcon.colcon_core.package_selection:Skipping not selected package 'action_test' in 'action_test'
[3.625s] INFO:colcon.colcon_core.package_selection:Skipping not selected package 'robot_go_pkg' in 'robot_go_pkg'
[3.625s] INFO:colcon.colcon_core.package_selection:Skipping not selected package 'test_pkg' in 'test_pkg'
[3.628s] Level 1:colcon.colcon_core.package_discovery:discover_packages(prefix_path) check parameters
[3.628s] Level 1:colcon.colcon_core.package_discovery:discover_packages(prefix_path) discover
[3.650s] DEBUG:colcon.colcon_installed_package_information.package_discovery:Found 268 installed packages in /opt/ros/humble
[3.712s] Level 1:colcon.colcon_core.package_discovery:discover_packages(prefix_path) using defaults
[4.103s] Level 5:colcon.colcon_core.verb:set package 'robot_drive_pkg' build argument 'cmake_args' from command line to 'None'
[4.104s] Level 5:colcon.colcon_core.verb:set package 'robot_drive_pkg' build argument 'cmake_target' from command line to 'None'
[4.104s] Level 5:colcon.colcon_core.verb:set package 'robot_drive_pkg' build argument 'cmake_target_skip_unavailable' from command line to 'False'
[4.104s] Level 5:colcon.colcon_core.verb:set package 'robot_drive_pkg' build argument 'cmake_clean_cache' from command line to 'False'
[4.104s] Level 5:colcon.colcon_core.verb:set package 'robot_drive_pkg' build argument 'cmake_clean_first' from command line to 'False'
[4.105s] Level 5:colcon.colcon_core.verb:set package 'robot_drive_pkg' build argument 'cmake_force_configure' from command line to 'False'
[4.105s] Level 5:colcon.colcon_core.verb:set package 'robot_drive_pkg' build argument 'ament_cmake_args' from command line to 'None'
[4.105s] Level 5:colcon.colcon_core.verb:set package 'robot_drive_pkg' build argument 'catkin_cmake_args' from command line to 'None'
[4.105s] Level 5:colcon.colcon_core.verb:set package 'robot_drive_pkg' build argument 'catkin_skip_building_tests' from command line to 'False'
[4.105s] DEBUG:colcon.colcon_core.verb:Building package 'robot_drive_pkg' with the following arguments: {'ament_cmake_args': None, 'build_base': '/home/hae/robot_ws/src/build/robot_drive_pkg', 'catkin_cmake_args': None, 'catkin_skip_building_tests': False, 'cmake_args': None, 'cmake_clean_cache': False, 'cmake_clean_first': False, 'cmake_force_configure': False, 'cmake_target': None, 'cmake_target_skip_unavailable': False, 'install_base': '/home/hae/robot_ws/src/install/robot_drive_pkg', 'merge_install': False, 'path': '/home/hae/robot_ws/src/robot_drive_pkg', 'symlink_install': True, 'test_result_base': None}
[4.106s] INFO:colcon.colcon_core.executor:Executing jobs using 'parallel' executor
[4.110s] DEBUG:colcon.colcon_parallel_executor.executor.parallel:run_until_complete
[4.111s] INFO:colcon.colcon_ros.task.ament_cmake.build:Building ROS package in '/home/hae/robot_ws/src/robot_drive_pkg' with build type 'ament_cmake'
[4.112s] INFO:colcon.colcon_cmake.task.cmake.build:Building CMake package in '/home/hae/robot_ws/src/robot_drive_pkg'
[4.152s] INFO:colcon.colcon_core.plugin_system:Skipping extension 'colcon_core.shell.bat': Not used on non-Windows systems
[4.153s] INFO:colcon.colcon_core.shell:Skip shell extension 'powershell' for command environment: Not usable outside of PowerShell
[4.154s] DEBUG:colcon.colcon_core.shell:Skip shell extension 'dsv' for command environment
[4.203s] DEBUG:colcon.colcon_core.event_handler.log_command:Invoking command in '/home/hae/robot_ws/src/build/robot_drive_pkg': CMAKE_PREFIX_PATH=/opt/ros/humble /usr/bin/cmake --build /home/hae/robot_ws/src/build/robot_drive_pkg -- -j4 -l4
[102.651s] DEBUG:colcon.colcon_core.event_handler.log_command:Invoked command in '/home/hae/robot_ws/src/build/robot_drive_pkg' returned '0': CMAKE_PREFIX_PATH=/opt/ros/humble /usr/bin/cmake --build /home/hae/robot_ws/src/build/robot_drive_pkg -- -j4 -l4
[103.364s] DEBUG:colcon.colcon_core.event_handler.log_command:Invoking command in '/home/hae/robot_ws/src/build/robot_drive_pkg': CMAKE_PREFIX_PATH=/opt/ros/humble /usr/bin/cmake --install /home/hae/robot_ws/src/build/robot_drive_pkg
[104.124s] DEBUG:colcon.colcon_core.event_handler.log_command:Invoked command in '/home/hae/robot_ws/src/build/robot_drive_pkg' returned '0': CMAKE_PREFIX_PATH=/opt/ros/humble /usr/bin/cmake --install /home/hae/robot_ws/src/build/robot_drive_pkg
[104.286s] Level 1:colcon.colcon_core.environment:create_environment_scripts_only(robot_drive_pkg)
[104.770s] Level 1:colcon.colcon_core.environment:checking '/home/hae/robot_ws/src/install/robot_drive_pkg' for CMake module files
[104.783s] Level 1:colcon.colcon_core.environment:checking '/home/hae/robot_ws/src/install/robot_drive_pkg' for CMake config files
[104.790s] Level 1:colcon.colcon_core.shell:create_environment_hook('robot_drive_pkg', 'cmake_prefix_path')
[104.799s] INFO:colcon.colcon_core.shell:Creating environment hook '/home/hae/robot_ws/src/install/robot_drive_pkg/share/robot_drive_pkg/hook/cmake_prefix_path.ps1'
[104.866s] INFO:colcon.colcon_core.shell:Creating environment descriptor '/home/hae/robot_ws/src/install/robot_drive_pkg/share/robot_drive_pkg/hook/cmake_prefix_path.dsv'
[104.879s] INFO:colcon.colcon_core.shell:Creating environment hook '/home/hae/robot_ws/src/install/robot_drive_pkg/share/robot_drive_pkg/hook/cmake_prefix_path.sh'
[104.905s] Level 1:colcon.colcon_core.environment:checking '/home/hae/robot_ws/src/install/robot_drive_pkg/lib'
[104.906s] Level 1:colcon.colcon_core.environment:checking '/home/hae/robot_ws/src/install/robot_drive_pkg/bin'
[104.907s] Level 1:colcon.colcon_core.environment:checking '/home/hae/robot_ws/src/install/robot_drive_pkg/lib/pkgconfig/robot_drive_pkg.pc'
[104.926s] Level 1:colcon.colcon_core.environment:checking '/home/hae/robot_ws/src/install/robot_drive_pkg/lib/python3.10/site-packages'
[104.927s] Level 1:colcon.colcon_core.environment:checking '/home/hae/robot_ws/src/install/robot_drive_pkg/bin'
[104.930s] INFO:colcon.colcon_core.shell:Creating package script '/home/hae/robot_ws/src/install/robot_drive_pkg/share/robot_drive_pkg/package.ps1'
[104.952s] INFO:colcon.colcon_core.shell:Creating package descriptor '/home/hae/robot_ws/src/install/robot_drive_pkg/share/robot_drive_pkg/package.dsv'
[105.002s] INFO:colcon.colcon_core.shell:Creating package script '/home/hae/robot_ws/src/install/robot_drive_pkg/share/robot_drive_pkg/package.sh'
[105.039s] INFO:colcon.colcon_core.shell:Creating package script '/home/hae/robot_ws/src/install/robot_drive_pkg/share/robot_drive_pkg/package.bash'
[105.085s] INFO:colcon.colcon_core.shell:Creating package script '/home/hae/robot_ws/src/install/robot_drive_pkg/share/robot_drive_pkg/package.zsh'
[105.125s] Level 1:colcon.colcon_core.environment:create_file_with_runtime_dependencies(/home/hae/robot_ws/src/install/robot_drive_pkg/share/colcon-core/packages/robot_drive_pkg)
[105.386s] Level 1:colcon.colcon_core.environment:create_environment_scripts_only(robot_drive_pkg)
[105.388s] Level 1:colcon.colcon_core.environment:checking '/home/hae/robot_ws/src/install/robot_drive_pkg' for CMake module files
[105.392s] Level 1:colcon.colcon_core.environment:checking '/home/hae/robot_ws/src/install/robot_drive_pkg' for CMake config files
[105.401s] Level 1:colcon.colcon_core.shell:create_environment_hook('robot_drive_pkg', 'cmake_prefix_path')
[105.402s] INFO:colcon.colcon_core.shell:Creating environment hook '/home/hae/robot_ws/src/install/robot_drive_pkg/share/robot_drive_pkg/hook/cmake_prefix_path.ps1'
[105.415s] INFO:colcon.colcon_core.shell:Creating environment descriptor '/home/hae/robot_ws/src/install/robot_drive_pkg/share/robot_drive_pkg/hook/cmake_prefix_path.dsv'
[105.420s] INFO:colcon.colcon_core.shell:Creating environment hook '/home/hae/robot_ws/src/install/robot_drive_pkg/share/robot_drive_pkg/hook/cmake_prefix_path.sh'
[105.432s] Level 1:colcon.colcon_core.environment:checking '/home/hae/robot_ws/src/install/robot_drive_pkg/lib'
[105.436s] Level 1:colcon.colcon_core.environment:checking '/home/hae/robot_ws/src/install/robot_drive_pkg/bin'
[105.436s] Level 1:colcon.colcon_core.environment:checking '/home/hae/robot_ws/src/install/robot_drive_pkg/lib/pkgconfig/robot_drive_pkg.pc'
[105.438s] Level 1:colcon.colcon_core.environment:checking '/home/hae/robot_ws/src/install/robot_drive_pkg/lib/python3.10/site-packages'
[105.439s] Level 1:colcon.colcon_core.environment:checking '/home/hae/robot_ws/src/install/robot_drive_pkg/bin'
[105.444s] INFO:colcon.colcon_core.shell:Creating package script '/home/hae/robot_ws/src/install/robot_drive_pkg/share/robot_drive_pkg/package.ps1'
[105.454s] INFO:colcon.colcon_core.shell:Creating package descriptor '/home/hae/robot_ws/src/install/robot_drive_pkg/share/robot_drive_pkg/package.dsv'
[105.458s] INFO:colcon.colcon_core.shell:Creating package script '/home/hae/robot_ws/src/install/robot_drive_pkg/share/robot_drive_pkg/package.sh'
[105.462s] INFO:colcon.colcon_core.shell:Creating package script '/home/hae/robot_ws/src/install/robot_drive_pkg/share/robot_drive_pkg/package.bash'
[105.465s] INFO:colcon.colcon_core.shell:Creating package script '/home/hae/robot_ws/src/install/robot_drive_pkg/share/robot_drive_pkg/package.zsh'
[105.472s] Level 1:colcon.colcon_core.environment:create_file_with_runtime_dependencies(/home/hae/robot_ws/src/install/robot_drive_pkg/share/colcon-core/packages/robot_drive_pkg)
[105.510s] DEBUG:colcon.colcon_parallel_executor.executor.parallel:closing loop
[105.534s] DEBUG:colcon.colcon_parallel_executor.executor.parallel:loop closed
[105.545s] DEBUG:colcon.colcon_parallel_executor.executor.parallel:run_until_complete finished with '0'
[105.555s] DEBUG:colcon.colcon_core.event_reactor:joining thread
[105.909s] INFO:colcon.colcon_core.plugin_system:Skipping extension 'colcon_notification.desktop_notification.terminal_notifier': Not used on non-Darwin systems
[105.912s] INFO:colcon.colcon_core.plugin_system:Skipping extension 'colcon_notification.desktop_notification.win32': Not used on non-Windows systems
[105.916s] INFO:colcon.colcon_notification.desktop_notification:Sending desktop notification using 'notify2'
[106.746s] DEBUG:colcon.colcon_core.event_reactor:joined thread
[106.753s] INFO:colcon.colcon_core.shell:Creating prefix script '/home/hae/robot_ws/src/install/local_setup.ps1'
[106.760s] INFO:colcon.colcon_core.shell:Creating prefix util module '/home/hae/robot_ws/src/install/_local_setup_util_ps1.py'
[106.773s] INFO:colcon.colcon_core.shell:Creating prefix chain script '/home/hae/robot_ws/src/install/setup.ps1'
[106.784s] INFO:colcon.colcon_core.shell:Creating prefix script '/home/hae/robot_ws/src/install/local_setup.sh'
[106.792s] INFO:colcon.colcon_core.shell:Creating prefix util module '/home/hae/robot_ws/src/install/_local_setup_util_sh.py'
[106.802s] INFO:colcon.colcon_core.shell:Creating prefix chain script '/home/hae/robot_ws/src/install/setup.sh'
[106.829s] INFO:colcon.colcon_core.shell:Creating prefix script '/home/hae/robot_ws/src/install/local_setup.bash'
[106.833s] INFO:colcon.colcon_core.shell:Creating prefix chain script '/home/hae/robot_ws/src/install/setup.bash'
[106.839s] INFO:colcon.colcon_core.shell:Creating prefix script '/home/hae/robot_ws/src/install/local_setup.zsh'
[106.843s] INFO:colcon.colcon_core.shell:Creating prefix chain script '/home/hae/robot_ws/src/install/setup.zsh'
