[0.067s] Invoking command in '/home/hae/robot_ws/src/build/dot_pkg': CMAKE_PREFIX_PATH=${CMAKE_PREFIX_PATH}:/opt/ros/humble /usr/bin/cmake --build /home/hae/robot_ws/src/build/dot_pkg -- -j4 -l4
[0.691s] [35m[1mConsolidate compiler generated dependencies of target dot_node[0m
[0.846s] [ 50%] [32mBuilding CXX object CMakeFiles/dot_node.dir/src/dot.cpp.o[0m
[39.808s] [100%] [32m[1mLinking CXX executable dot_node[0m
[42.129s] [100%] Built target dot_node
[42.739s] Invoked command in '/home/hae/robot_ws/src/build/dot_pkg' returned '0': CMAKE_PREFIX_PATH=${CMAKE_PREFIX_PATH}:/opt/ros/humble /usr/bin/cmake --build /home/hae/robot_ws/src/build/dot_pkg -- -j4 -l4
[43.380s] Invoking command in '/home/hae/robot_ws/src/build/dot_pkg': CMAKE_PREFIX_PATH=${CMAKE_PREFIX_PATH}:/opt/ros/humble /usr/bin/cmake --install /home/hae/robot_ws/src/build/dot_pkg
[43.418s] -- Install configuration: ""
[43.427s] -- Execute custom install script
[43.431s] -- Up-to-date symlink: /home/hae/robot_ws/src/install/dot_pkg/lib/dot_pkg/dot_node
[43.435s] -- Up-to-date symlink: /home/hae/robot_ws/src/install/dot_pkg/share/ament_index/resource_index/package_run_dependencies/dot_pkg
[43.438s] -- Up-to-date symlink: /home/hae/robot_ws/src/install/dot_pkg/share/ament_index/resource_index/parent_prefix_path/dot_pkg
[43.449s] -- Up-to-date symlink: /home/hae/robot_ws/src/install/dot_pkg/share/dot_pkg/environment/ament_prefix_path.sh
[43.452s] -- Up-to-date symlink: /home/hae/robot_ws/src/install/dot_pkg/share/dot_pkg/environment/ament_prefix_path.dsv
[43.454s] -- Up-to-date symlink: /home/hae/robot_ws/src/install/dot_pkg/share/dot_pkg/environment/path.sh
[43.457s] -- Up-to-date symlink: /home/hae/robot_ws/src/install/dot_pkg/share/dot_pkg/environment/path.dsv
[43.459s] -- Up-to-date symlink: /home/hae/robot_ws/src/install/dot_pkg/share/dot_pkg/local_setup.bash
[43.461s] -- Up-to-date symlink: /home/hae/robot_ws/src/install/dot_pkg/share/dot_pkg/local_setup.sh
[43.464s] -- Up-to-date symlink: /home/hae/robot_ws/src/install/dot_pkg/share/dot_pkg/local_setup.zsh
[43.466s] -- Up-to-date symlink: /home/hae/robot_ws/src/install/dot_pkg/share/dot_pkg/local_setup.dsv
[43.468s] -- Symlinking: /home/hae/robot_ws/src/install/dot_pkg/share/dot_pkg/package.dsv
[43.505s] -- Up-to-date symlink: /home/hae/robot_ws/src/install/dot_pkg/share/ament_index/resource_index/packages/dot_pkg
[43.507s] -- Up-to-date symlink: /home/hae/robot_ws/src/install/dot_pkg/share/dot_pkg/cmake/dot_pkgConfig.cmake
[43.508s] -- Up-to-date symlink: /home/hae/robot_ws/src/install/dot_pkg/share/dot_pkg/cmake/dot_pkgConfig-version.cmake
[43.510s] -- Up-to-date symlink: /home/hae/robot_ws/src/install/dot_pkg/share/dot_pkg/package.xml
[43.535s] Invoked command in '/home/hae/robot_ws/src/build/dot_pkg' returned '0': CMAKE_PREFIX_PATH=${CMAKE_PREFIX_PATH}:/opt/ros/humble /usr/bin/cmake --install /home/hae/robot_ws/src/build/dot_pkg
