[0.064s] Invoking command in '/home/hae/robot_ws/src/build/cgps_pkg': CMAKE_PREFIX_PATH=${CMAKE_PREFIX_PATH}:/opt/ros/humble /usr/bin/cmake /home/hae/robot_ws/src/cgps_pkg -DAMENT_CMAKE_SYMLINK_INSTALL=1 -DCMAKE_INSTALL_PREFIX=/home/hae/robot_ws/src/install/cgps_pkg
[0.116s] -- Found ament_cmake: 1.3.9 (/opt/ros/humble/share/ament_cmake/cmake)
[0.727s] -- Override CMake install command with custom implementation using symlinks instead of copying resources
[0.787s] -- Found rclcpp: 16.0.9 (/opt/ros/humble/share/rclcpp/cmake)
[1.332s] -- Found rosidl_generator_c: 3.1.5 (/opt/ros/humble/share/rosidl_generator_c/cmake)
[1.397s] -- Found rosidl_adapter: 3.1.5 (/opt/ros/humble/share/rosidl_adapter/cmake)
[1.486s] -- Found rosidl_generator_cpp: 3.1.5 (/opt/ros/humble/share/rosidl_generator_cpp/cmake)
[1.609s] -- Using all available rosidl_typesupport_c: rosidl_typesupport_fastrtps_c;rosidl_typesupport_introspection_c
[1.774s] -- Using all available rosidl_typesupport_cpp: rosidl_typesupport_fastrtps_cpp;rosidl_typesupport_introspection_cpp
[2.308s] -- Found rmw_implementation_cmake: 6.1.2 (/opt/ros/humble/share/rmw_implementation_cmake/cmake)
[2.345s] -- Found rmw_fastrtps_cpp: 6.2.6 (/opt/ros/humble/share/rmw_fastrtps_cpp/cmake)
[3.062s] -- Found OpenSSL: /usr/lib/aarch64-linux-gnu/libcrypto.so (found version "3.0.2")  
[3.333s] -- Found FastRTPS: /opt/ros/humble/include  
[3.788s] -- Using RMW implementation 'rmw_fastrtps_cpp' as default
[3.897s] -- Looking for pthread.h
[4.290s] -- Looking for pthread.h - found
[4.292s] -- Performing Test CMAKE_HAVE_LIBC_PTHREAD
[4.724s] -- Performing Test CMAKE_HAVE_LIBC_PTHREAD - Success
[4.729s] -- Found Threads: TRUE  
[5.659s] -- Found geometry_msgs: 4.2.4 (/opt/ros/humble/share/geometry_msgs/cmake)
[5.958s] -- Found nav_msgs: 4.2.4 (/opt/ros/humble/share/nav_msgs/cmake)
[6.537s] [31mCMake Error at CMakeLists.txt:13 (find_package):
[6.538s]   By not providing "Findcsignal.cmake" in CMAKE_MODULE_PATH this project has
[6.539s]   asked CMake to find a package configuration file provided by "csignal", but
[6.540s]   CMake did not find one.
[6.541s] 
[6.542s]   Could not find a package configuration file provided by "csignal" with any
[6.543s]   of the following names:
[6.555s] 
[6.557s]     csignalConfig.cmake
[6.569s]     csignal-config.cmake
[6.572s] 
[6.573s]   Add the installation prefix of "csignal" to CMAKE_PREFIX_PATH or set
[6.574s]   "csignal_DIR" to a directory containing one of the above files.  If
[6.579s]   "csignal" provides a separate development package or SDK, be sure it has
[6.580s]   been installed.
[6.581s] 
[6.581s] [0m
[6.582s] -- Configuring incomplete, errors occurred!
[6.582s] See also "/home/hae/robot_ws/src/build/cgps_pkg/CMakeFiles/CMakeOutput.log".
[6.592s] Invoked command in '/home/hae/robot_ws/src/build/cgps_pkg' returned '1': CMAKE_PREFIX_PATH=${CMAKE_PREFIX_PATH}:/opt/ros/humble /usr/bin/cmake /home/hae/robot_ws/src/cgps_pkg -DAMENT_CMAKE_SYMLINK_INSTALL=1 -DCMAKE_INSTALL_PREFIX=/home/hae/robot_ws/src/install/cgps_pkg
