[0.069s] Invoking command in '/home/hae/robot_ws/src/build/dot_pkg': CMAKE_PREFIX_PATH=${CMAKE_PREFIX_PATH}:/opt/ros/humble /usr/bin/cmake --build /home/hae/robot_ws/src/build/dot_pkg -- -j4 -l4
[0.420s] [35m[1mConsolidate compiler generated dependencies of target dot_node[0m
[0.564s] [ 50%] [32mBuilding CXX object CMakeFiles/dot_node.dir/src/dot.cpp.o[0m
[36.790s] [100%] [32m[1mLinking CXX executable dot_node[0m
[39.270s] [100%] Built target dot_node
[39.325s] Invoked command in '/home/hae/robot_ws/src/build/dot_pkg' returned '0': CMAKE_PREFIX_PATH=${CMAKE_PREFIX_PATH}:/opt/ros/humble /usr/bin/cmake --build /home/hae/robot_ws/src/build/dot_pkg -- -j4 -l4
[39.515s] Invoking command in '/home/hae/robot_ws/src/build/dot_pkg': CMAKE_PREFIX_PATH=${CMAKE_PREFIX_PATH}:/opt/ros/humble /usr/bin/cmake --install /home/hae/robot_ws/src/build/dot_pkg
[39.572s] -- Install configuration: ""
[39.591s] -- Execute custom install script
[39.600s] -- Up-to-date symlink: /home/hae/robot_ws/src/install/dot_pkg/lib/dot_pkg/dot_node
[39.618s] -- Up-to-date symlink: /home/hae/robot_ws/src/install/dot_pkg/share/ament_index/resource_index/package_run_dependencies/dot_pkg
[39.628s] -- Up-to-date symlink: /home/hae/robot_ws/src/install/dot_pkg/share/ament_index/resource_index/parent_prefix_path/dot_pkg
[39.641s] -- Up-to-date symlink: /home/hae/robot_ws/src/install/dot_pkg/share/dot_pkg/environment/ament_prefix_path.sh
[39.647s] -- Up-to-date symlink: /home/hae/robot_ws/src/install/dot_pkg/share/dot_pkg/environment/ament_prefix_path.dsv
[39.650s] -- Up-to-date symlink: /home/hae/robot_ws/src/install/dot_pkg/share/dot_pkg/environment/path.sh
[39.654s] -- Up-to-date symlink: /home/hae/robot_ws/src/install/dot_pkg/share/dot_pkg/environment/path.dsv
[39.658s] -- Up-to-date symlink: /home/hae/robot_ws/src/install/dot_pkg/share/dot_pkg/local_setup.bash
[39.661s] -- Up-to-date symlink: /home/hae/robot_ws/src/install/dot_pkg/share/dot_pkg/local_setup.sh
[39.663s] -- Up-to-date symlink: /home/hae/robot_ws/src/install/dot_pkg/share/dot_pkg/local_setup.zsh
[39.667s] -- Up-to-date symlink: /home/hae/robot_ws/src/install/dot_pkg/share/dot_pkg/local_setup.dsv
[39.668s] -- Symlinking: /home/hae/robot_ws/src/install/dot_pkg/share/dot_pkg/package.dsv
[39.714s] -- Up-to-date symlink: /home/hae/robot_ws/src/install/dot_pkg/share/ament_index/resource_index/packages/dot_pkg
[39.720s] -- Up-to-date symlink: /home/hae/robot_ws/src/install/dot_pkg/share/dot_pkg/cmake/dot_pkgConfig.cmake
[39.722s] -- Up-to-date symlink: /home/hae/robot_ws/src/install/dot_pkg/share/dot_pkg/cmake/dot_pkgConfig-version.cmake
[39.728s] -- Up-to-date symlink: /home/hae/robot_ws/src/install/dot_pkg/share/dot_pkg/package.xml
[39.741s] Invoked command in '/home/hae/robot_ws/src/build/dot_pkg' returned '0': CMAKE_PREFIX_PATH=${CMAKE_PREFIX_PATH}:/opt/ros/humble /usr/bin/cmake --install /home/hae/robot_ws/src/build/dot_pkg
