-- Found ament_cmake: 1.3.9 (/opt/ros/humble/share/ament_cmake/cmake)
-- Override CMake install command with custom implementation using symlinks instead of copying resources
-- Found rclcpp: 16.0.9 (/opt/ros/humble/share/rclcpp/cmake)
-- Found rosidl_generator_c: 3.1.5 (/opt/ros/humble/share/rosidl_generator_c/cmake)
-- Found rosidl_adapter: 3.1.5 (/opt/ros/humble/share/rosidl_adapter/cmake)
-- Found rosidl_generator_cpp: 3.1.5 (/opt/ros/humble/share/rosidl_generator_cpp/cmake)
-- Using all available rosidl_typesupport_c: rosidl_typesupport_fastrtps_c;rosidl_typesupport_introspection_c
-- Using all available rosidl_typesupport_cpp: rosidl_typesupport_fastrtps_cpp;rosidl_typesupport_introspection_cpp
-- Found rmw_implementation_cmake: 6.1.2 (/opt/ros/humble/share/rmw_implementation_cmake/cmake)
-- Found rmw_fastrtps_cpp: 6.2.6 (/opt/ros/humble/share/rmw_fastrtps_cpp/cmake)
-- Using RMW implementation 'rmw_fastrtps_cpp' as default
-- Found geometry_msgs: 4.2.4 (/opt/ros/humble/share/geometry_msgs/cmake)
-- Found nav_msgs: 4.2.4 (/opt/ros/humble/share/nav_msgs/cmake)
-- Found action_msgs: 1.2.1 (/opt/ros/humble/share/action_msgs/cmake)
-- Found ament_lint_auto: 0.12.11 (/opt/ros/humble/share/ament_lint_auto/cmake)
-- Added test 'cppcheck' to perform static code analysis on C / C++ code
-- Configured cppcheck include dirs: 
-- Configured cppcheck exclude dirs and/or files: 
-- Added test 'lint_cmake' to check CMake code style
-- Added test 'uncrustify' to check C / C++ code style
-- Configured uncrustify additional arguments: 
-- Added test 'xmllint' to check XML markup files
-- Configuring done
-- Generating done
-- Build files have been written to: /home/hae/robot_ws/src/build/robot_go_pkg
[ 50%] [32mBuilding CXX object CMakeFiles/go.dir/src/test.cpp.o[0m
[01m[K/home/hae/robot_ws/src/robot_go_pkg/src/test.cpp:[m[K In constructor ‘[01m[KOdomDistanceCalculator::OdomDistanceCalculator()[m[K’:
[01m[K/home/hae/robot_ws/src/robot_go_pkg/src/test.cpp:9:64:[m[K [01;31m[Kerror: [m[Kno matching function for call to ‘[01m[Kgeometry_msgs::msg::Point_<std::allocator<void> >::Point_(<brace-enclosed initializer list>)[m[K’
    9 |   OdomDistanceCalculator() : Node("odom_distance_calculator"), [01;31m[Klast_position_{0.0, 0.0, 0.0}[m[K, total_distance_{0.0}
      |                                                                [01;31m[K^~~~~~~~~~~~~~~~~~~~~~~~~~~~~[m[K
In file included from [01m[K/opt/ros/humble/include/geometry_msgs/geometry_msgs/msg/detail/pose__struct.hpp:20[m[K,
                 from [01m[K/opt/ros/humble/include/geometry_msgs/geometry_msgs/msg/detail/pose_with_covariance__struct.hpp:20[m[K,
                 from [01m[K/opt/ros/humble/include/nav_msgs/nav_msgs/msg/detail/odometry__struct.hpp:22[m[K,
                 from [01m[K/opt/ros/humble/include/nav_msgs/nav_msgs/msg/odometry.hpp:7[m[K,
                 from [01m[K/home/hae/robot_ws/src/robot_go_pkg/src/test.cpp:2[m[K:
[01m[K/opt/ros/humble/include/geometry_msgs/geometry_msgs/msg/detail/point__struct.hpp:47:12:[m[K [01;36m[Knote: [m[Kcandidate: ‘[01m[Kgeometry_msgs::msg::Point_<ContainerAllocator>::Point_(const ContainerAllocator&, rosidl_runtime_cpp::MessageInitialization) [with ContainerAllocator = std::allocator<void>][m[K’
   47 |   explicit [01;36m[KPoint_[m[K(const ContainerAllocator & _alloc, rosidl_runtime_cpp::MessageInitialization _init = rosidl_runtime_cpp::MessageInitialization::ALL)
      |            [01;36m[K^~~~~~[m[K
[01m[K/opt/ros/humble/include/geometry_msgs/geometry_msgs/msg/detail/point__struct.hpp:47:12:[m[K [01;36m[Knote: [m[K  candidate expects 2 arguments, 3 provided
[01m[K/opt/ros/humble/include/geometry_msgs/geometry_msgs/msg/detail/point__struct.hpp:36:12:[m[K [01;36m[Knote: [m[Kcandidate: ‘[01m[Kgeometry_msgs::msg::Point_<ContainerAllocator>::Point_(rosidl_runtime_cpp::MessageInitialization) [with ContainerAllocator = std::allocator<void>][m[K’
   36 |   explicit [01;36m[KPoint_[m[K(rosidl_runtime_cpp::MessageInitialization _init = rosidl_runtime_cpp::MessageInitialization::ALL)
      |            [01;36m[K^~~~~~[m[K
[01m[K/opt/ros/humble/include/geometry_msgs/geometry_msgs/msg/detail/point__struct.hpp:36:12:[m[K [01;36m[Knote: [m[K  candidate expects 1 argument, 3 provided
[01m[K/opt/ros/humble/include/geometry_msgs/geometry_msgs/msg/detail/point__struct.hpp:32:8:[m[K [01;36m[Knote: [m[Kcandidate: ‘[01m[Kconstexpr geometry_msgs::msg::Point_<std::allocator<void> >::Point_(const geometry_msgs::msg::Point_<std::allocator<void> >&)[m[K’
   32 | struct [01;36m[KPoint_[m[K
      |        [01;36m[K^~~~~~[m[K
[01m[K/opt/ros/humble/include/geometry_msgs/geometry_msgs/msg/detail/point__struct.hpp:32:8:[m[K [01;36m[Knote: [m[K  candidate expects 1 argument, 3 provided
[01m[K/opt/ros/humble/include/geometry_msgs/geometry_msgs/msg/detail/point__struct.hpp:32:8:[m[K [01;36m[Knote: [m[Kcandidate: ‘[01m[Kconstexpr geometry_msgs::msg::Point_<std::allocator<void> >::Point_(geometry_msgs::msg::Point_<std::allocator<void> >&&)[m[K’
[01m[K/opt/ros/humble/include/geometry_msgs/geometry_msgs/msg/detail/point__struct.hpp:32:8:[m[K [01;36m[Knote: [m[K  candidate expects 1 argument, 3 provided
[01m[K/home/hae/robot_ws/src/robot_go_pkg/src/test.cpp:22:7:[m[K [01;31m[Kerror: [m[Kunable to find numeric literal operator ‘[01m[Koperator""s[m[K’
   22 |       [01;31m[K1s[m[K, // 1초마다 호출
      |       [01;31m[K^~[m[K
gmake[2]: *** [CMakeFiles/go.dir/build.make:76: CMakeFiles/go.dir/src/test.cpp.o] Error 1
gmake[1]: *** [CMakeFiles/Makefile2:137: CMakeFiles/go.dir/all] Error 2
gmake: *** [Makefile:146: all] Error 2
