[0.456s] DEBUG:colcon:Command line arguments: ['/usr/bin/colcon', 'build', '--symlink-install', '--packages-select', 'robot_cleaner_pkg']
[0.456s] DEBUG:colcon:Parsed command line arguments: Namespace(log_base=None, log_level=None, verb_name='build', build_base='build', install_base='install', merge_install=False, symlink_install=True, test_result_base=None, continue_on_error=False, executor='parallel', parallel_workers=4, event_handlers=None, ignore_user_meta=False, metas=['./colcon.meta'], base_paths=['.'], packages_ignore=None, packages_ignore_regex=None, paths=None, packages_up_to=None, packages_up_to_regex=None, packages_above=None, packages_above_and_dependencies=None, packages_above_depth=None, packages_select_by_dep=None, packages_skip_by_dep=None, packages_skip_up_to=None, packages_select_build_failed=False, packages_skip_build_finished=False, packages_select_test_failures=False, packages_skip_test_passed=False, packages_select=['robot_cleaner_pkg'], packages_skip=None, packages_select_regex=None, packages_skip_regex=None, packages_start=None, packages_end=None, allow_overriding=[], cmake_args=None, cmake_target=None, cmake_target_skip_unavailable=False, cmake_clean_cache=False, cmake_clean_first=False, cmake_force_configure=False, ament_cmake_args=None, catkin_cmake_args=None, catkin_skip_building_tests=False, mixin_files=None, mixin=None, verb_parser=<colcon_mixin.mixin.mixin_argument.MixinArgumentDecorator object at 0xffff880257b0>, verb_extension=<colcon_core.verb.build.BuildVerb object at 0xffff88025300>, main=<bound method BuildVerb.main of <colcon_core.verb.build.BuildVerb object at 0xffff88025300>>, mixin_verb=('build',))
[1.241s] Level 1:colcon.colcon_core.package_discovery:discover_packages(colcon_meta) check parameters
[1.241s] Level 1:colcon.colcon_core.package_discovery:discover_packages(recursive) check parameters
[1.241s] Level 1:colcon.colcon_core.package_discovery:discover_packages(ignore) check parameters
[1.242s] Level 1:colcon.colcon_core.package_discovery:discover_packages(path) check parameters
[1.242s] Level 1:colcon.colcon_core.package_discovery:discover_packages(colcon_meta) discover
[1.242s] Level 1:colcon.colcon_core.package_discovery:discover_packages(recursive) discover
[1.242s] INFO:colcon.colcon_core.package_discovery:Crawling recursively for packages in '/home/hae/robot_ws/src'
[1.243s] Level 1:colcon.colcon_core.package_identification:_identify(.) by extensions ['ignore', 'ignore_ament_install']
[1.243s] Level 1:colcon.colcon_core.package_identification:_identify(.) by extension 'ignore'
[1.243s] Level 1:colcon.colcon_core.package_identification:_identify(.) by extension 'ignore_ament_install'
[1.243s] Level 1:colcon.colcon_core.package_identification:_identify(.) by extensions ['colcon_pkg']
[1.244s] Level 1:colcon.colcon_core.package_identification:_identify(.) by extension 'colcon_pkg'
[1.244s] Level 1:colcon.colcon_core.package_identification:_identify(.) by extensions ['colcon_meta']
[1.244s] Level 1:colcon.colcon_core.package_identification:_identify(.) by extension 'colcon_meta'
[1.244s] Level 1:colcon.colcon_core.package_identification:_identify(.) by extensions ['ros']
[1.244s] Level 1:colcon.colcon_core.package_identification:_identify(.) by extension 'ros'
[1.291s] Level 1:colcon.colcon_core.package_identification:_identify(.) by extensions ['cmake', 'python']
[1.291s] Level 1:colcon.colcon_core.package_identification:_identify(.) by extension 'cmake'
[1.291s] Level 1:colcon.colcon_core.package_identification:_identify(.) by extension 'python'
[1.291s] Level 1:colcon.colcon_core.package_identification:_identify(.) by extensions ['python_setup_py']
[1.291s] Level 1:colcon.colcon_core.package_identification:_identify(.) by extension 'python_setup_py'
[1.292s] Level 1:colcon.colcon_core.package_identification:_identify(build) by extensions ['ignore', 'ignore_ament_install']
[1.292s] Level 1:colcon.colcon_core.package_identification:_identify(build) by extension 'ignore'
[1.293s] Level 1:colcon.colcon_core.package_identification:_identify(build) ignored
[1.293s] Level 1:colcon.colcon_core.package_identification:_identify(install) by extensions ['ignore', 'ignore_ament_install']
[1.294s] Level 1:colcon.colcon_core.package_identification:_identify(install) by extension 'ignore'
[1.294s] Level 1:colcon.colcon_core.package_identification:_identify(install) ignored
[1.294s] Level 1:colcon.colcon_core.package_identification:_identify(log) by extensions ['ignore', 'ignore_ament_install']
[1.295s] Level 1:colcon.colcon_core.package_identification:_identify(log) by extension 'ignore'
[1.295s] Level 1:colcon.colcon_core.package_identification:_identify(log) ignored
[1.295s] Level 1:colcon.colcon_core.package_identification:_identify(robot_cleaner_pkg) by extensions ['ignore', 'ignore_ament_install']
[1.296s] Level 1:colcon.colcon_core.package_identification:_identify(robot_cleaner_pkg) by extension 'ignore'
[1.296s] Level 1:colcon.colcon_core.package_identification:_identify(robot_cleaner_pkg) by extension 'ignore_ament_install'
[1.296s] Level 1:colcon.colcon_core.package_identification:_identify(robot_cleaner_pkg) by extensions ['colcon_pkg']
[1.296s] Level 1:colcon.colcon_core.package_identification:_identify(robot_cleaner_pkg) by extension 'colcon_pkg'
[1.297s] Level 1:colcon.colcon_core.package_identification:_identify(robot_cleaner_pkg) by extensions ['colcon_meta']
[1.297s] Level 1:colcon.colcon_core.package_identification:_identify(robot_cleaner_pkg) by extension 'colcon_meta'
[1.297s] Level 1:colcon.colcon_core.package_identification:_identify(robot_cleaner_pkg) by extensions ['ros']
[1.297s] Level 1:colcon.colcon_core.package_identification:_identify(robot_cleaner_pkg) by extension 'ros'
[1.306s] DEBUG:colcon.colcon_core.package_identification:Package 'robot_cleaner_pkg' with type 'ros.ament_cmake' and name 'robot_cleaner_pkg'
[1.307s] Level 1:colcon.colcon_core.package_identification:_identify(robot_move_pkg) by extensions ['ignore', 'ignore_ament_install']
[1.307s] Level 1:colcon.colcon_core.package_identification:_identify(robot_move_pkg) by extension 'ignore'
[1.308s] Level 1:colcon.colcon_core.package_identification:_identify(robot_move_pkg) by extension 'ignore_ament_install'
[1.308s] Level 1:colcon.colcon_core.package_identification:_identify(robot_move_pkg) by extensions ['colcon_pkg']
[1.308s] Level 1:colcon.colcon_core.package_identification:_identify(robot_move_pkg) by extension 'colcon_pkg'
[1.308s] Level 1:colcon.colcon_core.package_identification:_identify(robot_move_pkg) by extensions ['colcon_meta']
[1.308s] Level 1:colcon.colcon_core.package_identification:_identify(robot_move_pkg) by extension 'colcon_meta'
[1.309s] Level 1:colcon.colcon_core.package_identification:_identify(robot_move_pkg) by extensions ['ros']
[1.309s] Level 1:colcon.colcon_core.package_identification:_identify(robot_move_pkg) by extension 'ros'
[1.311s] DEBUG:colcon.colcon_core.package_identification:Package 'robot_move_pkg' with type 'ros.ament_cmake' and name 'robot_move_pkg'
[1.312s] Level 1:colcon.colcon_core.package_discovery:discover_packages(recursive) using defaults
[1.312s] Level 1:colcon.colcon_core.package_discovery:discover_packages(ignore) discover
[1.312s] Level 1:colcon.colcon_core.package_discovery:discover_packages(ignore) using defaults
[1.312s] Level 1:colcon.colcon_core.package_discovery:discover_packages(path) discover
[1.312s] Level 1:colcon.colcon_core.package_discovery:discover_packages(path) using defaults
[1.386s] INFO:colcon.colcon_core.package_selection:Skipping not selected package 'robot_move_pkg' in 'robot_move_pkg'
[1.388s] Level 1:colcon.colcon_core.package_discovery:discover_packages(prefix_path) check parameters
[1.388s] Level 1:colcon.colcon_core.package_discovery:discover_packages(prefix_path) discover
[1.397s] DEBUG:colcon.colcon_installed_package_information.package_discovery:Found 2 installed packages in /home/hae/robot_ws/src/install
[1.399s] DEBUG:colcon.colcon_installed_package_information.package_discovery:Found 2 installed packages in /home/hae/install
[1.408s] DEBUG:colcon.colcon_installed_package_information.package_discovery:Found 268 installed packages in /opt/ros/humble
[1.418s] Level 1:colcon.colcon_core.package_discovery:discover_packages(prefix_path) using defaults
[1.619s] Level 5:colcon.colcon_core.verb:set package 'robot_cleaner_pkg' build argument 'cmake_args' from command line to 'None'
[1.619s] Level 5:colcon.colcon_core.verb:set package 'robot_cleaner_pkg' build argument 'cmake_target' from command line to 'None'
[1.619s] Level 5:colcon.colcon_core.verb:set package 'robot_cleaner_pkg' build argument 'cmake_target_skip_unavailable' from command line to 'False'
[1.619s] Level 5:colcon.colcon_core.verb:set package 'robot_cleaner_pkg' build argument 'cmake_clean_cache' from command line to 'False'
[1.620s] Level 5:colcon.colcon_core.verb:set package 'robot_cleaner_pkg' build argument 'cmake_clean_first' from command line to 'False'
[1.620s] Level 5:colcon.colcon_core.verb:set package 'robot_cleaner_pkg' build argument 'cmake_force_configure' from command line to 'False'
[1.620s] Level 5:colcon.colcon_core.verb:set package 'robot_cleaner_pkg' build argument 'ament_cmake_args' from command line to 'None'
[1.620s] Level 5:colcon.colcon_core.verb:set package 'robot_cleaner_pkg' build argument 'catkin_cmake_args' from command line to 'None'
[1.620s] Level 5:colcon.colcon_core.verb:set package 'robot_cleaner_pkg' build argument 'catkin_skip_building_tests' from command line to 'False'
[1.620s] DEBUG:colcon.colcon_core.verb:Building package 'robot_cleaner_pkg' with the following arguments: {'ament_cmake_args': None, 'build_base': '/home/hae/robot_ws/src/build/robot_cleaner_pkg', 'catkin_cmake_args': None, 'catkin_skip_building_tests': False, 'cmake_args': None, 'cmake_clean_cache': False, 'cmake_clean_first': False, 'cmake_force_configure': False, 'cmake_target': None, 'cmake_target_skip_unavailable': False, 'install_base': '/home/hae/robot_ws/src/install/robot_cleaner_pkg', 'merge_install': False, 'path': '/home/hae/robot_ws/src/robot_cleaner_pkg', 'symlink_install': True, 'test_result_base': None}
[1.621s] INFO:colcon.colcon_core.executor:Executing jobs using 'parallel' executor
[1.624s] DEBUG:colcon.colcon_parallel_executor.executor.parallel:run_until_complete
[1.625s] INFO:colcon.colcon_ros.task.ament_cmake.build:Building ROS package in '/home/hae/robot_ws/src/robot_cleaner_pkg' with build type 'ament_cmake'
[1.626s] INFO:colcon.colcon_cmake.task.cmake.build:Building CMake package in '/home/hae/robot_ws/src/robot_cleaner_pkg'
[1.634s] INFO:colcon.colcon_core.plugin_system:Skipping extension 'colcon_core.shell.bat': Not used on non-Windows systems
[1.635s] INFO:colcon.colcon_core.shell:Skip shell extension 'powershell' for command environment: Not usable outside of PowerShell
[1.635s] DEBUG:colcon.colcon_core.shell:Skip shell extension 'dsv' for command environment
[1.680s] DEBUG:colcon.colcon_core.event_handler.log_command:Invoking command in '/home/hae/robot_ws/src/build/robot_cleaner_pkg': CMAKE_PREFIX_PATH=${CMAKE_PREFIX_PATH}:/opt/ros/humble /usr/bin/cmake --build /home/hae/robot_ws/src/build/robot_cleaner_pkg -- -j4 -l4
[37.177s] DEBUG:colcon.colcon_core.event_handler.log_command:Invoked command in '/home/hae/robot_ws/src/build/robot_cleaner_pkg' returned '0': CMAKE_PREFIX_PATH=${CMAKE_PREFIX_PATH}:/opt/ros/humble /usr/bin/cmake --build /home/hae/robot_ws/src/build/robot_cleaner_pkg -- -j4 -l4
[37.334s] DEBUG:colcon.colcon_core.event_handler.log_command:Invoking command in '/home/hae/robot_ws/src/build/robot_cleaner_pkg': CMAKE_PREFIX_PATH=${CMAKE_PREFIX_PATH}:/opt/ros/humble /usr/bin/cmake --install /home/hae/robot_ws/src/build/robot_cleaner_pkg
[37.419s] Level 1:colcon.colcon_core.environment:create_environment_scripts_only(robot_cleaner_pkg)
[37.421s] DEBUG:colcon.colcon_core.event_handler.log_command:Invoked command in '/home/hae/robot_ws/src/build/robot_cleaner_pkg' returned '0': CMAKE_PREFIX_PATH=${CMAKE_PREFIX_PATH}:/opt/ros/humble /usr/bin/cmake --install /home/hae/robot_ws/src/build/robot_cleaner_pkg
[37.434s] Level 1:colcon.colcon_core.environment:checking '/home/hae/robot_ws/src/install/robot_cleaner_pkg' for CMake module files
[37.437s] Level 1:colcon.colcon_core.environment:checking '/home/hae/robot_ws/src/install/robot_cleaner_pkg' for CMake config files
[37.441s] Level 1:colcon.colcon_core.shell:create_environment_hook('robot_cleaner_pkg', 'cmake_prefix_path')
[37.442s] INFO:colcon.colcon_core.shell:Creating environment hook '/home/hae/robot_ws/src/install/robot_cleaner_pkg/share/robot_cleaner_pkg/hook/cmake_prefix_path.ps1'
[37.445s] INFO:colcon.colcon_core.shell:Creating environment descriptor '/home/hae/robot_ws/src/install/robot_cleaner_pkg/share/robot_cleaner_pkg/hook/cmake_prefix_path.dsv'
[37.448s] INFO:colcon.colcon_core.shell:Creating environment hook '/home/hae/robot_ws/src/install/robot_cleaner_pkg/share/robot_cleaner_pkg/hook/cmake_prefix_path.sh'
[37.452s] Level 1:colcon.colcon_core.environment:checking '/home/hae/robot_ws/src/install/robot_cleaner_pkg/lib'
[37.453s] Level 1:colcon.colcon_core.environment:checking '/home/hae/robot_ws/src/install/robot_cleaner_pkg/bin'
[37.454s] Level 1:colcon.colcon_core.environment:checking '/home/hae/robot_ws/src/install/robot_cleaner_pkg/lib/pkgconfig/robot_cleaner_pkg.pc'
[37.455s] Level 1:colcon.colcon_core.environment:checking '/home/hae/robot_ws/src/install/robot_cleaner_pkg/lib/python3.10/site-packages'
[37.456s] Level 1:colcon.colcon_core.environment:checking '/home/hae/robot_ws/src/install/robot_cleaner_pkg/bin'
[37.458s] INFO:colcon.colcon_core.shell:Creating package script '/home/hae/robot_ws/src/install/robot_cleaner_pkg/share/robot_cleaner_pkg/package.ps1'
[37.462s] INFO:colcon.colcon_core.shell:Creating package descriptor '/home/hae/robot_ws/src/install/robot_cleaner_pkg/share/robot_cleaner_pkg/package.dsv'
[37.464s] INFO:colcon.colcon_core.shell:Creating package script '/home/hae/robot_ws/src/install/robot_cleaner_pkg/share/robot_cleaner_pkg/package.sh'
[37.468s] INFO:colcon.colcon_core.shell:Creating package script '/home/hae/robot_ws/src/install/robot_cleaner_pkg/share/robot_cleaner_pkg/package.bash'
[37.472s] INFO:colcon.colcon_core.shell:Creating package script '/home/hae/robot_ws/src/install/robot_cleaner_pkg/share/robot_cleaner_pkg/package.zsh'
[37.476s] Level 1:colcon.colcon_core.environment:create_file_with_runtime_dependencies(/home/hae/robot_ws/src/install/robot_cleaner_pkg/share/colcon-core/packages/robot_cleaner_pkg)
[37.612s] Level 1:colcon.colcon_core.environment:create_environment_scripts_only(robot_cleaner_pkg)
[37.614s] Level 1:colcon.colcon_core.environment:checking '/home/hae/robot_ws/src/install/robot_cleaner_pkg' for CMake module files
[37.617s] Level 1:colcon.colcon_core.environment:checking '/home/hae/robot_ws/src/install/robot_cleaner_pkg' for CMake config files
[37.619s] Level 1:colcon.colcon_core.shell:create_environment_hook('robot_cleaner_pkg', 'cmake_prefix_path')
[37.620s] INFO:colcon.colcon_core.shell:Creating environment hook '/home/hae/robot_ws/src/install/robot_cleaner_pkg/share/robot_cleaner_pkg/hook/cmake_prefix_path.ps1'
[37.623s] INFO:colcon.colcon_core.shell:Creating environment descriptor '/home/hae/robot_ws/src/install/robot_cleaner_pkg/share/robot_cleaner_pkg/hook/cmake_prefix_path.dsv'
[37.625s] INFO:colcon.colcon_core.shell:Creating environment hook '/home/hae/robot_ws/src/install/robot_cleaner_pkg/share/robot_cleaner_pkg/hook/cmake_prefix_path.sh'
[37.628s] Level 1:colcon.colcon_core.environment:checking '/home/hae/robot_ws/src/install/robot_cleaner_pkg/lib'
[37.629s] Level 1:colcon.colcon_core.environment:checking '/home/hae/robot_ws/src/install/robot_cleaner_pkg/bin'
[37.629s] Level 1:colcon.colcon_core.environment:checking '/home/hae/robot_ws/src/install/robot_cleaner_pkg/lib/pkgconfig/robot_cleaner_pkg.pc'
[37.630s] Level 1:colcon.colcon_core.environment:checking '/home/hae/robot_ws/src/install/robot_cleaner_pkg/lib/python3.10/site-packages'
[37.631s] Level 1:colcon.colcon_core.environment:checking '/home/hae/robot_ws/src/install/robot_cleaner_pkg/bin'
[37.633s] INFO:colcon.colcon_core.shell:Creating package script '/home/hae/robot_ws/src/install/robot_cleaner_pkg/share/robot_cleaner_pkg/package.ps1'
[37.636s] INFO:colcon.colcon_core.shell:Creating package descriptor '/home/hae/robot_ws/src/install/robot_cleaner_pkg/share/robot_cleaner_pkg/package.dsv'
[37.639s] INFO:colcon.colcon_core.shell:Creating package script '/home/hae/robot_ws/src/install/robot_cleaner_pkg/share/robot_cleaner_pkg/package.sh'
[37.643s] INFO:colcon.colcon_core.shell:Creating package script '/home/hae/robot_ws/src/install/robot_cleaner_pkg/share/robot_cleaner_pkg/package.bash'
[37.645s] INFO:colcon.colcon_core.shell:Creating package script '/home/hae/robot_ws/src/install/robot_cleaner_pkg/share/robot_cleaner_pkg/package.zsh'
[37.648s] Level 1:colcon.colcon_core.environment:create_file_with_runtime_dependencies(/home/hae/robot_ws/src/install/robot_cleaner_pkg/share/colcon-core/packages/robot_cleaner_pkg)
[37.649s] DEBUG:colcon.colcon_parallel_executor.executor.parallel:closing loop
[37.651s] DEBUG:colcon.colcon_parallel_executor.executor.parallel:loop closed
[37.651s] DEBUG:colcon.colcon_parallel_executor.executor.parallel:run_until_complete finished with '0'
[37.652s] DEBUG:colcon.colcon_core.event_reactor:joining thread
[37.677s] INFO:colcon.colcon_core.plugin_system:Skipping extension 'colcon_notification.desktop_notification.terminal_notifier': Not used on non-Darwin systems
[37.678s] INFO:colcon.colcon_core.plugin_system:Skipping extension 'colcon_notification.desktop_notification.win32': Not used on non-Windows systems
[37.678s] INFO:colcon.colcon_notification.desktop_notification:Sending desktop notification using 'notify2'
[37.727s] DEBUG:colcon.colcon_core.event_reactor:joined thread
[37.729s] INFO:colcon.colcon_core.shell:Creating prefix script '/home/hae/robot_ws/src/install/local_setup.ps1'
[37.734s] INFO:colcon.colcon_core.shell:Creating prefix util module '/home/hae/robot_ws/src/install/_local_setup_util_ps1.py'
[37.740s] INFO:colcon.colcon_core.shell:Creating prefix chain script '/home/hae/robot_ws/src/install/setup.ps1'
[37.746s] INFO:colcon.colcon_core.shell:Creating prefix script '/home/hae/robot_ws/src/install/local_setup.sh'
[37.749s] INFO:colcon.colcon_core.shell:Creating prefix util module '/home/hae/robot_ws/src/install/_local_setup_util_sh.py'
[37.752s] INFO:colcon.colcon_core.shell:Creating prefix chain script '/home/hae/robot_ws/src/install/setup.sh'
[37.759s] INFO:colcon.colcon_core.shell:Creating prefix script '/home/hae/robot_ws/src/install/local_setup.bash'
[37.762s] INFO:colcon.colcon_core.shell:Creating prefix chain script '/home/hae/robot_ws/src/install/setup.bash'
[37.769s] INFO:colcon.colcon_core.shell:Creating prefix script '/home/hae/robot_ws/src/install/local_setup.zsh'
[37.772s] INFO:colcon.colcon_core.shell:Creating prefix chain script '/home/hae/robot_ws/src/install/setup.zsh'
