[0.447s] DEBUG:colcon:Command line arguments: ['/usr/bin/colcon', 'build', '--symlink-install', '--packages-select', 'robot_go_pkg']
[0.447s] DEBUG:colcon:Parsed command line arguments: Namespace(log_base=None, log_level=None, verb_name='build', build_base='build', install_base='install', merge_install=False, symlink_install=True, test_result_base=None, continue_on_error=False, executor='parallel', parallel_workers=4, event_handlers=None, ignore_user_meta=False, metas=['./colcon.meta'], base_paths=['.'], packages_ignore=None, packages_ignore_regex=None, paths=None, packages_up_to=None, packages_up_to_regex=None, packages_above=None, packages_above_and_dependencies=None, packages_above_depth=None, packages_select_by_dep=None, packages_skip_by_dep=None, packages_skip_up_to=None, packages_select_build_failed=False, packages_skip_build_finished=False, packages_select_test_failures=False, packages_skip_test_passed=False, packages_select=['robot_go_pkg'], packages_skip=None, packages_select_regex=None, packages_skip_regex=None, packages_start=None, packages_end=None, allow_overriding=[], cmake_args=None, cmake_target=None, cmake_target_skip_unavailable=False, cmake_clean_cache=False, cmake_clean_first=False, cmake_force_configure=False, ament_cmake_args=None, catkin_cmake_args=None, catkin_skip_building_tests=False, mixin_files=None, mixin=None, verb_parser=<colcon_mixin.mixin.mixin_argument.MixinArgumentDecorator object at 0xffff8b2d57e0>, verb_extension=<colcon_core.verb.build.BuildVerb object at 0xffff8b2d5330>, main=<bound method BuildVerb.main of <colcon_core.verb.build.BuildVerb object at 0xffff8b2d5330>>, mixin_verb=('build',))
[1.212s] Level 1:colcon.colcon_core.package_discovery:discover_packages(colcon_meta) check parameters
[1.213s] Level 1:colcon.colcon_core.package_discovery:discover_packages(recursive) check parameters
[1.213s] Level 1:colcon.colcon_core.package_discovery:discover_packages(ignore) check parameters
[1.213s] Level 1:colcon.colcon_core.package_discovery:discover_packages(path) check parameters
[1.213s] Level 1:colcon.colcon_core.package_discovery:discover_packages(colcon_meta) discover
[1.214s] Level 1:colcon.colcon_core.package_discovery:discover_packages(recursive) discover
[1.214s] INFO:colcon.colcon_core.package_discovery:Crawling recursively for packages in '/home/hae/robot_ws/src'
[1.214s] Level 1:colcon.colcon_core.package_identification:_identify(.) by extensions ['ignore', 'ignore_ament_install']
[1.215s] Level 1:colcon.colcon_core.package_identification:_identify(.) by extension 'ignore'
[1.215s] Level 1:colcon.colcon_core.package_identification:_identify(.) by extension 'ignore_ament_install'
[1.215s] Level 1:colcon.colcon_core.package_identification:_identify(.) by extensions ['colcon_pkg']
[1.216s] Level 1:colcon.colcon_core.package_identification:_identify(.) by extension 'colcon_pkg'
[1.216s] Level 1:colcon.colcon_core.package_identification:_identify(.) by extensions ['colcon_meta']
[1.216s] Level 1:colcon.colcon_core.package_identification:_identify(.) by extension 'colcon_meta'
[1.216s] Level 1:colcon.colcon_core.package_identification:_identify(.) by extensions ['ros']
[1.216s] Level 1:colcon.colcon_core.package_identification:_identify(.) by extension 'ros'
[1.263s] Level 1:colcon.colcon_core.package_identification:_identify(.) by extensions ['cmake', 'python']
[1.263s] Level 1:colcon.colcon_core.package_identification:_identify(.) by extension 'cmake'
[1.263s] Level 1:colcon.colcon_core.package_identification:_identify(.) by extension 'python'
[1.264s] Level 1:colcon.colcon_core.package_identification:_identify(.) by extensions ['python_setup_py']
[1.264s] Level 1:colcon.colcon_core.package_identification:_identify(.) by extension 'python_setup_py'
[1.265s] Level 1:colcon.colcon_core.package_identification:_identify(build) by extensions ['ignore', 'ignore_ament_install']
[1.265s] Level 1:colcon.colcon_core.package_identification:_identify(build) by extension 'ignore'
[1.265s] Level 1:colcon.colcon_core.package_identification:_identify(build) ignored
[1.266s] Level 1:colcon.colcon_core.package_identification:_identify(install) by extensions ['ignore', 'ignore_ament_install']
[1.266s] Level 1:colcon.colcon_core.package_identification:_identify(install) by extension 'ignore'
[1.267s] Level 1:colcon.colcon_core.package_identification:_identify(install) ignored
[1.268s] Level 1:colcon.colcon_core.package_identification:_identify(log) by extensions ['ignore', 'ignore_ament_install']
[1.268s] Level 1:colcon.colcon_core.package_identification:_identify(log) by extension 'ignore'
[1.268s] Level 1:colcon.colcon_core.package_identification:_identify(log) ignored
[1.269s] Level 1:colcon.colcon_core.package_identification:_identify(robot_action_pkg) by extensions ['ignore', 'ignore_ament_install']
[1.269s] Level 1:colcon.colcon_core.package_identification:_identify(robot_action_pkg) by extension 'ignore'
[1.269s] Level 1:colcon.colcon_core.package_identification:_identify(robot_action_pkg) by extension 'ignore_ament_install'
[1.270s] Level 1:colcon.colcon_core.package_identification:_identify(robot_action_pkg) by extensions ['colcon_pkg']
[1.270s] Level 1:colcon.colcon_core.package_identification:_identify(robot_action_pkg) by extension 'colcon_pkg'
[1.270s] Level 1:colcon.colcon_core.package_identification:_identify(robot_action_pkg) by extensions ['colcon_meta']
[1.270s] Level 1:colcon.colcon_core.package_identification:_identify(robot_action_pkg) by extension 'colcon_meta'
[1.270s] Level 1:colcon.colcon_core.package_identification:_identify(robot_action_pkg) by extensions ['ros']
[1.270s] Level 1:colcon.colcon_core.package_identification:_identify(robot_action_pkg) by extension 'ros'
[1.280s] DEBUG:colcon.colcon_core.package_identification:Package 'robot_action_pkg' with type 'ros.ament_cmake' and name 'robot_action_pkg'
[1.281s] Level 1:colcon.colcon_core.package_identification:_identify(robot_cleaner_pkg) by extensions ['ignore', 'ignore_ament_install']
[1.281s] Level 1:colcon.colcon_core.package_identification:_identify(robot_cleaner_pkg) by extension 'ignore'
[1.281s] Level 1:colcon.colcon_core.package_identification:_identify(robot_cleaner_pkg) by extension 'ignore_ament_install'
[1.282s] Level 1:colcon.colcon_core.package_identification:_identify(robot_cleaner_pkg) by extensions ['colcon_pkg']
[1.282s] Level 1:colcon.colcon_core.package_identification:_identify(robot_cleaner_pkg) by extension 'colcon_pkg'
[1.282s] Level 1:colcon.colcon_core.package_identification:_identify(robot_cleaner_pkg) by extensions ['colcon_meta']
[1.282s] Level 1:colcon.colcon_core.package_identification:_identify(robot_cleaner_pkg) by extension 'colcon_meta'
[1.282s] Level 1:colcon.colcon_core.package_identification:_identify(robot_cleaner_pkg) by extensions ['ros']
[1.282s] Level 1:colcon.colcon_core.package_identification:_identify(robot_cleaner_pkg) by extension 'ros'
[1.285s] DEBUG:colcon.colcon_core.package_identification:Package 'robot_cleaner_pkg' with type 'ros.ament_cmake' and name 'robot_cleaner_pkg'
[1.286s] Level 1:colcon.colcon_core.package_identification:_identify(robot_go_pkg) by extensions ['ignore', 'ignore_ament_install']
[1.286s] Level 1:colcon.colcon_core.package_identification:_identify(robot_go_pkg) by extension 'ignore'
[1.287s] Level 1:colcon.colcon_core.package_identification:_identify(robot_go_pkg) by extension 'ignore_ament_install'
[1.287s] Level 1:colcon.colcon_core.package_identification:_identify(robot_go_pkg) by extensions ['colcon_pkg']
[1.287s] Level 1:colcon.colcon_core.package_identification:_identify(robot_go_pkg) by extension 'colcon_pkg'
[1.287s] Level 1:colcon.colcon_core.package_identification:_identify(robot_go_pkg) by extensions ['colcon_meta']
[1.287s] Level 1:colcon.colcon_core.package_identification:_identify(robot_go_pkg) by extension 'colcon_meta'
[1.288s] Level 1:colcon.colcon_core.package_identification:_identify(robot_go_pkg) by extensions ['ros']
[1.288s] Level 1:colcon.colcon_core.package_identification:_identify(robot_go_pkg) by extension 'ros'
[1.291s] DEBUG:colcon.colcon_core.package_identification:Package 'robot_go_pkg' with type 'ros.ament_cmake' and name 'robot_go_pkg'
[1.292s] Level 1:colcon.colcon_core.package_identification:_identify(robot_move_pkg) by extensions ['ignore', 'ignore_ament_install']
[1.292s] Level 1:colcon.colcon_core.package_identification:_identify(robot_move_pkg) by extension 'ignore'
[1.293s] Level 1:colcon.colcon_core.package_identification:_identify(robot_move_pkg) by extension 'ignore_ament_install'
[1.293s] Level 1:colcon.colcon_core.package_identification:_identify(robot_move_pkg) by extensions ['colcon_pkg']
[1.293s] Level 1:colcon.colcon_core.package_identification:_identify(robot_move_pkg) by extension 'colcon_pkg'
[1.293s] Level 1:colcon.colcon_core.package_identification:_identify(robot_move_pkg) by extensions ['colcon_meta']
[1.293s] Level 1:colcon.colcon_core.package_identification:_identify(robot_move_pkg) by extension 'colcon_meta'
[1.294s] Level 1:colcon.colcon_core.package_identification:_identify(robot_move_pkg) by extensions ['ros']
[1.294s] Level 1:colcon.colcon_core.package_identification:_identify(robot_move_pkg) by extension 'ros'
[1.297s] DEBUG:colcon.colcon_core.package_identification:Package 'robot_move_pkg' with type 'ros.ament_cmake' and name 'robot_move_pkg'
[1.297s] Level 1:colcon.colcon_core.package_discovery:discover_packages(recursive) using defaults
[1.297s] Level 1:colcon.colcon_core.package_discovery:discover_packages(ignore) discover
[1.297s] Level 1:colcon.colcon_core.package_discovery:discover_packages(ignore) using defaults
[1.298s] Level 1:colcon.colcon_core.package_discovery:discover_packages(path) discover
[1.298s] Level 1:colcon.colcon_core.package_discovery:discover_packages(path) using defaults
[1.371s] INFO:colcon.colcon_core.package_selection:Skipping not selected package 'robot_action_pkg' in 'robot_action_pkg'
[1.371s] INFO:colcon.colcon_core.package_selection:Skipping not selected package 'robot_cleaner_pkg' in 'robot_cleaner_pkg'
[1.371s] INFO:colcon.colcon_core.package_selection:Skipping not selected package 'robot_move_pkg' in 'robot_move_pkg'
[1.373s] Level 1:colcon.colcon_core.package_discovery:discover_packages(prefix_path) check parameters
[1.373s] Level 1:colcon.colcon_core.package_discovery:discover_packages(prefix_path) discover
[1.383s] DEBUG:colcon.colcon_installed_package_information.package_discovery:Found 4 installed packages in /home/hae/robot_ws/src/install
[1.385s] DEBUG:colcon.colcon_installed_package_information.package_discovery:Found 2 installed packages in /home/hae/install
[1.394s] DEBUG:colcon.colcon_installed_package_information.package_discovery:Found 268 installed packages in /opt/ros/humble
[1.404s] Level 1:colcon.colcon_core.package_discovery:discover_packages(prefix_path) using defaults
[1.602s] Level 5:colcon.colcon_core.verb:set package 'robot_go_pkg' build argument 'cmake_args' from command line to 'None'
[1.602s] Level 5:colcon.colcon_core.verb:set package 'robot_go_pkg' build argument 'cmake_target' from command line to 'None'
[1.602s] Level 5:colcon.colcon_core.verb:set package 'robot_go_pkg' build argument 'cmake_target_skip_unavailable' from command line to 'False'
[1.603s] Level 5:colcon.colcon_core.verb:set package 'robot_go_pkg' build argument 'cmake_clean_cache' from command line to 'False'
[1.603s] Level 5:colcon.colcon_core.verb:set package 'robot_go_pkg' build argument 'cmake_clean_first' from command line to 'False'
[1.603s] Level 5:colcon.colcon_core.verb:set package 'robot_go_pkg' build argument 'cmake_force_configure' from command line to 'False'
[1.603s] Level 5:colcon.colcon_core.verb:set package 'robot_go_pkg' build argument 'ament_cmake_args' from command line to 'None'
[1.603s] Level 5:colcon.colcon_core.verb:set package 'robot_go_pkg' build argument 'catkin_cmake_args' from command line to 'None'
[1.603s] Level 5:colcon.colcon_core.verb:set package 'robot_go_pkg' build argument 'catkin_skip_building_tests' from command line to 'False'
[1.603s] DEBUG:colcon.colcon_core.verb:Building package 'robot_go_pkg' with the following arguments: {'ament_cmake_args': None, 'build_base': '/home/hae/robot_ws/src/build/robot_go_pkg', 'catkin_cmake_args': None, 'catkin_skip_building_tests': False, 'cmake_args': None, 'cmake_clean_cache': False, 'cmake_clean_first': False, 'cmake_force_configure': False, 'cmake_target': None, 'cmake_target_skip_unavailable': False, 'install_base': '/home/hae/robot_ws/src/install/robot_go_pkg', 'merge_install': False, 'path': '/home/hae/robot_ws/src/robot_go_pkg', 'symlink_install': True, 'test_result_base': None}
[1.604s] INFO:colcon.colcon_core.executor:Executing jobs using 'parallel' executor
[1.607s] DEBUG:colcon.colcon_parallel_executor.executor.parallel:run_until_complete
[1.609s] INFO:colcon.colcon_ros.task.ament_cmake.build:Building ROS package in '/home/hae/robot_ws/src/robot_go_pkg' with build type 'ament_cmake'
[1.609s] INFO:colcon.colcon_cmake.task.cmake.build:Building CMake package in '/home/hae/robot_ws/src/robot_go_pkg'
[1.619s] INFO:colcon.colcon_core.plugin_system:Skipping extension 'colcon_core.shell.bat': Not used on non-Windows systems
[1.620s] INFO:colcon.colcon_core.shell:Skip shell extension 'powershell' for command environment: Not usable outside of PowerShell
[1.620s] DEBUG:colcon.colcon_core.shell:Skip shell extension 'dsv' for command environment
[1.673s] DEBUG:colcon.colcon_core.event_handler.log_command:Invoking command in '/home/hae/robot_ws/src/build/robot_go_pkg': CMAKE_PREFIX_PATH=${CMAKE_PREFIX_PATH}:/opt/ros/humble /usr/bin/cmake --build /home/hae/robot_ws/src/build/robot_go_pkg -- -j4 -l4
[42.638s] DEBUG:colcon.colcon_core.event_handler.log_command:Invoked command in '/home/hae/robot_ws/src/build/robot_go_pkg' returned '0': CMAKE_PREFIX_PATH=${CMAKE_PREFIX_PATH}:/opt/ros/humble /usr/bin/cmake --build /home/hae/robot_ws/src/build/robot_go_pkg -- -j4 -l4
[42.891s] DEBUG:colcon.colcon_core.event_handler.log_command:Invoking command in '/home/hae/robot_ws/src/build/robot_go_pkg': CMAKE_PREFIX_PATH=${CMAKE_PREFIX_PATH}:/opt/ros/humble /usr/bin/cmake --install /home/hae/robot_ws/src/build/robot_go_pkg
[43.088s] Level 1:colcon.colcon_core.environment:create_environment_scripts_only(robot_go_pkg)
[43.105s] DEBUG:colcon.colcon_core.event_handler.log_command:Invoked command in '/home/hae/robot_ws/src/build/robot_go_pkg' returned '0': CMAKE_PREFIX_PATH=${CMAKE_PREFIX_PATH}:/opt/ros/humble /usr/bin/cmake --install /home/hae/robot_ws/src/build/robot_go_pkg
[43.115s] Level 1:colcon.colcon_core.environment:checking '/home/hae/robot_ws/src/install/robot_go_pkg' for CMake module files
[43.120s] Level 1:colcon.colcon_core.environment:checking '/home/hae/robot_ws/src/install/robot_go_pkg' for CMake config files
[43.123s] Level 1:colcon.colcon_core.shell:create_environment_hook('robot_go_pkg', 'cmake_prefix_path')
[43.125s] INFO:colcon.colcon_core.shell:Creating environment hook '/home/hae/robot_ws/src/install/robot_go_pkg/share/robot_go_pkg/hook/cmake_prefix_path.ps1'
[43.129s] INFO:colcon.colcon_core.shell:Creating environment descriptor '/home/hae/robot_ws/src/install/robot_go_pkg/share/robot_go_pkg/hook/cmake_prefix_path.dsv'
[43.133s] INFO:colcon.colcon_core.shell:Creating environment hook '/home/hae/robot_ws/src/install/robot_go_pkg/share/robot_go_pkg/hook/cmake_prefix_path.sh'
[43.140s] Level 1:colcon.colcon_core.environment:checking '/home/hae/robot_ws/src/install/robot_go_pkg/lib'
[43.142s] Level 1:colcon.colcon_core.environment:checking '/home/hae/robot_ws/src/install/robot_go_pkg/bin'
[43.144s] Level 1:colcon.colcon_core.environment:checking '/home/hae/robot_ws/src/install/robot_go_pkg/lib/pkgconfig/robot_go_pkg.pc'
[43.146s] Level 1:colcon.colcon_core.environment:checking '/home/hae/robot_ws/src/install/robot_go_pkg/lib/python3.10/site-packages'
[43.151s] Level 1:colcon.colcon_core.environment:checking '/home/hae/robot_ws/src/install/robot_go_pkg/bin'
[43.153s] INFO:colcon.colcon_core.shell:Creating package script '/home/hae/robot_ws/src/install/robot_go_pkg/share/robot_go_pkg/package.ps1'
[43.159s] INFO:colcon.colcon_core.shell:Creating package descriptor '/home/hae/robot_ws/src/install/robot_go_pkg/share/robot_go_pkg/package.dsv'
[43.163s] INFO:colcon.colcon_core.shell:Creating package script '/home/hae/robot_ws/src/install/robot_go_pkg/share/robot_go_pkg/package.sh'
[43.171s] INFO:colcon.colcon_core.shell:Creating package script '/home/hae/robot_ws/src/install/robot_go_pkg/share/robot_go_pkg/package.bash'
[43.177s] INFO:colcon.colcon_core.shell:Creating package script '/home/hae/robot_ws/src/install/robot_go_pkg/share/robot_go_pkg/package.zsh'
[43.182s] Level 1:colcon.colcon_core.environment:create_file_with_runtime_dependencies(/home/hae/robot_ws/src/install/robot_go_pkg/share/colcon-core/packages/robot_go_pkg)
[43.394s] Level 1:colcon.colcon_core.environment:create_environment_scripts_only(robot_go_pkg)
[43.397s] Level 1:colcon.colcon_core.environment:checking '/home/hae/robot_ws/src/install/robot_go_pkg' for CMake module files
[43.403s] Level 1:colcon.colcon_core.environment:checking '/home/hae/robot_ws/src/install/robot_go_pkg' for CMake config files
[43.406s] Level 1:colcon.colcon_core.shell:create_environment_hook('robot_go_pkg', 'cmake_prefix_path')
[43.409s] INFO:colcon.colcon_core.shell:Creating environment hook '/home/hae/robot_ws/src/install/robot_go_pkg/share/robot_go_pkg/hook/cmake_prefix_path.ps1'
[43.413s] INFO:colcon.colcon_core.shell:Creating environment descriptor '/home/hae/robot_ws/src/install/robot_go_pkg/share/robot_go_pkg/hook/cmake_prefix_path.dsv'
[43.417s] INFO:colcon.colcon_core.shell:Creating environment hook '/home/hae/robot_ws/src/install/robot_go_pkg/share/robot_go_pkg/hook/cmake_prefix_path.sh'
[43.422s] Level 1:colcon.colcon_core.environment:checking '/home/hae/robot_ws/src/install/robot_go_pkg/lib'
[43.424s] Level 1:colcon.colcon_core.environment:checking '/home/hae/robot_ws/src/install/robot_go_pkg/bin'
[43.426s] Level 1:colcon.colcon_core.environment:checking '/home/hae/robot_ws/src/install/robot_go_pkg/lib/pkgconfig/robot_go_pkg.pc'
[43.429s] Level 1:colcon.colcon_core.environment:checking '/home/hae/robot_ws/src/install/robot_go_pkg/lib/python3.10/site-packages'
[43.431s] Level 1:colcon.colcon_core.environment:checking '/home/hae/robot_ws/src/install/robot_go_pkg/bin'
[43.434s] INFO:colcon.colcon_core.shell:Creating package script '/home/hae/robot_ws/src/install/robot_go_pkg/share/robot_go_pkg/package.ps1'
[43.439s] INFO:colcon.colcon_core.shell:Creating package descriptor '/home/hae/robot_ws/src/install/robot_go_pkg/share/robot_go_pkg/package.dsv'
[43.444s] INFO:colcon.colcon_core.shell:Creating package script '/home/hae/robot_ws/src/install/robot_go_pkg/share/robot_go_pkg/package.sh'
[43.449s] INFO:colcon.colcon_core.shell:Creating package script '/home/hae/robot_ws/src/install/robot_go_pkg/share/robot_go_pkg/package.bash'
[43.453s] INFO:colcon.colcon_core.shell:Creating package script '/home/hae/robot_ws/src/install/robot_go_pkg/share/robot_go_pkg/package.zsh'
[43.460s] Level 1:colcon.colcon_core.environment:create_file_with_runtime_dependencies(/home/hae/robot_ws/src/install/robot_go_pkg/share/colcon-core/packages/robot_go_pkg)
[43.469s] DEBUG:colcon.colcon_parallel_executor.executor.parallel:closing loop
[43.471s] DEBUG:colcon.colcon_parallel_executor.executor.parallel:loop closed
[43.472s] DEBUG:colcon.colcon_parallel_executor.executor.parallel:run_until_complete finished with '0'
[43.474s] DEBUG:colcon.colcon_core.event_reactor:joining thread
[43.509s] INFO:colcon.colcon_core.plugin_system:Skipping extension 'colcon_notification.desktop_notification.terminal_notifier': Not used on non-Darwin systems
[43.511s] INFO:colcon.colcon_core.plugin_system:Skipping extension 'colcon_notification.desktop_notification.win32': Not used on non-Windows systems
[43.513s] INFO:colcon.colcon_notification.desktop_notification:Sending desktop notification using 'notify2'
[43.610s] DEBUG:colcon.colcon_core.event_reactor:joined thread
[43.611s] INFO:colcon.colcon_core.shell:Creating prefix script '/home/hae/robot_ws/src/install/local_setup.ps1'
[43.620s] INFO:colcon.colcon_core.shell:Creating prefix util module '/home/hae/robot_ws/src/install/_local_setup_util_ps1.py'
[43.630s] INFO:colcon.colcon_core.shell:Creating prefix chain script '/home/hae/robot_ws/src/install/setup.ps1'
[43.643s] INFO:colcon.colcon_core.shell:Creating prefix script '/home/hae/robot_ws/src/install/local_setup.sh'
[43.649s] INFO:colcon.colcon_core.shell:Creating prefix util module '/home/hae/robot_ws/src/install/_local_setup_util_sh.py'
[43.656s] INFO:colcon.colcon_core.shell:Creating prefix chain script '/home/hae/robot_ws/src/install/setup.sh'
[43.670s] INFO:colcon.colcon_core.shell:Creating prefix script '/home/hae/robot_ws/src/install/local_setup.bash'
[43.677s] INFO:colcon.colcon_core.shell:Creating prefix chain script '/home/hae/robot_ws/src/install/setup.bash'
[43.689s] INFO:colcon.colcon_core.shell:Creating prefix script '/home/hae/robot_ws/src/install/local_setup.zsh'
[43.695s] INFO:colcon.colcon_core.shell:Creating prefix chain script '/home/hae/robot_ws/src/install/setup.zsh'
