[0.057s] Invoking command in '/home/hae/robot_ws/src/build/cgps_pkg': CMAKE_PREFIX_PATH=${CMAKE_PREFIX_PATH}:/opt/ros/humble /usr/bin/cmake --build /home/hae/robot_ws/src/build/cgps_pkg -- -j4 -l4
[0.166s] -- Found ament_cmake: 1.3.9 (/opt/ros/humble/share/ament_cmake/cmake)
[0.765s] -- Override CMake install command with custom implementation using symlinks instead of copying resources
[0.800s] -- Found rclcpp: 16.0.9 (/opt/ros/humble/share/rclcpp/cmake)
[0.982s] -- Found rosidl_generator_c: 3.1.5 (/opt/ros/humble/share/rosidl_generator_c/cmake)
[0.993s] -- Found rosidl_adapter: 3.1.5 (/opt/ros/humble/share/rosidl_adapter/cmake)
[1.017s] -- Found rosidl_generator_cpp: 3.1.5 (/opt/ros/humble/share/rosidl_generator_cpp/cmake)
[1.064s] -- Using all available rosidl_typesupport_c: rosidl_typesupport_fastrtps_c;rosidl_typesupport_introspection_c
[1.128s] -- Using all available rosidl_typesupport_cpp: rosidl_typesupport_fastrtps_cpp;rosidl_typesupport_introspection_cpp
[1.356s] -- Found rmw_implementation_cmake: 6.1.2 (/opt/ros/humble/share/rmw_implementation_cmake/cmake)
[1.363s] -- Found rmw_fastrtps_cpp: 6.2.6 (/opt/ros/humble/share/rmw_fastrtps_cpp/cmake)
[2.369s] -- Using RMW implementation 'rmw_fastrtps_cpp' as default
[2.965s] -- Found sensor_msgs: 4.2.4 (/opt/ros/humble/share/sensor_msgs/cmake)
[3.432s] [31mCMake Error at CMakeLists.txt:18 (message):
[3.432s]   Could not find libgpsmm
[3.433s] 
[3.433s] [0m
[3.434s] -- Configuring incomplete, errors occurred!
[3.434s] See also "/home/hae/robot_ws/src/build/cgps_pkg/CMakeFiles/CMakeOutput.log".
[3.463s] gmake: *** [Makefile:267: cmake_check_build_system] Error 1
[3.469s] Invoked command in '/home/hae/robot_ws/src/build/cgps_pkg' returned '2': CMAKE_PREFIX_PATH=${CMAKE_PREFIX_PATH}:/opt/ros/humble /usr/bin/cmake --build /home/hae/robot_ws/src/build/cgps_pkg -- -j4 -l4
