[0.446s] DEBUG:colcon:Command line arguments: ['/usr/bin/colcon', 'build', '--symlink-install', '--packages-select', 'robot_cleaner_pkg']
[0.446s] DEBUG:colcon:Parsed command line arguments: Namespace(log_base=None, log_level=None, verb_name='build', build_base='build', install_base='install', merge_install=False, symlink_install=True, test_result_base=None, continue_on_error=False, executor='parallel', parallel_workers=4, event_handlers=None, ignore_user_meta=False, metas=['./colcon.meta'], base_paths=['.'], packages_ignore=None, packages_ignore_regex=None, paths=None, packages_up_to=None, packages_up_to_regex=None, packages_above=None, packages_above_and_dependencies=None, packages_above_depth=None, packages_select_by_dep=None, packages_skip_by_dep=None, packages_skip_up_to=None, packages_select_build_failed=False, packages_skip_build_finished=False, packages_select_test_failures=False, packages_skip_test_passed=False, packages_select=['robot_cleaner_pkg'], packages_skip=None, packages_select_regex=None, packages_skip_regex=None, packages_start=None, packages_end=None, allow_overriding=[], cmake_args=None, cmake_target=None, cmake_target_skip_unavailable=False, cmake_clean_cache=False, cmake_clean_first=False, cmake_force_configure=False, ament_cmake_args=None, catkin_cmake_args=None, catkin_skip_building_tests=False, mixin_files=None, mixin=None, verb_parser=<colcon_mixin.mixin.mixin_argument.MixinArgumentDecorator object at 0xffffa4b857e0>, verb_extension=<colcon_core.verb.build.BuildVerb object at 0xffffa4b85330>, main=<bound method BuildVerb.main of <colcon_core.verb.build.BuildVerb object at 0xffffa4b85330>>, mixin_verb=('build',))
[1.221s] Level 1:colcon.colcon_core.package_discovery:discover_packages(colcon_meta) check parameters
[1.222s] Level 1:colcon.colcon_core.package_discovery:discover_packages(recursive) check parameters
[1.222s] Level 1:colcon.colcon_core.package_discovery:discover_packages(ignore) check parameters
[1.222s] Level 1:colcon.colcon_core.package_discovery:discover_packages(path) check parameters
[1.222s] Level 1:colcon.colcon_core.package_discovery:discover_packages(colcon_meta) discover
[1.222s] Level 1:colcon.colcon_core.package_discovery:discover_packages(recursive) discover
[1.223s] INFO:colcon.colcon_core.package_discovery:Crawling recursively for packages in '/home/hae/robot_ws/src/robot_cleaner_pkg'
[1.223s] Level 1:colcon.colcon_core.package_identification:_identify(.) by extensions ['ignore', 'ignore_ament_install']
[1.223s] Level 1:colcon.colcon_core.package_identification:_identify(.) by extension 'ignore'
[1.224s] Level 1:colcon.colcon_core.package_identification:_identify(.) by extension 'ignore_ament_install'
[1.224s] Level 1:colcon.colcon_core.package_identification:_identify(.) by extensions ['colcon_pkg']
[1.224s] Level 1:colcon.colcon_core.package_identification:_identify(.) by extension 'colcon_pkg'
[1.224s] Level 1:colcon.colcon_core.package_identification:_identify(.) by extensions ['colcon_meta']
[1.224s] Level 1:colcon.colcon_core.package_identification:_identify(.) by extension 'colcon_meta'
[1.225s] Level 1:colcon.colcon_core.package_identification:_identify(.) by extensions ['ros']
[1.225s] Level 1:colcon.colcon_core.package_identification:_identify(.) by extension 'ros'
[1.281s] DEBUG:colcon.colcon_core.package_identification:Package '.' with type 'ros.ament_cmake' and name 'robot_cleaner_pkg'
[1.282s] Level 1:colcon.colcon_core.package_discovery:discover_packages(recursive) using defaults
[1.282s] Level 1:colcon.colcon_core.package_discovery:discover_packages(ignore) discover
[1.282s] Level 1:colcon.colcon_core.package_discovery:discover_packages(ignore) using defaults
[1.282s] Level 1:colcon.colcon_core.package_discovery:discover_packages(path) discover
[1.282s] Level 1:colcon.colcon_core.package_discovery:discover_packages(path) using defaults
[1.355s] Level 1:colcon.colcon_core.package_discovery:discover_packages(prefix_path) check parameters
[1.355s] Level 1:colcon.colcon_core.package_discovery:discover_packages(prefix_path) discover
[1.363s] DEBUG:colcon.colcon_installed_package_information.package_discovery:Found 1 installed packages in /home/hae/robot_ws/src/robot_cleaner_pkg/install
[1.366s] DEBUG:colcon.colcon_installed_package_information.package_discovery:Found 2 installed packages in /home/hae/install
[1.375s] DEBUG:colcon.colcon_installed_package_information.package_discovery:Found 268 installed packages in /opt/ros/humble
[1.385s] Level 1:colcon.colcon_core.package_discovery:discover_packages(prefix_path) using defaults
[1.582s] Level 5:colcon.colcon_core.verb:set package 'robot_cleaner_pkg' build argument 'cmake_args' from command line to 'None'
[1.583s] Level 5:colcon.colcon_core.verb:set package 'robot_cleaner_pkg' build argument 'cmake_target' from command line to 'None'
[1.583s] Level 5:colcon.colcon_core.verb:set package 'robot_cleaner_pkg' build argument 'cmake_target_skip_unavailable' from command line to 'False'
[1.583s] Level 5:colcon.colcon_core.verb:set package 'robot_cleaner_pkg' build argument 'cmake_clean_cache' from command line to 'False'
[1.583s] Level 5:colcon.colcon_core.verb:set package 'robot_cleaner_pkg' build argument 'cmake_clean_first' from command line to 'False'
[1.583s] Level 5:colcon.colcon_core.verb:set package 'robot_cleaner_pkg' build argument 'cmake_force_configure' from command line to 'False'
[1.583s] Level 5:colcon.colcon_core.verb:set package 'robot_cleaner_pkg' build argument 'ament_cmake_args' from command line to 'None'
[1.583s] Level 5:colcon.colcon_core.verb:set package 'robot_cleaner_pkg' build argument 'catkin_cmake_args' from command line to 'None'
[1.584s] Level 5:colcon.colcon_core.verb:set package 'robot_cleaner_pkg' build argument 'catkin_skip_building_tests' from command line to 'False'
[1.584s] DEBUG:colcon.colcon_core.verb:Building package 'robot_cleaner_pkg' with the following arguments: {'ament_cmake_args': None, 'build_base': '/home/hae/robot_ws/src/robot_cleaner_pkg/build/robot_cleaner_pkg', 'catkin_cmake_args': None, 'catkin_skip_building_tests': False, 'cmake_args': None, 'cmake_clean_cache': False, 'cmake_clean_first': False, 'cmake_force_configure': False, 'cmake_target': None, 'cmake_target_skip_unavailable': False, 'install_base': '/home/hae/robot_ws/src/robot_cleaner_pkg/install/robot_cleaner_pkg', 'merge_install': False, 'path': '/home/hae/robot_ws/src/robot_cleaner_pkg', 'symlink_install': True, 'test_result_base': None}
[1.584s] INFO:colcon.colcon_core.executor:Executing jobs using 'parallel' executor
[1.588s] DEBUG:colcon.colcon_parallel_executor.executor.parallel:run_until_complete
[1.589s] INFO:colcon.colcon_ros.task.ament_cmake.build:Building ROS package in '/home/hae/robot_ws/src/robot_cleaner_pkg' with build type 'ament_cmake'
[1.589s] INFO:colcon.colcon_cmake.task.cmake.build:Building CMake package in '/home/hae/robot_ws/src/robot_cleaner_pkg'
[1.598s] INFO:colcon.colcon_core.plugin_system:Skipping extension 'colcon_core.shell.bat': Not used on non-Windows systems
[1.598s] INFO:colcon.colcon_core.shell:Skip shell extension 'powershell' for command environment: Not usable outside of PowerShell
[1.599s] DEBUG:colcon.colcon_core.shell:Skip shell extension 'dsv' for command environment
[1.645s] DEBUG:colcon.colcon_core.event_handler.log_command:Invoking command in '/home/hae/robot_ws/src/robot_cleaner_pkg/build/robot_cleaner_pkg': CMAKE_PREFIX_PATH=${CMAKE_PREFIX_PATH}:/opt/ros/humble /usr/bin/cmake --build /home/hae/robot_ws/src/robot_cleaner_pkg/build/robot_cleaner_pkg -- -j4 -l4
[37.617s] DEBUG:colcon.colcon_core.event_handler.log_command:Invoked command in '/home/hae/robot_ws/src/robot_cleaner_pkg/build/robot_cleaner_pkg' returned '0': CMAKE_PREFIX_PATH=${CMAKE_PREFIX_PATH}:/opt/ros/humble /usr/bin/cmake --build /home/hae/robot_ws/src/robot_cleaner_pkg/build/robot_cleaner_pkg -- -j4 -l4
[37.772s] DEBUG:colcon.colcon_core.event_handler.log_command:Invoking command in '/home/hae/robot_ws/src/robot_cleaner_pkg/build/robot_cleaner_pkg': CMAKE_PREFIX_PATH=${CMAKE_PREFIX_PATH}:/opt/ros/humble /usr/bin/cmake --install /home/hae/robot_ws/src/robot_cleaner_pkg/build/robot_cleaner_pkg
[37.860s] Level 1:colcon.colcon_core.environment:create_environment_scripts_only(robot_cleaner_pkg)
[37.862s] DEBUG:colcon.colcon_core.event_handler.log_command:Invoked command in '/home/hae/robot_ws/src/robot_cleaner_pkg/build/robot_cleaner_pkg' returned '0': CMAKE_PREFIX_PATH=${CMAKE_PREFIX_PATH}:/opt/ros/humble /usr/bin/cmake --install /home/hae/robot_ws/src/robot_cleaner_pkg/build/robot_cleaner_pkg
[37.875s] Level 1:colcon.colcon_core.environment:checking '/home/hae/robot_ws/src/robot_cleaner_pkg/install/robot_cleaner_pkg' for CMake module files
[37.878s] Level 1:colcon.colcon_core.environment:checking '/home/hae/robot_ws/src/robot_cleaner_pkg/install/robot_cleaner_pkg' for CMake config files
[37.881s] Level 1:colcon.colcon_core.shell:create_environment_hook('robot_cleaner_pkg', 'cmake_prefix_path')
[37.882s] INFO:colcon.colcon_core.shell:Creating environment hook '/home/hae/robot_ws/src/robot_cleaner_pkg/install/robot_cleaner_pkg/share/robot_cleaner_pkg/hook/cmake_prefix_path.ps1'
[37.885s] INFO:colcon.colcon_core.shell:Creating environment descriptor '/home/hae/robot_ws/src/robot_cleaner_pkg/install/robot_cleaner_pkg/share/robot_cleaner_pkg/hook/cmake_prefix_path.dsv'
[37.888s] INFO:colcon.colcon_core.shell:Creating environment hook '/home/hae/robot_ws/src/robot_cleaner_pkg/install/robot_cleaner_pkg/share/robot_cleaner_pkg/hook/cmake_prefix_path.sh'
[37.893s] Level 1:colcon.colcon_core.environment:checking '/home/hae/robot_ws/src/robot_cleaner_pkg/install/robot_cleaner_pkg/lib'
[37.894s] Level 1:colcon.colcon_core.environment:checking '/home/hae/robot_ws/src/robot_cleaner_pkg/install/robot_cleaner_pkg/bin'
[37.894s] Level 1:colcon.colcon_core.environment:checking '/home/hae/robot_ws/src/robot_cleaner_pkg/install/robot_cleaner_pkg/lib/pkgconfig/robot_cleaner_pkg.pc'
[37.896s] Level 1:colcon.colcon_core.environment:checking '/home/hae/robot_ws/src/robot_cleaner_pkg/install/robot_cleaner_pkg/lib/python3.10/site-packages'
[37.897s] Level 1:colcon.colcon_core.environment:checking '/home/hae/robot_ws/src/robot_cleaner_pkg/install/robot_cleaner_pkg/bin'
[37.898s] INFO:colcon.colcon_core.shell:Creating package script '/home/hae/robot_ws/src/robot_cleaner_pkg/install/robot_cleaner_pkg/share/robot_cleaner_pkg/package.ps1'
[37.902s] INFO:colcon.colcon_core.shell:Creating package descriptor '/home/hae/robot_ws/src/robot_cleaner_pkg/install/robot_cleaner_pkg/share/robot_cleaner_pkg/package.dsv'
[37.905s] INFO:colcon.colcon_core.shell:Creating package script '/home/hae/robot_ws/src/robot_cleaner_pkg/install/robot_cleaner_pkg/share/robot_cleaner_pkg/package.sh'
[37.909s] INFO:colcon.colcon_core.shell:Creating package script '/home/hae/robot_ws/src/robot_cleaner_pkg/install/robot_cleaner_pkg/share/robot_cleaner_pkg/package.bash'
[37.914s] INFO:colcon.colcon_core.shell:Creating package script '/home/hae/robot_ws/src/robot_cleaner_pkg/install/robot_cleaner_pkg/share/robot_cleaner_pkg/package.zsh'
[37.918s] Level 1:colcon.colcon_core.environment:create_file_with_runtime_dependencies(/home/hae/robot_ws/src/robot_cleaner_pkg/install/robot_cleaner_pkg/share/colcon-core/packages/robot_cleaner_pkg)
[38.055s] Level 1:colcon.colcon_core.environment:create_environment_scripts_only(robot_cleaner_pkg)
[38.057s] Level 1:colcon.colcon_core.environment:checking '/home/hae/robot_ws/src/robot_cleaner_pkg/install/robot_cleaner_pkg' for CMake module files
[38.060s] Level 1:colcon.colcon_core.environment:checking '/home/hae/robot_ws/src/robot_cleaner_pkg/install/robot_cleaner_pkg' for CMake config files
[38.063s] Level 1:colcon.colcon_core.shell:create_environment_hook('robot_cleaner_pkg', 'cmake_prefix_path')
[38.064s] INFO:colcon.colcon_core.shell:Creating environment hook '/home/hae/robot_ws/src/robot_cleaner_pkg/install/robot_cleaner_pkg/share/robot_cleaner_pkg/hook/cmake_prefix_path.ps1'
[38.066s] INFO:colcon.colcon_core.shell:Creating environment descriptor '/home/hae/robot_ws/src/robot_cleaner_pkg/install/robot_cleaner_pkg/share/robot_cleaner_pkg/hook/cmake_prefix_path.dsv'
[38.068s] INFO:colcon.colcon_core.shell:Creating environment hook '/home/hae/robot_ws/src/robot_cleaner_pkg/install/robot_cleaner_pkg/share/robot_cleaner_pkg/hook/cmake_prefix_path.sh'
[38.072s] Level 1:colcon.colcon_core.environment:checking '/home/hae/robot_ws/src/robot_cleaner_pkg/install/robot_cleaner_pkg/lib'
[38.073s] Level 1:colcon.colcon_core.environment:checking '/home/hae/robot_ws/src/robot_cleaner_pkg/install/robot_cleaner_pkg/bin'
[38.073s] Level 1:colcon.colcon_core.environment:checking '/home/hae/robot_ws/src/robot_cleaner_pkg/install/robot_cleaner_pkg/lib/pkgconfig/robot_cleaner_pkg.pc'
[38.074s] Level 1:colcon.colcon_core.environment:checking '/home/hae/robot_ws/src/robot_cleaner_pkg/install/robot_cleaner_pkg/lib/python3.10/site-packages'
[38.076s] Level 1:colcon.colcon_core.environment:checking '/home/hae/robot_ws/src/robot_cleaner_pkg/install/robot_cleaner_pkg/bin'
[38.077s] INFO:colcon.colcon_core.shell:Creating package script '/home/hae/robot_ws/src/robot_cleaner_pkg/install/robot_cleaner_pkg/share/robot_cleaner_pkg/package.ps1'
[38.080s] INFO:colcon.colcon_core.shell:Creating package descriptor '/home/hae/robot_ws/src/robot_cleaner_pkg/install/robot_cleaner_pkg/share/robot_cleaner_pkg/package.dsv'
[38.083s] INFO:colcon.colcon_core.shell:Creating package script '/home/hae/robot_ws/src/robot_cleaner_pkg/install/robot_cleaner_pkg/share/robot_cleaner_pkg/package.sh'
[38.086s] INFO:colcon.colcon_core.shell:Creating package script '/home/hae/robot_ws/src/robot_cleaner_pkg/install/robot_cleaner_pkg/share/robot_cleaner_pkg/package.bash'
[38.088s] INFO:colcon.colcon_core.shell:Creating package script '/home/hae/robot_ws/src/robot_cleaner_pkg/install/robot_cleaner_pkg/share/robot_cleaner_pkg/package.zsh'
[38.091s] Level 1:colcon.colcon_core.environment:create_file_with_runtime_dependencies(/home/hae/robot_ws/src/robot_cleaner_pkg/install/robot_cleaner_pkg/share/colcon-core/packages/robot_cleaner_pkg)
[38.093s] DEBUG:colcon.colcon_parallel_executor.executor.parallel:closing loop
[38.094s] DEBUG:colcon.colcon_parallel_executor.executor.parallel:loop closed
[38.095s] DEBUG:colcon.colcon_parallel_executor.executor.parallel:run_until_complete finished with '0'
[38.096s] DEBUG:colcon.colcon_core.event_reactor:joining thread
[38.119s] INFO:colcon.colcon_core.plugin_system:Skipping extension 'colcon_notification.desktop_notification.terminal_notifier': Not used on non-Darwin systems
[38.120s] INFO:colcon.colcon_core.plugin_system:Skipping extension 'colcon_notification.desktop_notification.win32': Not used on non-Windows systems
[38.120s] INFO:colcon.colcon_notification.desktop_notification:Sending desktop notification using 'notify2'
[38.169s] DEBUG:colcon.colcon_core.event_reactor:joined thread
[38.170s] INFO:colcon.colcon_core.shell:Creating prefix script '/home/hae/robot_ws/src/robot_cleaner_pkg/install/local_setup.ps1'
[38.175s] INFO:colcon.colcon_core.shell:Creating prefix util module '/home/hae/robot_ws/src/robot_cleaner_pkg/install/_local_setup_util_ps1.py'
[38.181s] INFO:colcon.colcon_core.shell:Creating prefix chain script '/home/hae/robot_ws/src/robot_cleaner_pkg/install/setup.ps1'
[38.187s] INFO:colcon.colcon_core.shell:Creating prefix script '/home/hae/robot_ws/src/robot_cleaner_pkg/install/local_setup.sh'
[38.190s] INFO:colcon.colcon_core.shell:Creating prefix util module '/home/hae/robot_ws/src/robot_cleaner_pkg/install/_local_setup_util_sh.py'
[38.193s] INFO:colcon.colcon_core.shell:Creating prefix chain script '/home/hae/robot_ws/src/robot_cleaner_pkg/install/setup.sh'
[38.200s] INFO:colcon.colcon_core.shell:Creating prefix script '/home/hae/robot_ws/src/robot_cleaner_pkg/install/local_setup.bash'
[38.203s] INFO:colcon.colcon_core.shell:Creating prefix chain script '/home/hae/robot_ws/src/robot_cleaner_pkg/install/setup.bash'
[38.209s] INFO:colcon.colcon_core.shell:Creating prefix script '/home/hae/robot_ws/src/robot_cleaner_pkg/install/local_setup.zsh'
[38.212s] INFO:colcon.colcon_core.shell:Creating prefix chain script '/home/hae/robot_ws/src/robot_cleaner_pkg/install/setup.zsh'
