[0.064s] Invoking command in '/home/hae/robot_ws/src/build/robot_grid_pkg': CMAKE_PREFIX_PATH=${CMAKE_PREFIX_PATH}:/opt/ros/humble /usr/bin/cmake --build /home/hae/robot_ws/src/build/robot_grid_pkg -- -j4 -l4
[0.244s] [35m[1mConsolidate compiler generated dependencies of target grid_node[0m
[0.346s] [ 50%] [32mBuilding CXX object CMakeFiles/grid_node.dir/src/grid.cpp.o[0m
[10.926s] [01m[K/home/hae/robot_ws/src/robot_grid_pkg/src/grid.cpp:[m[K In member function ‘[01m[Kvoid TurtlebotController::move_robot()[m[K’:
[10.927s] [01m[K/home/hae/robot_ws/src/robot_grid_pkg/src/grid.cpp:107:45:[m[K [01;35m[Kwarning: [m[Kcomparison of integer expressions of different signedness: ‘[01m[Kstd::vector<std::vector<int> >::size_type[m[K’ {aka ‘[01m[Klong unsigned int[m[K’} and ‘[01m[Kint[m[K’ [[01;35m[K]8;;https://gcc.gnu.org/onlinedocs/gcc/Warning-Options.html#index-Wsign-compare-Wsign-compare]8;;[m[K]
[10.927s]   107 |         for (int i = 2; [01;35m[KsetPoint.size() - 1 > i[m[K; i++) {
[10.928s]       |                         [01;35m[K~~~~~~~~~~~~~~~~~~~~^~~[m[K
[10.936s] [01m[K/home/hae/robot_ws/src/robot_grid_pkg/src/grid.cpp:131:64:[m[K [01;31m[Kerror: [m[Kexpected ‘[01m[K)[m[K’ before ‘[01m[K{[m[K’ token
[10.936s]   131 |         if (setPoint[setPoint.size() - 1][0] == setPoint[1][0] [01;31m[K{[m[K // x가 같을 때
[10.937s]       |                                                                [01;31m[K^[m[K
[10.937s] [01m[K/home/hae/robot_ws/src/robot_grid_pkg/src/grid.cpp:131:12:[m[K [01;36m[Knote: [m[Kto match this ‘[01m[K([m[K’
[10.938s]   131 |         if [01;36m[K([m[KsetPoint[setPoint.size() - 1][0] == setPoint[1][0] { // x가 같을 때
[10.938s]       |            [01;36m[K^[m[K
[10.948s] [01m[K/home/hae/robot_ws/src/robot_grid_pkg/src/grid.cpp:[m[K In member function ‘[01m[Kbool TurtlebotController::is_turn(const TurtlebotController::Point&, const TurtlebotController::Point&, const TurtlebotController::Point&)[m[K’:
[10.949s] [01m[K/home/hae/robot_ws/src/robot_grid_pkg/src/grid.cpp:227:50:[m[K [01;35m[Kwarning: [m[Kunused parameter ‘[01m[Kcurrent[m[K’ [[01;35m[K]8;;https://gcc.gnu.org/onlinedocs/gcc/Warning-Options.html#index-Wunused-parameter-Wunused-parameter]8;;[m[K]
[10.949s]   227 |     bool is_turn(const Point& prev, [01;35m[Kconst Point& current[m[K, const Point& next) {
[10.949s]       |                                     [01;35m[K~~~~~~~~~~~~~^~~~~~~[m[K
[20.175s] gmake[2]: *** [CMakeFiles/grid_node.dir/build.make:76: CMakeFiles/grid_node.dir/src/grid.cpp.o] Error 1
[20.177s] gmake[1]: *** [CMakeFiles/Makefile2:137: CMakeFiles/grid_node.dir/all] Error 2
[20.178s] gmake: *** [Makefile:146: all] Error 2
[20.184s] Invoked command in '/home/hae/robot_ws/src/build/robot_grid_pkg' returned '2': CMAKE_PREFIX_PATH=${CMAKE_PREFIX_PATH}:/opt/ros/humble /usr/bin/cmake --build /home/hae/robot_ws/src/build/robot_grid_pkg -- -j4 -l4
