[0.061s] Invoking command in '/home/hae/robot_ws/src/build/cgps_pkg': CMAKE_PREFIX_PATH=${CMAKE_PREFIX_PATH}:/opt/ros/humble /usr/bin/cmake --build /home/hae/robot_ws/src/build/cgps_pkg -- -j4 -l4
[0.169s] -- Found ament_cmake: 1.3.9 (/opt/ros/humble/share/ament_cmake/cmake)
[0.931s] -- Override CMake install command with custom implementation using symlinks instead of copying resources
[0.985s] -- Found rclcpp: 16.0.9 (/opt/ros/humble/share/rclcpp/cmake)
[1.252s] -- Found rosidl_generator_c: 3.1.5 (/opt/ros/humble/share/rosidl_generator_c/cmake)
[1.268s] -- Found rosidl_adapter: 3.1.5 (/opt/ros/humble/share/rosidl_adapter/cmake)
[1.306s] -- Found rosidl_generator_cpp: 3.1.5 (/opt/ros/humble/share/rosidl_generator_cpp/cmake)
[1.373s] -- Using all available rosidl_typesupport_c: rosidl_typesupport_fastrtps_c;rosidl_typesupport_introspection_c
[1.459s] -- Using all available rosidl_typesupport_cpp: rosidl_typesupport_fastrtps_cpp;rosidl_typesupport_introspection_cpp
[1.749s] -- Found rmw_implementation_cmake: 6.1.2 (/opt/ros/humble/share/rmw_implementation_cmake/cmake)
[1.760s] -- Found rmw_fastrtps_cpp: 6.2.6 (/opt/ros/humble/share/rmw_fastrtps_cpp/cmake)
[2.911s] -- Using RMW implementation 'rmw_fastrtps_cpp' as default
[3.651s] -- Found geometry_msgs: 4.2.4 (/opt/ros/humble/share/geometry_msgs/cmake)
[3.837s] -- Found nav_msgs: 4.2.4 (/opt/ros/humble/share/nav_msgs/cmake)
[4.343s] [31mCMake Error at CMakeLists.txt:14 (find_package):
[4.344s]   By not providing "Findgps.cmake" in CMAKE_MODULE_PATH this project has
[4.345s]   asked CMake to find a package configuration file provided by "gps", but
[4.346s]   CMake did not find one.
[4.350s] 
[4.351s]   Could not find a package configuration file provided by "gps" with any of
[4.362s]   the following names:
[4.373s] 
[4.374s]     gpsConfig.cmake
[4.374s]     gps-config.cmake
[4.375s] 
[4.376s]   Add the installation prefix of "gps" to CMAKE_PREFIX_PATH or set "gps_DIR"
[4.382s]   to a directory containing one of the above files.  If "gps" provides a
[4.383s]   separate development package or SDK, be sure it has been installed.
[4.384s] 
[4.384s] [0m
[4.385s] -- Configuring incomplete, errors occurred!
[4.386s] See also "/home/hae/robot_ws/src/build/cgps_pkg/CMakeFiles/CMakeOutput.log".
[4.387s] gmake: *** [Makefile:267: cmake_check_build_system] Error 1
[4.403s] Invoked command in '/home/hae/robot_ws/src/build/cgps_pkg' returned '2': CMAKE_PREFIX_PATH=${CMAKE_PREFIX_PATH}:/opt/ros/humble /usr/bin/cmake --build /home/hae/robot_ws/src/build/cgps_pkg -- -j4 -l4
