[0.062s] Invoking command in '/home/hae/robot_ws/src/build/cgps_pkg': CMAKE_PREFIX_PATH=${CMAKE_PREFIX_PATH}:/opt/ros/humble /usr/bin/cmake --build /home/hae/robot_ws/src/build/cgps_pkg -- -j4 -l4
[0.168s] -- Found ament_cmake: 1.3.9 (/opt/ros/humble/share/ament_cmake/cmake)
[0.773s] -- Override CMake install command with custom implementation using symlinks instead of copying resources
[0.812s] -- Found rclcpp: 16.0.9 (/opt/ros/humble/share/rclcpp/cmake)
[1.005s] -- Found rosidl_generator_c: 3.1.5 (/opt/ros/humble/share/rosidl_generator_c/cmake)
[1.018s] -- Found rosidl_adapter: 3.1.5 (/opt/ros/humble/share/rosidl_adapter/cmake)
[1.050s] -- Found rosidl_generator_cpp: 3.1.5 (/opt/ros/humble/share/rosidl_generator_cpp/cmake)
[1.102s] -- Using all available rosidl_typesupport_c: rosidl_typesupport_fastrtps_c;rosidl_typesupport_introspection_c
[1.176s] -- Using all available rosidl_typesupport_cpp: rosidl_typesupport_fastrtps_cpp;rosidl_typesupport_introspection_cpp
[1.440s] -- Found rmw_implementation_cmake: 6.1.2 (/opt/ros/humble/share/rmw_implementation_cmake/cmake)
[1.448s] -- Found rmw_fastrtps_cpp: 6.2.6 (/opt/ros/humble/share/rmw_fastrtps_cpp/cmake)
[2.493s] -- Using RMW implementation 'rmw_fastrtps_cpp' as default
[3.143s] -- Found sensor_msgs: 4.2.4 (/opt/ros/humble/share/sensor_msgs/cmake)
[3.991s] -- Configuring done
[4.056s] -- Generating done
[4.066s] -- Build files have been written to: /home/hae/robot_ws/src/build/cgps_pkg
[4.186s] [35m[1mConsolidate compiler generated dependencies of target gps_node[0m
[4.339s] [ 50%] [32mBuilding CXX object CMakeFiles/gps_node.dir/src/gps.cpp.o[0m
[22.335s] [100%] [32m[1mLinking CXX executable gps_node[0m
[23.398s] [100%] Built target gps_node
[23.447s] Invoked command in '/home/hae/robot_ws/src/build/cgps_pkg' returned '0': CMAKE_PREFIX_PATH=${CMAKE_PREFIX_PATH}:/opt/ros/humble /usr/bin/cmake --build /home/hae/robot_ws/src/build/cgps_pkg -- -j4 -l4
[23.618s] Invoking command in '/home/hae/robot_ws/src/build/cgps_pkg': CMAKE_PREFIX_PATH=${CMAKE_PREFIX_PATH}:/opt/ros/humble /usr/bin/cmake --install /home/hae/robot_ws/src/build/cgps_pkg
[23.651s] -- Install configuration: ""
[23.654s] -- Execute custom install script
[23.655s] -- Up-to-date symlink: /home/hae/robot_ws/src/install/cgps_pkg/lib/cgps_pkg/gps_node
[23.658s] -- Up-to-date symlink: /home/hae/robot_ws/src/install/cgps_pkg/share/ament_index/resource_index/package_run_dependencies/cgps_pkg
[23.661s] -- Up-to-date symlink: /home/hae/robot_ws/src/install/cgps_pkg/share/ament_index/resource_index/parent_prefix_path/cgps_pkg
[23.665s] -- Up-to-date symlink: /home/hae/robot_ws/src/install/cgps_pkg/share/cgps_pkg/environment/ament_prefix_path.sh
[23.669s] -- Up-to-date symlink: /home/hae/robot_ws/src/install/cgps_pkg/share/cgps_pkg/environment/ament_prefix_path.dsv
[23.670s] -- Up-to-date symlink: /home/hae/robot_ws/src/install/cgps_pkg/share/cgps_pkg/environment/path.sh
[23.671s] -- Up-to-date symlink: /home/hae/robot_ws/src/install/cgps_pkg/share/cgps_pkg/environment/path.dsv
[23.671s] -- Up-to-date symlink: /home/hae/robot_ws/src/install/cgps_pkg/share/cgps_pkg/local_setup.bash
[23.672s] -- Up-to-date symlink: /home/hae/robot_ws/src/install/cgps_pkg/share/cgps_pkg/local_setup.sh
[23.677s] -- Up-to-date symlink: /home/hae/robot_ws/src/install/cgps_pkg/share/cgps_pkg/local_setup.zsh
[23.678s] -- Up-to-date symlink: /home/hae/robot_ws/src/install/cgps_pkg/share/cgps_pkg/local_setup.dsv
[23.678s] -- Symlinking: /home/hae/robot_ws/src/install/cgps_pkg/share/cgps_pkg/package.dsv
[23.713s] -- Up-to-date symlink: /home/hae/robot_ws/src/install/cgps_pkg/share/ament_index/resource_index/packages/cgps_pkg
[23.717s] -- Up-to-date symlink: /home/hae/robot_ws/src/install/cgps_pkg/share/cgps_pkg/cmake/cgps_pkgConfig.cmake
[23.718s] -- Up-to-date symlink: /home/hae/robot_ws/src/install/cgps_pkg/share/cgps_pkg/cmake/cgps_pkgConfig-version.cmake
[23.718s] -- Up-to-date symlink: /home/hae/robot_ws/src/install/cgps_pkg/share/cgps_pkg/package.xml
[23.725s] Invoked command in '/home/hae/robot_ws/src/build/cgps_pkg' returned '0': CMAKE_PREFIX_PATH=${CMAKE_PREFIX_PATH}:/opt/ros/humble /usr/bin/cmake --install /home/hae/robot_ws/src/build/cgps_pkg
