[0.053s] Invoking command in '/home/hae/robot_ws/src/build/cgps_pkg': CMAKE_PREFIX_PATH=${CMAKE_PREFIX_PATH}:/opt/ros/humble /usr/bin/cmake --build /home/hae/robot_ws/src/build/cgps_pkg -- -j4 -l4
[0.165s] -- Found ament_cmake: 1.3.9 (/opt/ros/humble/share/ament_cmake/cmake)
[0.810s] -- Override CMake install command with custom implementation using symlinks instead of copying resources
[0.850s] -- Found rclcpp: 16.0.9 (/opt/ros/humble/share/rclcpp/cmake)
[1.064s] -- Found rosidl_generator_c: 3.1.5 (/opt/ros/humble/share/rosidl_generator_c/cmake)
[1.079s] -- Found rosidl_adapter: 3.1.5 (/opt/ros/humble/share/rosidl_adapter/cmake)
[1.113s] -- Found rosidl_generator_cpp: 3.1.5 (/opt/ros/humble/share/rosidl_generator_cpp/cmake)
[1.172s] -- Using all available rosidl_typesupport_c: rosidl_typesupport_fastrtps_c;rosidl_typesupport_introspection_c
[1.254s] -- Using all available rosidl_typesupport_cpp: rosidl_typesupport_fastrtps_cpp;rosidl_typesupport_introspection_cpp
[1.539s] -- Found rmw_implementation_cmake: 6.1.2 (/opt/ros/humble/share/rmw_implementation_cmake/cmake)
[1.548s] -- Found rmw_fastrtps_cpp: 6.2.6 (/opt/ros/humble/share/rmw_fastrtps_cpp/cmake)
[2.628s] -- Using RMW implementation 'rmw_fastrtps_cpp' as default
[3.336s] -- Found geometry_msgs: 4.2.4 (/opt/ros/humble/share/geometry_msgs/cmake)
[3.520s] -- Found nav_msgs: 4.2.4 (/opt/ros/humble/share/nav_msgs/cmake)
[3.867s] -- Found ament_lint_auto: 0.12.11 (/opt/ros/humble/share/ament_lint_auto/cmake)
[4.289s] -- Added test 'cppcheck' to perform static code analysis on C / C++ code
[4.290s] -- Configured cppcheck include dirs: 
[4.291s] -- Configured cppcheck exclude dirs and/or files: 
[4.295s] -- Added test 'lint_cmake' to check CMake code style
[4.300s] -- Added test 'uncrustify' to check C / C++ code style
[4.302s] -- Configured uncrustify additional arguments: 
[4.306s] -- Added test 'xmllint' to check XML markup files
[4.309s] -- Configuring done
[4.336s] [0mCMake Error: The following variables are used in this project, but they are set to NOTFOUND.
[4.336s] Please set them or make sure they are set and tested correctly in the CMake files:
[4.337s] GPSMM_LIBRARIES
[4.338s]     linked by target "gps" in directory /home/hae/robot_ws/src/cgps_pkg
[4.338s] [0m
[4.376s] -- Generating done
[4.391s] [0mCMake Generate step failed.  Build files cannot be regenerated correctly.[0m
[4.436s] gmake: *** [Makefile:267: cmake_check_build_system] Error 1
[4.440s] Invoked command in '/home/hae/robot_ws/src/build/cgps_pkg' returned '2': CMAKE_PREFIX_PATH=${CMAKE_PREFIX_PATH}:/opt/ros/humble /usr/bin/cmake --build /home/hae/robot_ws/src/build/cgps_pkg -- -j4 -l4
