[0.053s] Invoking command in '/home/hae/robot_ws/src/build/dot_pkg': CMAKE_PREFIX_PATH=/opt/ros/humble /usr/bin/cmake /home/hae/robot_ws/src/dot_pkg -DAMENT_CMAKE_SYMLINK_INSTALL=1 -DCMAKE_INSTALL_PREFIX=/home/hae/robot_ws/src/install/dot_pkg
[0.973s] -- The C compiler identification is GNU 11.4.0
[1.669s] -- The CXX compiler identification is GNU 11.4.0
[1.720s] -- Detecting C compiler ABI info
[2.273s] -- Detecting C compiler ABI info - done
[2.300s] -- Check for working C compiler: /usr/bin/cc - skipped
[2.303s] -- Detecting C compile features
[2.309s] -- Detecting C compile features - done
[2.325s] -- Detecting CXX compiler ABI info
[2.741s] -- Detecting CXX compiler ABI info - done
[2.770s] -- Check for working CXX compiler: /usr/bin/c++ - skipped
[2.771s] -- Detecting CXX compile features
[2.773s] -- Detecting CXX compile features - done
[2.809s] -- Found ament_cmake: 1.3.9 (/opt/ros/humble/share/ament_cmake/cmake)
[3.720s] -- Found Python3: /usr/bin/python3 (found version "3.10.12") found components: Interpreter 
[4.103s] -- Override CMake install command with custom implementation using symlinks instead of copying resources
[4.460s] -- Found rclcpp: 16.0.9 (/opt/ros/humble/share/rclcpp/cmake)
[4.914s] -- Found rosidl_generator_c: 3.1.5 (/opt/ros/humble/share/rosidl_generator_c/cmake)
[4.963s] -- Found rosidl_adapter: 3.1.5 (/opt/ros/humble/share/rosidl_adapter/cmake)
[5.036s] -- Found rosidl_generator_cpp: 3.1.5 (/opt/ros/humble/share/rosidl_generator_cpp/cmake)
[5.148s] -- Using all available rosidl_typesupport_c: rosidl_typesupport_fastrtps_c;rosidl_typesupport_introspection_c
[5.293s] -- Using all available rosidl_typesupport_cpp: rosidl_typesupport_fastrtps_cpp;rosidl_typesupport_introspection_cpp
[5.763s] -- Found rmw_implementation_cmake: 6.1.2 (/opt/ros/humble/share/rmw_implementation_cmake/cmake)
[5.789s] -- Found rmw_fastrtps_cpp: 6.2.6 (/opt/ros/humble/share/rmw_fastrtps_cpp/cmake)
[6.514s] -- Found OpenSSL: /usr/lib/aarch64-linux-gnu/libcrypto.so (found version "3.0.2")  
[6.797s] -- Found FastRTPS: /opt/ros/humble/include  
[7.278s] -- Using RMW implementation 'rmw_fastrtps_cpp' as default
[7.373s] -- Looking for pthread.h
[7.813s] -- Looking for pthread.h - found
[7.817s] -- Performing Test CMAKE_HAVE_LIBC_PTHREAD
[8.206s] -- Performing Test CMAKE_HAVE_LIBC_PTHREAD - Success
[8.211s] -- Found Threads: TRUE  
[9.027s] -- Found sensor_msgs: 4.2.4 (/opt/ros/humble/share/sensor_msgs/cmake)
[9.654s] -- Found ament_lint_auto: 0.12.11 (/opt/ros/humble/share/ament_lint_auto/cmake)
[10.249s] -- Added test 'cppcheck' to perform static code analysis on C / C++ code
[10.250s] -- Configured cppcheck include dirs: 
[10.251s] -- Configured cppcheck exclude dirs and/or files: 
[10.255s] -- Added test 'lint_cmake' to check CMake code style
[10.265s] -- Added test 'uncrustify' to check C / C++ code style
[10.266s] -- Configured uncrustify additional arguments: 
[10.269s] -- Added test 'xmllint' to check XML markup files
[10.291s] -- Configuring done
[10.362s] -- Generating done
[10.371s] -- Build files have been written to: /home/hae/robot_ws/src/build/dot_pkg
[10.422s] Invoked command in '/home/hae/robot_ws/src/build/dot_pkg' returned '0': CMAKE_PREFIX_PATH=/opt/ros/humble /usr/bin/cmake /home/hae/robot_ws/src/dot_pkg -DAMENT_CMAKE_SYMLINK_INSTALL=1 -DCMAKE_INSTALL_PREFIX=/home/hae/robot_ws/src/install/dot_pkg
[10.434s] Invoking command in '/home/hae/robot_ws/src/build/dot_pkg': CMAKE_PREFIX_PATH=/opt/ros/humble /usr/bin/cmake --build /home/hae/robot_ws/src/build/dot_pkg -- -j4 -l4
[10.678s] [ 50%] [32mBuilding CXX object CMakeFiles/dot_node.dir/src/dot.cpp.o[0m
[57.137s] [100%] [32m[1mLinking CXX executable dot_node[0m
[59.900s] [100%] Built target dot_node
[60.176s] Invoked command in '/home/hae/robot_ws/src/build/dot_pkg' returned '0': CMAKE_PREFIX_PATH=/opt/ros/humble /usr/bin/cmake --build /home/hae/robot_ws/src/build/dot_pkg -- -j4 -l4
[60.419s] Invoking command in '/home/hae/robot_ws/src/build/dot_pkg': CMAKE_PREFIX_PATH=/opt/ros/humble /usr/bin/cmake --install /home/hae/robot_ws/src/build/dot_pkg
[60.454s] -- Install configuration: ""
[60.460s] -- Execute custom install script
[60.469s] -- Symlinking: /home/hae/robot_ws/src/install/dot_pkg/lib/dot_pkg/dot_node
[60.505s] -- Symlinking: /home/hae/robot_ws/src/install/dot_pkg/share/ament_index/resource_index/package_run_dependencies/dot_pkg
[60.540s] -- Symlinking: /home/hae/robot_ws/src/install/dot_pkg/share/ament_index/resource_index/parent_prefix_path/dot_pkg
[60.579s] -- Symlinking: /home/hae/robot_ws/src/install/dot_pkg/share/dot_pkg/environment/ament_prefix_path.sh
[60.615s] -- Symlinking: /home/hae/robot_ws/src/install/dot_pkg/share/dot_pkg/environment/ament_prefix_path.dsv
[60.648s] -- Symlinking: /home/hae/robot_ws/src/install/dot_pkg/share/dot_pkg/environment/path.sh
[60.681s] -- Symlinking: /home/hae/robot_ws/src/install/dot_pkg/share/dot_pkg/environment/path.dsv
[60.712s] -- Symlinking: /home/hae/robot_ws/src/install/dot_pkg/share/dot_pkg/local_setup.bash
[60.746s] -- Symlinking: /home/hae/robot_ws/src/install/dot_pkg/share/dot_pkg/local_setup.sh
[60.778s] -- Symlinking: /home/hae/robot_ws/src/install/dot_pkg/share/dot_pkg/local_setup.zsh
[60.812s] -- Symlinking: /home/hae/robot_ws/src/install/dot_pkg/share/dot_pkg/local_setup.dsv
[60.844s] -- Symlinking: /home/hae/robot_ws/src/install/dot_pkg/share/dot_pkg/package.dsv
[60.878s] -- Symlinking: /home/hae/robot_ws/src/install/dot_pkg/share/ament_index/resource_index/packages/dot_pkg
[60.911s] -- Symlinking: /home/hae/robot_ws/src/install/dot_pkg/share/dot_pkg/cmake/dot_pkgConfig.cmake
[60.944s] -- Symlinking: /home/hae/robot_ws/src/install/dot_pkg/share/dot_pkg/cmake/dot_pkgConfig-version.cmake
[60.977s] -- Symlinking: /home/hae/robot_ws/src/install/dot_pkg/share/dot_pkg/package.xml
[61.028s] Invoked command in '/home/hae/robot_ws/src/build/dot_pkg' returned '0': CMAKE_PREFIX_PATH=/opt/ros/humble /usr/bin/cmake --install /home/hae/robot_ws/src/build/dot_pkg
