[0.059s] Invoking command in '/home/hae/robot_ws/src/build/robot_go_pkg': CMAKE_PREFIX_PATH=${CMAKE_PREFIX_PATH}:/opt/ros/humble /usr/bin/cmake --build /home/hae/robot_ws/src/build/robot_go_pkg -- -j4 -l4
[0.159s] -- Found ament_cmake: 1.3.9 (/opt/ros/humble/share/ament_cmake/cmake)
[0.680s] -- Override CMake install command with custom implementation using symlinks instead of copying resources
[0.713s] -- Found rclcpp: 16.0.9 (/opt/ros/humble/share/rclcpp/cmake)
[0.885s] -- Found rosidl_generator_c: 3.1.5 (/opt/ros/humble/share/rosidl_generator_c/cmake)
[0.896s] -- Found rosidl_adapter: 3.1.5 (/opt/ros/humble/share/rosidl_adapter/cmake)
[0.920s] -- Found rosidl_generator_cpp: 3.1.5 (/opt/ros/humble/share/rosidl_generator_cpp/cmake)
[0.966s] -- Using all available rosidl_typesupport_c: rosidl_typesupport_fastrtps_c;rosidl_typesupport_introspection_c
[1.028s] -- Using all available rosidl_typesupport_cpp: rosidl_typesupport_fastrtps_cpp;rosidl_typesupport_introspection_cpp
[1.252s] -- Found rmw_implementation_cmake: 6.1.2 (/opt/ros/humble/share/rmw_implementation_cmake/cmake)
[1.258s] -- Found rmw_fastrtps_cpp: 6.2.6 (/opt/ros/humble/share/rmw_fastrtps_cpp/cmake)
[2.240s] -- Using RMW implementation 'rmw_fastrtps_cpp' as default
[2.825s] -- Found geometry_msgs: 4.2.4 (/opt/ros/humble/share/geometry_msgs/cmake)
[2.986s] -- Found nav_msgs: 4.2.4 (/opt/ros/humble/share/nav_msgs/cmake)
[3.288s] -- Found action_msgs: 1.2.1 (/opt/ros/humble/share/action_msgs/cmake)
[3.509s] -- Found sensor_msgs: 4.2.4 (/opt/ros/humble/share/sensor_msgs/cmake)
[3.811s] -- Found ament_lint_auto: 0.12.11 (/opt/ros/humble/share/ament_lint_auto/cmake)
[4.148s] -- Added test 'cppcheck' to perform static code analysis on C / C++ code
[4.149s] -- Configured cppcheck include dirs: 
[4.150s] -- Configured cppcheck exclude dirs and/or files: 
[4.153s] -- Added test 'lint_cmake' to check CMake code style
[4.161s] -- Added test 'uncrustify' to check C / C++ code style
[4.162s] -- Configured uncrustify additional arguments: 
[4.163s] -- Added test 'xmllint' to check XML markup files
[4.169s] -- Configuring done
[4.246s] -- Generating done
[4.256s] -- Build files have been written to: /home/hae/robot_ws/src/build/robot_go_pkg
[4.399s] [ 25%] [32mBuilding CXX object CMakeFiles/test_node.dir/src/test.cpp.o[0m
[4.404s] [ 50%] [32mBuilding CXX object CMakeFiles/scan_node.dir/src/scan.cpp.o[0m
[41.751s] [ 75%] [32m[1mLinking CXX executable test_node[0m
[41.868s] [100%] [32m[1mLinking CXX executable scan_node[0m
[44.161s] [100%] Built target test_node
[44.265s] [100%] Built target scan_node
[44.304s] Invoked command in '/home/hae/robot_ws/src/build/robot_go_pkg' returned '0': CMAKE_PREFIX_PATH=${CMAKE_PREFIX_PATH}:/opt/ros/humble /usr/bin/cmake --build /home/hae/robot_ws/src/build/robot_go_pkg -- -j4 -l4
[44.478s] Invoking command in '/home/hae/robot_ws/src/build/robot_go_pkg': CMAKE_PREFIX_PATH=${CMAKE_PREFIX_PATH}:/opt/ros/humble /usr/bin/cmake --install /home/hae/robot_ws/src/build/robot_go_pkg
[44.506s] -- Install configuration: ""
[44.507s] -- Execute custom install script
[44.510s] -- Symlinking: /home/hae/robot_ws/src/install/robot_go_pkg/lib/robot_go_pkg/test_node
[44.539s] -- Symlinking: /home/hae/robot_ws/src/install/robot_go_pkg/lib/robot_go_pkg/scan_node
[44.571s] -- Up-to-date symlink: /home/hae/robot_ws/src/install/robot_go_pkg/share/ament_index/resource_index/package_run_dependencies/robot_go_pkg
[44.572s] -- Up-to-date symlink: /home/hae/robot_ws/src/install/robot_go_pkg/share/ament_index/resource_index/parent_prefix_path/robot_go_pkg
[44.573s] -- Up-to-date symlink: /home/hae/robot_ws/src/install/robot_go_pkg/share/robot_go_pkg/environment/ament_prefix_path.sh
[44.574s] -- Up-to-date symlink: /home/hae/robot_ws/src/install/robot_go_pkg/share/robot_go_pkg/environment/ament_prefix_path.dsv
[44.575s] -- Up-to-date symlink: /home/hae/robot_ws/src/install/robot_go_pkg/share/robot_go_pkg/environment/path.sh
[44.576s] -- Up-to-date symlink: /home/hae/robot_ws/src/install/robot_go_pkg/share/robot_go_pkg/environment/path.dsv
[44.577s] -- Up-to-date symlink: /home/hae/robot_ws/src/install/robot_go_pkg/share/robot_go_pkg/local_setup.bash
[44.578s] -- Up-to-date symlink: /home/hae/robot_ws/src/install/robot_go_pkg/share/robot_go_pkg/local_setup.sh
[44.579s] -- Up-to-date symlink: /home/hae/robot_ws/src/install/robot_go_pkg/share/robot_go_pkg/local_setup.zsh
[44.581s] -- Up-to-date symlink: /home/hae/robot_ws/src/install/robot_go_pkg/share/robot_go_pkg/local_setup.dsv
[44.581s] -- Symlinking: /home/hae/robot_ws/src/install/robot_go_pkg/share/robot_go_pkg/package.dsv
[44.612s] -- Up-to-date symlink: /home/hae/robot_ws/src/install/robot_go_pkg/share/ament_index/resource_index/packages/robot_go_pkg
[44.613s] -- Up-to-date symlink: /home/hae/robot_ws/src/install/robot_go_pkg/share/robot_go_pkg/cmake/robot_go_pkgConfig.cmake
[44.616s] -- Up-to-date symlink: /home/hae/robot_ws/src/install/robot_go_pkg/share/robot_go_pkg/cmake/robot_go_pkgConfig-version.cmake
[44.616s] -- Up-to-date symlink: /home/hae/robot_ws/src/install/robot_go_pkg/share/robot_go_pkg/package.xml
[44.622s] Invoked command in '/home/hae/robot_ws/src/build/robot_go_pkg' returned '0': CMAKE_PREFIX_PATH=${CMAKE_PREFIX_PATH}:/opt/ros/humble /usr/bin/cmake --install /home/hae/robot_ws/src/build/robot_go_pkg
