[0.057s] Invoking command in '/home/hae/robot_ws/src/build/cgps_pkg': CMAKE_PREFIX_PATH=${CMAKE_PREFIX_PATH}:/opt/ros/humble /usr/bin/cmake /home/hae/robot_ws/src/cgps_pkg -DAMENT_CMAKE_SYMLINK_INSTALL=1 -DCMAKE_INSTALL_PREFIX=/home/hae/robot_ws/src/install/cgps_pkg
[0.105s] -- Found ament_cmake: 1.3.9 (/opt/ros/humble/share/ament_cmake/cmake)
[0.725s] -- Override CMake install command with custom implementation using symlinks instead of copying resources
[0.936s] [31mCMake Error at CMakeLists.txt:10 (find_package):
[0.937s]   By not providing "Findcmath.cmake" in CMAKE_MODULE_PATH this project has
[0.937s]   asked CMake to find a package configuration file provided by "cmath", but
[0.937s]   CMake did not find one.
[0.938s] 
[0.938s]   Could not find a package configuration file provided by "cmath" with any of
[0.940s]   the following names:
[0.941s] 
[0.941s]     cmathConfig.cmake
[0.942s]     cmath-config.cmake
[0.942s] 
[0.943s]   Add the installation prefix of "cmath" to CMAKE_PREFIX_PATH or set
[0.943s]   "cmath_DIR" to a directory containing one of the above files.  If "cmath"
[0.945s]   provides a separate development package or SDK, be sure it has been
[0.947s]   installed.
[0.947s] 
[0.948s] [0m
[0.949s] -- Configuring incomplete, errors occurred!
[0.953s] See also "/home/hae/robot_ws/src/build/cgps_pkg/CMakeFiles/CMakeOutput.log".
[0.955s] Invoked command in '/home/hae/robot_ws/src/build/cgps_pkg' returned '1': CMAKE_PREFIX_PATH=${CMAKE_PREFIX_PATH}:/opt/ros/humble /usr/bin/cmake /home/hae/robot_ws/src/cgps_pkg -DAMENT_CMAKE_SYMLINK_INSTALL=1 -DCMAKE_INSTALL_PREFIX=/home/hae/robot_ws/src/install/cgps_pkg
