[0.039s] Invoking command in '/home/hae/robot_ws/src/build/robot_move_pkg': CMAKE_PREFIX_PATH=${CMAKE_PREFIX_PATH}:/opt/ros/humble /usr/bin/cmake /home/hae/robot_ws/src/robot_move_pkg -DAMENT_CMAKE_SYMLINK_INSTALL=1 -DCMAKE_INSTALL_PREFIX=/home/hae/robot_ws/src/install/robot_move_pkg
[0.642s] -- The C compiler identification is GNU 11.4.0
[1.156s] -- The CXX compiler identification is GNU 11.4.0
[1.206s] -- Detecting C compiler ABI info
[1.547s] -- Detecting C compiler ABI info - done
[1.572s] -- Check for working C compiler: /usr/bin/cc - skipped
[1.574s] -- Detecting C compile features
[1.577s] -- Detecting C compile features - done
[1.604s] -- Detecting CXX compiler ABI info
[1.986s] -- Detecting CXX compiler ABI info - done
[2.013s] -- Check for working CXX compiler: /usr/bin/c++ - skipped
[2.014s] -- Detecting CXX compile features
[2.016s] -- Detecting CXX compile features - done
[2.045s] -- Found ament_cmake: 1.3.9 (/opt/ros/humble/share/ament_cmake/cmake)
[2.897s] -- Found Python3: /usr/bin/python3 (found version "3.10.12") found components: Interpreter 
[3.238s] -- Override CMake install command with custom implementation using symlinks instead of copying resources
[3.561s] -- Found rclcpp: 16.0.9 (/opt/ros/humble/share/rclcpp/cmake)
[3.990s] -- Found rosidl_generator_c: 3.1.5 (/opt/ros/humble/share/rosidl_generator_c/cmake)
[4.040s] -- Found rosidl_adapter: 3.1.5 (/opt/ros/humble/share/rosidl_adapter/cmake)
[4.113s] -- Found rosidl_generator_cpp: 3.1.5 (/opt/ros/humble/share/rosidl_generator_cpp/cmake)
[4.217s] -- Using all available rosidl_typesupport_c: rosidl_typesupport_fastrtps_c;rosidl_typesupport_introspection_c
[4.363s] -- Using all available rosidl_typesupport_cpp: rosidl_typesupport_fastrtps_cpp;rosidl_typesupport_introspection_cpp
[4.823s] -- Found rmw_implementation_cmake: 6.1.2 (/opt/ros/humble/share/rmw_implementation_cmake/cmake)
[4.851s] -- Found rmw_fastrtps_cpp: 6.2.6 (/opt/ros/humble/share/rmw_fastrtps_cpp/cmake)
[5.490s] -- Found OpenSSL: /usr/lib/aarch64-linux-gnu/libcrypto.so (found version "3.0.2")  
[5.745s] -- Found FastRTPS: /opt/ros/humble/include  
[6.176s] -- Using RMW implementation 'rmw_fastrtps_cpp' as default
[6.265s] -- Looking for pthread.h
[6.642s] -- Looking for pthread.h - found
[6.647s] -- Performing Test CMAKE_HAVE_LIBC_PTHREAD
[7.030s] -- Performing Test CMAKE_HAVE_LIBC_PTHREAD - Success
[7.034s] -- Found Threads: TRUE  
[7.854s] -- Found geometry_msgs: 4.2.4 (/opt/ros/humble/share/geometry_msgs/cmake)
[8.077s] -- Found ament_lint_auto: 0.12.11 (/opt/ros/humble/share/ament_lint_auto/cmake)
[8.626s] -- Added test 'cppcheck' to perform static code analysis on C / C++ code
[8.627s] -- Configured cppcheck include dirs: 
[8.627s] -- Configured cppcheck exclude dirs and/or files: 
[8.632s] -- Added test 'lint_cmake' to check CMake code style
[8.642s] -- Added test 'uncrustify' to check C / C++ code style
[8.643s] -- Configured uncrustify additional arguments: 
[8.646s] -- Added test 'xmllint' to check XML markup files
[8.657s] -- Configuring done
[8.724s] -- Generating done
[8.733s] -- Build files have been written to: /home/hae/robot_ws/src/build/robot_move_pkg
[8.774s] Invoked command in '/home/hae/robot_ws/src/build/robot_move_pkg' returned '0': CMAKE_PREFIX_PATH=${CMAKE_PREFIX_PATH}:/opt/ros/humble /usr/bin/cmake /home/hae/robot_ws/src/robot_move_pkg -DAMENT_CMAKE_SYMLINK_INSTALL=1 -DCMAKE_INSTALL_PREFIX=/home/hae/robot_ws/src/install/robot_move_pkg
[8.785s] Invoking command in '/home/hae/robot_ws/src/build/robot_move_pkg': CMAKE_PREFIX_PATH=${CMAKE_PREFIX_PATH}:/opt/ros/humble /usr/bin/cmake --build /home/hae/robot_ws/src/build/robot_move_pkg -- -j4 -l4
[8.996s] [ 50%] [32mBuilding CXX object CMakeFiles/move.dir/src/move.cpp.o[0m
[26.835s] [100%] [32m[1mLinking CXX executable move[0m
[28.235s] [100%] Built target move
[28.274s] Invoked command in '/home/hae/robot_ws/src/build/robot_move_pkg' returned '0': CMAKE_PREFIX_PATH=${CMAKE_PREFIX_PATH}:/opt/ros/humble /usr/bin/cmake --build /home/hae/robot_ws/src/build/robot_move_pkg -- -j4 -l4
[28.422s] Invoking command in '/home/hae/robot_ws/src/build/robot_move_pkg': CMAKE_PREFIX_PATH=${CMAKE_PREFIX_PATH}:/opt/ros/humble /usr/bin/cmake --install /home/hae/robot_ws/src/build/robot_move_pkg
[28.451s] -- Install configuration: ""
[28.453s] -- Execute custom install script
[28.456s] -- Symlinking: /home/hae/robot_ws/src/install/robot_move_pkg/lib/robot_move_pkg/move
[28.489s] -- Symlinking: /home/hae/robot_ws/src/install/robot_move_pkg/share/ament_index/resource_index/package_run_dependencies/robot_move_pkg
[28.522s] -- Symlinking: /home/hae/robot_ws/src/install/robot_move_pkg/share/ament_index/resource_index/parent_prefix_path/robot_move_pkg
[28.555s] -- Symlinking: /home/hae/robot_ws/src/install/robot_move_pkg/share/robot_move_pkg/environment/ament_prefix_path.sh
[28.588s] -- Symlinking: /home/hae/robot_ws/src/install/robot_move_pkg/share/robot_move_pkg/environment/ament_prefix_path.dsv
[28.633s] -- Symlinking: /home/hae/robot_ws/src/install/robot_move_pkg/share/robot_move_pkg/environment/path.sh
[28.669s] -- Symlinking: /home/hae/robot_ws/src/install/robot_move_pkg/share/robot_move_pkg/environment/path.dsv
[28.702s] -- Symlinking: /home/hae/robot_ws/src/install/robot_move_pkg/share/robot_move_pkg/local_setup.bash
[28.735s] -- Symlinking: /home/hae/robot_ws/src/install/robot_move_pkg/share/robot_move_pkg/local_setup.sh
[28.769s] -- Symlinking: /home/hae/robot_ws/src/install/robot_move_pkg/share/robot_move_pkg/local_setup.zsh
[28.802s] -- Symlinking: /home/hae/robot_ws/src/install/robot_move_pkg/share/robot_move_pkg/local_setup.dsv
[28.834s] -- Symlinking: /home/hae/robot_ws/src/install/robot_move_pkg/share/robot_move_pkg/package.dsv
[28.869s] -- Symlinking: /home/hae/robot_ws/src/install/robot_move_pkg/share/ament_index/resource_index/packages/robot_move_pkg
[28.902s] -- Symlinking: /home/hae/robot_ws/src/install/robot_move_pkg/share/robot_move_pkg/cmake/robot_move_pkgConfig.cmake
[28.941s] -- Symlinking: /home/hae/robot_ws/src/install/robot_move_pkg/share/robot_move_pkg/cmake/robot_move_pkgConfig-version.cmake
[28.974s] -- Symlinking: /home/hae/robot_ws/src/install/robot_move_pkg/share/robot_move_pkg/package.xml
[29.024s] Invoked command in '/home/hae/robot_ws/src/build/robot_move_pkg' returned '0': CMAKE_PREFIX_PATH=${CMAKE_PREFIX_PATH}:/opt/ros/humble /usr/bin/cmake --install /home/hae/robot_ws/src/build/robot_move_pkg
