[0.093s] Invoking command in '/home/hae/robot_ws/src/build/dot_pkg': CMAKE_PREFIX_PATH=${CMAKE_PREFIX_PATH}:/opt/ros/humble /usr/bin/cmake --build /home/hae/robot_ws/src/build/dot_pkg -- -j4 -l4
[0.515s] [35m[1mConsolidate compiler generated dependencies of target dot_node[0m
[0.743s] [ 50%] [32mBuilding CXX object CMakeFiles/dot_node.dir/src/dot.cpp.o[0m
[48.628s] [100%] [32m[1mLinking CXX executable dot_node[0m
[51.797s] [100%] Built target dot_node
[52.238s] Invoked command in '/home/hae/robot_ws/src/build/dot_pkg' returned '0': CMAKE_PREFIX_PATH=${CMAKE_PREFIX_PATH}:/opt/ros/humble /usr/bin/cmake --build /home/hae/robot_ws/src/build/dot_pkg -- -j4 -l4
[52.797s] Invoking command in '/home/hae/robot_ws/src/build/dot_pkg': CMAKE_PREFIX_PATH=${CMAKE_PREFIX_PATH}:/opt/ros/humble /usr/bin/cmake --install /home/hae/robot_ws/src/build/dot_pkg
[52.836s] -- Install configuration: ""
[52.842s] -- Execute custom install script
[52.847s] -- Up-to-date symlink: /home/hae/robot_ws/src/install/dot_pkg/lib/dot_pkg/dot_node
[52.856s] -- Up-to-date symlink: /home/hae/robot_ws/src/install/dot_pkg/share/ament_index/resource_index/package_run_dependencies/dot_pkg
[52.859s] -- Up-to-date symlink: /home/hae/robot_ws/src/install/dot_pkg/share/ament_index/resource_index/parent_prefix_path/dot_pkg
[52.866s] -- Up-to-date symlink: /home/hae/robot_ws/src/install/dot_pkg/share/dot_pkg/environment/ament_prefix_path.sh
[52.868s] -- Up-to-date symlink: /home/hae/robot_ws/src/install/dot_pkg/share/dot_pkg/environment/ament_prefix_path.dsv
[52.870s] -- Up-to-date symlink: /home/hae/robot_ws/src/install/dot_pkg/share/dot_pkg/environment/path.sh
[52.871s] -- Up-to-date symlink: /home/hae/robot_ws/src/install/dot_pkg/share/dot_pkg/environment/path.dsv
[52.873s] -- Up-to-date symlink: /home/hae/robot_ws/src/install/dot_pkg/share/dot_pkg/local_setup.bash
[52.875s] -- Up-to-date symlink: /home/hae/robot_ws/src/install/dot_pkg/share/dot_pkg/local_setup.sh
[52.877s] -- Up-to-date symlink: /home/hae/robot_ws/src/install/dot_pkg/share/dot_pkg/local_setup.zsh
[52.880s] -- Up-to-date symlink: /home/hae/robot_ws/src/install/dot_pkg/share/dot_pkg/local_setup.dsv
[52.883s] -- Symlinking: /home/hae/robot_ws/src/install/dot_pkg/share/dot_pkg/package.dsv
[52.932s] -- Up-to-date symlink: /home/hae/robot_ws/src/install/dot_pkg/share/ament_index/resource_index/packages/dot_pkg
[52.937s] -- Up-to-date symlink: /home/hae/robot_ws/src/install/dot_pkg/share/dot_pkg/cmake/dot_pkgConfig.cmake
[52.939s] -- Up-to-date symlink: /home/hae/robot_ws/src/install/dot_pkg/share/dot_pkg/cmake/dot_pkgConfig-version.cmake
[52.944s] -- Up-to-date symlink: /home/hae/robot_ws/src/install/dot_pkg/share/dot_pkg/package.xml
[52.972s] Invoked command in '/home/hae/robot_ws/src/build/dot_pkg' returned '0': CMAKE_PREFIX_PATH=${CMAKE_PREFIX_PATH}:/opt/ros/humble /usr/bin/cmake --install /home/hae/robot_ws/src/build/dot_pkg
