[0.045s] Invoking command in '/home/hae/robot_ws/src/build/robot_action': CMAKE_PREFIX_PATH=/opt/ros/humble /usr/bin/cmake --build /home/hae/robot_ws/src/build/robot_action -- -j4 -l4
[0.151s] -- Found ament_cmake: 1.3.9 (/opt/ros/humble/share/ament_cmake/cmake)
[0.684s] -- Override CMake install command with custom implementation using symlinks instead of copying resources
[0.718s] -- Found rosidl_default_generators: 1.2.0 (/opt/ros/humble/share/rosidl_default_generators/cmake)
[0.724s] -- Using all available rosidl_typesupport_c: rosidl_typesupport_fastrtps_c;rosidl_typesupport_introspection_c
[0.736s] -- Found rosidl_adapter: 3.1.5 (/opt/ros/humble/share/rosidl_adapter/cmake)
[0.916s] -- Using all available rosidl_typesupport_cpp: rosidl_typesupport_fastrtps_cpp;rosidl_typesupport_introspection_cpp
[2.496s] -- Found ament_cmake_ros: 0.10.0 (/opt/ros/humble/share/ament_cmake_ros/cmake)
[3.332s] -- Using all available rosidl_typesupport_c: rosidl_typesupport_fastrtps_c;rosidl_typesupport_introspection_c
[4.587s] -- Using all available rosidl_typesupport_cpp: rosidl_typesupport_fastrtps_cpp;rosidl_typesupport_introspection_cpp
[4.692s] -- Found python_cmake_module: 0.10.0 (/opt/ros/humble/share/python_cmake_module/cmake)
[4.794s] -- Using PYTHON_EXECUTABLE: /usr/bin/python3
[4.794s] -- Using PYTHON_INCLUDE_DIRS: /usr/include/python3.10
[4.794s] -- Using PYTHON_LIBRARIES: /usr/lib/aarch64-linux-gnu/libpython3.10.so
[4.874s] -- Found ament_lint_auto: 0.12.11 (/opt/ros/humble/share/ament_lint_auto/cmake)
[4.944s] -- Added test 'flake8' to check Python code syntax and style conventions
[4.949s] -- Added test 'lint_cmake' to check CMake code style
[4.953s] -- Added test 'pep257' to check Python code against some of the docstring style conventions in PEP 257
[4.974s] -- Added test 'xmllint' to check XML markup files
[4.989s] -- Configuring done
[5.186s] -- Generating done
[5.206s] -- Build files have been written to: /home/hae/robot_ws/src/build/robot_action
[5.321s] [  2%] [34m[1mGenerating C code for ROS interfaces[0m
[5.380s] [  5%] [34m[1mGenerating C++ code for ROS interfaces[0m
[5.414s] [  5%] Built target ament_cmake_python_symlink_robot_action
[7.039s] running egg_info
[7.045s] writing robot_action.egg-info/PKG-INFO
[7.045s] writing dependency_links to robot_action.egg-info/dependency_links.txt
[7.046s] writing top-level names to robot_action.egg-info/top_level.txt
[7.059s] reading manifest file 'robot_action.egg-info/SOURCES.txt'
[7.065s] writing manifest file 'robot_action.egg-info/SOURCES.txt'
[7.243s] [  5%] Built target ament_cmake_python_build_robot_action_egg
[9.095s] [35m[1mConsolidate compiler generated dependencies of target robot_action__rosidl_generator_c[0m
[9.118s] [  5%] Built target robot_action__cpp
[9.180s] [  7%] [34m[1mGenerating C++ type support for eProsima Fast-RTPS[0m
[9.187s] [ 10%] [34m[1mGenerating C++ introspection for ROS interfaces[0m
[9.200s] [ 12%] [32mBuilding C object CMakeFiles/robot_action__rosidl_generator_c.dir/rosidl_generator_c/robot_action/action/detail/move__functions.c.o[0m
[9.208s] [ 15%] [34m[1mGenerating C++ type support dispatch for ROS interfaces[0m
[10.504s] [ 17%] [32mBuilding C object CMakeFiles/robot_action__rosidl_generator_c.dir/rosidl_generator_c/robot_action/action/detail/test__functions.c.o[0m
[11.687s] [35m[1mConsolidate compiler generated dependencies of target robot_action__rosidl_typesupport_cpp[0m
[11.780s] [ 20%] [32m[1mLinking C shared library librobot_action__rosidl_generator_c.so[0m
[11.793s] [ 23%] [32mBuilding CXX object CMakeFiles/robot_action__rosidl_typesupport_cpp.dir/rosidl_typesupport_cpp/robot_action/action/move__type_support.cpp.o[0m
[12.207s] [ 23%] Built target robot_action__rosidl_generator_c
[12.324s] [ 25%] [34m[1mGenerating C type support for eProsima Fast-RTPS[0m
[13.273s] [35m[1mConsolidate compiler generated dependencies of target robot_action__rosidl_typesupport_introspection_cpp[0m
[13.397s] [ 28%] [32mBuilding CXX object CMakeFiles/robot_action__rosidl_typesupport_introspection_cpp.dir/rosidl_typesupport_introspection_cpp/robot_action/action/detail/move__type_support.cpp.o[0m
[14.498s] [35m[1mConsolidate compiler generated dependencies of target robot_action__rosidl_typesupport_fastrtps_cpp[0m
[14.713s] [ 30%] [32mBuilding CXX object CMakeFiles/robot_action__rosidl_typesupport_fastrtps_cpp.dir/rosidl_typesupport_fastrtps_cpp/robot_action/action/detail/dds_fastrtps/move__type_support.cpp.o[0m
[15.360s] [ 33%] [32mBuilding CXX object CMakeFiles/robot_action__rosidl_typesupport_cpp.dir/rosidl_typesupport_cpp/robot_action/action/test__type_support.cpp.o[0m
[16.898s] [35m[1mConsolidate compiler generated dependencies of target robot_action__rosidl_typesupport_fastrtps_c[0m
[17.022s] [ 35%] [32mBuilding CXX object CMakeFiles/robot_action__rosidl_typesupport_fastrtps_c.dir/rosidl_typesupport_fastrtps_c/robot_action/action/detail/move__type_support_c.cpp.o[0m
[19.715s] [ 38%] [32m[1mLinking CXX shared library librobot_action__rosidl_typesupport_cpp.so[0m
[19.974s] [ 38%] Built target robot_action__rosidl_typesupport_cpp
[20.117s] [ 41%] [34m[1mGenerating C introspection for ROS interfaces[0m
[20.371s] [ 43%] [32mBuilding CXX object CMakeFiles/robot_action__rosidl_typesupport_fastrtps_c.dir/rosidl_typesupport_fastrtps_c/robot_action/action/detail/test__type_support_c.cpp.o[0m
[20.724s] [ 46%] [32mBuilding CXX object CMakeFiles/robot_action__rosidl_typesupport_introspection_cpp.dir/rosidl_typesupport_introspection_cpp/robot_action/action/detail/test__type_support.cpp.o[0m
[21.131s] [ 48%] [32mBuilding CXX object CMakeFiles/robot_action__rosidl_typesupport_fastrtps_cpp.dir/rosidl_typesupport_fastrtps_cpp/robot_action/action/detail/dds_fastrtps/test__type_support.cpp.o[0m
[23.567s] [35m[1mConsolidate compiler generated dependencies of target robot_action__rosidl_typesupport_introspection_c[0m
[23.697s] [ 51%] [32mBuilding C object CMakeFiles/robot_action__rosidl_typesupport_introspection_c.dir/rosidl_typesupport_introspection_c/robot_action/action/detail/move__type_support.c.o[0m
[24.126s] [ 53%] [32m[1mLinking CXX shared library librobot_action__rosidl_typesupport_fastrtps_c.so[0m
[24.350s] [ 56%] [32mBuilding C object CMakeFiles/robot_action__rosidl_typesupport_introspection_c.dir/rosidl_typesupport_introspection_c/robot_action/action/detail/test__type_support.c.o[0m
[24.706s] [ 56%] Built target robot_action__rosidl_typesupport_fastrtps_c
[24.876s] [ 58%] [34m[1mGenerating C type support dispatch for ROS interfaces[0m
[24.994s] [ 61%] [32m[1mLinking C shared library librobot_action__rosidl_typesupport_introspection_c.so[0m
[25.437s] [ 61%] Built target robot_action__rosidl_typesupport_introspection_c
[26.193s] [ 64%] [32m[1mLinking CXX shared library librobot_action__rosidl_typesupport_introspection_cpp.so[0m
[26.629s] [ 64%] Built target robot_action__rosidl_typesupport_introspection_cpp
[26.777s] [ 66%] [32m[1mLinking CXX shared library librobot_action__rosidl_typesupport_fastrtps_cpp.so[0m
[27.139s] [ 66%] Built target robot_action__rosidl_typesupport_fastrtps_cpp
[27.368s] [35m[1mConsolidate compiler generated dependencies of target robot_action__rosidl_typesupport_c[0m
[27.428s] [ 71%] [32mBuilding CXX object CMakeFiles/robot_action__rosidl_typesupport_c.dir/rosidl_typesupport_c/robot_action/action/test__type_support.cpp.o[0m
[27.432s] [ 71%] [32mBuilding CXX object CMakeFiles/robot_action__rosidl_typesupport_c.dir/rosidl_typesupport_c/robot_action/action/move__type_support.cpp.o[0m
[27.699s] [ 74%] [32m[1mLinking CXX shared library librobot_action__rosidl_typesupport_c.so[0m
[27.864s] [ 74%] Built target robot_action__rosidl_typesupport_c
[27.947s] [ 74%] Built target robot_action
[28.040s] [ 76%] [34m[1mGenerating Python code for ROS interfaces[0m
[33.870s] [ 76%] Built target robot_action__py
[33.912s] [35m[1mConsolidate compiler generated dependencies of target robot_action__rosidl_generator_py[0m
[33.985s] [ 79%] [32mBuilding C object CMakeFiles/robot_action__rosidl_generator_py.dir/rosidl_generator_py/robot_action/action/_test_s.c.o[0m
[33.989s] [ 82%] [32mBuilding C object CMakeFiles/robot_action__rosidl_generator_py.dir/rosidl_generator_py/robot_action/action/_move_s.c.o[0m
[34.777s] [ 84%] [32m[1mLinking C shared library rosidl_generator_py/robot_action/librobot_action__rosidl_generator_py.so[0m
[34.975s] [ 84%] Built target robot_action__rosidl_generator_py
[35.035s] [35m[1mConsolidate compiler generated dependencies of target robot_action__rosidl_typesupport_fastrtps_c__pyext[0m
[35.036s] [35m[1mConsolidate compiler generated dependencies of target robot_action__rosidl_typesupport_introspection_c__pyext[0m
[35.040s] [35m[1mConsolidate compiler generated dependencies of target robot_action__rosidl_typesupport_c__pyext[0m
[35.131s] [ 87%] [32mBuilding C object CMakeFiles/robot_action__rosidl_typesupport_fastrtps_c__pyext.dir/rosidl_generator_py/robot_action/_robot_action_s.ep.rosidl_typesupport_fastrtps_c.c.o[0m
[35.170s] [ 89%] [32mBuilding C object CMakeFiles/robot_action__rosidl_typesupport_introspection_c__pyext.dir/rosidl_generator_py/robot_action/_robot_action_s.ep.rosidl_typesupport_introspection_c.c.o[0m
[35.186s] [ 92%] [32mBuilding C object CMakeFiles/robot_action__rosidl_typesupport_c__pyext.dir/rosidl_generator_py/robot_action/_robot_action_s.ep.rosidl_typesupport_c.c.o[0m
[36.215s] [ 94%] [32m[1mLinking C shared library rosidl_generator_py/robot_action/robot_action_s__rosidl_typesupport_introspection_c.cpython-310-aarch64-linux-gnu.so[0m
[36.318s] [ 97%] [32m[1mLinking C shared library rosidl_generator_py/robot_action/robot_action_s__rosidl_typesupport_fastrtps_c.cpython-310-aarch64-linux-gnu.so[0m
[36.373s] [100%] [32m[1mLinking C shared library rosidl_generator_py/robot_action/robot_action_s__rosidl_typesupport_c.cpython-310-aarch64-linux-gnu.so[0m
[36.573s] [100%] Built target robot_action__rosidl_typesupport_introspection_c__pyext
[36.655s] [100%] Built target robot_action__rosidl_typesupport_fastrtps_c__pyext
[36.672s] [100%] Built target robot_action__rosidl_typesupport_c__pyext
[36.718s] Invoked command in '/home/hae/robot_ws/src/build/robot_action' returned '0': CMAKE_PREFIX_PATH=/opt/ros/humble /usr/bin/cmake --build /home/hae/robot_ws/src/build/robot_action -- -j4 -l4
[37.164s] Invoking command in '/home/hae/robot_ws/src/build/robot_action': CMAKE_PREFIX_PATH=/opt/ros/humble /usr/bin/cmake --install /home/hae/robot_ws/src/build/robot_action
[37.196s] -- Install configuration: ""
[37.199s] -- Execute custom install script
[37.204s] -- Up-to-date symlink: /home/hae/robot_ws/src/install/robot_action/share/ament_index/resource_index/rosidl_interfaces/robot_action
[37.207s] -- Up-to-date symlink: /home/hae/robot_ws/src/install/robot_action/include/robot_action/robot_action/action/detail/move__functions.h
[37.209s] -- Up-to-date symlink: /home/hae/robot_ws/src/install/robot_action/include/robot_action/robot_action/action/detail/move__struct.h
[37.216s] -- Up-to-date symlink: /home/hae/robot_ws/src/install/robot_action/include/robot_action/robot_action/action/detail/move__type_support.h
[37.216s] -- Up-to-date symlink: /home/hae/robot_ws/src/install/robot_action/include/robot_action/robot_action/action/detail/test__functions.h
[37.217s] -- Up-to-date symlink: /home/hae/robot_ws/src/install/robot_action/include/robot_action/robot_action/action/detail/test__struct.h
[37.217s] -- Up-to-date symlink: /home/hae/robot_ws/src/install/robot_action/include/robot_action/robot_action/action/detail/test__type_support.h
[37.219s] -- Up-to-date symlink: /home/hae/robot_ws/src/install/robot_action/include/robot_action/robot_action/action/move.h
[37.220s] -- Up-to-date symlink: /home/hae/robot_ws/src/install/robot_action/include/robot_action/robot_action/action/test.h
[37.220s] -- Up-to-date symlink: /home/hae/robot_ws/src/install/robot_action/include/robot_action/robot_action/msg/rosidl_generator_c__visibility_control.h
[37.221s] -- Up-to-date symlink: /home/hae/robot_ws/src/install/robot_action/share/robot_action/environment/library_path.sh
[37.222s] -- Up-to-date symlink: /home/hae/robot_ws/src/install/robot_action/share/robot_action/environment/library_path.dsv
[37.224s] -- Up-to-date symlink: /home/hae/robot_ws/src/install/robot_action/include/robot_action/robot_action/action/detail/move__rosidl_typesupport_fastrtps_c.h
[37.225s] -- Up-to-date symlink: /home/hae/robot_ws/src/install/robot_action/include/robot_action/robot_action/action/detail/test__rosidl_typesupport_fastrtps_c.h
[37.226s] -- Up-to-date symlink: /home/hae/robot_ws/src/install/robot_action/include/robot_action/robot_action/msg/rosidl_typesupport_fastrtps_c__visibility_control.h
[37.229s] -- Up-to-date symlink: /home/hae/robot_ws/src/install/robot_action/include/robot_action/robot_action/action/detail/move__rosidl_typesupport_introspection_c.h
[37.231s] -- Up-to-date symlink: /home/hae/robot_ws/src/install/robot_action/include/robot_action/robot_action/action/detail/test__rosidl_typesupport_introspection_c.h
[37.232s] -- Up-to-date symlink: /home/hae/robot_ws/src/install/robot_action/include/robot_action/robot_action/msg/rosidl_typesupport_introspection_c__visibility_control.h
[37.235s] -- Up-to-date symlink: /home/hae/robot_ws/src/install/robot_action/include/robot_action/robot_action/action/detail/move__builder.hpp
[37.236s] -- Up-to-date symlink: /home/hae/robot_ws/src/install/robot_action/include/robot_action/robot_action/action/detail/move__struct.hpp
[37.237s] -- Up-to-date symlink: /home/hae/robot_ws/src/install/robot_action/include/robot_action/robot_action/action/detail/move__traits.hpp
[37.238s] -- Up-to-date symlink: /home/hae/robot_ws/src/install/robot_action/include/robot_action/robot_action/action/detail/test__builder.hpp
[37.240s] -- Up-to-date symlink: /home/hae/robot_ws/src/install/robot_action/include/robot_action/robot_action/action/detail/test__struct.hpp
[37.240s] -- Up-to-date symlink: /home/hae/robot_ws/src/install/robot_action/include/robot_action/robot_action/action/detail/test__traits.hpp
[37.243s] -- Up-to-date symlink: /home/hae/robot_ws/src/install/robot_action/include/robot_action/robot_action/action/move.hpp
[37.243s] -- Up-to-date symlink: /home/hae/robot_ws/src/install/robot_action/include/robot_action/robot_action/action/test.hpp
[37.247s] -- Up-to-date symlink: /home/hae/robot_ws/src/install/robot_action/include/robot_action/robot_action/action/detail/move__rosidl_typesupport_fastrtps_cpp.hpp
[37.248s] -- Up-to-date symlink: /home/hae/robot_ws/src/install/robot_action/include/robot_action/robot_action/action/detail/test__rosidl_typesupport_fastrtps_cpp.hpp
[37.249s] -- Up-to-date symlink: /home/hae/robot_ws/src/install/robot_action/include/robot_action/robot_action/msg/rosidl_typesupport_fastrtps_cpp__visibility_control.h
[37.252s] -- Up-to-date symlink: /home/hae/robot_ws/src/install/robot_action/include/robot_action/robot_action/action/detail/move__rosidl_typesupport_introspection_cpp.hpp
[37.254s] -- Up-to-date symlink: /home/hae/robot_ws/src/install/robot_action/include/robot_action/robot_action/action/detail/test__rosidl_typesupport_introspection_cpp.hpp
[37.255s] -- Up-to-date symlink: /home/hae/robot_ws/src/install/robot_action/share/robot_action/environment/pythonpath.sh
[37.257s] -- Up-to-date symlink: /home/hae/robot_ws/src/install/robot_action/share/robot_action/environment/pythonpath.dsv
[37.259s] -- Up-to-date symlink: /home/hae/robot_ws/src/install/robot_action/local/lib/python3.10/dist-packages/robot_action-0.0.0-py3.10.egg-info/PKG-INFO
[37.260s] -- Up-to-date symlink: /home/hae/robot_ws/src/install/robot_action/local/lib/python3.10/dist-packages/robot_action-0.0.0-py3.10.egg-info/SOURCES.txt
[37.262s] -- Up-to-date symlink: /home/hae/robot_ws/src/install/robot_action/local/lib/python3.10/dist-packages/robot_action-0.0.0-py3.10.egg-info/dependency_links.txt
[37.263s] -- Up-to-date symlink: /home/hae/robot_ws/src/install/robot_action/local/lib/python3.10/dist-packages/robot_action-0.0.0-py3.10.egg-info/top_level.txt
[37.268s] -- Up-to-date symlink: /home/hae/robot_ws/src/install/robot_action/local/lib/python3.10/dist-packages/robot_action/__init__.py
[37.269s] -- Up-to-date symlink: /home/hae/robot_ws/src/install/robot_action/local/lib/python3.10/dist-packages/robot_action/_robot_action_s.ep.rosidl_typesupport_c.c
[37.276s] -- Up-to-date symlink: /home/hae/robot_ws/src/install/robot_action/local/lib/python3.10/dist-packages/robot_action/_robot_action_s.ep.rosidl_typesupport_fastrtps_c.c
[37.277s] -- Up-to-date symlink: /home/hae/robot_ws/src/install/robot_action/local/lib/python3.10/dist-packages/robot_action/_robot_action_s.ep.rosidl_typesupport_introspection_c.c
[37.278s] -- Up-to-date symlink: /home/hae/robot_ws/src/install/robot_action/local/lib/python3.10/dist-packages/robot_action/action/__init__.py
[37.278s] -- Up-to-date symlink: /home/hae/robot_ws/src/install/robot_action/local/lib/python3.10/dist-packages/robot_action/action/_move.py
[37.280s] -- Up-to-date symlink: /home/hae/robot_ws/src/install/robot_action/local/lib/python3.10/dist-packages/robot_action/action/_move_s.c
[37.281s] -- Up-to-date symlink: /home/hae/robot_ws/src/install/robot_action/local/lib/python3.10/dist-packages/robot_action/action/_test.py
[37.282s] -- Up-to-date symlink: /home/hae/robot_ws/src/install/robot_action/local/lib/python3.10/dist-packages/robot_action/action/_test_s.c
[37.282s] -- Up-to-date symlink: /home/hae/robot_ws/src/install/robot_action/local/lib/python3.10/dist-packages/robot_action/librobot_action__rosidl_generator_py.so
[37.283s] -- Up-to-date symlink: /home/hae/robot_ws/src/install/robot_action/local/lib/python3.10/dist-packages/robot_action/robot_action_s__rosidl_typesupport_c.cpython-310-aarch64-linux-gnu.so
[37.284s] -- Up-to-date symlink: /home/hae/robot_ws/src/install/robot_action/local/lib/python3.10/dist-packages/robot_action/robot_action_s__rosidl_typesupport_fastrtps_c.cpython-310-aarch64-linux-gnu.so
[37.285s] -- Up-to-date symlink: /home/hae/robot_ws/src/install/robot_action/local/lib/python3.10/dist-packages/robot_action/robot_action_s__rosidl_typesupport_introspection_c.cpython-310-aarch64-linux-gnu.so
[37.285s] -- Up-to-date symlink: /home/hae/robot_ws/src/install/robot_action/local/lib/python3.10/dist-packages/robot_action/robot_action_s__rosidl_typesupport_fastrtps_c.cpython-310-aarch64-linux-gnu.so
[37.286s] -- Up-to-date symlink: /home/hae/robot_ws/src/install/robot_action/local/lib/python3.10/dist-packages/robot_action/robot_action_s__rosidl_typesupport_introspection_c.cpython-310-aarch64-linux-gnu.so
[37.292s] -- Up-to-date symlink: /home/hae/robot_ws/src/install/robot_action/local/lib/python3.10/dist-packages/robot_action/robot_action_s__rosidl_typesupport_c.cpython-310-aarch64-linux-gnu.so
[37.292s] -- Up-to-date symlink: /home/hae/robot_ws/src/install/robot_action/share/robot_action/action/Move.idl
[37.293s] -- Up-to-date symlink: /home/hae/robot_ws/src/install/robot_action/share/robot_action/action/Test.idl
[37.294s] -- Up-to-date symlink: /home/hae/robot_ws/src/install/robot_action/share/robot_action/action/Move.action
[37.294s] -- Up-to-date symlink: /home/hae/robot_ws/src/install/robot_action/share/robot_action/action/Test.action
[37.295s] -- Up-to-date symlink: /home/hae/robot_ws/src/install/robot_action/share/ament_index/resource_index/package_run_dependencies/robot_action
[37.296s] -- Up-to-date symlink: /home/hae/robot_ws/src/install/robot_action/share/ament_index/resource_index/parent_prefix_path/robot_action
[37.297s] -- Up-to-date symlink: /home/hae/robot_ws/src/install/robot_action/share/robot_action/environment/ament_prefix_path.sh
[37.304s] -- Up-to-date symlink: /home/hae/robot_ws/src/install/robot_action/share/robot_action/environment/ament_prefix_path.dsv
[37.304s] -- Up-to-date symlink: /home/hae/robot_ws/src/install/robot_action/share/robot_action/environment/path.sh
[37.305s] -- Up-to-date symlink: /home/hae/robot_ws/src/install/robot_action/share/robot_action/environment/path.dsv
[37.306s] -- Up-to-date symlink: /home/hae/robot_ws/src/install/robot_action/share/robot_action/local_setup.bash
[37.307s] -- Up-to-date symlink: /home/hae/robot_ws/src/install/robot_action/share/robot_action/local_setup.sh
[37.307s] -- Up-to-date symlink: /home/hae/robot_ws/src/install/robot_action/share/robot_action/local_setup.zsh
[37.308s] -- Up-to-date symlink: /home/hae/robot_ws/src/install/robot_action/share/robot_action/local_setup.dsv
[37.308s] -- Symlinking: /home/hae/robot_ws/src/install/robot_action/share/robot_action/package.dsv
[37.351s] -- Up-to-date symlink: /home/hae/robot_ws/src/install/robot_action/share/ament_index/resource_index/packages/robot_action
[37.356s] -- Up-to-date symlink: /home/hae/robot_ws/src/install/robot_action/share/robot_action/cmake/rosidl_cmake-extras.cmake
[37.360s] -- Up-to-date symlink: /home/hae/robot_ws/src/install/robot_action/share/robot_action/cmake/ament_cmake_export_dependencies-extras.cmake
[37.361s] -- Up-to-date symlink: /home/hae/robot_ws/src/install/robot_action/share/robot_action/cmake/ament_cmake_export_include_directories-extras.cmake
[37.363s] -- Up-to-date symlink: /home/hae/robot_ws/src/install/robot_action/share/robot_action/cmake/ament_cmake_export_libraries-extras.cmake
[37.364s] -- Up-to-date symlink: /home/hae/robot_ws/src/install/robot_action/share/robot_action/cmake/ament_cmake_export_targets-extras.cmake
[37.365s] -- Up-to-date symlink: /home/hae/robot_ws/src/install/robot_action/share/robot_action/cmake/rosidl_cmake_export_typesupport_targets-extras.cmake
[37.368s] -- Up-to-date symlink: /home/hae/robot_ws/src/install/robot_action/share/robot_action/cmake/rosidl_cmake_export_typesupport_libraries-extras.cmake
[37.369s] -- Up-to-date symlink: /home/hae/robot_ws/src/install/robot_action/share/robot_action/cmake/robot_actionConfig.cmake
[37.370s] -- Up-to-date symlink: /home/hae/robot_ws/src/install/robot_action/share/robot_action/cmake/robot_actionConfig-version.cmake
[37.370s] -- Up-to-date symlink: /home/hae/robot_ws/src/install/robot_action/share/robot_action/package.xml
[37.372s] -- Installing: /home/hae/robot_ws/src/install/robot_action/lib/librobot_action__rosidl_generator_c.so
[37.376s] -- Set runtime path of "/home/hae/robot_ws/src/install/robot_action/lib/librobot_action__rosidl_generator_c.so" to ""
[37.377s] -- Installing: /home/hae/robot_ws/src/install/robot_action/lib/librobot_action__rosidl_typesupport_fastrtps_c.so
[37.381s] -- Set runtime path of "/home/hae/robot_ws/src/install/robot_action/lib/librobot_action__rosidl_typesupport_fastrtps_c.so" to ""
[37.383s] -- Installing: /home/hae/robot_ws/src/install/robot_action/lib/librobot_action__rosidl_typesupport_introspection_c.so
[37.386s] -- Set runtime path of "/home/hae/robot_ws/src/install/robot_action/lib/librobot_action__rosidl_typesupport_introspection_c.so" to ""
[37.387s] -- Installing: /home/hae/robot_ws/src/install/robot_action/lib/librobot_action__rosidl_typesupport_c.so
[37.391s] -- Set runtime path of "/home/hae/robot_ws/src/install/robot_action/lib/librobot_action__rosidl_typesupport_c.so" to ""
[37.392s] -- Installing: /home/hae/robot_ws/src/install/robot_action/lib/librobot_action__rosidl_typesupport_fastrtps_cpp.so
[37.397s] -- Set runtime path of "/home/hae/robot_ws/src/install/robot_action/lib/librobot_action__rosidl_typesupport_fastrtps_cpp.so" to ""
[37.398s] -- Installing: /home/hae/robot_ws/src/install/robot_action/lib/librobot_action__rosidl_typesupport_introspection_cpp.so
[37.403s] -- Set runtime path of "/home/hae/robot_ws/src/install/robot_action/lib/librobot_action__rosidl_typesupport_introspection_cpp.so" to ""
[37.404s] -- Installing: /home/hae/robot_ws/src/install/robot_action/lib/librobot_action__rosidl_typesupport_cpp.so
[37.408s] -- Set runtime path of "/home/hae/robot_ws/src/install/robot_action/lib/librobot_action__rosidl_typesupport_cpp.so" to ""
[37.625s] Listing '/home/hae/robot_ws/src/install/robot_action/local/lib/python3.10/dist-packages/robot_action'...
[37.627s] Compiling '/home/hae/robot_ws/src/install/robot_action/local/lib/python3.10/dist-packages/robot_action/__init__.py'...
[37.628s] Listing '/home/hae/robot_ws/src/install/robot_action/local/lib/python3.10/dist-packages/robot_action/action'...
[37.630s] Compiling '/home/hae/robot_ws/src/install/robot_action/local/lib/python3.10/dist-packages/robot_action/action/__init__.py'...
[37.631s] Compiling '/home/hae/robot_ws/src/install/robot_action/local/lib/python3.10/dist-packages/robot_action/action/_move.py'...
[37.632s] Compiling '/home/hae/robot_ws/src/install/robot_action/local/lib/python3.10/dist-packages/robot_action/action/_test.py'...
[37.655s] -- Installing: /home/hae/robot_ws/src/install/robot_action/lib/librobot_action__rosidl_generator_py.so
[37.659s] -- Set runtime path of "/home/hae/robot_ws/src/install/robot_action/lib/librobot_action__rosidl_generator_py.so" to ""
[37.660s] -- Up-to-date: /home/hae/robot_ws/src/install/robot_action/share/robot_action/cmake/export_robot_action__rosidl_generator_cExport.cmake
[37.661s] -- Up-to-date: /home/hae/robot_ws/src/install/robot_action/share/robot_action/cmake/export_robot_action__rosidl_generator_cExport-noconfig.cmake
[37.667s] -- Up-to-date: /home/hae/robot_ws/src/install/robot_action/share/robot_action/cmake/export_robot_action__rosidl_typesupport_fastrtps_cExport.cmake
[37.668s] -- Up-to-date: /home/hae/robot_ws/src/install/robot_action/share/robot_action/cmake/export_robot_action__rosidl_typesupport_fastrtps_cExport-noconfig.cmake
[37.669s] -- Up-to-date: /home/hae/robot_ws/src/install/robot_action/share/robot_action/cmake/robot_action__rosidl_typesupport_introspection_cExport.cmake
[37.670s] -- Up-to-date: /home/hae/robot_ws/src/install/robot_action/share/robot_action/cmake/robot_action__rosidl_typesupport_introspection_cExport-noconfig.cmake
[37.671s] -- Up-to-date: /home/hae/robot_ws/src/install/robot_action/share/robot_action/cmake/robot_action__rosidl_typesupport_cExport.cmake
[37.671s] -- Up-to-date: /home/hae/robot_ws/src/install/robot_action/share/robot_action/cmake/robot_action__rosidl_typesupport_cExport-noconfig.cmake
[37.672s] -- Up-to-date: /home/hae/robot_ws/src/install/robot_action/share/robot_action/cmake/export_robot_action__rosidl_generator_cppExport.cmake
[37.673s] -- Up-to-date: /home/hae/robot_ws/src/install/robot_action/share/robot_action/cmake/export_robot_action__rosidl_typesupport_fastrtps_cppExport.cmake
[37.674s] -- Up-to-date: /home/hae/robot_ws/src/install/robot_action/share/robot_action/cmake/export_robot_action__rosidl_typesupport_fastrtps_cppExport-noconfig.cmake
[37.675s] -- Up-to-date: /home/hae/robot_ws/src/install/robot_action/share/robot_action/cmake/robot_action__rosidl_typesupport_introspection_cppExport.cmake
[37.675s] -- Up-to-date: /home/hae/robot_ws/src/install/robot_action/share/robot_action/cmake/robot_action__rosidl_typesupport_introspection_cppExport-noconfig.cmake
[37.676s] -- Up-to-date: /home/hae/robot_ws/src/install/robot_action/share/robot_action/cmake/robot_action__rosidl_typesupport_cppExport.cmake
[37.677s] -- Up-to-date: /home/hae/robot_ws/src/install/robot_action/share/robot_action/cmake/robot_action__rosidl_typesupport_cppExport-noconfig.cmake
[37.678s] -- Up-to-date: /home/hae/robot_ws/src/install/robot_action/share/robot_action/cmake/export_robot_action__rosidl_generator_pyExport.cmake
[37.678s] -- Up-to-date: /home/hae/robot_ws/src/install/robot_action/share/robot_action/cmake/export_robot_action__rosidl_generator_pyExport-noconfig.cmake
[37.692s] Invoked command in '/home/hae/robot_ws/src/build/robot_action' returned '0': CMAKE_PREFIX_PATH=/opt/ros/humble /usr/bin/cmake --install /home/hae/robot_ws/src/build/robot_action
