[0.058s] Invoking command in '/home/hae/robot_ws/src/build/robot_grid_pkg': CMAKE_PREFIX_PATH=/opt/ros/humble /usr/bin/cmake /home/hae/robot_ws/src/robot_grid_pkg -DAMENT_CMAKE_SYMLINK_INSTALL=1 -DCMAKE_INSTALL_PREFIX=/home/hae/robot_ws/src/install/robot_grid_pkg
[0.694s] -- The C compiler identification is GNU 11.4.0
[1.234s] -- The CXX compiler identification is GNU 11.4.0
[1.292s] -- Detecting C compiler ABI info
[1.744s] -- Detecting C compiler ABI info - done
[1.782s] -- Check for working C compiler: /usr/bin/cc - skipped
[1.787s] -- Detecting C compile features
[1.790s] -- Detecting C compile features - done
[1.821s] -- Detecting CXX compiler ABI info
[2.256s] -- Detecting CXX compiler ABI info - done
[2.287s] -- Check for working CXX compiler: /usr/bin/c++ - skipped
[2.289s] -- Detecting CXX compile features
[2.292s] -- Detecting CXX compile features - done
[2.329s] -- Found ament_cmake: 1.3.9 (/opt/ros/humble/share/ament_cmake/cmake)
[3.402s] -- Found Python3: /usr/bin/python3 (found version "3.10.12") found components: Interpreter 
[3.823s] -- Override CMake install command with custom implementation using symlinks instead of copying resources
[4.178s] -- Found rclcpp: 16.0.9 (/opt/ros/humble/share/rclcpp/cmake)
[4.653s] -- Found rosidl_generator_c: 3.1.5 (/opt/ros/humble/share/rosidl_generator_c/cmake)
[4.709s] -- Found rosidl_adapter: 3.1.5 (/opt/ros/humble/share/rosidl_adapter/cmake)
[4.793s] -- Found rosidl_generator_cpp: 3.1.5 (/opt/ros/humble/share/rosidl_generator_cpp/cmake)
[4.912s] -- Using all available rosidl_typesupport_c: rosidl_typesupport_fastrtps_c;rosidl_typesupport_introspection_c
[5.077s] -- Using all available rosidl_typesupport_cpp: rosidl_typesupport_fastrtps_cpp;rosidl_typesupport_introspection_cpp
[5.587s] -- Found rmw_implementation_cmake: 6.1.2 (/opt/ros/humble/share/rmw_implementation_cmake/cmake)
[5.617s] -- Found rmw_fastrtps_cpp: 6.2.6 (/opt/ros/humble/share/rmw_fastrtps_cpp/cmake)
[6.362s] -- Found OpenSSL: /usr/lib/aarch64-linux-gnu/libcrypto.so (found version "3.0.2")  
[6.673s] -- Found FastRTPS: /opt/ros/humble/include  
[7.190s] -- Using RMW implementation 'rmw_fastrtps_cpp' as default
[7.296s] -- Looking for pthread.h
[7.705s] -- Looking for pthread.h - found
[7.708s] -- Performing Test CMAKE_HAVE_LIBC_PTHREAD
[8.140s] -- Performing Test CMAKE_HAVE_LIBC_PTHREAD - Success
[8.147s] -- Found Threads: TRUE  
[9.549s] -- Found nav_msgs: 4.2.4 (/opt/ros/humble/share/nav_msgs/cmake)
[10.486s] -- Found ament_lint_auto: 0.12.11 (/opt/ros/humble/share/ament_lint_auto/cmake)
[11.085s] -- Added test 'cppcheck' to perform static code analysis on C / C++ code
[11.086s] -- Configured cppcheck include dirs: 
[11.087s] -- Configured cppcheck exclude dirs and/or files: 
[11.092s] -- Added test 'lint_cmake' to check CMake code style
[11.101s] -- Added test 'uncrustify' to check C / C++ code style
[11.102s] -- Configured uncrustify additional arguments: 
[11.105s] -- Added test 'xmllint' to check XML markup files
[11.118s] -- Configuring done
[11.170s] -- Generating done
[11.179s] -- Build files have been written to: /home/hae/robot_ws/src/build/robot_grid_pkg
[11.224s] Invoked command in '/home/hae/robot_ws/src/build/robot_grid_pkg' returned '0': CMAKE_PREFIX_PATH=/opt/ros/humble /usr/bin/cmake /home/hae/robot_ws/src/robot_grid_pkg -DAMENT_CMAKE_SYMLINK_INSTALL=1 -DCMAKE_INSTALL_PREFIX=/home/hae/robot_ws/src/install/robot_grid_pkg
[11.235s] Invoking command in '/home/hae/robot_ws/src/build/robot_grid_pkg': CMAKE_PREFIX_PATH=/opt/ros/humble /usr/bin/cmake --build /home/hae/robot_ws/src/build/robot_grid_pkg -- -j4 -l4
[11.436s] Invoked command in '/home/hae/robot_ws/src/build/robot_grid_pkg' returned '0': CMAKE_PREFIX_PATH=/opt/ros/humble /usr/bin/cmake --build /home/hae/robot_ws/src/build/robot_grid_pkg -- -j4 -l4
[11.634s] Invoking command in '/home/hae/robot_ws/src/build/robot_grid_pkg': CMAKE_PREFIX_PATH=/opt/ros/humble /usr/bin/cmake --install /home/hae/robot_ws/src/build/robot_grid_pkg
[11.683s] -- Install configuration: ""
[11.685s] -- Execute custom install script
[11.690s] -- Symlinking: /home/hae/robot_ws/src/install/robot_grid_pkg/share/ament_index/resource_index/package_run_dependencies/robot_grid_pkg
[11.737s] -- Symlinking: /home/hae/robot_ws/src/install/robot_grid_pkg/share/ament_index/resource_index/parent_prefix_path/robot_grid_pkg
[11.785s] -- Symlinking: /home/hae/robot_ws/src/install/robot_grid_pkg/share/robot_grid_pkg/environment/ament_prefix_path.sh
[11.835s] -- Symlinking: /home/hae/robot_ws/src/install/robot_grid_pkg/share/robot_grid_pkg/environment/ament_prefix_path.dsv
[11.882s] -- Symlinking: /home/hae/robot_ws/src/install/robot_grid_pkg/share/robot_grid_pkg/environment/path.sh
[11.922s] -- Symlinking: /home/hae/robot_ws/src/install/robot_grid_pkg/share/robot_grid_pkg/environment/path.dsv
[11.966s] -- Symlinking: /home/hae/robot_ws/src/install/robot_grid_pkg/share/robot_grid_pkg/local_setup.bash
[12.011s] -- Symlinking: /home/hae/robot_ws/src/install/robot_grid_pkg/share/robot_grid_pkg/local_setup.sh
[12.057s] -- Symlinking: /home/hae/robot_ws/src/install/robot_grid_pkg/share/robot_grid_pkg/local_setup.zsh
[12.097s] -- Symlinking: /home/hae/robot_ws/src/install/robot_grid_pkg/share/robot_grid_pkg/local_setup.dsv
[12.134s] -- Symlinking: /home/hae/robot_ws/src/install/robot_grid_pkg/share/robot_grid_pkg/package.dsv
[12.175s] -- Symlinking: /home/hae/robot_ws/src/install/robot_grid_pkg/share/ament_index/resource_index/packages/robot_grid_pkg
[12.220s] -- Symlinking: /home/hae/robot_ws/src/install/robot_grid_pkg/share/robot_grid_pkg/cmake/robot_grid_pkgConfig.cmake
[12.262s] -- Symlinking: /home/hae/robot_ws/src/install/robot_grid_pkg/share/robot_grid_pkg/cmake/robot_grid_pkgConfig-version.cmake
[12.297s] -- Symlinking: /home/hae/robot_ws/src/install/robot_grid_pkg/share/robot_grid_pkg/package.xml
[12.341s] Invoked command in '/home/hae/robot_ws/src/build/robot_grid_pkg' returned '0': CMAKE_PREFIX_PATH=/opt/ros/humble /usr/bin/cmake --install /home/hae/robot_ws/src/build/robot_grid_pkg
