[0.065s] Invoking command in '/home/hae/robot_ws/src/build/cgps_pkg': CMAKE_PREFIX_PATH=${CMAKE_PREFIX_PATH}:/opt/ros/humble /usr/bin/cmake --build /home/hae/robot_ws/src/build/cgps_pkg -- -j4 -l4
[0.164s] -- Found ament_cmake: 1.3.9 (/opt/ros/humble/share/ament_cmake/cmake)
[0.773s] -- Override CMake install command with custom implementation using symlinks instead of copying resources
[0.807s] -- Found rclcpp: 16.0.9 (/opt/ros/humble/share/rclcpp/cmake)
[0.980s] -- Found rosidl_generator_c: 3.1.5 (/opt/ros/humble/share/rosidl_generator_c/cmake)
[0.991s] -- Found rosidl_adapter: 3.1.5 (/opt/ros/humble/share/rosidl_adapter/cmake)
[1.016s] -- Found rosidl_generator_cpp: 3.1.5 (/opt/ros/humble/share/rosidl_generator_cpp/cmake)
[1.062s] -- Using all available rosidl_typesupport_c: rosidl_typesupport_fastrtps_c;rosidl_typesupport_introspection_c
[1.126s] -- Using all available rosidl_typesupport_cpp: rosidl_typesupport_fastrtps_cpp;rosidl_typesupport_introspection_cpp
[1.351s] -- Found rmw_implementation_cmake: 6.1.2 (/opt/ros/humble/share/rmw_implementation_cmake/cmake)
[1.357s] -- Found rmw_fastrtps_cpp: 6.2.6 (/opt/ros/humble/share/rmw_fastrtps_cpp/cmake)
[2.361s] -- Using RMW implementation 'rmw_fastrtps_cpp' as default
[2.953s] -- Found sensor_msgs: 4.2.4 (/opt/ros/humble/share/sensor_msgs/cmake)
[4.035s] -- Configuring done
[4.092s] -- Generating done
[4.102s] -- Build files have been written to: /home/hae/robot_ws/src/build/cgps_pkg
[4.212s] [35m[1mConsolidate compiler generated dependencies of target gps_node[0m
[4.281s] [ 50%] [32mBuilding CXX object CMakeFiles/gps_node.dir/src/gps.cpp.o[0m
[22.293s] [100%] [32m[1mLinking CXX executable gps_node[0m
[23.449s] [100%] Built target gps_node
[23.492s] Invoked command in '/home/hae/robot_ws/src/build/cgps_pkg' returned '0': CMAKE_PREFIX_PATH=${CMAKE_PREFIX_PATH}:/opt/ros/humble /usr/bin/cmake --build /home/hae/robot_ws/src/build/cgps_pkg -- -j4 -l4
[23.668s] Invoking command in '/home/hae/robot_ws/src/build/cgps_pkg': CMAKE_PREFIX_PATH=${CMAKE_PREFIX_PATH}:/opt/ros/humble /usr/bin/cmake --install /home/hae/robot_ws/src/build/cgps_pkg
[23.700s] -- Install configuration: ""
[23.702s] -- Execute custom install script
[23.704s] -- Up-to-date symlink: /home/hae/robot_ws/src/install/cgps_pkg/lib/cgps_pkg/gps_node
[23.706s] -- Up-to-date symlink: /home/hae/robot_ws/src/install/cgps_pkg/share/ament_index/resource_index/package_run_dependencies/cgps_pkg
[23.706s] -- Up-to-date symlink: /home/hae/robot_ws/src/install/cgps_pkg/share/ament_index/resource_index/parent_prefix_path/cgps_pkg
[23.707s] -- Up-to-date symlink: /home/hae/robot_ws/src/install/cgps_pkg/share/cgps_pkg/environment/ament_prefix_path.sh
[23.709s] -- Up-to-date symlink: /home/hae/robot_ws/src/install/cgps_pkg/share/cgps_pkg/environment/ament_prefix_path.dsv
[23.711s] -- Up-to-date symlink: /home/hae/robot_ws/src/install/cgps_pkg/share/cgps_pkg/environment/path.sh
[23.712s] -- Up-to-date symlink: /home/hae/robot_ws/src/install/cgps_pkg/share/cgps_pkg/environment/path.dsv
[23.713s] -- Up-to-date symlink: /home/hae/robot_ws/src/install/cgps_pkg/share/cgps_pkg/local_setup.bash
[23.713s] -- Up-to-date symlink: /home/hae/robot_ws/src/install/cgps_pkg/share/cgps_pkg/local_setup.sh
[23.714s] -- Up-to-date symlink: /home/hae/robot_ws/src/install/cgps_pkg/share/cgps_pkg/local_setup.zsh
[23.715s] -- Up-to-date symlink: /home/hae/robot_ws/src/install/cgps_pkg/share/cgps_pkg/local_setup.dsv
[23.716s] -- Symlinking: /home/hae/robot_ws/src/install/cgps_pkg/share/cgps_pkg/package.dsv
[23.752s] -- Up-to-date symlink: /home/hae/robot_ws/src/install/cgps_pkg/share/ament_index/resource_index/packages/cgps_pkg
[23.753s] -- Up-to-date symlink: /home/hae/robot_ws/src/install/cgps_pkg/share/cgps_pkg/cmake/cgps_pkgConfig.cmake
[23.755s] -- Up-to-date symlink: /home/hae/robot_ws/src/install/cgps_pkg/share/cgps_pkg/cmake/cgps_pkgConfig-version.cmake
[23.756s] -- Up-to-date symlink: /home/hae/robot_ws/src/install/cgps_pkg/share/cgps_pkg/package.xml
[23.762s] Invoked command in '/home/hae/robot_ws/src/build/cgps_pkg' returned '0': CMAKE_PREFIX_PATH=${CMAKE_PREFIX_PATH}:/opt/ros/humble /usr/bin/cmake --install /home/hae/robot_ws/src/build/cgps_pkg
