[0.047s] Invoking command in '/home/hae/robot_ws/src/build/cgps_pkg': CMAKE_PREFIX_PATH=${CMAKE_PREFIX_PATH}:/opt/ros/humble /usr/bin/cmake /home/hae/robot_ws/src/cgps_pkg -DAMENT_CMAKE_SYMLINK_INSTALL=1 -DCMAKE_INSTALL_PREFIX=/home/hae/robot_ws/src/install/cgps_pkg
[0.760s] -- The C compiler identification is GNU 11.4.0
[1.308s] -- The CXX compiler identification is GNU 11.4.0
[1.362s] -- Detecting C compiler ABI info
[1.815s] -- Detecting C compiler ABI info - done
[1.857s] -- Check for working C compiler: /usr/bin/cc - skipped
[1.861s] -- Detecting C compile features
[1.866s] -- Detecting C compile features - done
[1.884s] -- Detecting CXX compiler ABI info
[2.331s] -- Detecting CXX compiler ABI info - done
[2.362s] -- Check for working CXX compiler: /usr/bin/c++ - skipped
[2.363s] -- Detecting CXX compile features
[2.365s] -- Detecting CXX compile features - done
[2.407s] -- Found ament_cmake: 1.3.9 (/opt/ros/humble/share/ament_cmake/cmake)
[3.427s] -- Found Python3: /usr/bin/python3 (found version "3.10.12") found components: Interpreter 
[3.823s] -- Override CMake install command with custom implementation using symlinks instead of copying resources
[4.427s] [31mCMake Error at CMakeLists.txt:10 (find_package):
[4.427s]   By not providing "Findiostream.cmake" in CMAKE_MODULE_PATH this project has
[4.428s]   asked CMake to find a package configuration file provided by "iostream",
[4.428s]   but CMake did not find one.
[4.429s] 
[4.430s]   Could not find a package configuration file provided by "iostream" with any
[4.431s]   of the following names:
[4.432s] 
[4.434s]     iostreamConfig.cmake
[4.435s]     iostream-config.cmake
[4.448s] 
[4.453s]   Add the installation prefix of "iostream" to CMAKE_PREFIX_PATH or set
[4.456s]   "iostream_DIR" to a directory containing one of the above files.  If
[4.460s]   "iostream" provides a separate development package or SDK, be sure it has
[4.464s]   been installed.
[4.465s] 
[4.466s] [0m
[4.467s] -- Configuring incomplete, errors occurred!
[4.479s] See also "/home/hae/robot_ws/src/build/cgps_pkg/CMakeFiles/CMakeOutput.log".
[4.481s] Invoked command in '/home/hae/robot_ws/src/build/cgps_pkg' returned '1': CMAKE_PREFIX_PATH=${CMAKE_PREFIX_PATH}:/opt/ros/humble /usr/bin/cmake /home/hae/robot_ws/src/cgps_pkg -DAMENT_CMAKE_SYMLINK_INSTALL=1 -DCMAKE_INSTALL_PREFIX=/home/hae/robot_ws/src/install/cgps_pkg
