[0.094s] Invoking command in '/home/hae/robot_ws/src/build/robot_go_pkg': AMENT_PREFIX_PATH=/home/hae/robot_ws/src/install/robot_action:${AMENT_PREFIX_PATH} CMAKE_PREFIX_PATH=/home/hae/robot_ws/src/install/robot_action:/opt/ros/humble LD_LIBRARY_PATH=/home/hae/robot_ws/src/install/robot_action/lib:${LD_LIBRARY_PATH} PYTHONPATH=/home/hae/robot_ws/src/install/robot_action/local/lib/python3.10/dist-packages:${PYTHONPATH} /usr/bin/cmake --build /home/hae/robot_ws/src/build/robot_go_pkg -- -j4 -l4
[0.615s] [35m[1mConsolidate compiler generated dependencies of target go_node[0m
[0.782s] [ 33%] Built target cli_node
[0.784s] [ 50%] [32mBuilding CXX object CMakeFiles/go_node.dir/src/go.cpp.o[0m
[0.786s] [ 83%] Built target scan_node
[48.927s] [100%] [32m[1mLinking CXX executable go_node[0m
[52.331s] [100%] Built target go_node
[52.370s] Invoked command in '/home/hae/robot_ws/src/build/robot_go_pkg' returned '0': AMENT_PREFIX_PATH=/home/hae/robot_ws/src/install/robot_action:${AMENT_PREFIX_PATH} CMAKE_PREFIX_PATH=/home/hae/robot_ws/src/install/robot_action:/opt/ros/humble LD_LIBRARY_PATH=/home/hae/robot_ws/src/install/robot_action/lib:${LD_LIBRARY_PATH} PYTHONPATH=/home/hae/robot_ws/src/install/robot_action/local/lib/python3.10/dist-packages:${PYTHONPATH} /usr/bin/cmake --build /home/hae/robot_ws/src/build/robot_go_pkg -- -j4 -l4
[52.551s] Invoking command in '/home/hae/robot_ws/src/build/robot_go_pkg': AMENT_PREFIX_PATH=/home/hae/robot_ws/src/install/robot_action:${AMENT_PREFIX_PATH} CMAKE_PREFIX_PATH=/home/hae/robot_ws/src/install/robot_action:/opt/ros/humble LD_LIBRARY_PATH=/home/hae/robot_ws/src/install/robot_action/lib:${LD_LIBRARY_PATH} PYTHONPATH=/home/hae/robot_ws/src/install/robot_action/local/lib/python3.10/dist-packages:${PYTHONPATH} /usr/bin/cmake --install /home/hae/robot_ws/src/build/robot_go_pkg
[52.579s] -- Install configuration: ""
[52.583s] -- Execute custom install script
[52.587s] -- Up-to-date symlink: /home/hae/robot_ws/src/install/robot_go_pkg/lib/robot_go_pkg/scan_node
[52.588s] -- Up-to-date symlink: /home/hae/robot_ws/src/install/robot_go_pkg/lib/robot_go_pkg/go_node
[52.589s] -- Up-to-date symlink: /home/hae/robot_ws/src/install/robot_go_pkg/lib/robot_go_pkg/cli_node
[52.593s] -- Up-to-date symlink: /home/hae/robot_ws/src/install/robot_go_pkg/share/ament_index/resource_index/package_run_dependencies/robot_go_pkg
[52.595s] -- Up-to-date symlink: /home/hae/robot_ws/src/install/robot_go_pkg/share/ament_index/resource_index/parent_prefix_path/robot_go_pkg
[52.598s] -- Up-to-date symlink: /home/hae/robot_ws/src/install/robot_go_pkg/share/robot_go_pkg/environment/ament_prefix_path.sh
[52.599s] -- Up-to-date symlink: /home/hae/robot_ws/src/install/robot_go_pkg/share/robot_go_pkg/environment/ament_prefix_path.dsv
[52.601s] -- Up-to-date symlink: /home/hae/robot_ws/src/install/robot_go_pkg/share/robot_go_pkg/environment/path.sh
[52.603s] -- Up-to-date symlink: /home/hae/robot_ws/src/install/robot_go_pkg/share/robot_go_pkg/environment/path.dsv
[52.604s] -- Up-to-date symlink: /home/hae/robot_ws/src/install/robot_go_pkg/share/robot_go_pkg/local_setup.bash
[52.606s] -- Up-to-date symlink: /home/hae/robot_ws/src/install/robot_go_pkg/share/robot_go_pkg/local_setup.sh
[52.607s] -- Up-to-date symlink: /home/hae/robot_ws/src/install/robot_go_pkg/share/robot_go_pkg/local_setup.zsh
[52.609s] -- Up-to-date symlink: /home/hae/robot_ws/src/install/robot_go_pkg/share/robot_go_pkg/local_setup.dsv
[52.610s] -- Symlinking: /home/hae/robot_ws/src/install/robot_go_pkg/share/robot_go_pkg/package.dsv
[52.646s] -- Up-to-date symlink: /home/hae/robot_ws/src/install/robot_go_pkg/share/ament_index/resource_index/packages/robot_go_pkg
[52.648s] -- Up-to-date symlink: /home/hae/robot_ws/src/install/robot_go_pkg/share/robot_go_pkg/cmake/robot_go_pkgConfig.cmake
[52.649s] -- Up-to-date symlink: /home/hae/robot_ws/src/install/robot_go_pkg/share/robot_go_pkg/cmake/robot_go_pkgConfig-version.cmake
[52.650s] -- Up-to-date symlink: /home/hae/robot_ws/src/install/robot_go_pkg/share/robot_go_pkg/package.xml
[52.659s] Invoked command in '/home/hae/robot_ws/src/build/robot_go_pkg' returned '0': AMENT_PREFIX_PATH=/home/hae/robot_ws/src/install/robot_action:${AMENT_PREFIX_PATH} CMAKE_PREFIX_PATH=/home/hae/robot_ws/src/install/robot_action:/opt/ros/humble LD_LIBRARY_PATH=/home/hae/robot_ws/src/install/robot_action/lib:${LD_LIBRARY_PATH} PYTHONPATH=/home/hae/robot_ws/src/install/robot_action/local/lib/python3.10/dist-packages:${PYTHONPATH} /usr/bin/cmake --install /home/hae/robot_ws/src/build/robot_go_pkg
