[0.054s] Invoking command in '/home/hae/robot_ws/src/build/robot_action_pkg': CMAKE_PREFIX_PATH=${CMAKE_PREFIX_PATH}:/opt/ros/humble /usr/bin/cmake /home/hae/robot_ws/src/robot_action_pkg -DAMENT_CMAKE_SYMLINK_INSTALL=1 -DCMAKE_INSTALL_PREFIX=/home/hae/robot_ws/src/install/robot_action_pkg
[0.518s] -- The C compiler identification is GNU 11.4.0
[0.773s] -- The CXX compiler identification is GNU 11.4.0
[0.809s] -- Detecting C compiler ABI info
[1.144s] -- Detecting C compiler ABI info - done
[1.170s] -- Check for working C compiler: /usr/bin/cc - skipped
[1.173s] -- Detecting C compile features
[1.176s] -- Detecting C compile features - done
[1.188s] -- Detecting CXX compiler ABI info
[1.537s] -- Detecting CXX compiler ABI info - done
[1.564s] -- Check for working CXX compiler: /usr/bin/c++ - skipped
[1.565s] -- Detecting CXX compile features
[1.567s] -- Detecting CXX compile features - done
[1.594s] -- Found ament_cmake: 1.3.9 (/opt/ros/humble/share/ament_cmake/cmake)
[2.309s] -- Found Python3: /usr/bin/python3 (found version "3.10.12") found components: Interpreter 
[2.579s] -- Override CMake install command with custom implementation using symlinks instead of copying resources
[2.866s] -- Found rclcpp: 16.0.9 (/opt/ros/humble/share/rclcpp/cmake)
[3.219s] -- Found rosidl_generator_c: 3.1.5 (/opt/ros/humble/share/rosidl_generator_c/cmake)
[3.266s] -- Found rosidl_adapter: 3.1.5 (/opt/ros/humble/share/rosidl_adapter/cmake)
[3.324s] -- Found rosidl_generator_cpp: 3.1.5 (/opt/ros/humble/share/rosidl_generator_cpp/cmake)
[3.407s] -- Using all available rosidl_typesupport_c: rosidl_typesupport_fastrtps_c;rosidl_typesupport_introspection_c
[3.524s] -- Using all available rosidl_typesupport_cpp: rosidl_typesupport_fastrtps_cpp;rosidl_typesupport_introspection_cpp
[3.919s] -- Found rmw_implementation_cmake: 6.1.2 (/opt/ros/humble/share/rmw_implementation_cmake/cmake)
[3.943s] -- Found rmw_fastrtps_cpp: 6.2.6 (/opt/ros/humble/share/rmw_fastrtps_cpp/cmake)
[4.552s] -- Found OpenSSL: /usr/lib/aarch64-linux-gnu/libcrypto.so (found version "3.0.2")  
[4.802s] -- Found FastRTPS: /opt/ros/humble/include  
[5.231s] -- Using RMW implementation 'rmw_fastrtps_cpp' as default
[5.309s] -- Looking for pthread.h
[5.627s] -- Looking for pthread.h - found
[5.629s] -- Performing Test CMAKE_HAVE_LIBC_PTHREAD
[5.957s] -- Performing Test CMAKE_HAVE_LIBC_PTHREAD - Success
[5.962s] -- Found Threads: TRUE  
[6.646s] -- Found action_msgs: 1.2.1 (/opt/ros/humble/share/action_msgs/cmake)
[6.991s] -- Found rclcpp_action: 16.0.9 (/opt/ros/humble/share/rclcpp_action/cmake)
[7.965s] [31mCMake Error at /opt/ros/humble/share/rosidl_cmake/cmake/rosidl_generate_interfaces.cmake:229 (message):
[7.966s]   Packages installing interfaces must include
[7.966s]   '<member_of_group>rosidl_interface_packages</member_of_group>' in their
[7.967s]   package.xml
[7.967s] Call Stack (most recent call first):
[7.968s]   CMakeLists.txt:16 (rosidl_generate_interfaces)
[7.968s] 
[7.969s] [0m
[7.969s] -- Configuring incomplete, errors occurred!
[7.969s] See also "/home/hae/robot_ws/src/build/robot_action_pkg/CMakeFiles/CMakeOutput.log".
[8.010s] Invoked command in '/home/hae/robot_ws/src/build/robot_action_pkg' returned '1': CMAKE_PREFIX_PATH=${CMAKE_PREFIX_PATH}:/opt/ros/humble /usr/bin/cmake /home/hae/robot_ws/src/robot_action_pkg -DAMENT_CMAKE_SYMLINK_INSTALL=1 -DCMAKE_INSTALL_PREFIX=/home/hae/robot_ws/src/install/robot_action_pkg
