[0.054s] Invoking command in '/home/hae/robot_ws/src/build/robot_grid_pkg': CMAKE_PREFIX_PATH=/opt/ros/humble /usr/bin/cmake --build /home/hae/robot_ws/src/build/robot_grid_pkg -- -j4 -l4
[0.226s] [35m[1mConsolidate compiler generated dependencies of target grid_node[0m
[0.317s] [ 50%] [32mBuilding CXX object CMakeFiles/grid_node.dir/src/grid.cpp.o[0m
[12.747s] [01m[K/home/hae/robot_ws/src/robot_grid_pkg/src/grid.cpp:[m[K In member function ‘[01m[Kvoid TurtlebotController::move_robot()[m[K’:
[12.748s] [01m[K/home/hae/robot_ws/src/robot_grid_pkg/src/grid.cpp:94:38:[m[K [01;31m[Kerror: [m[K‘[01m[Ki[m[K’ was not declared in this scope
[12.749s]    94 |                     block = setPoint[[01;31m[Ki[m[K][1] - setPoint[i+1][1];
[12.749s]       |                                      [01;31m[K^[m[K
[12.769s] [01m[K/home/hae/robot_ws/src/robot_grid_pkg/src/grid.cpp:97:38:[m[K [01;31m[Kerror: [m[K‘[01m[Ki[m[K’ was not declared in this scope
[12.769s]    97 |                     block = setPoint[[01;31m[Ki[m[K+1][1] - setPoint[i][1];
[12.770s]       |                                      [01;31m[K^[m[K
[12.771s] [01m[K/home/hae/robot_ws/src/robot_grid_pkg/src/grid.cpp:102:38:[m[K [01;35m[Kwarning: [m[Kcomparison of integer expressions of different signedness: ‘[01m[Kstd::vector<std::vector<int> >::size_type[m[K’ {aka ‘[01m[Klong unsigned int[m[K’} and ‘[01m[Kint[m[K’ [[01;35m[K]8;;https://gcc.gnu.org/onlinedocs/gcc/Warning-Options.html#index-Wsign-compare-Wsign-compare]8;;[m[K]
[12.772s]   102 |         for(int i=2;[01;35m[KsetPoint.size()-1>i[m[K;i++ ){
[12.773s]       |                     [01;35m[K~~~~~~~~~~~~~~~~~^~[m[K
[12.791s] [01m[K/home/hae/robot_ws/src/robot_grid_pkg/src/grid.cpp:120:38:[m[K [01;31m[Kerror: [m[K‘[01m[Ki[m[K’ was not declared in this scope
[12.792s]   120 |                     block = setPoint[[01;31m[Ki[m[K][1] - setPoint[i+1][1];
[12.792s]       |                                      [01;31m[K^[m[K
[12.809s] [01m[K/home/hae/robot_ws/src/robot_grid_pkg/src/grid.cpp:123:38:[m[K [01;31m[Kerror: [m[K‘[01m[Ki[m[K’ was not declared in this scope
[12.809s]   123 |                     block = setPoint[[01;31m[Ki[m[K+1][1] - setPoint[i][1];
[12.810s]       |                                      [01;31m[K^[m[K
[12.814s] [01m[K/home/hae/robot_ws/src/robot_grid_pkg/src/grid.cpp:[m[K In member function ‘[01m[Kvoid TurtlebotController::right_course(int, int)[m[K’:
[12.815s] [01m[K/home/hae/robot_ws/src/robot_grid_pkg/src/grid.cpp:159:9:[m[K [01;31m[Kerror: [m[Kexpected ‘[01m[K;[m[K’ before ‘[01m[Kleft_turn[m[K’
[12.815s]   159 |         [01;31m[Kleft_turn[m[K();
[12.816s]       |         [01;31m[K^~~~~~~~~[m[K
[12.817s] [01m[K/home/hae/robot_ws/src/robot_grid_pkg/src/grid.cpp:[m[K In member function ‘[01m[Kvoid TurtlebotController::left_course(int, int)[m[K’:
[12.817s] [01m[K/home/hae/robot_ws/src/robot_grid_pkg/src/grid.cpp:166:9:[m[K [01;31m[Kerror: [m[Kexpected ‘[01m[K;[m[K’ before ‘[01m[Kright_turn[m[K’
[12.818s]   166 |         [01;31m[Kright_turn[m[K();
[12.818s]       |         [01;31m[K^~~~~~~~~~[m[K
[12.838s] [01m[K/home/hae/robot_ws/src/robot_grid_pkg/src/grid.cpp:[m[K In member function ‘[01m[Kvoid TurtlebotController::left_turn()[m[K’:
[12.838s] [01m[K/home/hae/robot_ws/src/robot_grid_pkg/src/grid.cpp:180:9:[m[K [01;31m[Kerror: [m[K‘[01m[Kmessage[m[K’ was not declared in this scope
[12.839s]   180 |         [01;31m[Kmessage[m[K.angular.z = 3.14 / 4.0; // 왼쪽으로 90도 회전
[12.840s]       |         [01;31m[K^~~~~~~[m[K
[12.840s] [01m[K/home/hae/robot_ws/src/robot_grid_pkg/src/grid.cpp:[m[K In member function ‘[01m[Kbool TurtlebotController::is_turn(const TurtlebotController::Point&, const TurtlebotController::Point&, const TurtlebotController::Point&)[m[K’:
[12.841s] [01m[K/home/hae/robot_ws/src/robot_grid_pkg/src/grid.cpp:212:50:[m[K [01;35m[Kwarning: [m[Kunused parameter ‘[01m[Kcurrent[m[K’ [[01;35m[K]8;;https://gcc.gnu.org/onlinedocs/gcc/Warning-Options.html#index-Wunused-parameter-Wunused-parameter]8;;[m[K]
[12.841s]   212 |     bool is_turn(const Point& prev, [01;35m[Kconst Point& current[m[K, const Point& next) {
[12.842s]       |                                     [01;35m[K~~~~~~~~~~~~~^~~~~~~[m[K
[21.998s] gmake[2]: *** [CMakeFiles/grid_node.dir/build.make:76: CMakeFiles/grid_node.dir/src/grid.cpp.o] Error 1
[21.999s] gmake[1]: *** [CMakeFiles/Makefile2:137: CMakeFiles/grid_node.dir/all] Error 2
[22.000s] gmake: *** [Makefile:146: all] Error 2
[22.006s] Invoked command in '/home/hae/robot_ws/src/build/robot_grid_pkg' returned '2': CMAKE_PREFIX_PATH=/opt/ros/humble /usr/bin/cmake --build /home/hae/robot_ws/src/build/robot_grid_pkg -- -j4 -l4
