[35m[1mConsolidate compiler generated dependencies of target grid_node[0m
[ 50%] [32mBuilding CXX object CMakeFiles/grid_node.dir/src/grid.cpp.o[0m
[01m[K/home/hae/robot_ws/src/robot_grid_pkg/src/grid.cpp:[m[K In member function ‘[01m[Kvoid TurtlebotController::move_robot()[m[K’:
[01m[K/home/hae/robot_ws/src/robot_grid_pkg/src/grid.cpp:102:38:[m[K [01;35m[Kwarning: [m[Kcomparison of integer expressions of different signedness: ‘[01m[Kstd::vector<std::vector<int> >::size_type[m[K’ {aka ‘[01m[Klong unsigned int[m[K’} and ‘[01m[Kint[m[K’ [[01;35m[K]8;;https://gcc.gnu.org/onlinedocs/gcc/Warning-Options.html#index-Wsign-compare-Wsign-compare]8;;[m[K]
  102 |         for(int i=2;[01;35m[KsetPoint.size()-1>i[m[K;i++ ){
      |                     [01;35m[K~~~~~~~~~~~~~~~~~^~[m[K
[01m[K/home/hae/robot_ws/src/robot_grid_pkg/src/grid.cpp:[m[K In member function ‘[01m[Kvoid TurtlebotController::right_course(int, int)[m[K’:
[01m[K/home/hae/robot_ws/src/robot_grid_pkg/src/grid.cpp:159:9:[m[K [01;31m[Kerror: [m[Kexpected ‘[01m[K;[m[K’ before ‘[01m[Kleft_turn[m[K’
  159 |         [01;31m[Kleft_turn[m[K();
      |         [01;31m[K^~~~~~~~~[m[K
[01m[K/home/hae/robot_ws/src/robot_grid_pkg/src/grid.cpp:[m[K In member function ‘[01m[Kvoid TurtlebotController::left_course(int, int)[m[K’:
[01m[K/home/hae/robot_ws/src/robot_grid_pkg/src/grid.cpp:166:9:[m[K [01;31m[Kerror: [m[Kexpected ‘[01m[K;[m[K’ before ‘[01m[Kright_turn[m[K’
  166 |         [01;31m[Kright_turn[m[K();
      |         [01;31m[K^~~~~~~~~~[m[K
[01m[K/home/hae/robot_ws/src/robot_grid_pkg/src/grid.cpp:[m[K In member function ‘[01m[Kvoid TurtlebotController::left_turn()[m[K’:
[01m[K/home/hae/robot_ws/src/robot_grid_pkg/src/grid.cpp:180:9:[m[K [01;31m[Kerror: [m[K‘[01m[Kmessage[m[K’ was not declared in this scope
  180 |         [01;31m[Kmessage[m[K.angular.z = 3.14 / 4.0; // 왼쪽으로 90도 회전
      |         [01;31m[K^~~~~~~[m[K
[01m[K/home/hae/robot_ws/src/robot_grid_pkg/src/grid.cpp:[m[K In member function ‘[01m[Kbool TurtlebotController::is_turn(const TurtlebotController::Point&, const TurtlebotController::Point&, const TurtlebotController::Point&)[m[K’:
[01m[K/home/hae/robot_ws/src/robot_grid_pkg/src/grid.cpp:212:50:[m[K [01;35m[Kwarning: [m[Kunused parameter ‘[01m[Kcurrent[m[K’ [[01;35m[K]8;;https://gcc.gnu.org/onlinedocs/gcc/Warning-Options.html#index-Wunused-parameter-Wunused-parameter]8;;[m[K]
  212 |     bool is_turn(const Point& prev, [01;35m[Kconst Point& current[m[K, const Point& next) {
      |                                     [01;35m[K~~~~~~~~~~~~~^~~~~~~[m[K
gmake[2]: *** [CMakeFiles/grid_node.dir/build.make:76: CMakeFiles/grid_node.dir/src/grid.cpp.o] Error 1
gmake[1]: *** [CMakeFiles/Makefile2:137: CMakeFiles/grid_node.dir/all] Error 2
gmake: *** [Makefile:146: all] Error 2
