[0.053s] Invoking command in '/home/hae/robot_ws/src/build/robot_action_pkg': CMAKE_PREFIX_PATH=${CMAKE_PREFIX_PATH}:/opt/ros/humble /usr/bin/cmake --build /home/hae/robot_ws/src/build/robot_action_pkg -- -j4 -l4
[0.291s] [  3%] Built target robot_action_pkg__cpp
[0.297s] [ 15%] Built target robot_action_pkg__rosidl_generator_c
[0.303s] [ 19%] [32mBuilding CXX object CMakeFiles/action_server.dir/src/action_server.cpp.o[0m
[0.305s] [ 23%] [32mBuilding CXX object CMakeFiles/action_client.dir/src/action_client.cpp.o[0m
[0.402s] [ 34%] Built target robot_action_pkg__rosidl_typesupport_cpp
[0.419s] [ 46%] Built target robot_action_pkg__rosidl_typesupport_fastrtps_cpp
[0.466s] [35m[1mConsolidate compiler generated dependencies of target robot_action_pkg__rosidl_typesupport_c[0m
[0.507s] [ 57%] Built target robot_action_pkg__rosidl_typesupport_introspection_c
[0.521s] [ 69%] Built target robot_action_pkg__rosidl_typesupport_c
[0.556s] [35m[1mConsolidate compiler generated dependencies of target robot_action_pkg__rosidl_typesupport_introspection_cpp[0m
[0.593s] [35m[1mConsolidate compiler generated dependencies of target robot_action_pkg__rosidl_typesupport_fastrtps_c[0m
[0.651s] [ 80%] Built target robot_action_pkg__rosidl_typesupport_introspection_cpp
[0.658s] [ 92%] Built target robot_action_pkg__rosidl_typesupport_fastrtps_c
[0.734s] [ 92%] Built target robot_action_pkg
[1.952s] [01m[K/home/hae/robot_ws/src/robot_action_pkg/src/action_client.cpp:3:10:[m[K [01;31m[Kfatal error: [m[Krobot_action_pkg/action/Move.action: No such file or directory
[1.953s]     3 | #include [01;31m[K<robot_action_pkg/action/Move.action>[m[K
[1.953s]       |          [01;31m[K^~~~~~~~~~~~~~~~~~~~~~~~~~~~~~~~~~~~~[m[K
[1.954s] compilation terminated.
[1.962s] gmake[2]: *** [CMakeFiles/action_client.dir/build.make:76: CMakeFiles/action_client.dir/src/action_client.cpp.o] Error 1
[1.965s] gmake[1]: *** [CMakeFiles/Makefile2:423: CMakeFiles/action_client.dir/all] Error 2
[1.965s] gmake[1]: *** Waiting for unfinished jobs....
[2.015s] [01m[K/home/hae/robot_ws/src/robot_action_pkg/src/action_server.cpp:3:10:[m[K [01;31m[Kfatal error: [m[Krobot_action_pkg/action/Move.acton: No such file or directory
[2.016s]     3 | #include [01;31m[K<robot_action_pkg/action/Move.acton>[m[K
[2.016s]       |          [01;31m[K^~~~~~~~~~~~~~~~~~~~~~~~~~~~~~~~~~~~[m[K
[2.017s] compilation terminated.
[2.025s] gmake[2]: *** [CMakeFiles/action_server.dir/build.make:76: CMakeFiles/action_server.dir/src/action_server.cpp.o] Error 1
[2.026s] gmake[1]: *** [CMakeFiles/Makefile2:397: CMakeFiles/action_server.dir/all] Error 2
[2.027s] gmake: *** [Makefile:146: all] Error 2
[2.033s] Invoked command in '/home/hae/robot_ws/src/build/robot_action_pkg' returned '2': CMAKE_PREFIX_PATH=${CMAKE_PREFIX_PATH}:/opt/ros/humble /usr/bin/cmake --build /home/hae/robot_ws/src/build/robot_action_pkg -- -j4 -l4
