[0.054s] Invoking command in '/home/hae/robot_ws/src/build/robot_action_pkg': CMAKE_PREFIX_PATH=${CMAKE_PREFIX_PATH}:/opt/ros/humble /usr/bin/cmake --build /home/hae/robot_ws/src/build/robot_action_pkg -- -j4 -l4
[0.144s] -- Found ament_cmake: 1.3.9 (/opt/ros/humble/share/ament_cmake/cmake)
[0.664s] -- Override CMake install command with custom implementation using symlinks instead of copying resources
[0.695s] -- Found rclcpp: 16.0.9 (/opt/ros/humble/share/rclcpp/cmake)
[0.865s] -- Found rosidl_generator_c: 3.1.5 (/opt/ros/humble/share/rosidl_generator_c/cmake)
[0.876s] -- Found rosidl_adapter: 3.1.5 (/opt/ros/humble/share/rosidl_adapter/cmake)
[0.900s] -- Found rosidl_generator_cpp: 3.1.5 (/opt/ros/humble/share/rosidl_generator_cpp/cmake)
[0.946s] -- Using all available rosidl_typesupport_c: rosidl_typesupport_fastrtps_c;rosidl_typesupport_introspection_c
[1.008s] -- Using all available rosidl_typesupport_cpp: rosidl_typesupport_fastrtps_cpp;rosidl_typesupport_introspection_cpp
[1.229s] -- Found rmw_implementation_cmake: 6.1.2 (/opt/ros/humble/share/rmw_implementation_cmake/cmake)
[1.235s] -- Found rmw_fastrtps_cpp: 6.2.6 (/opt/ros/humble/share/rmw_fastrtps_cpp/cmake)
[2.204s] -- Using RMW implementation 'rmw_fastrtps_cpp' as default
[2.792s] -- Found action_msgs: 1.2.1 (/opt/ros/humble/share/action_msgs/cmake)
[3.015s] -- Found rclcpp_action: 16.0.9 (/opt/ros/humble/share/rclcpp_action/cmake)
[3.117s] -- Found ament_lint_auto: 0.12.11 (/opt/ros/humble/share/ament_lint_auto/cmake)
[3.404s] [31mCMake Error at /opt/ros/humble/share/rosidl_cmake/cmake/rosidl_generate_interfaces.cmake:93 (message):
[3.405s]   rosidl_generate_interfaces() the passed file 'action/Move.action' doesn't
[3.405s]   exist relative to the CMAKE_CURRENT_SOURCE_DIR
[3.406s]   '/home/hae/robot_ws/src/robot_action_pkg'
[3.406s] Call Stack (most recent call first):
[3.407s]   CMakeLists.txt:26 (rosidl_generate_interfaces)
[3.408s] 
[3.408s] [0m
[3.408s] -- Configuring incomplete, errors occurred!
[3.409s] See also "/home/hae/robot_ws/src/build/robot_action_pkg/CMakeFiles/CMakeOutput.log".
[3.438s] gmake: *** [Makefile:623: cmake_check_build_system] Error 1
[3.444s] Invoked command in '/home/hae/robot_ws/src/build/robot_action_pkg' returned '2': CMAKE_PREFIX_PATH=${CMAKE_PREFIX_PATH}:/opt/ros/humble /usr/bin/cmake --build /home/hae/robot_ws/src/build/robot_action_pkg -- -j4 -l4
