[0.455s] DEBUG:colcon:Command line arguments: ['/usr/bin/colcon', 'build', '--symlink-install', '--packages-select', 'robot_action']
[0.456s] DEBUG:colcon:Parsed command line arguments: Namespace(log_base=None, log_level=None, verb_name='build', build_base='build', install_base='install', merge_install=False, symlink_install=True, test_result_base=None, continue_on_error=False, executor='parallel', parallel_workers=4, event_handlers=None, ignore_user_meta=False, metas=['./colcon.meta'], base_paths=['.'], packages_ignore=None, packages_ignore_regex=None, paths=None, packages_up_to=None, packages_up_to_regex=None, packages_above=None, packages_above_and_dependencies=None, packages_above_depth=None, packages_select_by_dep=None, packages_skip_by_dep=None, packages_skip_up_to=None, packages_select_build_failed=False, packages_skip_build_finished=False, packages_select_test_failures=False, packages_skip_test_passed=False, packages_select=['robot_action'], packages_skip=None, packages_select_regex=None, packages_skip_regex=None, packages_start=None, packages_end=None, allow_overriding=[], cmake_args=None, cmake_target=None, cmake_target_skip_unavailable=False, cmake_clean_cache=False, cmake_clean_first=False, cmake_force_configure=False, ament_cmake_args=None, catkin_cmake_args=None, catkin_skip_building_tests=False, mixin_files=None, mixin=None, verb_parser=<colcon_mixin.mixin.mixin_argument.MixinArgumentDecorator object at 0xffff85315810>, verb_extension=<colcon_core.verb.build.BuildVerb object at 0xffff85315360>, main=<bound method BuildVerb.main of <colcon_core.verb.build.BuildVerb object at 0xffff85315360>>, mixin_verb=('build',))
[1.208s] Level 1:colcon.colcon_core.package_discovery:discover_packages(colcon_meta) check parameters
[1.209s] Level 1:colcon.colcon_core.package_discovery:discover_packages(recursive) check parameters
[1.209s] Level 1:colcon.colcon_core.package_discovery:discover_packages(ignore) check parameters
[1.209s] Level 1:colcon.colcon_core.package_discovery:discover_packages(path) check parameters
[1.210s] Level 1:colcon.colcon_core.package_discovery:discover_packages(colcon_meta) discover
[1.210s] Level 1:colcon.colcon_core.package_discovery:discover_packages(recursive) discover
[1.210s] INFO:colcon.colcon_core.package_discovery:Crawling recursively for packages in '/home/hae/robot_ws/src'
[1.211s] Level 1:colcon.colcon_core.package_identification:_identify(.) by extensions ['ignore', 'ignore_ament_install']
[1.211s] Level 1:colcon.colcon_core.package_identification:_identify(.) by extension 'ignore'
[1.211s] Level 1:colcon.colcon_core.package_identification:_identify(.) by extension 'ignore_ament_install'
[1.212s] Level 1:colcon.colcon_core.package_identification:_identify(.) by extensions ['colcon_pkg']
[1.212s] Level 1:colcon.colcon_core.package_identification:_identify(.) by extension 'colcon_pkg'
[1.212s] Level 1:colcon.colcon_core.package_identification:_identify(.) by extensions ['colcon_meta']
[1.212s] Level 1:colcon.colcon_core.package_identification:_identify(.) by extension 'colcon_meta'
[1.212s] Level 1:colcon.colcon_core.package_identification:_identify(.) by extensions ['ros']
[1.213s] Level 1:colcon.colcon_core.package_identification:_identify(.) by extension 'ros'
[1.261s] Level 1:colcon.colcon_core.package_identification:_identify(.) by extensions ['cmake', 'python']
[1.261s] Level 1:colcon.colcon_core.package_identification:_identify(.) by extension 'cmake'
[1.261s] Level 1:colcon.colcon_core.package_identification:_identify(.) by extension 'python'
[1.261s] Level 1:colcon.colcon_core.package_identification:_identify(.) by extensions ['python_setup_py']
[1.262s] Level 1:colcon.colcon_core.package_identification:_identify(.) by extension 'python_setup_py'
[1.262s] Level 1:colcon.colcon_core.package_identification:_identify(action_test) by extensions ['ignore', 'ignore_ament_install']
[1.263s] Level 1:colcon.colcon_core.package_identification:_identify(action_test) by extension 'ignore'
[1.263s] Level 1:colcon.colcon_core.package_identification:_identify(action_test) by extension 'ignore_ament_install'
[1.263s] Level 1:colcon.colcon_core.package_identification:_identify(action_test) by extensions ['colcon_pkg']
[1.263s] Level 1:colcon.colcon_core.package_identification:_identify(action_test) by extension 'colcon_pkg'
[1.264s] Level 1:colcon.colcon_core.package_identification:_identify(action_test) by extensions ['colcon_meta']
[1.264s] Level 1:colcon.colcon_core.package_identification:_identify(action_test) by extension 'colcon_meta'
[1.264s] Level 1:colcon.colcon_core.package_identification:_identify(action_test) by extensions ['ros']
[1.264s] Level 1:colcon.colcon_core.package_identification:_identify(action_test) by extension 'ros'
[1.274s] DEBUG:colcon.colcon_core.package_identification:Package 'action_test' with type 'ros.ament_cmake' and name 'action_test'
[1.275s] Level 1:colcon.colcon_core.package_identification:_identify(build) by extensions ['ignore', 'ignore_ament_install']
[1.276s] Level 1:colcon.colcon_core.package_identification:_identify(build) by extension 'ignore'
[1.276s] Level 1:colcon.colcon_core.package_identification:_identify(build) ignored
[1.277s] Level 1:colcon.colcon_core.package_identification:_identify(install) by extensions ['ignore', 'ignore_ament_install']
[1.277s] Level 1:colcon.colcon_core.package_identification:_identify(install) by extension 'ignore'
[1.277s] Level 1:colcon.colcon_core.package_identification:_identify(install) ignored
[1.279s] Level 1:colcon.colcon_core.package_identification:_identify(log) by extensions ['ignore', 'ignore_ament_install']
[1.279s] Level 1:colcon.colcon_core.package_identification:_identify(log) by extension 'ignore'
[1.280s] Level 1:colcon.colcon_core.package_identification:_identify(log) ignored
[1.280s] Level 1:colcon.colcon_core.package_identification:_identify(robot_action) by extensions ['ignore', 'ignore_ament_install']
[1.281s] Level 1:colcon.colcon_core.package_identification:_identify(robot_action) by extension 'ignore'
[1.281s] Level 1:colcon.colcon_core.package_identification:_identify(robot_action) by extension 'ignore_ament_install'
[1.281s] Level 1:colcon.colcon_core.package_identification:_identify(robot_action) by extensions ['colcon_pkg']
[1.281s] Level 1:colcon.colcon_core.package_identification:_identify(robot_action) by extension 'colcon_pkg'
[1.281s] Level 1:colcon.colcon_core.package_identification:_identify(robot_action) by extensions ['colcon_meta']
[1.282s] Level 1:colcon.colcon_core.package_identification:_identify(robot_action) by extension 'colcon_meta'
[1.282s] Level 1:colcon.colcon_core.package_identification:_identify(robot_action) by extensions ['ros']
[1.282s] Level 1:colcon.colcon_core.package_identification:_identify(robot_action) by extension 'ros'
[1.284s] DEBUG:colcon.colcon_core.package_identification:Package 'robot_action' with type 'ros.ament_cmake' and name 'robot_action'
[1.285s] Level 1:colcon.colcon_core.package_identification:_identify(robot_cleaner_pkg) by extensions ['ignore', 'ignore_ament_install']
[1.286s] Level 1:colcon.colcon_core.package_identification:_identify(robot_cleaner_pkg) by extension 'ignore'
[1.286s] Level 1:colcon.colcon_core.package_identification:_identify(robot_cleaner_pkg) by extension 'ignore_ament_install'
[1.287s] Level 1:colcon.colcon_core.package_identification:_identify(robot_cleaner_pkg) by extensions ['colcon_pkg']
[1.287s] Level 1:colcon.colcon_core.package_identification:_identify(robot_cleaner_pkg) by extension 'colcon_pkg'
[1.287s] Level 1:colcon.colcon_core.package_identification:_identify(robot_cleaner_pkg) by extensions ['colcon_meta']
[1.287s] Level 1:colcon.colcon_core.package_identification:_identify(robot_cleaner_pkg) by extension 'colcon_meta'
[1.288s] Level 1:colcon.colcon_core.package_identification:_identify(robot_cleaner_pkg) by extensions ['ros']
[1.288s] Level 1:colcon.colcon_core.package_identification:_identify(robot_cleaner_pkg) by extension 'ros'
[1.291s] DEBUG:colcon.colcon_core.package_identification:Package 'robot_cleaner_pkg' with type 'ros.ament_cmake' and name 'robot_cleaner_pkg'
[1.291s] Level 1:colcon.colcon_core.package_identification:_identify(robot_go_pkg) by extensions ['ignore', 'ignore_ament_install']
[1.292s] Level 1:colcon.colcon_core.package_identification:_identify(robot_go_pkg) by extension 'ignore'
[1.292s] Level 1:colcon.colcon_core.package_identification:_identify(robot_go_pkg) by extension 'ignore_ament_install'
[1.292s] Level 1:colcon.colcon_core.package_identification:_identify(robot_go_pkg) by extensions ['colcon_pkg']
[1.292s] Level 1:colcon.colcon_core.package_identification:_identify(robot_go_pkg) by extension 'colcon_pkg'
[1.293s] Level 1:colcon.colcon_core.package_identification:_identify(robot_go_pkg) by extensions ['colcon_meta']
[1.293s] Level 1:colcon.colcon_core.package_identification:_identify(robot_go_pkg) by extension 'colcon_meta'
[1.293s] Level 1:colcon.colcon_core.package_identification:_identify(robot_go_pkg) by extensions ['ros']
[1.293s] Level 1:colcon.colcon_core.package_identification:_identify(robot_go_pkg) by extension 'ros'
[1.297s] DEBUG:colcon.colcon_core.package_identification:Package 'robot_go_pkg' with type 'ros.ament_cmake' and name 'robot_go_pkg'
[1.298s] Level 1:colcon.colcon_core.package_identification:_identify(robot_move_pkg) by extensions ['ignore', 'ignore_ament_install']
[1.299s] Level 1:colcon.colcon_core.package_identification:_identify(robot_move_pkg) by extension 'ignore'
[1.299s] Level 1:colcon.colcon_core.package_identification:_identify(robot_move_pkg) by extension 'ignore_ament_install'
[1.299s] Level 1:colcon.colcon_core.package_identification:_identify(robot_move_pkg) by extensions ['colcon_pkg']
[1.300s] Level 1:colcon.colcon_core.package_identification:_identify(robot_move_pkg) by extension 'colcon_pkg'
[1.300s] Level 1:colcon.colcon_core.package_identification:_identify(robot_move_pkg) by extensions ['colcon_meta']
[1.300s] Level 1:colcon.colcon_core.package_identification:_identify(robot_move_pkg) by extension 'colcon_meta'
[1.300s] Level 1:colcon.colcon_core.package_identification:_identify(robot_move_pkg) by extensions ['ros']
[1.301s] Level 1:colcon.colcon_core.package_identification:_identify(robot_move_pkg) by extension 'ros'
[1.304s] DEBUG:colcon.colcon_core.package_identification:Package 'robot_move_pkg' with type 'ros.ament_cmake' and name 'robot_move_pkg'
[1.304s] Level 1:colcon.colcon_core.package_discovery:discover_packages(recursive) using defaults
[1.304s] Level 1:colcon.colcon_core.package_discovery:discover_packages(ignore) discover
[1.304s] Level 1:colcon.colcon_core.package_discovery:discover_packages(ignore) using defaults
[1.304s] Level 1:colcon.colcon_core.package_discovery:discover_packages(path) discover
[1.304s] Level 1:colcon.colcon_core.package_discovery:discover_packages(path) using defaults
[1.382s] INFO:colcon.colcon_core.package_selection:Skipping not selected package 'robot_cleaner_pkg' in 'robot_cleaner_pkg'
[1.382s] INFO:colcon.colcon_core.package_selection:Skipping not selected package 'robot_move_pkg' in 'robot_move_pkg'
[1.382s] INFO:colcon.colcon_core.package_selection:Skipping not selected package 'action_test' in 'action_test'
[1.382s] INFO:colcon.colcon_core.package_selection:Skipping not selected package 'robot_go_pkg' in 'robot_go_pkg'
[1.384s] Level 1:colcon.colcon_core.package_discovery:discover_packages(prefix_path) check parameters
[1.385s] Level 1:colcon.colcon_core.package_discovery:discover_packages(prefix_path) discover
[1.398s] DEBUG:colcon.colcon_installed_package_information.package_discovery:Found 268 installed packages in /opt/ros/humble
[1.408s] Level 1:colcon.colcon_core.package_discovery:discover_packages(prefix_path) using defaults
[1.606s] Level 5:colcon.colcon_core.verb:set package 'robot_action' build argument 'cmake_args' from command line to 'None'
[1.607s] Level 5:colcon.colcon_core.verb:set package 'robot_action' build argument 'cmake_target' from command line to 'None'
[1.607s] Level 5:colcon.colcon_core.verb:set package 'robot_action' build argument 'cmake_target_skip_unavailable' from command line to 'False'
[1.607s] Level 5:colcon.colcon_core.verb:set package 'robot_action' build argument 'cmake_clean_cache' from command line to 'False'
[1.607s] Level 5:colcon.colcon_core.verb:set package 'robot_action' build argument 'cmake_clean_first' from command line to 'False'
[1.607s] Level 5:colcon.colcon_core.verb:set package 'robot_action' build argument 'cmake_force_configure' from command line to 'False'
[1.607s] Level 5:colcon.colcon_core.verb:set package 'robot_action' build argument 'ament_cmake_args' from command line to 'None'
[1.608s] Level 5:colcon.colcon_core.verb:set package 'robot_action' build argument 'catkin_cmake_args' from command line to 'None'
[1.608s] Level 5:colcon.colcon_core.verb:set package 'robot_action' build argument 'catkin_skip_building_tests' from command line to 'False'
[1.608s] DEBUG:colcon.colcon_core.verb:Building package 'robot_action' with the following arguments: {'ament_cmake_args': None, 'build_base': '/home/hae/robot_ws/src/build/robot_action', 'catkin_cmake_args': None, 'catkin_skip_building_tests': False, 'cmake_args': None, 'cmake_clean_cache': False, 'cmake_clean_first': False, 'cmake_force_configure': False, 'cmake_target': None, 'cmake_target_skip_unavailable': False, 'install_base': '/home/hae/robot_ws/src/install/robot_action', 'merge_install': False, 'path': '/home/hae/robot_ws/src/robot_action', 'symlink_install': True, 'test_result_base': None}
[1.608s] INFO:colcon.colcon_core.executor:Executing jobs using 'parallel' executor
[1.612s] DEBUG:colcon.colcon_parallel_executor.executor.parallel:run_until_complete
[1.613s] INFO:colcon.colcon_ros.task.ament_cmake.build:Building ROS package in '/home/hae/robot_ws/src/robot_action' with build type 'ament_cmake'
[1.614s] INFO:colcon.colcon_cmake.task.cmake.build:Building CMake package in '/home/hae/robot_ws/src/robot_action'
[1.624s] INFO:colcon.colcon_core.plugin_system:Skipping extension 'colcon_core.shell.bat': Not used on non-Windows systems
[1.625s] INFO:colcon.colcon_core.shell:Skip shell extension 'powershell' for command environment: Not usable outside of PowerShell
[1.625s] DEBUG:colcon.colcon_core.shell:Skip shell extension 'dsv' for command environment
[1.661s] DEBUG:colcon.colcon_core.event_handler.log_command:Invoking command in '/home/hae/robot_ws/src/build/robot_action': CMAKE_PREFIX_PATH=/opt/ros/humble /usr/bin/cmake --build /home/hae/robot_ws/src/build/robot_action -- -j4 -l4
[38.334s] DEBUG:colcon.colcon_core.event_handler.log_command:Invoked command in '/home/hae/robot_ws/src/build/robot_action' returned '0': CMAKE_PREFIX_PATH=/opt/ros/humble /usr/bin/cmake --build /home/hae/robot_ws/src/build/robot_action -- -j4 -l4
[38.780s] DEBUG:colcon.colcon_core.event_handler.log_command:Invoking command in '/home/hae/robot_ws/src/build/robot_action': CMAKE_PREFIX_PATH=/opt/ros/humble /usr/bin/cmake --install /home/hae/robot_ws/src/build/robot_action
[39.298s] Level 1:colcon.colcon_core.environment:create_environment_scripts_only(robot_action)
[39.308s] DEBUG:colcon.colcon_core.event_handler.log_command:Invoked command in '/home/hae/robot_ws/src/build/robot_action' returned '0': CMAKE_PREFIX_PATH=/opt/ros/humble /usr/bin/cmake --install /home/hae/robot_ws/src/build/robot_action
[39.313s] Level 1:colcon.colcon_core.environment:checking '/home/hae/robot_ws/src/install/robot_action' for CMake module files
[39.318s] Level 1:colcon.colcon_core.environment:checking '/home/hae/robot_ws/src/install/robot_action' for CMake config files
[39.321s] Level 1:colcon.colcon_core.shell:create_environment_hook('robot_action', 'cmake_prefix_path')
[39.322s] INFO:colcon.colcon_core.shell:Creating environment hook '/home/hae/robot_ws/src/install/robot_action/share/robot_action/hook/cmake_prefix_path.ps1'
[39.325s] INFO:colcon.colcon_core.shell:Creating environment descriptor '/home/hae/robot_ws/src/install/robot_action/share/robot_action/hook/cmake_prefix_path.dsv'
[39.328s] INFO:colcon.colcon_core.shell:Creating environment hook '/home/hae/robot_ws/src/install/robot_action/share/robot_action/hook/cmake_prefix_path.sh'
[39.332s] Level 1:colcon.colcon_core.environment:checking '/home/hae/robot_ws/src/install/robot_action/lib'
[39.333s] Level 1:colcon.colcon_core.shell:create_environment_hook('robot_action', 'ld_library_path_lib')
[39.335s] INFO:colcon.colcon_core.shell:Creating environment hook '/home/hae/robot_ws/src/install/robot_action/share/robot_action/hook/ld_library_path_lib.ps1'
[39.338s] INFO:colcon.colcon_core.shell:Creating environment descriptor '/home/hae/robot_ws/src/install/robot_action/share/robot_action/hook/ld_library_path_lib.dsv'
[39.340s] INFO:colcon.colcon_core.shell:Creating environment hook '/home/hae/robot_ws/src/install/robot_action/share/robot_action/hook/ld_library_path_lib.sh'
[39.343s] Level 1:colcon.colcon_core.environment:checking '/home/hae/robot_ws/src/install/robot_action/bin'
[39.343s] Level 1:colcon.colcon_core.environment:checking '/home/hae/robot_ws/src/install/robot_action/lib/pkgconfig/robot_action.pc'
[39.345s] Level 1:colcon.colcon_core.environment:checking '/home/hae/robot_ws/src/install/robot_action/lib/python3.10/site-packages'
[39.346s] Level 1:colcon.colcon_core.environment:checking '/home/hae/robot_ws/src/install/robot_action/bin'
[39.348s] INFO:colcon.colcon_core.shell:Creating package script '/home/hae/robot_ws/src/install/robot_action/share/robot_action/package.ps1'
[39.352s] INFO:colcon.colcon_core.shell:Creating package descriptor '/home/hae/robot_ws/src/install/robot_action/share/robot_action/package.dsv'
[39.355s] INFO:colcon.colcon_core.shell:Creating package script '/home/hae/robot_ws/src/install/robot_action/share/robot_action/package.sh'
[39.359s] INFO:colcon.colcon_core.shell:Creating package script '/home/hae/robot_ws/src/install/robot_action/share/robot_action/package.bash'
[39.363s] INFO:colcon.colcon_core.shell:Creating package script '/home/hae/robot_ws/src/install/robot_action/share/robot_action/package.zsh'
[39.366s] Level 1:colcon.colcon_core.environment:create_file_with_runtime_dependencies(/home/hae/robot_ws/src/install/robot_action/share/colcon-core/packages/robot_action)
[39.771s] Level 1:colcon.colcon_core.environment:create_environment_scripts_only(robot_action)
[39.773s] Level 1:colcon.colcon_core.environment:checking '/home/hae/robot_ws/src/install/robot_action' for CMake module files
[39.777s] Level 1:colcon.colcon_core.environment:checking '/home/hae/robot_ws/src/install/robot_action' for CMake config files
[39.779s] Level 1:colcon.colcon_core.shell:create_environment_hook('robot_action', 'cmake_prefix_path')
[39.781s] INFO:colcon.colcon_core.shell:Creating environment hook '/home/hae/robot_ws/src/install/robot_action/share/robot_action/hook/cmake_prefix_path.ps1'
[39.783s] INFO:colcon.colcon_core.shell:Creating environment descriptor '/home/hae/robot_ws/src/install/robot_action/share/robot_action/hook/cmake_prefix_path.dsv'
[39.787s] INFO:colcon.colcon_core.shell:Creating environment hook '/home/hae/robot_ws/src/install/robot_action/share/robot_action/hook/cmake_prefix_path.sh'
[39.790s] Level 1:colcon.colcon_core.environment:checking '/home/hae/robot_ws/src/install/robot_action/lib'
[39.791s] Level 1:colcon.colcon_core.shell:create_environment_hook('robot_action', 'ld_library_path_lib')
[39.792s] INFO:colcon.colcon_core.shell:Creating environment hook '/home/hae/robot_ws/src/install/robot_action/share/robot_action/hook/ld_library_path_lib.ps1'
[39.795s] INFO:colcon.colcon_core.shell:Creating environment descriptor '/home/hae/robot_ws/src/install/robot_action/share/robot_action/hook/ld_library_path_lib.dsv'
[39.797s] INFO:colcon.colcon_core.shell:Creating environment hook '/home/hae/robot_ws/src/install/robot_action/share/robot_action/hook/ld_library_path_lib.sh'
[39.800s] Level 1:colcon.colcon_core.environment:checking '/home/hae/robot_ws/src/install/robot_action/bin'
[39.801s] Level 1:colcon.colcon_core.environment:checking '/home/hae/robot_ws/src/install/robot_action/lib/pkgconfig/robot_action.pc'
[39.802s] Level 1:colcon.colcon_core.environment:checking '/home/hae/robot_ws/src/install/robot_action/lib/python3.10/site-packages'
[39.803s] Level 1:colcon.colcon_core.environment:checking '/home/hae/robot_ws/src/install/robot_action/bin'
[39.805s] INFO:colcon.colcon_core.shell:Creating package script '/home/hae/robot_ws/src/install/robot_action/share/robot_action/package.ps1'
[39.808s] INFO:colcon.colcon_core.shell:Creating package descriptor '/home/hae/robot_ws/src/install/robot_action/share/robot_action/package.dsv'
[39.811s] INFO:colcon.colcon_core.shell:Creating package script '/home/hae/robot_ws/src/install/robot_action/share/robot_action/package.sh'
[39.814s] INFO:colcon.colcon_core.shell:Creating package script '/home/hae/robot_ws/src/install/robot_action/share/robot_action/package.bash'
[39.817s] INFO:colcon.colcon_core.shell:Creating package script '/home/hae/robot_ws/src/install/robot_action/share/robot_action/package.zsh'
[39.819s] Level 1:colcon.colcon_core.environment:create_file_with_runtime_dependencies(/home/hae/robot_ws/src/install/robot_action/share/colcon-core/packages/robot_action)
[39.821s] DEBUG:colcon.colcon_parallel_executor.executor.parallel:closing loop
[39.823s] DEBUG:colcon.colcon_parallel_executor.executor.parallel:loop closed
[39.824s] DEBUG:colcon.colcon_parallel_executor.executor.parallel:run_until_complete finished with '0'
[39.824s] DEBUG:colcon.colcon_core.event_reactor:joining thread
[39.846s] INFO:colcon.colcon_core.plugin_system:Skipping extension 'colcon_notification.desktop_notification.terminal_notifier': Not used on non-Darwin systems
[39.846s] INFO:colcon.colcon_core.plugin_system:Skipping extension 'colcon_notification.desktop_notification.win32': Not used on non-Windows systems
[39.847s] INFO:colcon.colcon_notification.desktop_notification:Sending desktop notification using 'notify2'
[39.889s] DEBUG:colcon.colcon_core.event_reactor:joined thread
[39.890s] INFO:colcon.colcon_core.shell:Creating prefix script '/home/hae/robot_ws/src/install/local_setup.ps1'
[39.894s] INFO:colcon.colcon_core.shell:Creating prefix util module '/home/hae/robot_ws/src/install/_local_setup_util_ps1.py'
[39.900s] INFO:colcon.colcon_core.shell:Creating prefix chain script '/home/hae/robot_ws/src/install/setup.ps1'
[39.904s] INFO:colcon.colcon_core.shell:Creating prefix script '/home/hae/robot_ws/src/install/local_setup.sh'
[39.907s] INFO:colcon.colcon_core.shell:Creating prefix util module '/home/hae/robot_ws/src/install/_local_setup_util_sh.py'
[39.909s] INFO:colcon.colcon_core.shell:Creating prefix chain script '/home/hae/robot_ws/src/install/setup.sh'
[39.915s] INFO:colcon.colcon_core.shell:Creating prefix script '/home/hae/robot_ws/src/install/local_setup.bash'
[39.918s] INFO:colcon.colcon_core.shell:Creating prefix chain script '/home/hae/robot_ws/src/install/setup.bash'
[39.922s] INFO:colcon.colcon_core.shell:Creating prefix script '/home/hae/robot_ws/src/install/local_setup.zsh'
[39.924s] INFO:colcon.colcon_core.shell:Creating prefix chain script '/home/hae/robot_ws/src/install/setup.zsh'
