[0.051s] Invoking command in '/home/hae/robot_ws/src/build/robot_drive_pkg': CMAKE_PREFIX_PATH=/opt/ros/humble /usr/bin/cmake /home/hae/robot_ws/src/robot_drive_pkg -DAMENT_CMAKE_SYMLINK_INSTALL=1 -DCMAKE_INSTALL_PREFIX=/home/hae/robot_ws/src/install/robot_drive_pkg
[0.154s] -- Found ament_cmake: 1.3.9 (/opt/ros/humble/share/ament_cmake/cmake)
[0.863s] -- Override CMake install command with custom implementation using symlinks instead of copying resources
[0.958s] -- Found rclcpp: 16.0.9 (/opt/ros/humble/share/rclcpp/cmake)
[1.220s] -- Found rosidl_generator_c: 3.1.5 (/opt/ros/humble/share/rosidl_generator_c/cmake)
[1.239s] -- Found rosidl_adapter: 3.1.5 (/opt/ros/humble/share/rosidl_adapter/cmake)
[1.296s] -- Found rosidl_generator_cpp: 3.1.5 (/opt/ros/humble/share/rosidl_generator_cpp/cmake)
[1.373s] -- Using all available rosidl_typesupport_c: rosidl_typesupport_fastrtps_c;rosidl_typesupport_introspection_c
[1.465s] -- Using all available rosidl_typesupport_cpp: rosidl_typesupport_fastrtps_cpp;rosidl_typesupport_introspection_cpp
[1.735s] -- Found rmw_implementation_cmake: 6.1.2 (/opt/ros/humble/share/rmw_implementation_cmake/cmake)
[1.743s] -- Found rmw_fastrtps_cpp: 6.2.6 (/opt/ros/humble/share/rmw_fastrtps_cpp/cmake)
[2.848s] -- Using RMW implementation 'rmw_fastrtps_cpp' as default
[3.527s] -- Found sensor_msgs: 4.2.4 (/opt/ros/humble/share/sensor_msgs/cmake)
[4.219s] [31mCMake Error at CMakeLists.txt:13 (find_package):
[4.219s]   By not providing "Findgeometry_megs.cmake" in CMAKE_MODULE_PATH this
[4.220s]   project has asked CMake to find a package configuration file provided by
[4.221s]   "geometry_megs", but CMake did not find one.
[4.221s] 
[4.221s]   Could not find a package configuration file provided by "geometry_megs"
[4.222s]   with any of the following names:
[4.222s] 
[4.223s]     geometry_megsConfig.cmake
[4.223s]     geometry_megs-config.cmake
[4.228s] 
[4.230s]   Add the installation prefix of "geometry_megs" to CMAKE_PREFIX_PATH or set
[4.231s]   "geometry_megs_DIR" to a directory containing one of the above files.  If
[4.241s]   "geometry_megs" provides a separate development package or SDK, be sure it
[4.242s]   has been installed.
[4.246s] 
[4.247s] [0m
[4.247s] -- Configuring incomplete, errors occurred!
[4.248s] See also "/home/hae/robot_ws/src/build/robot_drive_pkg/CMakeFiles/CMakeOutput.log".
[4.255s] Invoked command in '/home/hae/robot_ws/src/build/robot_drive_pkg' returned '1': CMAKE_PREFIX_PATH=/opt/ros/humble /usr/bin/cmake /home/hae/robot_ws/src/robot_drive_pkg -DAMENT_CMAKE_SYMLINK_INSTALL=1 -DCMAKE_INSTALL_PREFIX=/home/hae/robot_ws/src/install/robot_drive_pkg
