[0.040s] Invoking command in '/home/hae/robot_ws/src/robot_cleaner_pkg/build/robot_cleaner_pkg': CMAKE_PREFIX_PATH=${CMAKE_PREFIX_PATH}:/opt/ros/humble /usr/bin/cmake /home/hae/robot_ws/src/robot_cleaner_pkg -DAMENT_CMAKE_SYMLINK_INSTALL=1 -DCMAKE_INSTALL_PREFIX=/home/hae/robot_ws/src/robot_cleaner_pkg/install/robot_cleaner_pkg
[0.295s] -- The C compiler identification is GNU 11.4.0
[0.562s] -- The CXX compiler identification is GNU 11.4.0
[0.593s] -- Detecting C compiler ABI info
[0.933s] -- Detecting C compiler ABI info - done
[0.960s] -- Check for working C compiler: /usr/bin/cc - skipped
[0.961s] -- Detecting C compile features
[0.963s] -- Detecting C compile features - done
[0.975s] -- Detecting CXX compiler ABI info
[1.412s] -- Detecting CXX compiler ABI info - done
[1.443s] -- Check for working CXX compiler: /usr/bin/c++ - skipped
[1.446s] -- Detecting CXX compile features
[1.449s] -- Detecting CXX compile features - done
[1.475s] -- Found ament_cmake: 1.3.9 (/opt/ros/humble/share/ament_cmake/cmake)
[2.251s] -- Found Python3: /usr/bin/python3 (found version "3.10.12") found components: Interpreter 
[2.600s] -- Override CMake install command with custom implementation using symlinks instead of copying resources
[2.881s] -- Found rclcpp: 16.0.9 (/opt/ros/humble/share/rclcpp/cmake)
[3.251s] -- Found rosidl_generator_c: 3.1.5 (/opt/ros/humble/share/rosidl_generator_c/cmake)
[3.297s] -- Found rosidl_adapter: 3.1.5 (/opt/ros/humble/share/rosidl_adapter/cmake)
[3.358s] -- Found rosidl_generator_cpp: 3.1.5 (/opt/ros/humble/share/rosidl_generator_cpp/cmake)
[3.449s] -- Using all available rosidl_typesupport_c: rosidl_typesupport_fastrtps_c;rosidl_typesupport_introspection_c
[3.571s] -- Using all available rosidl_typesupport_cpp: rosidl_typesupport_fastrtps_cpp;rosidl_typesupport_introspection_cpp
[4.000s] -- Found rmw_implementation_cmake: 6.1.2 (/opt/ros/humble/share/rmw_implementation_cmake/cmake)
[4.022s] -- Found rmw_fastrtps_cpp: 6.2.6 (/opt/ros/humble/share/rmw_fastrtps_cpp/cmake)
[4.623s] -- Found OpenSSL: /usr/lib/aarch64-linux-gnu/libcrypto.so (found version "3.0.2")  
[4.874s] -- Found FastRTPS: /opt/ros/humble/include  
[5.308s] -- Using RMW implementation 'rmw_fastrtps_cpp' as default
[5.388s] -- Looking for pthread.h
[5.733s] -- Looking for pthread.h - found
[5.736s] -- Performing Test CMAKE_HAVE_LIBC_PTHREAD
[6.064s] -- Performing Test CMAKE_HAVE_LIBC_PTHREAD - Success
[6.068s] -- Found Threads: TRUE  
[6.806s] -- Found geometry_msgs: 4.2.4 (/opt/ros/humble/share/geometry_msgs/cmake)
[7.005s] -- Found ament_lint_auto: 0.12.11 (/opt/ros/humble/share/ament_lint_auto/cmake)
[7.545s] -- Added test 'cppcheck' to perform static code analysis on C / C++ code
[7.545s] -- Configured cppcheck include dirs: 
[7.546s] -- Configured cppcheck exclude dirs and/or files: 
[7.571s] -- Added test 'lint_cmake' to check CMake code style
[7.639s] -- Added test 'uncrustify' to check C / C++ code style
[7.639s] -- Configured uncrustify additional arguments: 
[7.648s] -- Added test 'xmllint' to check XML markup files
[7.660s] -- Configuring done
[7.725s] -- Generating done
[7.734s] -- Build files have been written to: /home/hae/robot_ws/src/robot_cleaner_pkg/build/robot_cleaner_pkg
[7.777s] Invoked command in '/home/hae/robot_ws/src/robot_cleaner_pkg/build/robot_cleaner_pkg' returned '0': CMAKE_PREFIX_PATH=${CMAKE_PREFIX_PATH}:/opt/ros/humble /usr/bin/cmake /home/hae/robot_ws/src/robot_cleaner_pkg -DAMENT_CMAKE_SYMLINK_INSTALL=1 -DCMAKE_INSTALL_PREFIX=/home/hae/robot_ws/src/robot_cleaner_pkg/install/robot_cleaner_pkg
[7.787s] Invoking command in '/home/hae/robot_ws/src/robot_cleaner_pkg/build/robot_cleaner_pkg': CMAKE_PREFIX_PATH=${CMAKE_PREFIX_PATH}:/opt/ros/humble /usr/bin/cmake --build /home/hae/robot_ws/src/robot_cleaner_pkg/build/robot_cleaner_pkg -- -j4 -l4
[8.032s] [ 50%] [32mBuilding CXX object CMakeFiles/cleaner.dir/src/cleaner.cpp.o[0m
[41.203s] [100%] [32m[1mLinking CXX executable cleaner[0m
[43.148s] [100%] Built target cleaner
[43.186s] Invoked command in '/home/hae/robot_ws/src/robot_cleaner_pkg/build/robot_cleaner_pkg' returned '0': CMAKE_PREFIX_PATH=${CMAKE_PREFIX_PATH}:/opt/ros/humble /usr/bin/cmake --build /home/hae/robot_ws/src/robot_cleaner_pkg/build/robot_cleaner_pkg -- -j4 -l4
[43.336s] Invoking command in '/home/hae/robot_ws/src/robot_cleaner_pkg/build/robot_cleaner_pkg': CMAKE_PREFIX_PATH=${CMAKE_PREFIX_PATH}:/opt/ros/humble /usr/bin/cmake --install /home/hae/robot_ws/src/robot_cleaner_pkg/build/robot_cleaner_pkg
[43.364s] -- Install configuration: ""
[43.366s] -- Execute custom install script
[43.374s] -- Symlinking: /home/hae/robot_ws/src/robot_cleaner_pkg/install/robot_cleaner_pkg/lib/robot_cleaner_pkg/cleaner
[43.405s] -- Symlinking: /home/hae/robot_ws/src/robot_cleaner_pkg/install/robot_cleaner_pkg/share/ament_index/resource_index/package_run_dependencies/robot_cleaner_pkg
[43.442s] -- Symlinking: /home/hae/robot_ws/src/robot_cleaner_pkg/install/robot_cleaner_pkg/share/ament_index/resource_index/parent_prefix_path/robot_cleaner_pkg
[43.485s] -- Symlinking: /home/hae/robot_ws/src/robot_cleaner_pkg/install/robot_cleaner_pkg/share/robot_cleaner_pkg/environment/ament_prefix_path.sh
[43.522s] -- Symlinking: /home/hae/robot_ws/src/robot_cleaner_pkg/install/robot_cleaner_pkg/share/robot_cleaner_pkg/environment/ament_prefix_path.dsv
[43.555s] -- Symlinking: /home/hae/robot_ws/src/robot_cleaner_pkg/install/robot_cleaner_pkg/share/robot_cleaner_pkg/environment/path.sh
[43.589s] -- Symlinking: /home/hae/robot_ws/src/robot_cleaner_pkg/install/robot_cleaner_pkg/share/robot_cleaner_pkg/environment/path.dsv
[43.627s] -- Symlinking: /home/hae/robot_ws/src/robot_cleaner_pkg/install/robot_cleaner_pkg/share/robot_cleaner_pkg/local_setup.bash
[43.671s] -- Symlinking: /home/hae/robot_ws/src/robot_cleaner_pkg/install/robot_cleaner_pkg/share/robot_cleaner_pkg/local_setup.sh
[43.705s] -- Symlinking: /home/hae/robot_ws/src/robot_cleaner_pkg/install/robot_cleaner_pkg/share/robot_cleaner_pkg/local_setup.zsh
[43.739s] -- Symlinking: /home/hae/robot_ws/src/robot_cleaner_pkg/install/robot_cleaner_pkg/share/robot_cleaner_pkg/local_setup.dsv
[43.771s] -- Symlinking: /home/hae/robot_ws/src/robot_cleaner_pkg/install/robot_cleaner_pkg/share/robot_cleaner_pkg/package.dsv
[43.804s] -- Symlinking: /home/hae/robot_ws/src/robot_cleaner_pkg/install/robot_cleaner_pkg/share/ament_index/resource_index/packages/robot_cleaner_pkg
[43.840s] -- Symlinking: /home/hae/robot_ws/src/robot_cleaner_pkg/install/robot_cleaner_pkg/share/robot_cleaner_pkg/cmake/robot_cleaner_pkgConfig.cmake
[43.873s] -- Symlinking: /home/hae/robot_ws/src/robot_cleaner_pkg/install/robot_cleaner_pkg/share/robot_cleaner_pkg/cmake/robot_cleaner_pkgConfig-version.cmake
[43.906s] -- Symlinking: /home/hae/robot_ws/src/robot_cleaner_pkg/install/robot_cleaner_pkg/share/robot_cleaner_pkg/package.xml
[43.945s] Invoked command in '/home/hae/robot_ws/src/robot_cleaner_pkg/build/robot_cleaner_pkg' returned '0': CMAKE_PREFIX_PATH=${CMAKE_PREFIX_PATH}:/opt/ros/humble /usr/bin/cmake --install /home/hae/robot_ws/src/robot_cleaner_pkg/build/robot_cleaner_pkg
