[0.054s] Invoking command in '/home/hae/robot_ws/src/build/robot_cleaner_pkg': CMAKE_PREFIX_PATH=${CMAKE_PREFIX_PATH}:/opt/ros/humble /usr/bin/cmake --build /home/hae/robot_ws/src/build/robot_cleaner_pkg -- -j4 -l4
[0.174s] -- Found ament_cmake: 1.3.9 (/opt/ros/humble/share/ament_cmake/cmake)
[0.762s] -- Override CMake install command with custom implementation using symlinks instead of copying resources
[0.801s] -- Found rclcpp: 16.0.9 (/opt/ros/humble/share/rclcpp/cmake)
[0.989s] -- Found rosidl_generator_c: 3.1.5 (/opt/ros/humble/share/rosidl_generator_c/cmake)
[1.000s] -- Found rosidl_adapter: 3.1.5 (/opt/ros/humble/share/rosidl_adapter/cmake)
[1.029s] -- Found rosidl_generator_cpp: 3.1.5 (/opt/ros/humble/share/rosidl_generator_cpp/cmake)
[1.080s] -- Using all available rosidl_typesupport_c: rosidl_typesupport_fastrtps_c;rosidl_typesupport_introspection_c
[1.153s] -- Using all available rosidl_typesupport_cpp: rosidl_typesupport_fastrtps_cpp;rosidl_typesupport_introspection_cpp
[1.408s] -- Found rmw_implementation_cmake: 6.1.2 (/opt/ros/humble/share/rmw_implementation_cmake/cmake)
[1.416s] -- Found rmw_fastrtps_cpp: 6.2.6 (/opt/ros/humble/share/rmw_fastrtps_cpp/cmake)
[2.443s] -- Using RMW implementation 'rmw_fastrtps_cpp' as default
[3.092s] -- Found geometry_msgs: 4.2.4 (/opt/ros/humble/share/geometry_msgs/cmake)
[3.270s] -- Found ament_lint_auto: 0.12.11 (/opt/ros/humble/share/ament_lint_auto/cmake)
[3.927s] -- Added test 'cppcheck' to perform static code analysis on C / C++ code
[3.928s] -- Configured cppcheck include dirs: 
[3.929s] -- Configured cppcheck exclude dirs and/or files: 
[3.961s] -- Added test 'flake8' to check Python code syntax and style conventions
[4.026s] -- Added test 'lint_cmake' to check CMake code style
[4.059s] -- Added test 'pep257' to check Python code against some of the docstring style conventions in PEP 257
[4.309s] -- Added test 'uncrustify' to check C / C++ code style
[4.310s] -- Configured uncrustify additional arguments: 
[4.340s] -- Added test 'xmllint' to check XML markup files
[4.348s] -- Configuring done
[4.418s] -- Generating done
[4.428s] -- Build files have been written to: /home/hae/robot_ws/src/build/robot_cleaner_pkg
[4.538s] [35m[1mConsolidate compiler generated dependencies of target cleaner[0m
[4.635s] [ 50%] [32mBuilding CXX object CMakeFiles/cleaner.dir/src/cleaner.cpp.o[0m
[39.389s] [100%] [32m[1mLinking CXX executable cleaner[0m
[41.346s] [100%] Built target cleaner
[41.388s] Invoked command in '/home/hae/robot_ws/src/build/robot_cleaner_pkg' returned '0': CMAKE_PREFIX_PATH=${CMAKE_PREFIX_PATH}:/opt/ros/humble /usr/bin/cmake --build /home/hae/robot_ws/src/build/robot_cleaner_pkg -- -j4 -l4
[41.561s] Invoking command in '/home/hae/robot_ws/src/build/robot_cleaner_pkg': CMAKE_PREFIX_PATH=${CMAKE_PREFIX_PATH}:/opt/ros/humble /usr/bin/cmake --install /home/hae/robot_ws/src/build/robot_cleaner_pkg
[41.589s] -- Install configuration: ""
[41.591s] -- Execute custom install script
[41.593s] -- Up-to-date symlink: /home/hae/robot_ws/src/install/robot_cleaner_pkg/lib/robot_cleaner_pkg/cleaner
[41.594s] -- Up-to-date symlink: /home/hae/robot_ws/src/install/robot_cleaner_pkg/share/ament_index/resource_index/package_run_dependencies/robot_cleaner_pkg
[41.596s] -- Up-to-date symlink: /home/hae/robot_ws/src/install/robot_cleaner_pkg/share/ament_index/resource_index/parent_prefix_path/robot_cleaner_pkg
[41.597s] -- Up-to-date symlink: /home/hae/robot_ws/src/install/robot_cleaner_pkg/share/robot_cleaner_pkg/environment/ament_prefix_path.sh
[41.598s] -- Up-to-date symlink: /home/hae/robot_ws/src/install/robot_cleaner_pkg/share/robot_cleaner_pkg/environment/ament_prefix_path.dsv
[41.599s] -- Up-to-date symlink: /home/hae/robot_ws/src/install/robot_cleaner_pkg/share/robot_cleaner_pkg/environment/path.sh
[41.600s] -- Up-to-date symlink: /home/hae/robot_ws/src/install/robot_cleaner_pkg/share/robot_cleaner_pkg/environment/path.dsv
[41.602s] -- Up-to-date symlink: /home/hae/robot_ws/src/install/robot_cleaner_pkg/share/robot_cleaner_pkg/local_setup.bash
[41.603s] -- Up-to-date symlink: /home/hae/robot_ws/src/install/robot_cleaner_pkg/share/robot_cleaner_pkg/local_setup.sh
[41.604s] -- Up-to-date symlink: /home/hae/robot_ws/src/install/robot_cleaner_pkg/share/robot_cleaner_pkg/local_setup.zsh
[41.605s] -- Up-to-date symlink: /home/hae/robot_ws/src/install/robot_cleaner_pkg/share/robot_cleaner_pkg/local_setup.dsv
[41.606s] -- Symlinking: /home/hae/robot_ws/src/install/robot_cleaner_pkg/share/robot_cleaner_pkg/package.dsv
[41.640s] -- Up-to-date symlink: /home/hae/robot_ws/src/install/robot_cleaner_pkg/share/ament_index/resource_index/packages/robot_cleaner_pkg
[41.641s] -- Up-to-date symlink: /home/hae/robot_ws/src/install/robot_cleaner_pkg/share/robot_cleaner_pkg/cmake/robot_cleaner_pkgConfig.cmake
[41.642s] -- Up-to-date symlink: /home/hae/robot_ws/src/install/robot_cleaner_pkg/share/robot_cleaner_pkg/cmake/robot_cleaner_pkgConfig-version.cmake
[41.644s] -- Up-to-date symlink: /home/hae/robot_ws/src/install/robot_cleaner_pkg/share/robot_cleaner_pkg/package.xml
[41.651s] Invoked command in '/home/hae/robot_ws/src/build/robot_cleaner_pkg' returned '0': CMAKE_PREFIX_PATH=${CMAKE_PREFIX_PATH}:/opt/ros/humble /usr/bin/cmake --install /home/hae/robot_ws/src/build/robot_cleaner_pkg
