[0.049s] Invoking command in '/home/hae/robot_ws/src/build/robot_go_pkg': AMENT_PREFIX_PATH=/home/hae/robot_ws/src/install/robot_action:${AMENT_PREFIX_PATH} CMAKE_PREFIX_PATH=/home/hae/robot_ws/src/install/robot_action:/opt/ros/humble /usr/bin/cmake --build /home/hae/robot_ws/src/build/robot_go_pkg -- -j4 -l4
[0.158s] -- Found ament_cmake: 1.3.9 (/opt/ros/humble/share/ament_cmake/cmake)
[0.688s] -- Override CMake install command with custom implementation using symlinks instead of copying resources
[0.724s] -- Found rclcpp: 16.0.9 (/opt/ros/humble/share/rclcpp/cmake)
[0.896s] -- Found rosidl_generator_c: 3.1.5 (/opt/ros/humble/share/rosidl_generator_c/cmake)
[0.907s] -- Found rosidl_adapter: 3.1.5 (/opt/ros/humble/share/rosidl_adapter/cmake)
[0.931s] -- Found rosidl_generator_cpp: 3.1.5 (/opt/ros/humble/share/rosidl_generator_cpp/cmake)
[0.976s] -- Using all available rosidl_typesupport_c: rosidl_typesupport_fastrtps_c;rosidl_typesupport_introspection_c
[1.040s] -- Using all available rosidl_typesupport_cpp: rosidl_typesupport_fastrtps_cpp;rosidl_typesupport_introspection_cpp
[1.268s] -- Found rmw_implementation_cmake: 6.1.2 (/opt/ros/humble/share/rmw_implementation_cmake/cmake)
[1.274s] -- Found rmw_fastrtps_cpp: 6.2.6 (/opt/ros/humble/share/rmw_fastrtps_cpp/cmake)
[2.257s] -- Using RMW implementation 'rmw_fastrtps_cpp' as default
[2.848s] -- Found geometry_msgs: 4.2.4 (/opt/ros/humble/share/geometry_msgs/cmake)
[3.016s] -- Found nav_msgs: 4.2.4 (/opt/ros/humble/share/nav_msgs/cmake)
[3.322s] -- Found action_msgs: 1.2.1 (/opt/ros/humble/share/action_msgs/cmake)
[3.545s] -- Found sensor_msgs: 4.2.4 (/opt/ros/humble/share/sensor_msgs/cmake)
[3.848s] -- Found robot_action: 0.0.0 (/home/hae/robot_ws/src/install/robot_action/share/robot_action/cmake)
[3.849s] -- Found rclcpp_action: 16.0.9 (/opt/ros/humble/share/rclcpp_action/cmake)
[3.952s] -- Found ament_lint_auto: 0.12.11 (/opt/ros/humble/share/ament_lint_auto/cmake)
[4.274s] -- Added test 'cppcheck' to perform static code analysis on C / C++ code
[4.274s] -- Configured cppcheck include dirs: 
[4.275s] -- Configured cppcheck exclude dirs and/or files: 
[4.278s] -- Added test 'lint_cmake' to check CMake code style
[4.287s] -- Added test 'uncrustify' to check C / C++ code style
[4.287s] -- Configured uncrustify additional arguments: 
[4.289s] -- Added test 'xmllint' to check XML markup files
[4.294s] -- Configuring done
[4.324s] [31mCMake Error at CMakeLists.txt:37 (add_executable):
[4.324s]   Cannot find source file:
[4.325s] 
[4.325s]     src/actionserver.cpp
[4.326s] 
[4.327s]   Tried extensions .c .C .c++ .cc .cpp .cxx .cu .mpp .m .M .mm .ixx .cppm .h
[4.327s]   .hh .h++ .hm .hpp .hxx .in .txx .f .F .for .f77 .f90 .f95 .f03 .hip .ispc
[4.328s] 
[4.336s] [0m
[4.338s] [31mCMake Error at CMakeLists.txt:37 (add_executable):
[4.339s]   No SOURCES given to target: server_node
[4.340s] 
[4.341s] [0m
[4.342s] [0mCMake Generate step failed.  Build files cannot be regenerated correctly.[0m
[4.359s] gmake: *** [Makefile:349: cmake_check_build_system] Error 1
[4.365s] Invoked command in '/home/hae/robot_ws/src/build/robot_go_pkg' returned '2': AMENT_PREFIX_PATH=/home/hae/robot_ws/src/install/robot_action:${AMENT_PREFIX_PATH} CMAKE_PREFIX_PATH=/home/hae/robot_ws/src/install/robot_action:/opt/ros/humble /usr/bin/cmake --build /home/hae/robot_ws/src/build/robot_go_pkg -- -j4 -l4
