[0.056s] Invoking command in '/home/hae/robot_ws/src/build/robot_go_pkg': AMENT_PREFIX_PATH=/home/hae/robot_ws/src/install/robot_action:${AMENT_PREFIX_PATH} CMAKE_PREFIX_PATH=/home/hae/robot_ws/src/install/robot_action:/opt/ros/humble /usr/bin/cmake --build /home/hae/robot_ws/src/build/robot_go_pkg -- -j4 -l4
[0.160s] -- Found ament_cmake: 1.3.9 (/opt/ros/humble/share/ament_cmake/cmake)
[0.686s] -- Override CMake install command with custom implementation using symlinks instead of copying resources
[0.719s] -- Found rclcpp: 16.0.9 (/opt/ros/humble/share/rclcpp/cmake)
[0.889s] -- Found rosidl_generator_c: 3.1.5 (/opt/ros/humble/share/rosidl_generator_c/cmake)
[0.900s] -- Found rosidl_adapter: 3.1.5 (/opt/ros/humble/share/rosidl_adapter/cmake)
[0.924s] -- Found rosidl_generator_cpp: 3.1.5 (/opt/ros/humble/share/rosidl_generator_cpp/cmake)
[0.969s] -- Using all available rosidl_typesupport_c: rosidl_typesupport_fastrtps_c;rosidl_typesupport_introspection_c
[1.032s] -- Using all available rosidl_typesupport_cpp: rosidl_typesupport_fastrtps_cpp;rosidl_typesupport_introspection_cpp
[1.257s] -- Found rmw_implementation_cmake: 6.1.2 (/opt/ros/humble/share/rmw_implementation_cmake/cmake)
[1.262s] -- Found rmw_fastrtps_cpp: 6.2.6 (/opt/ros/humble/share/rmw_fastrtps_cpp/cmake)
[2.241s] -- Using RMW implementation 'rmw_fastrtps_cpp' as default
[2.845s] -- Found geometry_msgs: 4.2.4 (/opt/ros/humble/share/geometry_msgs/cmake)
[3.008s] -- Found nav_msgs: 4.2.4 (/opt/ros/humble/share/nav_msgs/cmake)
[3.322s] -- Found action_msgs: 1.2.1 (/opt/ros/humble/share/action_msgs/cmake)
[3.555s] -- Found sensor_msgs: 4.2.4 (/opt/ros/humble/share/sensor_msgs/cmake)
[3.864s] -- Found robot_action: 0.0.0 (/home/hae/robot_ws/src/install/robot_action/share/robot_action/cmake)
[3.865s] -- Found rclcpp_action: 16.0.9 (/opt/ros/humble/share/rclcpp_action/cmake)
[3.968s] -- Found ament_lint_auto: 0.12.11 (/opt/ros/humble/share/ament_lint_auto/cmake)
[4.294s] -- Added test 'cppcheck' to perform static code analysis on C / C++ code
[4.294s] -- Configured cppcheck include dirs: 
[4.295s] -- Configured cppcheck exclude dirs and/or files: 
[4.298s] -- Added test 'lint_cmake' to check CMake code style
[4.307s] -- Added test 'uncrustify' to check C / C++ code style
[4.307s] -- Configured uncrustify additional arguments: 
[4.309s] -- Added test 'xmllint' to check XML markup files
[4.315s] -- Configuring done
[4.344s] [31mCMake Error at CMakeLists.txt:37 (add_executable):
[4.345s]   Cannot find source file:
[4.345s] 
[4.345s]     actionserver/go.cpp
[4.346s] 
[4.346s]   Tried extensions .c .C .c++ .cc .cpp .cxx .cu .mpp .m .M .mm .ixx .cppm .h
[4.346s]   .hh .h++ .hm .hpp .hxx .in .txx .f .F .for .f77 .f90 .f95 .f03 .hip .ispc
[4.347s] 
[4.347s] [0m
[4.348s] [31mCMake Error at CMakeLists.txt:39 (add_executable):
[4.349s]   Cannot find source file:
[4.349s] 
[4.349s]     actioncli/go.cpp
[4.350s] 
[4.350s]   Tried extensions .c .C .c++ .cc .cpp .cxx .cu .mpp .m .M .mm .ixx .cppm .h
[4.350s]   .hh .h++ .hm .hpp .hxx .in .txx .f .F .for .f77 .f90 .f95 .f03 .hip .ispc
[4.351s] 
[4.352s] [0m
[4.353s] [31mCMake Error at CMakeLists.txt:37 (add_executable):
[4.354s]   No SOURCES given to target: server_node
[4.354s] 
[4.354s] [0m
[4.355s] [31mCMake Error at CMakeLists.txt:39 (add_executable):
[4.355s]   No SOURCES given to target: cli_node
[4.357s] 
[4.358s] [0m
[4.359s] [0mCMake Generate step failed.  Build files cannot be regenerated correctly.[0m
[4.387s] gmake: *** [Makefile:349: cmake_check_build_system] Error 1
[4.391s] Invoked command in '/home/hae/robot_ws/src/build/robot_go_pkg' returned '2': AMENT_PREFIX_PATH=/home/hae/robot_ws/src/install/robot_action:${AMENT_PREFIX_PATH} CMAKE_PREFIX_PATH=/home/hae/robot_ws/src/install/robot_action:/opt/ros/humble /usr/bin/cmake --build /home/hae/robot_ws/src/build/robot_go_pkg -- -j4 -l4
