-- Found ament_cmake: 1.3.9 (/opt/ros/humble/share/ament_cmake/cmake)
-- Override CMake install command with custom implementation using symlinks instead of copying resources
-- Found rclcpp: 16.0.9 (/opt/ros/humble/share/rclcpp/cmake)
-- Found rosidl_generator_c: 3.1.5 (/opt/ros/humble/share/rosidl_generator_c/cmake)
-- Found rosidl_adapter: 3.1.5 (/opt/ros/humble/share/rosidl_adapter/cmake)
-- Found rosidl_generator_cpp: 3.1.5 (/opt/ros/humble/share/rosidl_generator_cpp/cmake)
-- Using all available rosidl_typesupport_c: rosidl_typesupport_fastrtps_c;rosidl_typesupport_introspection_c
-- Using all available rosidl_typesupport_cpp: rosidl_typesupport_fastrtps_cpp;rosidl_typesupport_introspection_cpp
-- Found rmw_implementation_cmake: 6.1.2 (/opt/ros/humble/share/rmw_implementation_cmake/cmake)
-- Found rmw_fastrtps_cpp: 6.2.6 (/opt/ros/humble/share/rmw_fastrtps_cpp/cmake)
-- Using RMW implementation 'rmw_fastrtps_cpp' as default
-- Found action_msgs: 1.2.1 (/opt/ros/humble/share/action_msgs/cmake)
-- Found rclcpp_action: 16.0.9 (/opt/ros/humble/share/rclcpp_action/cmake)
-- Found ament_lint_auto: 0.12.11 (/opt/ros/humble/share/ament_lint_auto/cmake)
-- Found ament_cmake_ros: 0.10.0 (/opt/ros/humble/share/ament_cmake_ros/cmake)
-- Using all available rosidl_typesupport_c: rosidl_typesupport_fastrtps_c;rosidl_typesupport_introspection_c
-- Using all available rosidl_typesupport_cpp: rosidl_typesupport_fastrtps_cpp;rosidl_typesupport_introspection_cpp
-- Added test 'cppcheck' to perform static code analysis on C / C++ code
-- Configured cppcheck include dirs: /home/hae/robot_ws/src/robot_action_pkg/include
-- Configured cppcheck exclude dirs and/or files: 
-- Added test 'lint_cmake' to check CMake code style
-- Added test 'uncrustify' to check C / C++ code style
-- Configured uncrustify additional arguments: 
-- Added test 'xmllint' to check XML markup files
-- Configuring done
-- Generating done
-- Build files have been written to: /home/hae/robot_ws/src/build/robot_action_pkg
[35m[1mConsolidate compiler generated dependencies of target robot_action_pkg__rosidl_generator_c[0m
[  3%] [32mBuilding CXX object CMakeFiles/action_server.dir/src/action_server.cpp.o[0m
[  7%] Built target robot_action_pkg__cpp
[ 11%] [32mBuilding CXX object CMakeFiles/action_client.dir/src/action_client.cpp.o[0m
[ 23%] Built target robot_action_pkg__rosidl_generator_c
[ 26%] [34m[1mGenerating C++ type support dispatch for ROS interfaces[0m
[ 30%] [34m[1mGenerating C++ type support for eProsima Fast-RTPS[0m
[ 34%] [32mBuilding CXX object CMakeFiles/robot_action_pkg__rosidl_typesupport_cpp.dir/rosidl_typesupport_cpp/robot_action_pkg/action/move__type_support.cpp.o[0m
[01m[K/home/hae/robot_ws/src/robot_action_pkg/src/action_server.cpp:3:10:[m[K [01;31m[Kfatal error: [m[Krobot_action_pkg/action/move.hpp: No such file or directory
    3 | #include [01;31m[K<robot_action_pkg/action/move.hpp>[m[K
      |          [01;31m[K^~~~~~~~~~~~~~~~~~~~~~~~~~~~~~~~~~[m[K
compilation terminated.
gmake[2]: *** [CMakeFiles/action_server.dir/build.make:76: CMakeFiles/action_server.dir/src/action_server.cpp.o] Error 1
gmake[1]: *** [CMakeFiles/Makefile2:397: CMakeFiles/action_server.dir/all] Error 2
gmake[1]: *** Waiting for unfinished jobs....
[01m[K/home/hae/robot_ws/src/robot_action_pkg/src/action_client.cpp:3:10:[m[K [01;31m[Kfatal error: [m[Krobot_action_pkg/action/move.hpp: No such file or directory
    3 | #include [01;31m[K<robot_action_pkg/action/move.hpp>[m[K
      |          [01;31m[K^~~~~~~~~~~~~~~~~~~~~~~~~~~~~~~~~~[m[K
compilation terminated.
gmake[2]: *** [CMakeFiles/action_client.dir/build.make:76: CMakeFiles/action_client.dir/src/action_client.cpp.o] Error 1
gmake[1]: *** [CMakeFiles/Makefile2:423: CMakeFiles/action_client.dir/all] Error 2
[ 38%] [32mBuilding CXX object CMakeFiles/robot_action_pkg__rosidl_typesupport_fastrtps_cpp.dir/rosidl_typesupport_fastrtps_cpp/robot_action_pkg/action/detail/dds_fastrtps/move__type_support.cpp.o[0m
[ 42%] [32m[1mLinking CXX shared library librobot_action_pkg__rosidl_typesupport_cpp.so[0m
[ 42%] Built target robot_action_pkg__rosidl_typesupport_cpp
[ 46%] [32m[1mLinking CXX shared library librobot_action_pkg__rosidl_typesupport_fastrtps_cpp.so[0m
[ 46%] Built target robot_action_pkg__rosidl_typesupport_fastrtps_cpp
gmake: *** [Makefile:146: all] Error 2
