[0.052s] Invoking command in '/home/hae/robot_ws/src/build/robot_action_pkg': CMAKE_PREFIX_PATH=${CMAKE_PREFIX_PATH}:/opt/ros/humble /usr/bin/cmake --build /home/hae/robot_ws/src/build/robot_action_pkg -- -j4 -l4
[0.162s] -- Found ament_cmake: 1.3.9 (/opt/ros/humble/share/ament_cmake/cmake)
[0.679s] -- Override CMake install command with custom implementation using symlinks instead of copying resources
[0.712s] -- Found rclcpp: 16.0.9 (/opt/ros/humble/share/rclcpp/cmake)
[0.882s] -- Found rosidl_generator_c: 3.1.5 (/opt/ros/humble/share/rosidl_generator_c/cmake)
[0.892s] -- Found rosidl_adapter: 3.1.5 (/opt/ros/humble/share/rosidl_adapter/cmake)
[0.916s] -- Found rosidl_generator_cpp: 3.1.5 (/opt/ros/humble/share/rosidl_generator_cpp/cmake)
[0.961s] -- Using all available rosidl_typesupport_c: rosidl_typesupport_fastrtps_c;rosidl_typesupport_introspection_c
[1.022s] -- Using all available rosidl_typesupport_cpp: rosidl_typesupport_fastrtps_cpp;rosidl_typesupport_introspection_cpp
[1.259s] -- Found rmw_implementation_cmake: 6.1.2 (/opt/ros/humble/share/rmw_implementation_cmake/cmake)
[1.268s] -- Found rmw_fastrtps_cpp: 6.2.6 (/opt/ros/humble/share/rmw_fastrtps_cpp/cmake)
[2.245s] -- Using RMW implementation 'rmw_fastrtps_cpp' as default
[2.831s] -- Found action_msgs: 1.2.1 (/opt/ros/humble/share/action_msgs/cmake)
[3.056s] -- Found rclcpp_action: 16.0.9 (/opt/ros/humble/share/rclcpp_action/cmake)
[3.158s] -- Found ament_lint_auto: 0.12.11 (/opt/ros/humble/share/ament_lint_auto/cmake)
[4.289s] -- Found ament_cmake_ros: 0.10.0 (/opt/ros/humble/share/ament_cmake_ros/cmake)
[5.684s] -- Using all available rosidl_typesupport_c: rosidl_typesupport_fastrtps_c;rosidl_typesupport_introspection_c
[6.225s] -- Using all available rosidl_typesupport_cpp: rosidl_typesupport_fastrtps_cpp;rosidl_typesupport_introspection_cpp
[6.265s] -- Added test 'cppcheck' to perform static code analysis on C / C++ code
[6.267s] -- Configured cppcheck include dirs: /home/hae/robot_ws/src/robot_action_pkg/include
[6.268s] -- Configured cppcheck exclude dirs and/or files: 
[6.272s] -- Added test 'lint_cmake' to check CMake code style
[6.280s] -- Added test 'uncrustify' to check C / C++ code style
[6.280s] -- Configured uncrustify additional arguments: 
[6.282s] -- Added test 'xmllint' to check XML markup files
[6.308s] -- Configuring done
[6.469s] -- Generating done
[6.485s] -- Build files have been written to: /home/hae/robot_ws/src/build/robot_action_pkg
[6.602s] [35m[1mConsolidate compiler generated dependencies of target robot_action_pkg__rosidl_generator_c[0m
[6.661s] [  3%] [32mBuilding CXX object CMakeFiles/action_server.dir/src/action_server.cpp.o[0m
[6.665s] [  7%] Built target robot_action_pkg__cpp
[6.670s] [ 11%] [32mBuilding CXX object CMakeFiles/action_client.dir/src/action_client.cpp.o[0m
[6.682s] [ 23%] Built target robot_action_pkg__rosidl_generator_c
[6.734s] [ 26%] [34m[1mGenerating C++ type support dispatch for ROS interfaces[0m
[6.755s] [ 30%] [34m[1mGenerating C++ type support for eProsima Fast-RTPS[0m
[8.234s] [ 34%] [32mBuilding CXX object CMakeFiles/robot_action_pkg__rosidl_typesupport_cpp.dir/rosidl_typesupport_cpp/robot_action_pkg/action/move__type_support.cpp.o[0m
[8.450s] [01m[K/home/hae/robot_ws/src/robot_action_pkg/src/action_server.cpp:3:10:[m[K [01;31m[Kfatal error: [m[Krobot_action_pkg/action/move.hpp: No such file or directory
[8.455s]     3 | #include [01;31m[K<robot_action_pkg/action/move.hpp>[m[K
[8.459s]       |          [01;31m[K^~~~~~~~~~~~~~~~~~~~~~~~~~~~~~~~~~[m[K
[8.463s] compilation terminated.
[8.467s] gmake[2]: *** [CMakeFiles/action_server.dir/build.make:76: CMakeFiles/action_server.dir/src/action_server.cpp.o] Error 1
[8.472s] gmake[1]: *** [CMakeFiles/Makefile2:397: CMakeFiles/action_server.dir/all] Error 2
[8.476s] gmake[1]: *** Waiting for unfinished jobs....
[8.501s] [01m[K/home/hae/robot_ws/src/robot_action_pkg/src/action_client.cpp:3:10:[m[K [01;31m[Kfatal error: [m[Krobot_action_pkg/action/move.hpp: No such file or directory
[8.503s]     3 | #include [01;31m[K<robot_action_pkg/action/move.hpp>[m[K
[8.503s]       |          [01;31m[K^~~~~~~~~~~~~~~~~~~~~~~~~~~~~~~~~~[m[K
[8.504s] compilation terminated.
[8.510s] gmake[2]: *** [CMakeFiles/action_client.dir/build.make:76: CMakeFiles/action_client.dir/src/action_client.cpp.o] Error 1
[8.514s] gmake[1]: *** [CMakeFiles/Makefile2:423: CMakeFiles/action_client.dir/all] Error 2
[8.757s] [ 38%] [32mBuilding CXX object CMakeFiles/robot_action_pkg__rosidl_typesupport_fastrtps_cpp.dir/rosidl_typesupport_fastrtps_cpp/robot_action_pkg/action/detail/dds_fastrtps/move__type_support.cpp.o[0m
[10.461s] [ 42%] [32m[1mLinking CXX shared library librobot_action_pkg__rosidl_typesupport_cpp.so[0m
[10.638s] [ 42%] Built target robot_action_pkg__rosidl_typesupport_cpp
[11.439s] [ 46%] [32m[1mLinking CXX shared library librobot_action_pkg__rosidl_typesupport_fastrtps_cpp.so[0m
[11.770s] [ 46%] Built target robot_action_pkg__rosidl_typesupport_fastrtps_cpp
[11.774s] gmake: *** [Makefile:146: all] Error 2
[11.780s] Invoked command in '/home/hae/robot_ws/src/build/robot_action_pkg' returned '2': CMAKE_PREFIX_PATH=${CMAKE_PREFIX_PATH}:/opt/ros/humble /usr/bin/cmake --build /home/hae/robot_ws/src/build/robot_action_pkg -- -j4 -l4
