[0.055s] Invoking command in '/home/hae/robot_ws/src/build/robot_action_pkg': CMAKE_PREFIX_PATH=${CMAKE_PREFIX_PATH}:/opt/ros/humble /usr/bin/cmake --build /home/hae/robot_ws/src/build/robot_action_pkg -- -j4 -l4
[0.280s] [  7%] [32mBuilding CXX object CMakeFiles/action_server.dir/src/action_server.cpp.o[0m
[0.285s] [ 11%] [32mBuilding CXX object CMakeFiles/action_client.dir/src/action_client.cpp.o[0m
[0.293s] [ 11%] Built target robot_action_pkg__cpp
[0.297s] [ 23%] Built target robot_action_pkg__rosidl_generator_c
[0.324s] [35m[1mConsolidate compiler generated dependencies of target robot_action_pkg__rosidl_typesupport_cpp[0m
[0.368s] [35m[1mConsolidate compiler generated dependencies of target robot_action_pkg__rosidl_typesupport_fastrtps_cpp[0m
[0.416s] [ 34%] Built target robot_action_pkg__rosidl_typesupport_cpp
[0.449s] [ 46%] Built target robot_action_pkg__rosidl_typesupport_fastrtps_cpp
[0.462s] [35m[1mConsolidate compiler generated dependencies of target robot_action_pkg__rosidl_typesupport_introspection_c[0m
[0.507s] [ 50%] [34m[1mGenerating C type support dispatch for ROS interfaces[0m
[0.530s] [ 61%] Built target robot_action_pkg__rosidl_typesupport_introspection_c
[0.578s] [ 65%] [34m[1mGenerating C++ introspection for ROS interfaces[0m
[1.968s] [ 69%] [32mBuilding CXX object CMakeFiles/robot_action_pkg__rosidl_typesupport_c.dir/rosidl_typesupport_c/robot_action_pkg/action/move__type_support.cpp.o[0m
[2.068s] [01m[K/home/hae/robot_ws/src/robot_action_pkg/src/action_client.cpp:3:10:[m[K [01;31m[Kfatal error: [m[Krobot_action_pkg/action/move.action: No such file or directory
[2.073s]     3 | #include [01;31m[K<robot_action_pkg/action/move.action>[m[K
[2.080s]       |          [01;31m[K^~~~~~~~~~~~~~~~~~~~~~~~~~~~~~~~~~~~~[m[K
[2.083s] compilation terminated.
[2.087s] gmake[2]: *** [CMakeFiles/action_client.dir/build.make:76: CMakeFiles/action_client.dir/src/action_client.cpp.o] Error 1
[2.090s] gmake[1]: *** [CMakeFiles/Makefile2:423: CMakeFiles/action_client.dir/all] Error 2
[2.094s] gmake[1]: *** Waiting for unfinished jobs....
[2.130s] [01m[K/home/hae/robot_ws/src/robot_action_pkg/src/action_server.cpp:3:10:[m[K [01;31m[Kfatal error: [m[Krobot_action_pkg/action/move.acton: No such file or directory
[2.135s]     3 | #include [01;31m[K<robot_action_pkg/action/move.acton>[m[K
[2.140s]       |          [01;31m[K^~~~~~~~~~~~~~~~~~~~~~~~~~~~~~~~~~~~[m[K
[2.145s] compilation terminated.
[2.148s] gmake[2]: *** [CMakeFiles/action_server.dir/build.make:76: CMakeFiles/action_server.dir/src/action_server.cpp.o] Error 1
[2.151s] gmake[1]: *** [CMakeFiles/Makefile2:397: CMakeFiles/action_server.dir/all] Error 2
[2.253s] [ 73%] [32m[1mLinking CXX shared library librobot_action_pkg__rosidl_typesupport_c.so[0m
[2.346s] [ 76%] [32mBuilding CXX object CMakeFiles/robot_action_pkg__rosidl_typesupport_introspection_cpp.dir/rosidl_typesupport_introspection_cpp/robot_action_pkg/action/detail/move__type_support.cpp.o[0m
[2.418s] [ 76%] Built target robot_action_pkg__rosidl_typesupport_c
[4.849s] [ 80%] [32m[1mLinking CXX shared library librobot_action_pkg__rosidl_typesupport_introspection_cpp.so[0m
[5.147s] [ 80%] Built target robot_action_pkg__rosidl_typesupport_introspection_cpp
[5.152s] gmake: *** [Makefile:146: all] Error 2
[5.158s] Invoked command in '/home/hae/robot_ws/src/build/robot_action_pkg' returned '2': CMAKE_PREFIX_PATH=${CMAKE_PREFIX_PATH}:/opt/ros/humble /usr/bin/cmake --build /home/hae/robot_ws/src/build/robot_action_pkg -- -j4 -l4
