-- Found ament_cmake: 1.3.9 (/opt/ros/humble/share/ament_cmake/cmake)
-- Override CMake install command with custom implementation using symlinks instead of copying resources
-- Found rclcpp: 16.0.9 (/opt/ros/humble/share/rclcpp/cmake)
-- Found rosidl_generator_c: 3.1.5 (/opt/ros/humble/share/rosidl_generator_c/cmake)
-- Found rosidl_adapter: 3.1.5 (/opt/ros/humble/share/rosidl_adapter/cmake)
-- Found rosidl_generator_cpp: 3.1.5 (/opt/ros/humble/share/rosidl_generator_cpp/cmake)
-- Using all available rosidl_typesupport_c: rosidl_typesupport_fastrtps_c;rosidl_typesupport_introspection_c
-- Using all available rosidl_typesupport_cpp: rosidl_typesupport_fastrtps_cpp;rosidl_typesupport_introspection_cpp
-- Found rmw_implementation_cmake: 6.1.2 (/opt/ros/humble/share/rmw_implementation_cmake/cmake)
-- Found rmw_fastrtps_cpp: 6.2.6 (/opt/ros/humble/share/rmw_fastrtps_cpp/cmake)
-- Using RMW implementation 'rmw_fastrtps_cpp' as default
-- Found sensor_msgs: 4.2.4 (/opt/ros/humble/share/sensor_msgs/cmake)
-- Configuring done
-- Generating done
-- Build files have been written to: /home/hae/robot_ws/src/build/cgps_pkg
[35m[1mConsolidate compiler generated dependencies of target gps[0m
[ 50%] [32mBuilding CXX object CMakeFiles/gps.dir/src/gps.cpp.o[0m
[01m[K/home/hae/robot_ws/src/cgps_pkg/src/gps.cpp:[m[K In function ‘[01m[Kint main()[m[K’:
[01m[K/home/hae/robot_ws/src/cgps_pkg/src/gps.cpp:12:5:[m[K [01;31m[Kerror: [m[K‘[01m[Kgps_ctx[m[K’ was not declared in this scope
   12 |     [01;31m[Kgps_ctx[m[K *gps = gps_open("localhost", DEFAULT_GPSD_PORT);
      |     [01;31m[K^~~~~~~[m[K
[01m[K/home/hae/robot_ws/src/cgps_pkg/src/gps.cpp:12:14:[m[K [01;31m[Kerror: [m[K‘[01m[Kgps[m[K’ was not declared in this scope
   12 |     gps_ctx *[01;31m[Kgps[m[K = gps_open("localhost", DEFAULT_GPSD_PORT);
      |              [01;31m[K^~~[m[K
[01m[K/home/hae/robot_ws/src/cgps_pkg/src/gps.cpp:12:28:[m[K [01;31m[Kerror: [m[Ktoo few arguments to function ‘[01m[Kint gps_open(const char*, const char*, gps_data_t*)[m[K’
   12 |     gps_ctx *gps = [01;31m[Kgps_open("localhost", DEFAULT_GPSD_PORT)[m[K;
      |                    [01;31m[K~~~~~~~~^~~~~~~~~~~~~~~~~~~~~~~~~~~~~~~~[m[K
In file included from [01m[K/home/hae/robot_ws/src/cgps_pkg/src/gps.cpp:2[m[K:
[01m[K/usr/include/gps.h:2443:12:[m[K [01;36m[Knote: [m[Kdeclared here
 2443 | extern int [01;36m[Kgps_open[m[K(const char *, const char *,
      |            [01;36m[K^~~~~~~~[m[K
[01m[K/home/hae/robot_ws/src/cgps_pkg/src/gps.cpp:11:9:[m[K [01;35m[Kwarning: [m[Kunused variable ‘[01m[Kerr[m[K’ [[01;35m[K]8;;https://gcc.gnu.org/onlinedocs/gcc/Warning-Options.html#index-Wunused-variable-Wunused-variable]8;;[m[K]
   11 |     int [01;35m[Kerr[m[K;
      |         [01;35m[K^~~[m[K
gmake[2]: *** [CMakeFiles/gps.dir/build.make:76: CMakeFiles/gps.dir/src/gps.cpp.o] Error 1
gmake[1]: *** [CMakeFiles/Makefile2:137: CMakeFiles/gps.dir/all] Error 2
gmake: *** [Makefile:146: all] Error 2
