[0.453s] DEBUG:colcon:Command line arguments: ['/usr/bin/colcon', 'build', '--symlink-install', '--packages-select', 'robot_grid_pkg']
[0.454s] DEBUG:colcon:Parsed command line arguments: Namespace(log_base=None, log_level=None, verb_name='build', build_base='build', install_base='install', merge_install=False, symlink_install=True, test_result_base=None, continue_on_error=False, executor='parallel', parallel_workers=4, event_handlers=None, ignore_user_meta=False, metas=['./colcon.meta'], base_paths=['.'], packages_ignore=None, packages_ignore_regex=None, paths=None, packages_up_to=None, packages_up_to_regex=None, packages_above=None, packages_above_and_dependencies=None, packages_above_depth=None, packages_select_by_dep=None, packages_skip_by_dep=None, packages_skip_up_to=None, packages_select_build_failed=False, packages_skip_build_finished=False, packages_select_test_failures=False, packages_skip_test_passed=False, packages_select=['robot_grid_pkg'], packages_skip=None, packages_select_regex=None, packages_skip_regex=None, packages_start=None, packages_end=None, allow_overriding=[], cmake_args=None, cmake_target=None, cmake_target_skip_unavailable=False, cmake_clean_cache=False, cmake_clean_first=False, cmake_force_configure=False, ament_cmake_args=None, catkin_cmake_args=None, catkin_skip_building_tests=False, mixin_files=None, mixin=None, verb_parser=<colcon_mixin.mixin.mixin_argument.MixinArgumentDecorator object at 0xffffba73d9c0>, verb_extension=<colcon_core.verb.build.BuildVerb object at 0xffffba9120e0>, main=<bound method BuildVerb.main of <colcon_core.verb.build.BuildVerb object at 0xffffba9120e0>>, mixin_verb=('build',))
[1.287s] Level 1:colcon.colcon_core.package_discovery:discover_packages(colcon_meta) check parameters
[1.287s] Level 1:colcon.colcon_core.package_discovery:discover_packages(recursive) check parameters
[1.288s] Level 1:colcon.colcon_core.package_discovery:discover_packages(ignore) check parameters
[1.288s] Level 1:colcon.colcon_core.package_discovery:discover_packages(path) check parameters
[1.288s] Level 1:colcon.colcon_core.package_discovery:discover_packages(colcon_meta) discover
[1.288s] Level 1:colcon.colcon_core.package_discovery:discover_packages(recursive) discover
[1.288s] INFO:colcon.colcon_core.package_discovery:Crawling recursively for packages in '/home/hae/robot_ws/src'
[1.289s] Level 1:colcon.colcon_core.package_identification:_identify(.) by extensions ['ignore', 'ignore_ament_install']
[1.289s] Level 1:colcon.colcon_core.package_identification:_identify(.) by extension 'ignore'
[1.290s] Level 1:colcon.colcon_core.package_identification:_identify(.) by extension 'ignore_ament_install'
[1.290s] Level 1:colcon.colcon_core.package_identification:_identify(.) by extensions ['colcon_pkg']
[1.290s] Level 1:colcon.colcon_core.package_identification:_identify(.) by extension 'colcon_pkg'
[1.290s] Level 1:colcon.colcon_core.package_identification:_identify(.) by extensions ['colcon_meta']
[1.290s] Level 1:colcon.colcon_core.package_identification:_identify(.) by extension 'colcon_meta'
[1.290s] Level 1:colcon.colcon_core.package_identification:_identify(.) by extensions ['ros']
[1.291s] Level 1:colcon.colcon_core.package_identification:_identify(.) by extension 'ros'
[1.337s] Level 1:colcon.colcon_core.package_identification:_identify(.) by extensions ['cmake', 'python']
[1.337s] Level 1:colcon.colcon_core.package_identification:_identify(.) by extension 'cmake'
[1.338s] Level 1:colcon.colcon_core.package_identification:_identify(.) by extension 'python'
[1.338s] Level 1:colcon.colcon_core.package_identification:_identify(.) by extensions ['python_setup_py']
[1.338s] Level 1:colcon.colcon_core.package_identification:_identify(.) by extension 'python_setup_py'
[1.339s] Level 1:colcon.colcon_core.package_identification:_identify(Cgps) by extensions ['ignore', 'ignore_ament_install']
[1.339s] Level 1:colcon.colcon_core.package_identification:_identify(Cgps) by extension 'ignore'
[1.339s] Level 1:colcon.colcon_core.package_identification:_identify(Cgps) by extension 'ignore_ament_install'
[1.339s] Level 1:colcon.colcon_core.package_identification:_identify(Cgps) by extensions ['colcon_pkg']
[1.340s] Level 1:colcon.colcon_core.package_identification:_identify(Cgps) by extension 'colcon_pkg'
[1.340s] Level 1:colcon.colcon_core.package_identification:_identify(Cgps) by extensions ['colcon_meta']
[1.340s] Level 1:colcon.colcon_core.package_identification:_identify(Cgps) by extension 'colcon_meta'
[1.340s] Level 1:colcon.colcon_core.package_identification:_identify(Cgps) by extensions ['ros']
[1.340s] Level 1:colcon.colcon_core.package_identification:_identify(Cgps) by extension 'ros'
[1.341s] Level 1:colcon.colcon_core.package_identification:_identify(Cgps) by extensions ['cmake', 'python']
[1.341s] Level 1:colcon.colcon_core.package_identification:_identify(Cgps) by extension 'cmake'
[1.341s] Level 1:colcon.colcon_core.package_identification:_identify(Cgps) by extension 'python'
[1.341s] Level 1:colcon.colcon_core.package_identification:_identify(Cgps) by extensions ['python_setup_py']
[1.341s] Level 1:colcon.colcon_core.package_identification:_identify(Cgps) by extension 'python_setup_py'
[1.342s] Level 1:colcon.colcon_core.package_identification:_identify(action_test) by extensions ['ignore', 'ignore_ament_install']
[1.342s] Level 1:colcon.colcon_core.package_identification:_identify(action_test) by extension 'ignore'
[1.342s] Level 1:colcon.colcon_core.package_identification:_identify(action_test) by extension 'ignore_ament_install'
[1.342s] Level 1:colcon.colcon_core.package_identification:_identify(action_test) by extensions ['colcon_pkg']
[1.343s] Level 1:colcon.colcon_core.package_identification:_identify(action_test) by extension 'colcon_pkg'
[1.343s] Level 1:colcon.colcon_core.package_identification:_identify(action_test) by extensions ['colcon_meta']
[1.343s] Level 1:colcon.colcon_core.package_identification:_identify(action_test) by extension 'colcon_meta'
[1.343s] Level 1:colcon.colcon_core.package_identification:_identify(action_test) by extensions ['ros']
[1.343s] Level 1:colcon.colcon_core.package_identification:_identify(action_test) by extension 'ros'
[1.353s] DEBUG:colcon.colcon_core.package_identification:Package 'action_test' with type 'ros.ament_cmake' and name 'action_test'
[1.354s] Level 1:colcon.colcon_core.package_identification:_identify(build) by extensions ['ignore', 'ignore_ament_install']
[1.354s] Level 1:colcon.colcon_core.package_identification:_identify(build) by extension 'ignore'
[1.355s] Level 1:colcon.colcon_core.package_identification:_identify(build) ignored
[1.355s] Level 1:colcon.colcon_core.package_identification:_identify(cgps_pkg) by extensions ['ignore', 'ignore_ament_install']
[1.355s] Level 1:colcon.colcon_core.package_identification:_identify(cgps_pkg) by extension 'ignore'
[1.356s] Level 1:colcon.colcon_core.package_identification:_identify(cgps_pkg) by extension 'ignore_ament_install'
[1.356s] Level 1:colcon.colcon_core.package_identification:_identify(cgps_pkg) by extensions ['colcon_pkg']
[1.356s] Level 1:colcon.colcon_core.package_identification:_identify(cgps_pkg) by extension 'colcon_pkg'
[1.356s] Level 1:colcon.colcon_core.package_identification:_identify(cgps_pkg) by extensions ['colcon_meta']
[1.356s] Level 1:colcon.colcon_core.package_identification:_identify(cgps_pkg) by extension 'colcon_meta'
[1.357s] Level 1:colcon.colcon_core.package_identification:_identify(cgps_pkg) by extensions ['ros']
[1.357s] Level 1:colcon.colcon_core.package_identification:_identify(cgps_pkg) by extension 'ros'
[1.359s] DEBUG:colcon.colcon_core.package_identification:Package 'cgps_pkg' with type 'ros.ament_cmake' and name 'cgps_pkg'
[1.360s] Level 1:colcon.colcon_core.package_identification:_identify(dot_pkg) by extensions ['ignore', 'ignore_ament_install']
[1.360s] Level 1:colcon.colcon_core.package_identification:_identify(dot_pkg) by extension 'ignore'
[1.361s] Level 1:colcon.colcon_core.package_identification:_identify(dot_pkg) by extension 'ignore_ament_install'
[1.361s] Level 1:colcon.colcon_core.package_identification:_identify(dot_pkg) by extensions ['colcon_pkg']
[1.361s] Level 1:colcon.colcon_core.package_identification:_identify(dot_pkg) by extension 'colcon_pkg'
[1.361s] Level 1:colcon.colcon_core.package_identification:_identify(dot_pkg) by extensions ['colcon_meta']
[1.361s] Level 1:colcon.colcon_core.package_identification:_identify(dot_pkg) by extension 'colcon_meta'
[1.362s] Level 1:colcon.colcon_core.package_identification:_identify(dot_pkg) by extensions ['ros']
[1.362s] Level 1:colcon.colcon_core.package_identification:_identify(dot_pkg) by extension 'ros'
[1.365s] DEBUG:colcon.colcon_core.package_identification:Package 'dot_pkg' with type 'ros.ament_cmake' and name 'dot_pkg'
[1.366s] Level 1:colcon.colcon_core.package_identification:_identify(install) by extensions ['ignore', 'ignore_ament_install']
[1.366s] Level 1:colcon.colcon_core.package_identification:_identify(install) by extension 'ignore'
[1.366s] Level 1:colcon.colcon_core.package_identification:_identify(install) ignored
[1.370s] Level 1:colcon.colcon_core.package_identification:_identify(log) by extensions ['ignore', 'ignore_ament_install']
[1.371s] Level 1:colcon.colcon_core.package_identification:_identify(log) by extension 'ignore'
[1.371s] Level 1:colcon.colcon_core.package_identification:_identify(log) ignored
[1.371s] Level 1:colcon.colcon_core.package_identification:_identify(robot_action) by extensions ['ignore', 'ignore_ament_install']
[1.372s] Level 1:colcon.colcon_core.package_identification:_identify(robot_action) by extension 'ignore'
[1.372s] Level 1:colcon.colcon_core.package_identification:_identify(robot_action) by extension 'ignore_ament_install'
[1.372s] Level 1:colcon.colcon_core.package_identification:_identify(robot_action) by extensions ['colcon_pkg']
[1.372s] Level 1:colcon.colcon_core.package_identification:_identify(robot_action) by extension 'colcon_pkg'
[1.373s] Level 1:colcon.colcon_core.package_identification:_identify(robot_action) by extensions ['colcon_meta']
[1.373s] Level 1:colcon.colcon_core.package_identification:_identify(robot_action) by extension 'colcon_meta'
[1.373s] Level 1:colcon.colcon_core.package_identification:_identify(robot_action) by extensions ['ros']
[1.373s] Level 1:colcon.colcon_core.package_identification:_identify(robot_action) by extension 'ros'
[1.376s] DEBUG:colcon.colcon_core.package_identification:Package 'robot_action' with type 'ros.ament_cmake' and name 'robot_action'
[1.377s] Level 1:colcon.colcon_core.package_identification:_identify(robot_cleaner_pkg) by extensions ['ignore', 'ignore_ament_install']
[1.377s] Level 1:colcon.colcon_core.package_identification:_identify(robot_cleaner_pkg) by extension 'ignore'
[1.377s] Level 1:colcon.colcon_core.package_identification:_identify(robot_cleaner_pkg) by extension 'ignore_ament_install'
[1.378s] Level 1:colcon.colcon_core.package_identification:_identify(robot_cleaner_pkg) by extensions ['colcon_pkg']
[1.378s] Level 1:colcon.colcon_core.package_identification:_identify(robot_cleaner_pkg) by extension 'colcon_pkg'
[1.378s] Level 1:colcon.colcon_core.package_identification:_identify(robot_cleaner_pkg) by extensions ['colcon_meta']
[1.378s] Level 1:colcon.colcon_core.package_identification:_identify(robot_cleaner_pkg) by extension 'colcon_meta'
[1.378s] Level 1:colcon.colcon_core.package_identification:_identify(robot_cleaner_pkg) by extensions ['ros']
[1.378s] Level 1:colcon.colcon_core.package_identification:_identify(robot_cleaner_pkg) by extension 'ros'
[1.381s] DEBUG:colcon.colcon_core.package_identification:Package 'robot_cleaner_pkg' with type 'ros.ament_cmake' and name 'robot_cleaner_pkg'
[1.382s] Level 1:colcon.colcon_core.package_identification:_identify(robot_drive_pkg) by extensions ['ignore', 'ignore_ament_install']
[1.382s] Level 1:colcon.colcon_core.package_identification:_identify(robot_drive_pkg) by extension 'ignore'
[1.382s] Level 1:colcon.colcon_core.package_identification:_identify(robot_drive_pkg) by extension 'ignore_ament_install'
[1.383s] Level 1:colcon.colcon_core.package_identification:_identify(robot_drive_pkg) by extensions ['colcon_pkg']
[1.383s] Level 1:colcon.colcon_core.package_identification:_identify(robot_drive_pkg) by extension 'colcon_pkg'
[1.383s] Level 1:colcon.colcon_core.package_identification:_identify(robot_drive_pkg) by extensions ['colcon_meta']
[1.383s] Level 1:colcon.colcon_core.package_identification:_identify(robot_drive_pkg) by extension 'colcon_meta'
[1.383s] Level 1:colcon.colcon_core.package_identification:_identify(robot_drive_pkg) by extensions ['ros']
[1.384s] Level 1:colcon.colcon_core.package_identification:_identify(robot_drive_pkg) by extension 'ros'
[1.386s] DEBUG:colcon.colcon_core.package_identification:Package 'robot_drive_pkg' with type 'ros.ament_cmake' and name 'robot_drive_pkg'
[1.387s] Level 1:colcon.colcon_core.package_identification:_identify(robot_go_pkg) by extensions ['ignore', 'ignore_ament_install']
[1.387s] Level 1:colcon.colcon_core.package_identification:_identify(robot_go_pkg) by extension 'ignore'
[1.388s] Level 1:colcon.colcon_core.package_identification:_identify(robot_go_pkg) by extension 'ignore_ament_install'
[1.388s] Level 1:colcon.colcon_core.package_identification:_identify(robot_go_pkg) by extensions ['colcon_pkg']
[1.388s] Level 1:colcon.colcon_core.package_identification:_identify(robot_go_pkg) by extension 'colcon_pkg'
[1.388s] Level 1:colcon.colcon_core.package_identification:_identify(robot_go_pkg) by extensions ['colcon_meta']
[1.388s] Level 1:colcon.colcon_core.package_identification:_identify(robot_go_pkg) by extension 'colcon_meta'
[1.389s] Level 1:colcon.colcon_core.package_identification:_identify(robot_go_pkg) by extensions ['ros']
[1.389s] Level 1:colcon.colcon_core.package_identification:_identify(robot_go_pkg) by extension 'ros'
[1.393s] DEBUG:colcon.colcon_core.package_identification:Package 'robot_go_pkg' with type 'ros.ament_cmake' and name 'robot_go_pkg'
[1.393s] Level 1:colcon.colcon_core.package_identification:_identify(robot_grid_pkg) by extensions ['ignore', 'ignore_ament_install']
[1.393s] Level 1:colcon.colcon_core.package_identification:_identify(robot_grid_pkg) by extension 'ignore'
[1.394s] Level 1:colcon.colcon_core.package_identification:_identify(robot_grid_pkg) by extension 'ignore_ament_install'
[1.394s] Level 1:colcon.colcon_core.package_identification:_identify(robot_grid_pkg) by extensions ['colcon_pkg']
[1.394s] Level 1:colcon.colcon_core.package_identification:_identify(robot_grid_pkg) by extension 'colcon_pkg'
[1.394s] Level 1:colcon.colcon_core.package_identification:_identify(robot_grid_pkg) by extensions ['colcon_meta']
[1.394s] Level 1:colcon.colcon_core.package_identification:_identify(robot_grid_pkg) by extension 'colcon_meta'
[1.395s] Level 1:colcon.colcon_core.package_identification:_identify(robot_grid_pkg) by extensions ['ros']
[1.395s] Level 1:colcon.colcon_core.package_identification:_identify(robot_grid_pkg) by extension 'ros'
[1.398s] DEBUG:colcon.colcon_core.package_identification:Package 'robot_grid_pkg' with type 'ros.ament_cmake' and name 'robot_grid_pkg'
[1.398s] Level 1:colcon.colcon_core.package_identification:_identify(robot_move_pkg) by extensions ['ignore', 'ignore_ament_install']
[1.399s] Level 1:colcon.colcon_core.package_identification:_identify(robot_move_pkg) by extension 'ignore'
[1.399s] Level 1:colcon.colcon_core.package_identification:_identify(robot_move_pkg) by extension 'ignore_ament_install'
[1.399s] Level 1:colcon.colcon_core.package_identification:_identify(robot_move_pkg) by extensions ['colcon_pkg']
[1.399s] Level 1:colcon.colcon_core.package_identification:_identify(robot_move_pkg) by extension 'colcon_pkg'
[1.399s] Level 1:colcon.colcon_core.package_identification:_identify(robot_move_pkg) by extensions ['colcon_meta']
[1.399s] Level 1:colcon.colcon_core.package_identification:_identify(robot_move_pkg) by extension 'colcon_meta'
[1.400s] Level 1:colcon.colcon_core.package_identification:_identify(robot_move_pkg) by extensions ['ros']
[1.400s] Level 1:colcon.colcon_core.package_identification:_identify(robot_move_pkg) by extension 'ros'
[1.402s] DEBUG:colcon.colcon_core.package_identification:Package 'robot_move_pkg' with type 'ros.ament_cmake' and name 'robot_move_pkg'
[1.403s] Level 1:colcon.colcon_core.package_identification:_identify(robot_total_pkg) by extensions ['ignore', 'ignore_ament_install']
[1.403s] Level 1:colcon.colcon_core.package_identification:_identify(robot_total_pkg) by extension 'ignore'
[1.404s] Level 1:colcon.colcon_core.package_identification:_identify(robot_total_pkg) by extension 'ignore_ament_install'
[1.404s] Level 1:colcon.colcon_core.package_identification:_identify(robot_total_pkg) by extensions ['colcon_pkg']
[1.404s] Level 1:colcon.colcon_core.package_identification:_identify(robot_total_pkg) by extension 'colcon_pkg'
[1.404s] Level 1:colcon.colcon_core.package_identification:_identify(robot_total_pkg) by extensions ['colcon_meta']
[1.404s] Level 1:colcon.colcon_core.package_identification:_identify(robot_total_pkg) by extension 'colcon_meta'
[1.405s] Level 1:colcon.colcon_core.package_identification:_identify(robot_total_pkg) by extensions ['ros']
[1.405s] Level 1:colcon.colcon_core.package_identification:_identify(robot_total_pkg) by extension 'ros'
[1.408s] DEBUG:colcon.colcon_core.package_identification:Package 'robot_total_pkg' with type 'ros.ament_cmake' and name 'robot_total_pkg'
[1.409s] Level 1:colcon.colcon_core.package_identification:_identify(test_pkg) by extensions ['ignore', 'ignore_ament_install']
[1.409s] Level 1:colcon.colcon_core.package_identification:_identify(test_pkg) by extension 'ignore'
[1.409s] Level 1:colcon.colcon_core.package_identification:_identify(test_pkg) by extension 'ignore_ament_install'
[1.409s] Level 1:colcon.colcon_core.package_identification:_identify(test_pkg) by extensions ['colcon_pkg']
[1.410s] Level 1:colcon.colcon_core.package_identification:_identify(test_pkg) by extension 'colcon_pkg'
[1.410s] Level 1:colcon.colcon_core.package_identification:_identify(test_pkg) by extensions ['colcon_meta']
[1.410s] Level 1:colcon.colcon_core.package_identification:_identify(test_pkg) by extension 'colcon_meta'
[1.410s] Level 1:colcon.colcon_core.package_identification:_identify(test_pkg) by extensions ['ros']
[1.410s] Level 1:colcon.colcon_core.package_identification:_identify(test_pkg) by extension 'ros'
[1.414s] DEBUG:colcon.colcon_core.package_identification:Package 'test_pkg' with type 'ros.ament_cmake' and name 'test_pkg'
[1.414s] Level 1:colcon.colcon_core.package_discovery:discover_packages(recursive) using defaults
[1.414s] Level 1:colcon.colcon_core.package_discovery:discover_packages(ignore) discover
[1.414s] Level 1:colcon.colcon_core.package_discovery:discover_packages(ignore) using defaults
[1.414s] Level 1:colcon.colcon_core.package_discovery:discover_packages(path) discover
[1.414s] Level 1:colcon.colcon_core.package_discovery:discover_packages(path) using defaults
[1.493s] INFO:colcon.colcon_core.package_selection:Skipping not selected package 'cgps_pkg' in 'cgps_pkg'
[1.493s] INFO:colcon.colcon_core.package_selection:Skipping not selected package 'dot_pkg' in 'dot_pkg'
[1.493s] INFO:colcon.colcon_core.package_selection:Skipping not selected package 'robot_action' in 'robot_action'
[1.493s] INFO:colcon.colcon_core.package_selection:Skipping not selected package 'robot_cleaner_pkg' in 'robot_cleaner_pkg'
[1.493s] INFO:colcon.colcon_core.package_selection:Skipping not selected package 'robot_drive_pkg' in 'robot_drive_pkg'
[1.493s] INFO:colcon.colcon_core.package_selection:Skipping not selected package 'robot_move_pkg' in 'robot_move_pkg'
[1.493s] INFO:colcon.colcon_core.package_selection:Skipping not selected package 'robot_total_pkg' in 'robot_total_pkg'
[1.494s] INFO:colcon.colcon_core.package_selection:Skipping not selected package 'action_test' in 'action_test'
[1.494s] INFO:colcon.colcon_core.package_selection:Skipping not selected package 'robot_go_pkg' in 'robot_go_pkg'
[1.494s] INFO:colcon.colcon_core.package_selection:Skipping not selected package 'test_pkg' in 'test_pkg'
[1.496s] Level 1:colcon.colcon_core.package_discovery:discover_packages(prefix_path) check parameters
[1.496s] Level 1:colcon.colcon_core.package_discovery:discover_packages(prefix_path) discover
[1.508s] DEBUG:colcon.colcon_installed_package_information.package_discovery:Found 12 installed packages in /home/hae/robot_ws/src/install
[1.517s] DEBUG:colcon.colcon_installed_package_information.package_discovery:Found 268 installed packages in /opt/ros/humble
[1.564s] Level 1:colcon.colcon_core.package_discovery:discover_packages(prefix_path) using defaults
[1.728s] Level 5:colcon.colcon_core.verb:set package 'robot_grid_pkg' build argument 'cmake_args' from command line to 'None'
[1.729s] Level 5:colcon.colcon_core.verb:set package 'robot_grid_pkg' build argument 'cmake_target' from command line to 'None'
[1.729s] Level 5:colcon.colcon_core.verb:set package 'robot_grid_pkg' build argument 'cmake_target_skip_unavailable' from command line to 'False'
[1.729s] Level 5:colcon.colcon_core.verb:set package 'robot_grid_pkg' build argument 'cmake_clean_cache' from command line to 'False'
[1.729s] Level 5:colcon.colcon_core.verb:set package 'robot_grid_pkg' build argument 'cmake_clean_first' from command line to 'False'
[1.729s] Level 5:colcon.colcon_core.verb:set package 'robot_grid_pkg' build argument 'cmake_force_configure' from command line to 'False'
[1.729s] Level 5:colcon.colcon_core.verb:set package 'robot_grid_pkg' build argument 'ament_cmake_args' from command line to 'None'
[1.729s] Level 5:colcon.colcon_core.verb:set package 'robot_grid_pkg' build argument 'catkin_cmake_args' from command line to 'None'
[1.729s] Level 5:colcon.colcon_core.verb:set package 'robot_grid_pkg' build argument 'catkin_skip_building_tests' from command line to 'False'
[1.730s] DEBUG:colcon.colcon_core.verb:Building package 'robot_grid_pkg' with the following arguments: {'ament_cmake_args': None, 'build_base': '/home/hae/robot_ws/src/build/robot_grid_pkg', 'catkin_cmake_args': None, 'catkin_skip_building_tests': False, 'cmake_args': None, 'cmake_clean_cache': False, 'cmake_clean_first': False, 'cmake_force_configure': False, 'cmake_target': None, 'cmake_target_skip_unavailable': False, 'install_base': '/home/hae/robot_ws/src/install/robot_grid_pkg', 'merge_install': False, 'path': '/home/hae/robot_ws/src/robot_grid_pkg', 'symlink_install': True, 'test_result_base': None}
[1.730s] INFO:colcon.colcon_core.executor:Executing jobs using 'parallel' executor
[1.734s] DEBUG:colcon.colcon_parallel_executor.executor.parallel:run_until_complete
[1.735s] INFO:colcon.colcon_ros.task.ament_cmake.build:Building ROS package in '/home/hae/robot_ws/src/robot_grid_pkg' with build type 'ament_cmake'
[1.735s] INFO:colcon.colcon_cmake.task.cmake.build:Building CMake package in '/home/hae/robot_ws/src/robot_grid_pkg'
[1.746s] INFO:colcon.colcon_core.plugin_system:Skipping extension 'colcon_core.shell.bat': Not used on non-Windows systems
[1.747s] INFO:colcon.colcon_core.shell:Skip shell extension 'powershell' for command environment: Not usable outside of PowerShell
[1.747s] DEBUG:colcon.colcon_core.shell:Skip shell extension 'dsv' for command environment
[1.801s] DEBUG:colcon.colcon_core.event_handler.log_command:Invoking command in '/home/hae/robot_ws/src/build/robot_grid_pkg': CMAKE_PREFIX_PATH=${CMAKE_PREFIX_PATH}:/opt/ros/humble /usr/bin/cmake --build /home/hae/robot_ws/src/build/robot_grid_pkg -- -j4 -l4
[38.861s] DEBUG:colcon.colcon_core.event_handler.log_command:Invoked command in '/home/hae/robot_ws/src/build/robot_grid_pkg' returned '0': CMAKE_PREFIX_PATH=${CMAKE_PREFIX_PATH}:/opt/ros/humble /usr/bin/cmake --build /home/hae/robot_ws/src/build/robot_grid_pkg -- -j4 -l4
[39.035s] DEBUG:colcon.colcon_core.event_handler.log_command:Invoking command in '/home/hae/robot_ws/src/build/robot_grid_pkg': CMAKE_PREFIX_PATH=${CMAKE_PREFIX_PATH}:/opt/ros/humble /usr/bin/cmake --install /home/hae/robot_ws/src/build/robot_grid_pkg
[39.123s] Level 1:colcon.colcon_core.environment:create_environment_scripts_only(robot_grid_pkg)
[39.125s] DEBUG:colcon.colcon_core.event_handler.log_command:Invoked command in '/home/hae/robot_ws/src/build/robot_grid_pkg' returned '0': CMAKE_PREFIX_PATH=${CMAKE_PREFIX_PATH}:/opt/ros/humble /usr/bin/cmake --install /home/hae/robot_ws/src/build/robot_grid_pkg
[39.137s] Level 1:colcon.colcon_core.environment:checking '/home/hae/robot_ws/src/install/robot_grid_pkg' for CMake module files
[39.140s] Level 1:colcon.colcon_core.environment:checking '/home/hae/robot_ws/src/install/robot_grid_pkg' for CMake config files
[39.142s] Level 1:colcon.colcon_core.shell:create_environment_hook('robot_grid_pkg', 'cmake_prefix_path')
[39.143s] INFO:colcon.colcon_core.shell:Creating environment hook '/home/hae/robot_ws/src/install/robot_grid_pkg/share/robot_grid_pkg/hook/cmake_prefix_path.ps1'
[39.145s] INFO:colcon.colcon_core.shell:Creating environment descriptor '/home/hae/robot_ws/src/install/robot_grid_pkg/share/robot_grid_pkg/hook/cmake_prefix_path.dsv'
[39.147s] INFO:colcon.colcon_core.shell:Creating environment hook '/home/hae/robot_ws/src/install/robot_grid_pkg/share/robot_grid_pkg/hook/cmake_prefix_path.sh'
[39.152s] Level 1:colcon.colcon_core.environment:checking '/home/hae/robot_ws/src/install/robot_grid_pkg/lib'
[39.153s] Level 1:colcon.colcon_core.environment:checking '/home/hae/robot_ws/src/install/robot_grid_pkg/bin'
[39.153s] Level 1:colcon.colcon_core.environment:checking '/home/hae/robot_ws/src/install/robot_grid_pkg/lib/pkgconfig/robot_grid_pkg.pc'
[39.154s] Level 1:colcon.colcon_core.environment:checking '/home/hae/robot_ws/src/install/robot_grid_pkg/lib/python3.10/site-packages'
[39.156s] Level 1:colcon.colcon_core.environment:checking '/home/hae/robot_ws/src/install/robot_grid_pkg/bin'
[39.157s] INFO:colcon.colcon_core.shell:Creating package script '/home/hae/robot_ws/src/install/robot_grid_pkg/share/robot_grid_pkg/package.ps1'
[39.163s] INFO:colcon.colcon_core.shell:Creating package descriptor '/home/hae/robot_ws/src/install/robot_grid_pkg/share/robot_grid_pkg/package.dsv'
[39.166s] INFO:colcon.colcon_core.shell:Creating package script '/home/hae/robot_ws/src/install/robot_grid_pkg/share/robot_grid_pkg/package.sh'
[39.171s] INFO:colcon.colcon_core.shell:Creating package script '/home/hae/robot_ws/src/install/robot_grid_pkg/share/robot_grid_pkg/package.bash'
[39.176s] INFO:colcon.colcon_core.shell:Creating package script '/home/hae/robot_ws/src/install/robot_grid_pkg/share/robot_grid_pkg/package.zsh'
[39.180s] Level 1:colcon.colcon_core.environment:create_file_with_runtime_dependencies(/home/hae/robot_ws/src/install/robot_grid_pkg/share/colcon-core/packages/robot_grid_pkg)
[39.369s] Level 1:colcon.colcon_core.environment:create_environment_scripts_only(robot_grid_pkg)
[39.372s] Level 1:colcon.colcon_core.environment:checking '/home/hae/robot_ws/src/install/robot_grid_pkg' for CMake module files
[39.377s] Level 1:colcon.colcon_core.environment:checking '/home/hae/robot_ws/src/install/robot_grid_pkg' for CMake config files
[39.379s] Level 1:colcon.colcon_core.shell:create_environment_hook('robot_grid_pkg', 'cmake_prefix_path')
[39.381s] INFO:colcon.colcon_core.shell:Creating environment hook '/home/hae/robot_ws/src/install/robot_grid_pkg/share/robot_grid_pkg/hook/cmake_prefix_path.ps1'
[39.384s] INFO:colcon.colcon_core.shell:Creating environment descriptor '/home/hae/robot_ws/src/install/robot_grid_pkg/share/robot_grid_pkg/hook/cmake_prefix_path.dsv'
[39.386s] INFO:colcon.colcon_core.shell:Creating environment hook '/home/hae/robot_ws/src/install/robot_grid_pkg/share/robot_grid_pkg/hook/cmake_prefix_path.sh'
[39.391s] Level 1:colcon.colcon_core.environment:checking '/home/hae/robot_ws/src/install/robot_grid_pkg/lib'
[39.393s] Level 1:colcon.colcon_core.environment:checking '/home/hae/robot_ws/src/install/robot_grid_pkg/bin'
[39.394s] Level 1:colcon.colcon_core.environment:checking '/home/hae/robot_ws/src/install/robot_grid_pkg/lib/pkgconfig/robot_grid_pkg.pc'
[39.395s] Level 1:colcon.colcon_core.environment:checking '/home/hae/robot_ws/src/install/robot_grid_pkg/lib/python3.10/site-packages'
[39.397s] Level 1:colcon.colcon_core.environment:checking '/home/hae/robot_ws/src/install/robot_grid_pkg/bin'
[39.400s] INFO:colcon.colcon_core.shell:Creating package script '/home/hae/robot_ws/src/install/robot_grid_pkg/share/robot_grid_pkg/package.ps1'
[39.405s] INFO:colcon.colcon_core.shell:Creating package descriptor '/home/hae/robot_ws/src/install/robot_grid_pkg/share/robot_grid_pkg/package.dsv'
[39.410s] INFO:colcon.colcon_core.shell:Creating package script '/home/hae/robot_ws/src/install/robot_grid_pkg/share/robot_grid_pkg/package.sh'
[39.414s] INFO:colcon.colcon_core.shell:Creating package script '/home/hae/robot_ws/src/install/robot_grid_pkg/share/robot_grid_pkg/package.bash'
[39.418s] INFO:colcon.colcon_core.shell:Creating package script '/home/hae/robot_ws/src/install/robot_grid_pkg/share/robot_grid_pkg/package.zsh'
[39.423s] Level 1:colcon.colcon_core.environment:create_file_with_runtime_dependencies(/home/hae/robot_ws/src/install/robot_grid_pkg/share/colcon-core/packages/robot_grid_pkg)
[39.427s] DEBUG:colcon.colcon_parallel_executor.executor.parallel:closing loop
[39.429s] DEBUG:colcon.colcon_parallel_executor.executor.parallel:loop closed
[39.432s] DEBUG:colcon.colcon_parallel_executor.executor.parallel:run_until_complete finished with '0'
[39.433s] DEBUG:colcon.colcon_core.event_reactor:joining thread
[39.475s] INFO:colcon.colcon_core.plugin_system:Skipping extension 'colcon_notification.desktop_notification.terminal_notifier': Not used on non-Darwin systems
[39.476s] INFO:colcon.colcon_core.plugin_system:Skipping extension 'colcon_notification.desktop_notification.win32': Not used on non-Windows systems
[39.476s] INFO:colcon.colcon_notification.desktop_notification:Sending desktop notification using 'notify2'
[39.528s] DEBUG:colcon.colcon_core.event_reactor:joined thread
[39.529s] INFO:colcon.colcon_core.shell:Creating prefix script '/home/hae/robot_ws/src/install/local_setup.ps1'
[39.533s] INFO:colcon.colcon_core.shell:Creating prefix util module '/home/hae/robot_ws/src/install/_local_setup_util_ps1.py'
[39.539s] INFO:colcon.colcon_core.shell:Creating prefix chain script '/home/hae/robot_ws/src/install/setup.ps1'
[39.547s] INFO:colcon.colcon_core.shell:Creating prefix script '/home/hae/robot_ws/src/install/local_setup.sh'
[39.550s] INFO:colcon.colcon_core.shell:Creating prefix util module '/home/hae/robot_ws/src/install/_local_setup_util_sh.py'
[39.553s] INFO:colcon.colcon_core.shell:Creating prefix chain script '/home/hae/robot_ws/src/install/setup.sh'
[39.562s] INFO:colcon.colcon_core.shell:Creating prefix script '/home/hae/robot_ws/src/install/local_setup.bash'
[39.565s] INFO:colcon.colcon_core.shell:Creating prefix chain script '/home/hae/robot_ws/src/install/setup.bash'
[39.574s] INFO:colcon.colcon_core.shell:Creating prefix script '/home/hae/robot_ws/src/install/local_setup.zsh'
[39.577s] INFO:colcon.colcon_core.shell:Creating prefix chain script '/home/hae/robot_ws/src/install/setup.zsh'
