[0.447s] DEBUG:colcon:Command line arguments: ['/usr/bin/colcon', 'build', '--symlink-install', '--packages-select', 'robot_cleaner_pkg']
[0.447s] DEBUG:colcon:Parsed command line arguments: Namespace(log_base=None, log_level=None, verb_name='build', build_base='build', install_base='install', merge_install=False, symlink_install=True, test_result_base=None, continue_on_error=False, executor='parallel', parallel_workers=4, event_handlers=None, ignore_user_meta=False, metas=['./colcon.meta'], base_paths=['.'], packages_ignore=None, packages_ignore_regex=None, paths=None, packages_up_to=None, packages_up_to_regex=None, packages_above=None, packages_above_and_dependencies=None, packages_above_depth=None, packages_select_by_dep=None, packages_skip_by_dep=None, packages_skip_up_to=None, packages_select_build_failed=False, packages_skip_build_finished=False, packages_select_test_failures=False, packages_skip_test_passed=False, packages_select=['robot_cleaner_pkg'], packages_skip=None, packages_select_regex=None, packages_skip_regex=None, packages_start=None, packages_end=None, allow_overriding=[], cmake_args=None, cmake_target=None, cmake_target_skip_unavailable=False, cmake_clean_cache=False, cmake_clean_first=False, cmake_force_configure=False, ament_cmake_args=None, catkin_cmake_args=None, catkin_skip_building_tests=False, mixin_files=None, mixin=None, verb_parser=<colcon_mixin.mixin.mixin_argument.MixinArgumentDecorator object at 0xffffaff797e0>, verb_extension=<colcon_core.verb.build.BuildVerb object at 0xffffaff79330>, main=<bound method BuildVerb.main of <colcon_core.verb.build.BuildVerb object at 0xffffaff79330>>, mixin_verb=('build',))
[1.239s] Level 1:colcon.colcon_core.package_discovery:discover_packages(colcon_meta) check parameters
[1.240s] Level 1:colcon.colcon_core.package_discovery:discover_packages(recursive) check parameters
[1.240s] Level 1:colcon.colcon_core.package_discovery:discover_packages(ignore) check parameters
[1.240s] Level 1:colcon.colcon_core.package_discovery:discover_packages(path) check parameters
[1.240s] Level 1:colcon.colcon_core.package_discovery:discover_packages(colcon_meta) discover
[1.240s] Level 1:colcon.colcon_core.package_discovery:discover_packages(recursive) discover
[1.240s] INFO:colcon.colcon_core.package_discovery:Crawling recursively for packages in '/home/hae/robot_ws/src/robot_cleaner_pkg'
[1.241s] Level 1:colcon.colcon_core.package_identification:_identify(.) by extensions ['ignore', 'ignore_ament_install']
[1.241s] Level 1:colcon.colcon_core.package_identification:_identify(.) by extension 'ignore'
[1.241s] Level 1:colcon.colcon_core.package_identification:_identify(.) by extension 'ignore_ament_install'
[1.242s] Level 1:colcon.colcon_core.package_identification:_identify(.) by extensions ['colcon_pkg']
[1.242s] Level 1:colcon.colcon_core.package_identification:_identify(.) by extension 'colcon_pkg'
[1.242s] Level 1:colcon.colcon_core.package_identification:_identify(.) by extensions ['colcon_meta']
[1.242s] Level 1:colcon.colcon_core.package_identification:_identify(.) by extension 'colcon_meta'
[1.242s] Level 1:colcon.colcon_core.package_identification:_identify(.) by extensions ['ros']
[1.242s] Level 1:colcon.colcon_core.package_identification:_identify(.) by extension 'ros'
[1.300s] DEBUG:colcon.colcon_core.package_identification:Package '.' with type 'ros.ament_cmake' and name 'robot_cleaner_pkg'
[1.301s] Level 1:colcon.colcon_core.package_discovery:discover_packages(recursive) using defaults
[1.301s] Level 1:colcon.colcon_core.package_discovery:discover_packages(ignore) discover
[1.301s] Level 1:colcon.colcon_core.package_discovery:discover_packages(ignore) using defaults
[1.301s] Level 1:colcon.colcon_core.package_discovery:discover_packages(path) discover
[1.301s] Level 1:colcon.colcon_core.package_discovery:discover_packages(path) using defaults
[1.375s] Level 1:colcon.colcon_core.package_discovery:discover_packages(prefix_path) check parameters
[1.375s] Level 1:colcon.colcon_core.package_discovery:discover_packages(prefix_path) discover
[1.383s] DEBUG:colcon.colcon_installed_package_information.package_discovery:Found 2 installed packages in /home/hae/install
[1.391s] DEBUG:colcon.colcon_installed_package_information.package_discovery:Found 268 installed packages in /opt/ros/humble
[1.401s] Level 1:colcon.colcon_core.package_discovery:discover_packages(prefix_path) using defaults
[1.597s] Level 5:colcon.colcon_core.verb:set package 'robot_cleaner_pkg' build argument 'cmake_args' from command line to 'None'
[1.598s] Level 5:colcon.colcon_core.verb:set package 'robot_cleaner_pkg' build argument 'cmake_target' from command line to 'None'
[1.598s] Level 5:colcon.colcon_core.verb:set package 'robot_cleaner_pkg' build argument 'cmake_target_skip_unavailable' from command line to 'False'
[1.598s] Level 5:colcon.colcon_core.verb:set package 'robot_cleaner_pkg' build argument 'cmake_clean_cache' from command line to 'False'
[1.598s] Level 5:colcon.colcon_core.verb:set package 'robot_cleaner_pkg' build argument 'cmake_clean_first' from command line to 'False'
[1.598s] Level 5:colcon.colcon_core.verb:set package 'robot_cleaner_pkg' build argument 'cmake_force_configure' from command line to 'False'
[1.598s] Level 5:colcon.colcon_core.verb:set package 'robot_cleaner_pkg' build argument 'ament_cmake_args' from command line to 'None'
[1.598s] Level 5:colcon.colcon_core.verb:set package 'robot_cleaner_pkg' build argument 'catkin_cmake_args' from command line to 'None'
[1.598s] Level 5:colcon.colcon_core.verb:set package 'robot_cleaner_pkg' build argument 'catkin_skip_building_tests' from command line to 'False'
[1.599s] DEBUG:colcon.colcon_core.verb:Building package 'robot_cleaner_pkg' with the following arguments: {'ament_cmake_args': None, 'build_base': '/home/hae/robot_ws/src/robot_cleaner_pkg/build/robot_cleaner_pkg', 'catkin_cmake_args': None, 'catkin_skip_building_tests': False, 'cmake_args': None, 'cmake_clean_cache': False, 'cmake_clean_first': False, 'cmake_force_configure': False, 'cmake_target': None, 'cmake_target_skip_unavailable': False, 'install_base': '/home/hae/robot_ws/src/robot_cleaner_pkg/install/robot_cleaner_pkg', 'merge_install': False, 'path': '/home/hae/robot_ws/src/robot_cleaner_pkg', 'symlink_install': True, 'test_result_base': None}
[1.599s] INFO:colcon.colcon_core.executor:Executing jobs using 'parallel' executor
[1.602s] DEBUG:colcon.colcon_parallel_executor.executor.parallel:run_until_complete
[1.603s] INFO:colcon.colcon_ros.task.ament_cmake.build:Building ROS package in '/home/hae/robot_ws/src/robot_cleaner_pkg' with build type 'ament_cmake'
[1.604s] INFO:colcon.colcon_cmake.task.cmake.build:Building CMake package in '/home/hae/robot_ws/src/robot_cleaner_pkg'
[1.612s] INFO:colcon.colcon_core.plugin_system:Skipping extension 'colcon_core.shell.bat': Not used on non-Windows systems
[1.612s] INFO:colcon.colcon_core.shell:Skip shell extension 'powershell' for command environment: Not usable outside of PowerShell
[1.613s] DEBUG:colcon.colcon_core.shell:Skip shell extension 'dsv' for command environment
[1.652s] DEBUG:colcon.colcon_core.event_handler.log_command:Invoking command in '/home/hae/robot_ws/src/robot_cleaner_pkg/build/robot_cleaner_pkg': CMAKE_PREFIX_PATH=${CMAKE_PREFIX_PATH}:/opt/ros/humble /usr/bin/cmake /home/hae/robot_ws/src/robot_cleaner_pkg -DAMENT_CMAKE_SYMLINK_INSTALL=1 -DCMAKE_INSTALL_PREFIX=/home/hae/robot_ws/src/robot_cleaner_pkg/install/robot_cleaner_pkg
[9.381s] DEBUG:colcon.colcon_core.event_handler.log_command:Invoked command in '/home/hae/robot_ws/src/robot_cleaner_pkg/build/robot_cleaner_pkg' returned '0': CMAKE_PREFIX_PATH=${CMAKE_PREFIX_PATH}:/opt/ros/humble /usr/bin/cmake /home/hae/robot_ws/src/robot_cleaner_pkg -DAMENT_CMAKE_SYMLINK_INSTALL=1 -DCMAKE_INSTALL_PREFIX=/home/hae/robot_ws/src/robot_cleaner_pkg/install/robot_cleaner_pkg
[9.391s] DEBUG:colcon.colcon_core.event_handler.log_command:Invoking command in '/home/hae/robot_ws/src/robot_cleaner_pkg/build/robot_cleaner_pkg': CMAKE_PREFIX_PATH=${CMAKE_PREFIX_PATH}:/opt/ros/humble /usr/bin/cmake --build /home/hae/robot_ws/src/robot_cleaner_pkg/build/robot_cleaner_pkg -- -j4 -l4
[44.791s] DEBUG:colcon.colcon_core.event_handler.log_command:Invoked command in '/home/hae/robot_ws/src/robot_cleaner_pkg/build/robot_cleaner_pkg' returned '0': CMAKE_PREFIX_PATH=${CMAKE_PREFIX_PATH}:/opt/ros/humble /usr/bin/cmake --build /home/hae/robot_ws/src/robot_cleaner_pkg/build/robot_cleaner_pkg -- -j4 -l4
[44.941s] DEBUG:colcon.colcon_core.event_handler.log_command:Invoking command in '/home/hae/robot_ws/src/robot_cleaner_pkg/build/robot_cleaner_pkg': CMAKE_PREFIX_PATH=${CMAKE_PREFIX_PATH}:/opt/ros/humble /usr/bin/cmake --install /home/hae/robot_ws/src/robot_cleaner_pkg/build/robot_cleaner_pkg
[45.548s] Level 1:colcon.colcon_core.environment:create_environment_scripts_only(robot_cleaner_pkg)
[45.550s] DEBUG:colcon.colcon_core.event_handler.log_command:Invoked command in '/home/hae/robot_ws/src/robot_cleaner_pkg/build/robot_cleaner_pkg' returned '0': CMAKE_PREFIX_PATH=${CMAKE_PREFIX_PATH}:/opt/ros/humble /usr/bin/cmake --install /home/hae/robot_ws/src/robot_cleaner_pkg/build/robot_cleaner_pkg
[45.563s] Level 1:colcon.colcon_core.environment:checking '/home/hae/robot_ws/src/robot_cleaner_pkg/install/robot_cleaner_pkg' for CMake module files
[45.566s] Level 1:colcon.colcon_core.environment:checking '/home/hae/robot_ws/src/robot_cleaner_pkg/install/robot_cleaner_pkg' for CMake config files
[45.569s] Level 1:colcon.colcon_core.shell:create_environment_hook('robot_cleaner_pkg', 'cmake_prefix_path')
[45.570s] INFO:colcon.colcon_core.shell:Creating environment hook '/home/hae/robot_ws/src/robot_cleaner_pkg/install/robot_cleaner_pkg/share/robot_cleaner_pkg/hook/cmake_prefix_path.ps1'
[45.573s] INFO:colcon.colcon_core.shell:Creating environment descriptor '/home/hae/robot_ws/src/robot_cleaner_pkg/install/robot_cleaner_pkg/share/robot_cleaner_pkg/hook/cmake_prefix_path.dsv'
[45.576s] INFO:colcon.colcon_core.shell:Creating environment hook '/home/hae/robot_ws/src/robot_cleaner_pkg/install/robot_cleaner_pkg/share/robot_cleaner_pkg/hook/cmake_prefix_path.sh'
[45.580s] Level 1:colcon.colcon_core.environment:checking '/home/hae/robot_ws/src/robot_cleaner_pkg/install/robot_cleaner_pkg/lib'
[45.581s] Level 1:colcon.colcon_core.environment:checking '/home/hae/robot_ws/src/robot_cleaner_pkg/install/robot_cleaner_pkg/bin'
[45.581s] Level 1:colcon.colcon_core.environment:checking '/home/hae/robot_ws/src/robot_cleaner_pkg/install/robot_cleaner_pkg/lib/pkgconfig/robot_cleaner_pkg.pc'
[45.582s] Level 1:colcon.colcon_core.environment:checking '/home/hae/robot_ws/src/robot_cleaner_pkg/install/robot_cleaner_pkg/lib/python3.10/site-packages'
[45.584s] Level 1:colcon.colcon_core.environment:checking '/home/hae/robot_ws/src/robot_cleaner_pkg/install/robot_cleaner_pkg/bin'
[45.585s] INFO:colcon.colcon_core.shell:Creating package script '/home/hae/robot_ws/src/robot_cleaner_pkg/install/robot_cleaner_pkg/share/robot_cleaner_pkg/package.ps1'
[45.588s] INFO:colcon.colcon_core.shell:Creating package descriptor '/home/hae/robot_ws/src/robot_cleaner_pkg/install/robot_cleaner_pkg/share/robot_cleaner_pkg/package.dsv'
[45.591s] INFO:colcon.colcon_core.shell:Creating package script '/home/hae/robot_ws/src/robot_cleaner_pkg/install/robot_cleaner_pkg/share/robot_cleaner_pkg/package.sh'
[45.595s] INFO:colcon.colcon_core.shell:Creating package script '/home/hae/robot_ws/src/robot_cleaner_pkg/install/robot_cleaner_pkg/share/robot_cleaner_pkg/package.bash'
[45.598s] INFO:colcon.colcon_core.shell:Creating package script '/home/hae/robot_ws/src/robot_cleaner_pkg/install/robot_cleaner_pkg/share/robot_cleaner_pkg/package.zsh'
[45.601s] Level 1:colcon.colcon_core.environment:create_file_with_runtime_dependencies(/home/hae/robot_ws/src/robot_cleaner_pkg/install/robot_cleaner_pkg/share/colcon-core/packages/robot_cleaner_pkg)
[45.726s] Level 1:colcon.colcon_core.environment:create_environment_scripts_only(robot_cleaner_pkg)
[45.727s] Level 1:colcon.colcon_core.environment:checking '/home/hae/robot_ws/src/robot_cleaner_pkg/install/robot_cleaner_pkg' for CMake module files
[45.731s] Level 1:colcon.colcon_core.environment:checking '/home/hae/robot_ws/src/robot_cleaner_pkg/install/robot_cleaner_pkg' for CMake config files
[45.734s] Level 1:colcon.colcon_core.shell:create_environment_hook('robot_cleaner_pkg', 'cmake_prefix_path')
[45.735s] INFO:colcon.colcon_core.shell:Creating environment hook '/home/hae/robot_ws/src/robot_cleaner_pkg/install/robot_cleaner_pkg/share/robot_cleaner_pkg/hook/cmake_prefix_path.ps1'
[45.738s] INFO:colcon.colcon_core.shell:Creating environment descriptor '/home/hae/robot_ws/src/robot_cleaner_pkg/install/robot_cleaner_pkg/share/robot_cleaner_pkg/hook/cmake_prefix_path.dsv'
[45.740s] INFO:colcon.colcon_core.shell:Creating environment hook '/home/hae/robot_ws/src/robot_cleaner_pkg/install/robot_cleaner_pkg/share/robot_cleaner_pkg/hook/cmake_prefix_path.sh'
[45.743s] Level 1:colcon.colcon_core.environment:checking '/home/hae/robot_ws/src/robot_cleaner_pkg/install/robot_cleaner_pkg/lib'
[45.744s] Level 1:colcon.colcon_core.environment:checking '/home/hae/robot_ws/src/robot_cleaner_pkg/install/robot_cleaner_pkg/bin'
[45.744s] Level 1:colcon.colcon_core.environment:checking '/home/hae/robot_ws/src/robot_cleaner_pkg/install/robot_cleaner_pkg/lib/pkgconfig/robot_cleaner_pkg.pc'
[45.745s] Level 1:colcon.colcon_core.environment:checking '/home/hae/robot_ws/src/robot_cleaner_pkg/install/robot_cleaner_pkg/lib/python3.10/site-packages'
[45.746s] Level 1:colcon.colcon_core.environment:checking '/home/hae/robot_ws/src/robot_cleaner_pkg/install/robot_cleaner_pkg/bin'
[45.748s] INFO:colcon.colcon_core.shell:Creating package script '/home/hae/robot_ws/src/robot_cleaner_pkg/install/robot_cleaner_pkg/share/robot_cleaner_pkg/package.ps1'
[45.753s] INFO:colcon.colcon_core.shell:Creating package descriptor '/home/hae/robot_ws/src/robot_cleaner_pkg/install/robot_cleaner_pkg/share/robot_cleaner_pkg/package.dsv'
[45.758s] INFO:colcon.colcon_core.shell:Creating package script '/home/hae/robot_ws/src/robot_cleaner_pkg/install/robot_cleaner_pkg/share/robot_cleaner_pkg/package.sh'
[45.762s] INFO:colcon.colcon_core.shell:Creating package script '/home/hae/robot_ws/src/robot_cleaner_pkg/install/robot_cleaner_pkg/share/robot_cleaner_pkg/package.bash'
[45.766s] INFO:colcon.colcon_core.shell:Creating package script '/home/hae/robot_ws/src/robot_cleaner_pkg/install/robot_cleaner_pkg/share/robot_cleaner_pkg/package.zsh'
[45.768s] Level 1:colcon.colcon_core.environment:create_file_with_runtime_dependencies(/home/hae/robot_ws/src/robot_cleaner_pkg/install/robot_cleaner_pkg/share/colcon-core/packages/robot_cleaner_pkg)
[45.770s] DEBUG:colcon.colcon_parallel_executor.executor.parallel:closing loop
[45.773s] DEBUG:colcon.colcon_parallel_executor.executor.parallel:loop closed
[45.773s] DEBUG:colcon.colcon_parallel_executor.executor.parallel:run_until_complete finished with '0'
[45.773s] DEBUG:colcon.colcon_core.event_reactor:joining thread
[45.795s] INFO:colcon.colcon_core.plugin_system:Skipping extension 'colcon_notification.desktop_notification.terminal_notifier': Not used on non-Darwin systems
[45.796s] INFO:colcon.colcon_core.plugin_system:Skipping extension 'colcon_notification.desktop_notification.win32': Not used on non-Windows systems
[45.796s] INFO:colcon.colcon_notification.desktop_notification:Sending desktop notification using 'notify2'
[45.839s] DEBUG:colcon.colcon_core.event_reactor:joined thread
[45.840s] INFO:colcon.colcon_core.shell:Creating prefix script '/home/hae/robot_ws/src/robot_cleaner_pkg/install/local_setup.ps1'
[45.844s] INFO:colcon.colcon_core.shell:Creating prefix util module '/home/hae/robot_ws/src/robot_cleaner_pkg/install/_local_setup_util_ps1.py'
[45.850s] INFO:colcon.colcon_core.shell:Creating prefix chain script '/home/hae/robot_ws/src/robot_cleaner_pkg/install/setup.ps1'
[45.855s] INFO:colcon.colcon_core.shell:Creating prefix script '/home/hae/robot_ws/src/robot_cleaner_pkg/install/local_setup.sh'
[45.858s] INFO:colcon.colcon_core.shell:Creating prefix util module '/home/hae/robot_ws/src/robot_cleaner_pkg/install/_local_setup_util_sh.py'
[45.860s] INFO:colcon.colcon_core.shell:Creating prefix chain script '/home/hae/robot_ws/src/robot_cleaner_pkg/install/setup.sh'
[45.865s] INFO:colcon.colcon_core.shell:Creating prefix script '/home/hae/robot_ws/src/robot_cleaner_pkg/install/local_setup.bash'
[45.867s] INFO:colcon.colcon_core.shell:Creating prefix chain script '/home/hae/robot_ws/src/robot_cleaner_pkg/install/setup.bash'
[45.872s] INFO:colcon.colcon_core.shell:Creating prefix script '/home/hae/robot_ws/src/robot_cleaner_pkg/install/local_setup.zsh'
[45.874s] INFO:colcon.colcon_core.shell:Creating prefix chain script '/home/hae/robot_ws/src/robot_cleaner_pkg/install/setup.zsh'
