[0.068s] Invoking command in '/home/hae/robot_ws/src/build/robot_go_pkg': CMAKE_PREFIX_PATH=${CMAKE_PREFIX_PATH}:/opt/ros/humble /usr/bin/cmake --build /home/hae/robot_ws/src/build/robot_go_pkg -- -j4 -l4
[0.370s] [35m[1mConsolidate compiler generated dependencies of target test_node[0m
[0.461s] [ 33%] Built target go_node
[0.517s] [ 66%] Built target scan_node
[0.536s] [100%] Built target test_node
[0.598s] Invoked command in '/home/hae/robot_ws/src/build/robot_go_pkg' returned '0': CMAKE_PREFIX_PATH=${CMAKE_PREFIX_PATH}:/opt/ros/humble /usr/bin/cmake --build /home/hae/robot_ws/src/build/robot_go_pkg -- -j4 -l4
[0.919s] Invoking command in '/home/hae/robot_ws/src/build/robot_go_pkg': CMAKE_PREFIX_PATH=${CMAKE_PREFIX_PATH}:/opt/ros/humble /usr/bin/cmake --install /home/hae/robot_ws/src/build/robot_go_pkg
[0.951s] -- Install configuration: ""
[0.959s] -- Execute custom install script
[0.959s] -- Up-to-date symlink: /home/hae/robot_ws/src/install/robot_go_pkg/lib/robot_go_pkg/test_node
[0.963s] -- Up-to-date symlink: /home/hae/robot_ws/src/install/robot_go_pkg/lib/robot_go_pkg/scan_node
[0.970s] -- Up-to-date symlink: /home/hae/robot_ws/src/install/robot_go_pkg/lib/robot_go_pkg/go_node
[0.980s] -- Up-to-date symlink: /home/hae/robot_ws/src/install/robot_go_pkg/share/ament_index/resource_index/package_run_dependencies/robot_go_pkg
[0.981s] -- Up-to-date symlink: /home/hae/robot_ws/src/install/robot_go_pkg/share/ament_index/resource_index/parent_prefix_path/robot_go_pkg
[0.982s] -- Up-to-date symlink: /home/hae/robot_ws/src/install/robot_go_pkg/share/robot_go_pkg/environment/ament_prefix_path.sh
[0.982s] -- Up-to-date symlink: /home/hae/robot_ws/src/install/robot_go_pkg/share/robot_go_pkg/environment/ament_prefix_path.dsv
[0.983s] -- Up-to-date symlink: /home/hae/robot_ws/src/install/robot_go_pkg/share/robot_go_pkg/environment/path.sh
[0.984s] -- Up-to-date symlink: /home/hae/robot_ws/src/install/robot_go_pkg/share/robot_go_pkg/environment/path.dsv
[0.997s] -- Up-to-date symlink: /home/hae/robot_ws/src/install/robot_go_pkg/share/robot_go_pkg/local_setup.bash
[1.002s] -- Up-to-date symlink: /home/hae/robot_ws/src/install/robot_go_pkg/share/robot_go_pkg/local_setup.sh
[1.007s] -- Up-to-date symlink: /home/hae/robot_ws/src/install/robot_go_pkg/share/robot_go_pkg/local_setup.zsh
[1.014s] -- Up-to-date symlink: /home/hae/robot_ws/src/install/robot_go_pkg/share/robot_go_pkg/local_setup.dsv
[1.020s] -- Symlinking: /home/hae/robot_ws/src/install/robot_go_pkg/share/robot_go_pkg/package.dsv
[1.061s] -- Up-to-date symlink: /home/hae/robot_ws/src/install/robot_go_pkg/share/ament_index/resource_index/packages/robot_go_pkg
[1.063s] -- Up-to-date symlink: /home/hae/robot_ws/src/install/robot_go_pkg/share/robot_go_pkg/cmake/robot_go_pkgConfig.cmake
[1.064s] -- Up-to-date symlink: /home/hae/robot_ws/src/install/robot_go_pkg/share/robot_go_pkg/cmake/robot_go_pkgConfig-version.cmake
[1.064s] -- Up-to-date symlink: /home/hae/robot_ws/src/install/robot_go_pkg/share/robot_go_pkg/package.xml
[1.065s] Invoked command in '/home/hae/robot_ws/src/build/robot_go_pkg' returned '0': CMAKE_PREFIX_PATH=${CMAKE_PREFIX_PATH}:/opt/ros/humble /usr/bin/cmake --install /home/hae/robot_ws/src/build/robot_go_pkg
