[0.049s] Invoking command in '/home/hae/robot_ws/src/build/robot_go_pkg': CMAKE_PREFIX_PATH=${CMAKE_PREFIX_PATH}:/opt/ros/humble /usr/bin/cmake /home/hae/robot_ws/src/robot_go_pkg -DAMENT_CMAKE_SYMLINK_INSTALL=1 -DCMAKE_INSTALL_PREFIX=/home/hae/robot_ws/src/install/robot_go_pkg
[0.301s] -- The C compiler identification is GNU 11.4.0
[0.549s] -- The CXX compiler identification is GNU 11.4.0
[0.578s] -- Detecting C compiler ABI info
[0.889s] -- Detecting C compiler ABI info - done
[0.916s] -- Check for working C compiler: /usr/bin/cc - skipped
[0.916s] -- Detecting C compile features
[0.919s] -- Detecting C compile features - done
[0.930s] -- Detecting CXX compiler ABI info
[1.281s] -- Detecting CXX compiler ABI info - done
[1.309s] -- Check for working CXX compiler: /usr/bin/c++ - skipped
[1.310s] -- Detecting CXX compile features
[1.312s] -- Detecting CXX compile features - done
[1.336s] -- Found ament_cmake: 1.3.9 (/opt/ros/humble/share/ament_cmake/cmake)
[2.046s] -- Found Python3: /usr/bin/python3 (found version "3.10.12") found components: Interpreter 
[2.315s] -- Override CMake install command with custom implementation using symlinks instead of copying resources
[2.598s] -- Found rclcpp: 16.0.9 (/opt/ros/humble/share/rclcpp/cmake)
[2.945s] -- Found rosidl_generator_c: 3.1.5 (/opt/ros/humble/share/rosidl_generator_c/cmake)
[2.990s] -- Found rosidl_adapter: 3.1.5 (/opt/ros/humble/share/rosidl_adapter/cmake)
[3.049s] -- Found rosidl_generator_cpp: 3.1.5 (/opt/ros/humble/share/rosidl_generator_cpp/cmake)
[3.131s] -- Using all available rosidl_typesupport_c: rosidl_typesupport_fastrtps_c;rosidl_typesupport_introspection_c
[3.246s] -- Using all available rosidl_typesupport_cpp: rosidl_typesupport_fastrtps_cpp;rosidl_typesupport_introspection_cpp
[3.631s] -- Found rmw_implementation_cmake: 6.1.2 (/opt/ros/humble/share/rmw_implementation_cmake/cmake)
[3.654s] -- Found rmw_fastrtps_cpp: 6.2.6 (/opt/ros/humble/share/rmw_fastrtps_cpp/cmake)
[4.247s] -- Found OpenSSL: /usr/lib/aarch64-linux-gnu/libcrypto.so (found version "3.0.2")  
[4.499s] -- Found FastRTPS: /opt/ros/humble/include  
[4.925s] -- Using RMW implementation 'rmw_fastrtps_cpp' as default
[5.002s] -- Looking for pthread.h
[5.326s] -- Looking for pthread.h - found
[5.328s] -- Performing Test CMAKE_HAVE_LIBC_PTHREAD
[5.655s] -- Performing Test CMAKE_HAVE_LIBC_PTHREAD - Success
[5.659s] -- Found Threads: TRUE  
[6.333s] -- Found action_msgs: 1.2.1 (/opt/ros/humble/share/action_msgs/cmake)
[6.598s] -- Found ament_lint_auto: 0.12.11 (/opt/ros/humble/share/ament_lint_auto/cmake)
[7.009s] [31mCMake Error at /opt/ros/humble/share/ament_cmake_target_dependencies/cmake/ament_target_dependencies.cmake:77 (message):
[7.010s]   ament_target_dependencies() the passed package name 'geometry_msgs' was not
[7.010s]   found before
[7.010s] Call Stack (most recent call first):
[7.011s]   CMakeLists.txt:26 (ament_target_dependencies)
[7.011s] 
[7.012s] [0m
[7.020s] -- Configuring incomplete, errors occurred!
[7.021s] See also "/home/hae/robot_ws/src/build/robot_go_pkg/CMakeFiles/CMakeOutput.log".
[7.048s] Invoked command in '/home/hae/robot_ws/src/build/robot_go_pkg' returned '1': CMAKE_PREFIX_PATH=${CMAKE_PREFIX_PATH}:/opt/ros/humble /usr/bin/cmake /home/hae/robot_ws/src/robot_go_pkg -DAMENT_CMAKE_SYMLINK_INSTALL=1 -DCMAKE_INSTALL_PREFIX=/home/hae/robot_ws/src/install/robot_go_pkg
