[0.063s] Invoking command in '/home/hae/robot_ws/src/build/robot_go_pkg': CMAKE_PREFIX_PATH=/home/hae/robot_ws/src/install/robot_action:/home/hae/robot_ws/src/install/test_pkg:/home/hae/robot_ws/src/install/robot_move_pkg:/home/hae/robot_ws/src/install/robot_go_pkg:/home/hae/robot_ws/src/install/robot_cleaner_pkg:/home/hae/robot_ws/src/install/action_test:/opt/ros/humble /usr/bin/cmake --build /home/hae/robot_ws/src/build/robot_go_pkg -- -j4 -l4
[0.274s] [35m[1mConsolidate compiler generated dependencies of target cli_node[0m
[0.282s] [35m[1mConsolidate compiler generated dependencies of target go_node[0m
[0.377s] [ 25%] Built target scan_node
[0.394s] [ 37%] [32mBuilding CXX object CMakeFiles/cli_node.dir/src/cli.cpp.o[0m
[0.401s] [ 62%] Built target test_node
[0.452s] [ 87%] Built target go_node
[19.314s] [100%] [32m[1mLinking CXX executable cli_node[0m
[20.207s] [100%] Built target cli_node
[20.251s] Invoked command in '/home/hae/robot_ws/src/build/robot_go_pkg' returned '0': CMAKE_PREFIX_PATH=/home/hae/robot_ws/src/install/robot_action:/home/hae/robot_ws/src/install/test_pkg:/home/hae/robot_ws/src/install/robot_move_pkg:/home/hae/robot_ws/src/install/robot_go_pkg:/home/hae/robot_ws/src/install/robot_cleaner_pkg:/home/hae/robot_ws/src/install/action_test:/opt/ros/humble /usr/bin/cmake --build /home/hae/robot_ws/src/build/robot_go_pkg -- -j4 -l4
[20.483s] Invoking command in '/home/hae/robot_ws/src/build/robot_go_pkg': CMAKE_PREFIX_PATH=/home/hae/robot_ws/src/install/robot_action:/home/hae/robot_ws/src/install/test_pkg:/home/hae/robot_ws/src/install/robot_move_pkg:/home/hae/robot_ws/src/install/robot_go_pkg:/home/hae/robot_ws/src/install/robot_cleaner_pkg:/home/hae/robot_ws/src/install/action_test:/opt/ros/humble /usr/bin/cmake --install /home/hae/robot_ws/src/build/robot_go_pkg
[20.511s] -- Install configuration: ""
[20.513s] -- Execute custom install script
[20.514s] -- Up-to-date symlink: /home/hae/robot_ws/src/install/robot_go_pkg/lib/robot_go_pkg/test_node
[20.515s] -- Up-to-date symlink: /home/hae/robot_ws/src/install/robot_go_pkg/lib/robot_go_pkg/scan_node
[20.516s] -- Up-to-date symlink: /home/hae/robot_ws/src/install/robot_go_pkg/lib/robot_go_pkg/go_node
[20.517s] -- Up-to-date symlink: /home/hae/robot_ws/src/install/robot_go_pkg/lib/robot_go_pkg/cli_node
[20.518s] -- Up-to-date symlink: /home/hae/robot_ws/src/install/robot_go_pkg/share/ament_index/resource_index/package_run_dependencies/robot_go_pkg
[20.519s] -- Up-to-date symlink: /home/hae/robot_ws/src/install/robot_go_pkg/share/ament_index/resource_index/parent_prefix_path/robot_go_pkg
[20.520s] -- Up-to-date symlink: /home/hae/robot_ws/src/install/robot_go_pkg/share/robot_go_pkg/environment/ament_prefix_path.sh
[20.521s] -- Up-to-date symlink: /home/hae/robot_ws/src/install/robot_go_pkg/share/robot_go_pkg/environment/ament_prefix_path.dsv
[20.522s] -- Up-to-date symlink: /home/hae/robot_ws/src/install/robot_go_pkg/share/robot_go_pkg/environment/path.sh
[20.524s] -- Up-to-date symlink: /home/hae/robot_ws/src/install/robot_go_pkg/share/robot_go_pkg/environment/path.dsv
[20.524s] -- Up-to-date symlink: /home/hae/robot_ws/src/install/robot_go_pkg/share/robot_go_pkg/local_setup.bash
[20.525s] -- Up-to-date symlink: /home/hae/robot_ws/src/install/robot_go_pkg/share/robot_go_pkg/local_setup.sh
[20.526s] -- Up-to-date symlink: /home/hae/robot_ws/src/install/robot_go_pkg/share/robot_go_pkg/local_setup.zsh
[20.527s] -- Up-to-date symlink: /home/hae/robot_ws/src/install/robot_go_pkg/share/robot_go_pkg/local_setup.dsv
[20.527s] -- Symlinking: /home/hae/robot_ws/src/install/robot_go_pkg/share/robot_go_pkg/package.dsv
[20.561s] -- Up-to-date symlink: /home/hae/robot_ws/src/install/robot_go_pkg/share/ament_index/resource_index/packages/robot_go_pkg
[20.562s] -- Up-to-date symlink: /home/hae/robot_ws/src/install/robot_go_pkg/share/robot_go_pkg/cmake/robot_go_pkgConfig.cmake
[20.563s] -- Up-to-date symlink: /home/hae/robot_ws/src/install/robot_go_pkg/share/robot_go_pkg/cmake/robot_go_pkgConfig-version.cmake
[20.564s] -- Up-to-date symlink: /home/hae/robot_ws/src/install/robot_go_pkg/share/robot_go_pkg/package.xml
[20.570s] Invoked command in '/home/hae/robot_ws/src/build/robot_go_pkg' returned '0': CMAKE_PREFIX_PATH=/home/hae/robot_ws/src/install/robot_action:/home/hae/robot_ws/src/install/test_pkg:/home/hae/robot_ws/src/install/robot_move_pkg:/home/hae/robot_ws/src/install/robot_go_pkg:/home/hae/robot_ws/src/install/robot_cleaner_pkg:/home/hae/robot_ws/src/install/action_test:/opt/ros/humble /usr/bin/cmake --install /home/hae/robot_ws/src/build/robot_go_pkg
