[0.056s] Invoking command in '/home/hae/robot_ws/src/build/robot_cleaner_pkg': CMAKE_PREFIX_PATH=${CMAKE_PREFIX_PATH}:/opt/ros/humble /usr/bin/cmake --build /home/hae/robot_ws/src/build/robot_cleaner_pkg -- -j4 -l4
[0.228s] [35m[1mConsolidate compiler generated dependencies of target cleaner[0m
[0.324s] [ 50%] [32mBuilding CXX object CMakeFiles/cleaner.dir/src/cleaner.cpp.o[0m
[33.475s] [100%] [32m[1mLinking CXX executable cleaner[0m
[35.407s] [100%] Built target cleaner
[35.445s] Invoked command in '/home/hae/robot_ws/src/build/robot_cleaner_pkg' returned '0': CMAKE_PREFIX_PATH=${CMAKE_PREFIX_PATH}:/opt/ros/humble /usr/bin/cmake --build /home/hae/robot_ws/src/build/robot_cleaner_pkg -- -j4 -l4
[35.601s] Invoking command in '/home/hae/robot_ws/src/build/robot_cleaner_pkg': CMAKE_PREFIX_PATH=${CMAKE_PREFIX_PATH}:/opt/ros/humble /usr/bin/cmake --install /home/hae/robot_ws/src/build/robot_cleaner_pkg
[35.625s] -- Install configuration: ""
[35.628s] -- Execute custom install script
[35.629s] -- Up-to-date symlink: /home/hae/robot_ws/src/install/robot_cleaner_pkg/lib/robot_cleaner_pkg/cleaner
[35.631s] -- Up-to-date symlink: /home/hae/robot_ws/src/install/robot_cleaner_pkg/share/ament_index/resource_index/package_run_dependencies/robot_cleaner_pkg
[35.632s] -- Up-to-date symlink: /home/hae/robot_ws/src/install/robot_cleaner_pkg/share/ament_index/resource_index/parent_prefix_path/robot_cleaner_pkg
[35.634s] -- Up-to-date symlink: /home/hae/robot_ws/src/install/robot_cleaner_pkg/share/robot_cleaner_pkg/environment/ament_prefix_path.sh
[35.635s] -- Up-to-date symlink: /home/hae/robot_ws/src/install/robot_cleaner_pkg/share/robot_cleaner_pkg/environment/ament_prefix_path.dsv
[35.636s] -- Up-to-date symlink: /home/hae/robot_ws/src/install/robot_cleaner_pkg/share/robot_cleaner_pkg/environment/path.sh
[35.637s] -- Up-to-date symlink: /home/hae/robot_ws/src/install/robot_cleaner_pkg/share/robot_cleaner_pkg/environment/path.dsv
[35.638s] -- Up-to-date symlink: /home/hae/robot_ws/src/install/robot_cleaner_pkg/share/robot_cleaner_pkg/local_setup.bash
[35.639s] -- Up-to-date symlink: /home/hae/robot_ws/src/install/robot_cleaner_pkg/share/robot_cleaner_pkg/local_setup.sh
[35.641s] -- Up-to-date symlink: /home/hae/robot_ws/src/install/robot_cleaner_pkg/share/robot_cleaner_pkg/local_setup.zsh
[35.642s] -- Up-to-date symlink: /home/hae/robot_ws/src/install/robot_cleaner_pkg/share/robot_cleaner_pkg/local_setup.dsv
[35.643s] -- Symlinking: /home/hae/robot_ws/src/install/robot_cleaner_pkg/share/robot_cleaner_pkg/package.dsv
[35.676s] -- Up-to-date symlink: /home/hae/robot_ws/src/install/robot_cleaner_pkg/share/ament_index/resource_index/packages/robot_cleaner_pkg
[35.677s] -- Up-to-date symlink: /home/hae/robot_ws/src/install/robot_cleaner_pkg/share/robot_cleaner_pkg/cmake/robot_cleaner_pkgConfig.cmake
[35.678s] -- Up-to-date symlink: /home/hae/robot_ws/src/install/robot_cleaner_pkg/share/robot_cleaner_pkg/cmake/robot_cleaner_pkgConfig-version.cmake
[35.679s] -- Up-to-date symlink: /home/hae/robot_ws/src/install/robot_cleaner_pkg/share/robot_cleaner_pkg/package.xml
[35.687s] Invoked command in '/home/hae/robot_ws/src/build/robot_cleaner_pkg' returned '0': CMAKE_PREFIX_PATH=${CMAKE_PREFIX_PATH}:/opt/ros/humble /usr/bin/cmake --install /home/hae/robot_ws/src/build/robot_cleaner_pkg
