[35m[1mConsolidate compiler generated dependencies of target grid_node[0m
[100%] Built target grid_node
-- Install configuration: ""
-- Execute custom install script
-- Up-to-date symlink: /home/hae/robot_ws/src/install/robot_grid_pkg/lib/robot_grid_pkg/grid_node
-- Up-to-date symlink: /home/hae/robot_ws/src/install/robot_grid_pkg/share/ament_index/resource_index/package_run_dependencies/robot_grid_pkg
-- Up-to-date symlink: /home/hae/robot_ws/src/install/robot_grid_pkg/share/ament_index/resource_index/parent_prefix_path/robot_grid_pkg
-- Up-to-date symlink: /home/hae/robot_ws/src/install/robot_grid_pkg/share/robot_grid_pkg/environment/ament_prefix_path.sh
-- Up-to-date symlink: /home/hae/robot_ws/src/install/robot_grid_pkg/share/robot_grid_pkg/environment/ament_prefix_path.dsv
-- Up-to-date symlink: /home/hae/robot_ws/src/install/robot_grid_pkg/share/robot_grid_pkg/environment/path.sh
-- Up-to-date symlink: /home/hae/robot_ws/src/install/robot_grid_pkg/share/robot_grid_pkg/environment/path.dsv
-- Up-to-date symlink: /home/hae/robot_ws/src/install/robot_grid_pkg/share/robot_grid_pkg/local_setup.bash
-- Up-to-date symlink: /home/hae/robot_ws/src/install/robot_grid_pkg/share/robot_grid_pkg/local_setup.sh
-- Up-to-date symlink: /home/hae/robot_ws/src/install/robot_grid_pkg/share/robot_grid_pkg/local_setup.zsh
-- Up-to-date symlink: /home/hae/robot_ws/src/install/robot_grid_pkg/share/robot_grid_pkg/local_setup.dsv
-- Symlinking: /home/hae/robot_ws/src/install/robot_grid_pkg/share/robot_grid_pkg/package.dsv
-- Up-to-date symlink: /home/hae/robot_ws/src/install/robot_grid_pkg/share/ament_index/resource_index/packages/robot_grid_pkg
-- Up-to-date symlink: /home/hae/robot_ws/src/install/robot_grid_pkg/share/robot_grid_pkg/cmake/robot_grid_pkgConfig.cmake
-- Up-to-date symlink: /home/hae/robot_ws/src/install/robot_grid_pkg/share/robot_grid_pkg/cmake/robot_grid_pkgConfig-version.cmake
-- Up-to-date symlink: /home/hae/robot_ws/src/install/robot_grid_pkg/share/robot_grid_pkg/package.xml
