[0.063s] Invoking command in '/home/hae/robot_ws/src/build/robot_total_pkg': CMAKE_PREFIX_PATH=${CMAKE_PREFIX_PATH}:/opt/ros/humble /usr/bin/cmake --build /home/hae/robot_ws/src/build/robot_total_pkg -- -j4 -l4
[0.402s] [35m[1mConsolidate compiler generated dependencies of target scan_node[0m
[0.403s] [35m[1mConsolidate compiler generated dependencies of target drive_node[0m
[0.551s] [ 25%] [32mBuilding CXX object CMakeFiles/scan_node.dir/src/scan.cpp.o[0m
[0.562s] [ 75%] Built target drive_node
[37.020s] [100%] [32m[1mLinking CXX executable scan_node[0m
[39.604s] [100%] Built target scan_node
[39.686s] Invoked command in '/home/hae/robot_ws/src/build/robot_total_pkg' returned '0': CMAKE_PREFIX_PATH=${CMAKE_PREFIX_PATH}:/opt/ros/humble /usr/bin/cmake --build /home/hae/robot_ws/src/build/robot_total_pkg -- -j4 -l4
[39.908s] Invoking command in '/home/hae/robot_ws/src/build/robot_total_pkg': CMAKE_PREFIX_PATH=${CMAKE_PREFIX_PATH}:/opt/ros/humble /usr/bin/cmake --install /home/hae/robot_ws/src/build/robot_total_pkg
[39.944s] -- Install configuration: ""
[39.953s] -- Execute custom install script
[39.958s] -- Up-to-date symlink: /home/hae/robot_ws/src/install/robot_total_pkg/lib/robot_total_pkg/drive_node
[39.959s] -- Up-to-date symlink: /home/hae/robot_ws/src/install/robot_total_pkg/lib/robot_total_pkg/scan_node
[39.967s] -- Up-to-date symlink: /home/hae/robot_ws/src/install/robot_total_pkg/share/ament_index/resource_index/package_run_dependencies/robot_total_pkg
[39.971s] -- Up-to-date symlink: /home/hae/robot_ws/src/install/robot_total_pkg/share/ament_index/resource_index/parent_prefix_path/robot_total_pkg
[39.977s] -- Up-to-date symlink: /home/hae/robot_ws/src/install/robot_total_pkg/share/robot_total_pkg/environment/ament_prefix_path.sh
[39.979s] -- Up-to-date symlink: /home/hae/robot_ws/src/install/robot_total_pkg/share/robot_total_pkg/environment/ament_prefix_path.dsv
[39.981s] -- Up-to-date symlink: /home/hae/robot_ws/src/install/robot_total_pkg/share/robot_total_pkg/environment/path.sh
[39.983s] -- Up-to-date symlink: /home/hae/robot_ws/src/install/robot_total_pkg/share/robot_total_pkg/environment/path.dsv
[39.985s] -- Up-to-date symlink: /home/hae/robot_ws/src/install/robot_total_pkg/share/robot_total_pkg/local_setup.bash
[39.988s] -- Up-to-date symlink: /home/hae/robot_ws/src/install/robot_total_pkg/share/robot_total_pkg/local_setup.sh
[39.990s] -- Up-to-date symlink: /home/hae/robot_ws/src/install/robot_total_pkg/share/robot_total_pkg/local_setup.zsh
[39.991s] -- Up-to-date symlink: /home/hae/robot_ws/src/install/robot_total_pkg/share/robot_total_pkg/local_setup.dsv
[39.992s] -- Symlinking: /home/hae/robot_ws/src/install/robot_total_pkg/share/robot_total_pkg/package.dsv
[40.033s] -- Up-to-date symlink: /home/hae/robot_ws/src/install/robot_total_pkg/share/ament_index/resource_index/packages/robot_total_pkg
[40.036s] -- Up-to-date symlink: /home/hae/robot_ws/src/install/robot_total_pkg/share/robot_total_pkg/cmake/robot_total_pkgConfig.cmake
[40.038s] -- Up-to-date symlink: /home/hae/robot_ws/src/install/robot_total_pkg/share/robot_total_pkg/cmake/robot_total_pkgConfig-version.cmake
[40.039s] -- Up-to-date symlink: /home/hae/robot_ws/src/install/robot_total_pkg/share/robot_total_pkg/package.xml
[40.047s] Invoked command in '/home/hae/robot_ws/src/build/robot_total_pkg' returned '0': CMAKE_PREFIX_PATH=${CMAKE_PREFIX_PATH}:/opt/ros/humble /usr/bin/cmake --install /home/hae/robot_ws/src/build/robot_total_pkg
