[0.045s] Invoking command in '/home/hae/robot_ws/src/build/robot_action_pkg': CMAKE_PREFIX_PATH=${CMAKE_PREFIX_PATH}:/opt/ros/humble /usr/bin/cmake /home/hae/robot_ws/src/robot_action_pkg -DAMENT_CMAKE_SYMLINK_INSTALL=1 -DCMAKE_INSTALL_PREFIX=/home/hae/robot_ws/src/install/robot_action_pkg
[0.100s] -- Found ament_cmake: 1.3.9 (/opt/ros/humble/share/ament_cmake/cmake)
[0.624s] -- Override CMake install command with custom implementation using symlinks instead of copying resources
[0.659s] -- Found rclcpp: 16.0.9 (/opt/ros/humble/share/rclcpp/cmake)
[0.830s] -- Found rosidl_generator_c: 3.1.5 (/opt/ros/humble/share/rosidl_generator_c/cmake)
[0.841s] -- Found rosidl_adapter: 3.1.5 (/opt/ros/humble/share/rosidl_adapter/cmake)
[0.865s] -- Found rosidl_generator_cpp: 3.1.5 (/opt/ros/humble/share/rosidl_generator_cpp/cmake)
[0.909s] -- Using all available rosidl_typesupport_c: rosidl_typesupport_fastrtps_c;rosidl_typesupport_introspection_c
[0.971s] -- Using all available rosidl_typesupport_cpp: rosidl_typesupport_fastrtps_cpp;rosidl_typesupport_introspection_cpp
[1.199s] -- Found rmw_implementation_cmake: 6.1.2 (/opt/ros/humble/share/rmw_implementation_cmake/cmake)
[1.205s] -- Found rmw_fastrtps_cpp: 6.2.6 (/opt/ros/humble/share/rmw_fastrtps_cpp/cmake)
[2.176s] -- Using RMW implementation 'rmw_fastrtps_cpp' as default
[2.762s] -- Found action_msgs: 1.2.1 (/opt/ros/humble/share/action_msgs/cmake)
[2.984s] -- Found rclcpp_action: 16.0.9 (/opt/ros/humble/share/rclcpp_action/cmake)
[3.086s] -- Found ament_lint_auto: 0.12.11 (/opt/ros/humble/share/ament_lint_auto/cmake)
[4.342s] -- Found ament_cmake_ros: 0.10.0 (/opt/ros/humble/share/ament_cmake_ros/cmake)
[5.733s] -- Using all available rosidl_typesupport_c: rosidl_typesupport_fastrtps_c;rosidl_typesupport_introspection_c
[6.287s] -- Using all available rosidl_typesupport_cpp: rosidl_typesupport_fastrtps_cpp;rosidl_typesupport_introspection_cpp
[6.328s] -- Added test 'cppcheck' to perform static code analysis on C / C++ code
[6.330s] -- Configured cppcheck include dirs: /home/hae/robot_ws/src/robot_action_pkg/include
[6.331s] -- Configured cppcheck exclude dirs and/or files: 
[6.337s] -- Added test 'lint_cmake' to check CMake code style
[6.346s] -- Added test 'uncrustify' to check C / C++ code style
[6.346s] -- Configured uncrustify additional arguments: 
[6.349s] -- Added test 'xmllint' to check XML markup files
[6.375s] -- Configuring done
[6.530s] -- Generating done
[6.544s] -- Build files have been written to: /home/hae/robot_ws/src/build/robot_action_pkg
[6.582s] Invoked command in '/home/hae/robot_ws/src/build/robot_action_pkg' returned '0': CMAKE_PREFIX_PATH=${CMAKE_PREFIX_PATH}:/opt/ros/humble /usr/bin/cmake /home/hae/robot_ws/src/robot_action_pkg -DAMENT_CMAKE_SYMLINK_INSTALL=1 -DCMAKE_INSTALL_PREFIX=/home/hae/robot_ws/src/install/robot_action_pkg
[6.592s] Invoking command in '/home/hae/robot_ws/src/build/robot_action_pkg': CMAKE_PREFIX_PATH=${CMAKE_PREFIX_PATH}:/opt/ros/humble /usr/bin/cmake --build /home/hae/robot_ws/src/build/robot_action_pkg -- -j4 -l4
[6.767s] [  3%] [34m[1mGenerating C code for ROS interfaces[0m
[6.830s] [  7%] [34m[1mGenerating C++ code for ROS interfaces[0m
[6.840s] [ 11%] [32mBuilding CXX object CMakeFiles/action_server.dir/src/action_server.cpp.o[0m
[6.845s] [ 15%] [32mBuilding CXX object CMakeFiles/action_client.dir/src/action_client.cpp.o[0m
[8.673s] [01m[K/home/hae/robot_ws/src/robot_action_pkg/src/action_server.cpp:3:10:[m[K [01;31m[Kfatal error: [m[Krobot_action_pkg/action/move.hpp: No such file or directory
[8.678s]     3 | #include [01;31m[K<robot_action_pkg/action/move.hpp>[m[K
[8.686s]       |          [01;31m[K^~~~~~~~~~~~~~~~~~~~~~~~~~~~~~~~~~[m[K
[8.690s] [01m[K/home/hae/robot_ws/src/robot_action_pkg/src/action_client.cpp:3:10:[m[K [01;31m[Kfatal error: [m[Krobot_action_pkg/action/move.hpp: No such file or directory
[8.691s]     3 | #include [01;31m[K<robot_action_pkg/action/move.hpp>[m[K
[8.691s]       |          [01;31m[K^~~~~~~~~~~~~~~~~~~~~~~~~~~~~~~~~~[m[K
[8.692s] compilation terminated.
[8.692s] compilation terminated.
[8.693s] gmake[2]: *** [CMakeFiles/action_server.dir/build.make:76: CMakeFiles/action_server.dir/src/action_server.cpp.o] Error 1
[8.693s] gmake[1]: *** [CMakeFiles/Makefile2:397: CMakeFiles/action_server.dir/all] Error 2
[8.694s] gmake[1]: *** Waiting for unfinished jobs....
[8.694s] gmake[2]: *** [CMakeFiles/action_client.dir/build.make:76: CMakeFiles/action_client.dir/src/action_client.cpp.o] Error 1
[8.695s] gmake[1]: *** [CMakeFiles/Makefile2:423: CMakeFiles/action_client.dir/all] Error 2
[9.040s] [ 19%] [32mBuilding C object CMakeFiles/robot_action_pkg__rosidl_generator_c.dir/rosidl_generator_c/robot_action_pkg/action/detail/move__functions.c.o[0m
[9.043s] [ 19%] Built target robot_action_pkg__cpp
[9.620s] [ 23%] [32m[1mLinking C shared library librobot_action_pkg__rosidl_generator_c.so[0m
[9.785s] [ 23%] Built target robot_action_pkg__rosidl_generator_c
[9.790s] gmake: *** [Makefile:146: all] Error 2
[9.796s] Invoked command in '/home/hae/robot_ws/src/build/robot_action_pkg' returned '2': CMAKE_PREFIX_PATH=${CMAKE_PREFIX_PATH}:/opt/ros/humble /usr/bin/cmake --build /home/hae/robot_ws/src/build/robot_action_pkg -- -j4 -l4
