[0.456s] DEBUG:colcon:Command line arguments: ['/usr/bin/colcon', 'build', '--symlink-install', '--packages-select', 'robot_cleaner_pkg']
[0.456s] DEBUG:colcon:Parsed command line arguments: Namespace(log_base=None, log_level=None, verb_name='build', build_base='build', install_base='install', merge_install=False, symlink_install=True, test_result_base=None, continue_on_error=False, executor='parallel', parallel_workers=4, event_handlers=None, ignore_user_meta=False, metas=['./colcon.meta'], base_paths=['.'], packages_ignore=None, packages_ignore_regex=None, paths=None, packages_up_to=None, packages_up_to_regex=None, packages_above=None, packages_above_and_dependencies=None, packages_above_depth=None, packages_select_by_dep=None, packages_skip_by_dep=None, packages_skip_up_to=None, packages_select_build_failed=False, packages_skip_build_finished=False, packages_select_test_failures=False, packages_skip_test_passed=False, packages_select=['robot_cleaner_pkg'], packages_skip=None, packages_select_regex=None, packages_skip_regex=None, packages_start=None, packages_end=None, allow_overriding=[], cmake_args=None, cmake_target=None, cmake_target_skip_unavailable=False, cmake_clean_cache=False, cmake_clean_first=False, cmake_force_configure=False, ament_cmake_args=None, catkin_cmake_args=None, catkin_skip_building_tests=False, mixin_files=None, mixin=None, verb_parser=<colcon_mixin.mixin.mixin_argument.MixinArgumentDecorator object at 0xffff9a1357e0>, verb_extension=<colcon_core.verb.build.BuildVerb object at 0xffff9a135330>, main=<bound method BuildVerb.main of <colcon_core.verb.build.BuildVerb object at 0xffff9a135330>>, mixin_verb=('build',))
[1.236s] Level 1:colcon.colcon_core.package_discovery:discover_packages(colcon_meta) check parameters
[1.236s] Level 1:colcon.colcon_core.package_discovery:discover_packages(recursive) check parameters
[1.236s] Level 1:colcon.colcon_core.package_discovery:discover_packages(ignore) check parameters
[1.237s] Level 1:colcon.colcon_core.package_discovery:discover_packages(path) check parameters
[1.237s] Level 1:colcon.colcon_core.package_discovery:discover_packages(colcon_meta) discover
[1.237s] Level 1:colcon.colcon_core.package_discovery:discover_packages(recursive) discover
[1.237s] INFO:colcon.colcon_core.package_discovery:Crawling recursively for packages in '/home/hae/robot_ws/src/robot_cleaner_pkg'
[1.238s] Level 1:colcon.colcon_core.package_identification:_identify(.) by extensions ['ignore', 'ignore_ament_install']
[1.238s] Level 1:colcon.colcon_core.package_identification:_identify(.) by extension 'ignore'
[1.238s] Level 1:colcon.colcon_core.package_identification:_identify(.) by extension 'ignore_ament_install'
[1.238s] Level 1:colcon.colcon_core.package_identification:_identify(.) by extensions ['colcon_pkg']
[1.239s] Level 1:colcon.colcon_core.package_identification:_identify(.) by extension 'colcon_pkg'
[1.239s] Level 1:colcon.colcon_core.package_identification:_identify(.) by extensions ['colcon_meta']
[1.239s] Level 1:colcon.colcon_core.package_identification:_identify(.) by extension 'colcon_meta'
[1.239s] Level 1:colcon.colcon_core.package_identification:_identify(.) by extensions ['ros']
[1.239s] Level 1:colcon.colcon_core.package_identification:_identify(.) by extension 'ros'
[1.295s] DEBUG:colcon.colcon_core.package_identification:Package '.' with type 'ros.ament_cmake' and name 'robot_cleaner_pkg'
[1.295s] Level 1:colcon.colcon_core.package_discovery:discover_packages(recursive) using defaults
[1.296s] Level 1:colcon.colcon_core.package_discovery:discover_packages(ignore) discover
[1.296s] Level 1:colcon.colcon_core.package_discovery:discover_packages(ignore) using defaults
[1.296s] Level 1:colcon.colcon_core.package_discovery:discover_packages(path) discover
[1.296s] Level 1:colcon.colcon_core.package_discovery:discover_packages(path) using defaults
[1.369s] Level 1:colcon.colcon_core.package_discovery:discover_packages(prefix_path) check parameters
[1.369s] Level 1:colcon.colcon_core.package_discovery:discover_packages(prefix_path) discover
[1.377s] DEBUG:colcon.colcon_installed_package_information.package_discovery:Found 1 installed packages in /home/hae/robot_ws/src/robot_cleaner_pkg/install
[1.379s] DEBUG:colcon.colcon_installed_package_information.package_discovery:Found 2 installed packages in /home/hae/install
[1.388s] DEBUG:colcon.colcon_installed_package_information.package_discovery:Found 268 installed packages in /opt/ros/humble
[1.398s] Level 1:colcon.colcon_core.package_discovery:discover_packages(prefix_path) using defaults
[1.600s] Level 5:colcon.colcon_core.verb:set package 'robot_cleaner_pkg' build argument 'cmake_args' from command line to 'None'
[1.600s] Level 5:colcon.colcon_core.verb:set package 'robot_cleaner_pkg' build argument 'cmake_target' from command line to 'None'
[1.600s] Level 5:colcon.colcon_core.verb:set package 'robot_cleaner_pkg' build argument 'cmake_target_skip_unavailable' from command line to 'False'
[1.600s] Level 5:colcon.colcon_core.verb:set package 'robot_cleaner_pkg' build argument 'cmake_clean_cache' from command line to 'False'
[1.600s] Level 5:colcon.colcon_core.verb:set package 'robot_cleaner_pkg' build argument 'cmake_clean_first' from command line to 'False'
[1.601s] Level 5:colcon.colcon_core.verb:set package 'robot_cleaner_pkg' build argument 'cmake_force_configure' from command line to 'False'
[1.601s] Level 5:colcon.colcon_core.verb:set package 'robot_cleaner_pkg' build argument 'ament_cmake_args' from command line to 'None'
[1.601s] Level 5:colcon.colcon_core.verb:set package 'robot_cleaner_pkg' build argument 'catkin_cmake_args' from command line to 'None'
[1.601s] Level 5:colcon.colcon_core.verb:set package 'robot_cleaner_pkg' build argument 'catkin_skip_building_tests' from command line to 'False'
[1.601s] DEBUG:colcon.colcon_core.verb:Building package 'robot_cleaner_pkg' with the following arguments: {'ament_cmake_args': None, 'build_base': '/home/hae/robot_ws/src/robot_cleaner_pkg/build/robot_cleaner_pkg', 'catkin_cmake_args': None, 'catkin_skip_building_tests': False, 'cmake_args': None, 'cmake_clean_cache': False, 'cmake_clean_first': False, 'cmake_force_configure': False, 'cmake_target': None, 'cmake_target_skip_unavailable': False, 'install_base': '/home/hae/robot_ws/src/robot_cleaner_pkg/install/robot_cleaner_pkg', 'merge_install': False, 'path': '/home/hae/robot_ws/src/robot_cleaner_pkg', 'symlink_install': True, 'test_result_base': None}
[1.602s] INFO:colcon.colcon_core.executor:Executing jobs using 'parallel' executor
[1.605s] DEBUG:colcon.colcon_parallel_executor.executor.parallel:run_until_complete
[1.606s] INFO:colcon.colcon_ros.task.ament_cmake.build:Building ROS package in '/home/hae/robot_ws/src/robot_cleaner_pkg' with build type 'ament_cmake'
[1.607s] INFO:colcon.colcon_cmake.task.cmake.build:Building CMake package in '/home/hae/robot_ws/src/robot_cleaner_pkg'
[1.615s] INFO:colcon.colcon_core.plugin_system:Skipping extension 'colcon_core.shell.bat': Not used on non-Windows systems
[1.616s] INFO:colcon.colcon_core.shell:Skip shell extension 'powershell' for command environment: Not usable outside of PowerShell
[1.616s] DEBUG:colcon.colcon_core.shell:Skip shell extension 'dsv' for command environment
[1.662s] DEBUG:colcon.colcon_core.event_handler.log_command:Invoking command in '/home/hae/robot_ws/src/robot_cleaner_pkg/build/robot_cleaner_pkg': CMAKE_PREFIX_PATH=${CMAKE_PREFIX_PATH}:/opt/ros/humble /usr/bin/cmake --build /home/hae/robot_ws/src/robot_cleaner_pkg/build/robot_cleaner_pkg -- -j4 -l4
[36.963s] DEBUG:colcon.colcon_core.event_handler.log_command:Invoked command in '/home/hae/robot_ws/src/robot_cleaner_pkg/build/robot_cleaner_pkg' returned '0': CMAKE_PREFIX_PATH=${CMAKE_PREFIX_PATH}:/opt/ros/humble /usr/bin/cmake --build /home/hae/robot_ws/src/robot_cleaner_pkg/build/robot_cleaner_pkg -- -j4 -l4
[37.131s] DEBUG:colcon.colcon_core.event_handler.log_command:Invoking command in '/home/hae/robot_ws/src/robot_cleaner_pkg/build/robot_cleaner_pkg': CMAKE_PREFIX_PATH=${CMAKE_PREFIX_PATH}:/opt/ros/humble /usr/bin/cmake --install /home/hae/robot_ws/src/robot_cleaner_pkg/build/robot_cleaner_pkg
[37.217s] Level 1:colcon.colcon_core.environment:create_environment_scripts_only(robot_cleaner_pkg)
[37.219s] DEBUG:colcon.colcon_core.event_handler.log_command:Invoked command in '/home/hae/robot_ws/src/robot_cleaner_pkg/build/robot_cleaner_pkg' returned '0': CMAKE_PREFIX_PATH=${CMAKE_PREFIX_PATH}:/opt/ros/humble /usr/bin/cmake --install /home/hae/robot_ws/src/robot_cleaner_pkg/build/robot_cleaner_pkg
[37.232s] Level 1:colcon.colcon_core.environment:checking '/home/hae/robot_ws/src/robot_cleaner_pkg/install/robot_cleaner_pkg' for CMake module files
[37.237s] Level 1:colcon.colcon_core.environment:checking '/home/hae/robot_ws/src/robot_cleaner_pkg/install/robot_cleaner_pkg' for CMake config files
[37.240s] Level 1:colcon.colcon_core.shell:create_environment_hook('robot_cleaner_pkg', 'cmake_prefix_path')
[37.241s] INFO:colcon.colcon_core.shell:Creating environment hook '/home/hae/robot_ws/src/robot_cleaner_pkg/install/robot_cleaner_pkg/share/robot_cleaner_pkg/hook/cmake_prefix_path.ps1'
[37.244s] INFO:colcon.colcon_core.shell:Creating environment descriptor '/home/hae/robot_ws/src/robot_cleaner_pkg/install/robot_cleaner_pkg/share/robot_cleaner_pkg/hook/cmake_prefix_path.dsv'
[37.247s] INFO:colcon.colcon_core.shell:Creating environment hook '/home/hae/robot_ws/src/robot_cleaner_pkg/install/robot_cleaner_pkg/share/robot_cleaner_pkg/hook/cmake_prefix_path.sh'
[37.252s] Level 1:colcon.colcon_core.environment:checking '/home/hae/robot_ws/src/robot_cleaner_pkg/install/robot_cleaner_pkg/lib'
[37.253s] Level 1:colcon.colcon_core.environment:checking '/home/hae/robot_ws/src/robot_cleaner_pkg/install/robot_cleaner_pkg/bin'
[37.254s] Level 1:colcon.colcon_core.environment:checking '/home/hae/robot_ws/src/robot_cleaner_pkg/install/robot_cleaner_pkg/lib/pkgconfig/robot_cleaner_pkg.pc'
[37.255s] Level 1:colcon.colcon_core.environment:checking '/home/hae/robot_ws/src/robot_cleaner_pkg/install/robot_cleaner_pkg/lib/python3.10/site-packages'
[37.256s] Level 1:colcon.colcon_core.environment:checking '/home/hae/robot_ws/src/robot_cleaner_pkg/install/robot_cleaner_pkg/bin'
[37.258s] INFO:colcon.colcon_core.shell:Creating package script '/home/hae/robot_ws/src/robot_cleaner_pkg/install/robot_cleaner_pkg/share/robot_cleaner_pkg/package.ps1'
[37.262s] INFO:colcon.colcon_core.shell:Creating package descriptor '/home/hae/robot_ws/src/robot_cleaner_pkg/install/robot_cleaner_pkg/share/robot_cleaner_pkg/package.dsv'
[37.265s] INFO:colcon.colcon_core.shell:Creating package script '/home/hae/robot_ws/src/robot_cleaner_pkg/install/robot_cleaner_pkg/share/robot_cleaner_pkg/package.sh'
[37.268s] INFO:colcon.colcon_core.shell:Creating package script '/home/hae/robot_ws/src/robot_cleaner_pkg/install/robot_cleaner_pkg/share/robot_cleaner_pkg/package.bash'
[37.274s] INFO:colcon.colcon_core.shell:Creating package script '/home/hae/robot_ws/src/robot_cleaner_pkg/install/robot_cleaner_pkg/share/robot_cleaner_pkg/package.zsh'
[37.279s] Level 1:colcon.colcon_core.environment:create_file_with_runtime_dependencies(/home/hae/robot_ws/src/robot_cleaner_pkg/install/robot_cleaner_pkg/share/colcon-core/packages/robot_cleaner_pkg)
[37.417s] Level 1:colcon.colcon_core.environment:create_environment_scripts_only(robot_cleaner_pkg)
[37.419s] Level 1:colcon.colcon_core.environment:checking '/home/hae/robot_ws/src/robot_cleaner_pkg/install/robot_cleaner_pkg' for CMake module files
[37.422s] Level 1:colcon.colcon_core.environment:checking '/home/hae/robot_ws/src/robot_cleaner_pkg/install/robot_cleaner_pkg' for CMake config files
[37.425s] Level 1:colcon.colcon_core.shell:create_environment_hook('robot_cleaner_pkg', 'cmake_prefix_path')
[37.426s] INFO:colcon.colcon_core.shell:Creating environment hook '/home/hae/robot_ws/src/robot_cleaner_pkg/install/robot_cleaner_pkg/share/robot_cleaner_pkg/hook/cmake_prefix_path.ps1'
[37.428s] INFO:colcon.colcon_core.shell:Creating environment descriptor '/home/hae/robot_ws/src/robot_cleaner_pkg/install/robot_cleaner_pkg/share/robot_cleaner_pkg/hook/cmake_prefix_path.dsv'
[37.431s] INFO:colcon.colcon_core.shell:Creating environment hook '/home/hae/robot_ws/src/robot_cleaner_pkg/install/robot_cleaner_pkg/share/robot_cleaner_pkg/hook/cmake_prefix_path.sh'
[37.434s] Level 1:colcon.colcon_core.environment:checking '/home/hae/robot_ws/src/robot_cleaner_pkg/install/robot_cleaner_pkg/lib'
[37.435s] Level 1:colcon.colcon_core.environment:checking '/home/hae/robot_ws/src/robot_cleaner_pkg/install/robot_cleaner_pkg/bin'
[37.435s] Level 1:colcon.colcon_core.environment:checking '/home/hae/robot_ws/src/robot_cleaner_pkg/install/robot_cleaner_pkg/lib/pkgconfig/robot_cleaner_pkg.pc'
[37.437s] Level 1:colcon.colcon_core.environment:checking '/home/hae/robot_ws/src/robot_cleaner_pkg/install/robot_cleaner_pkg/lib/python3.10/site-packages'
[37.438s] Level 1:colcon.colcon_core.environment:checking '/home/hae/robot_ws/src/robot_cleaner_pkg/install/robot_cleaner_pkg/bin'
[37.440s] INFO:colcon.colcon_core.shell:Creating package script '/home/hae/robot_ws/src/robot_cleaner_pkg/install/robot_cleaner_pkg/share/robot_cleaner_pkg/package.ps1'
[37.443s] INFO:colcon.colcon_core.shell:Creating package descriptor '/home/hae/robot_ws/src/robot_cleaner_pkg/install/robot_cleaner_pkg/share/robot_cleaner_pkg/package.dsv'
[37.446s] INFO:colcon.colcon_core.shell:Creating package script '/home/hae/robot_ws/src/robot_cleaner_pkg/install/robot_cleaner_pkg/share/robot_cleaner_pkg/package.sh'
[37.449s] INFO:colcon.colcon_core.shell:Creating package script '/home/hae/robot_ws/src/robot_cleaner_pkg/install/robot_cleaner_pkg/share/robot_cleaner_pkg/package.bash'
[37.452s] INFO:colcon.colcon_core.shell:Creating package script '/home/hae/robot_ws/src/robot_cleaner_pkg/install/robot_cleaner_pkg/share/robot_cleaner_pkg/package.zsh'
[37.454s] Level 1:colcon.colcon_core.environment:create_file_with_runtime_dependencies(/home/hae/robot_ws/src/robot_cleaner_pkg/install/robot_cleaner_pkg/share/colcon-core/packages/robot_cleaner_pkg)
[37.456s] DEBUG:colcon.colcon_parallel_executor.executor.parallel:closing loop
[37.457s] DEBUG:colcon.colcon_parallel_executor.executor.parallel:loop closed
[37.458s] DEBUG:colcon.colcon_parallel_executor.executor.parallel:run_until_complete finished with '0'
[37.458s] DEBUG:colcon.colcon_core.event_reactor:joining thread
[37.484s] INFO:colcon.colcon_core.plugin_system:Skipping extension 'colcon_notification.desktop_notification.terminal_notifier': Not used on non-Darwin systems
[37.485s] INFO:colcon.colcon_core.plugin_system:Skipping extension 'colcon_notification.desktop_notification.win32': Not used on non-Windows systems
[37.485s] INFO:colcon.colcon_notification.desktop_notification:Sending desktop notification using 'notify2'
[37.530s] DEBUG:colcon.colcon_core.event_reactor:joined thread
[37.531s] INFO:colcon.colcon_core.shell:Creating prefix script '/home/hae/robot_ws/src/robot_cleaner_pkg/install/local_setup.ps1'
[37.535s] INFO:colcon.colcon_core.shell:Creating prefix util module '/home/hae/robot_ws/src/robot_cleaner_pkg/install/_local_setup_util_ps1.py'
[37.541s] INFO:colcon.colcon_core.shell:Creating prefix chain script '/home/hae/robot_ws/src/robot_cleaner_pkg/install/setup.ps1'
[37.547s] INFO:colcon.colcon_core.shell:Creating prefix script '/home/hae/robot_ws/src/robot_cleaner_pkg/install/local_setup.sh'
[37.550s] INFO:colcon.colcon_core.shell:Creating prefix util module '/home/hae/robot_ws/src/robot_cleaner_pkg/install/_local_setup_util_sh.py'
[37.553s] INFO:colcon.colcon_core.shell:Creating prefix chain script '/home/hae/robot_ws/src/robot_cleaner_pkg/install/setup.sh'
[37.559s] INFO:colcon.colcon_core.shell:Creating prefix script '/home/hae/robot_ws/src/robot_cleaner_pkg/install/local_setup.bash'
[37.562s] INFO:colcon.colcon_core.shell:Creating prefix chain script '/home/hae/robot_ws/src/robot_cleaner_pkg/install/setup.bash'
[37.568s] INFO:colcon.colcon_core.shell:Creating prefix script '/home/hae/robot_ws/src/robot_cleaner_pkg/install/local_setup.zsh'
[37.571s] INFO:colcon.colcon_core.shell:Creating prefix chain script '/home/hae/robot_ws/src/robot_cleaner_pkg/install/setup.zsh'
