[0.726s] DEBUG:colcon:Command line arguments: ['/usr/bin/colcon', 'build', '--symlink-install', '--packages-select', 'robot_grid_pkg']
[0.726s] DEBUG:colcon:Parsed command line arguments: Namespace(log_base=None, log_level=None, verb_name='build', build_base='build', install_base='install', merge_install=False, symlink_install=True, test_result_base=None, continue_on_error=False, executor='parallel', parallel_workers=4, event_handlers=None, ignore_user_meta=False, metas=['./colcon.meta'], base_paths=['.'], packages_ignore=None, packages_ignore_regex=None, paths=None, packages_up_to=None, packages_up_to_regex=None, packages_above=None, packages_above_and_dependencies=None, packages_above_depth=None, packages_select_by_dep=None, packages_skip_by_dep=None, packages_skip_up_to=None, packages_select_build_failed=False, packages_skip_build_finished=False, packages_select_test_failures=False, packages_skip_test_passed=False, packages_select=['robot_grid_pkg'], packages_skip=None, packages_select_regex=None, packages_skip_regex=None, packages_start=None, packages_end=None, allow_overriding=[], cmake_args=None, cmake_target=None, cmake_target_skip_unavailable=False, cmake_clean_cache=False, cmake_clean_first=False, cmake_force_configure=False, ament_cmake_args=None, catkin_cmake_args=None, catkin_skip_building_tests=False, mixin_files=None, mixin=None, verb_parser=<colcon_mixin.mixin.mixin_argument.MixinArgumentDecorator object at 0xffff9e62d9c0>, verb_extension=<colcon_core.verb.build.BuildVerb object at 0xffff9e8020e0>, main=<bound method BuildVerb.main of <colcon_core.verb.build.BuildVerb object at 0xffff9e8020e0>>, mixin_verb=('build',))
[2.044s] Level 1:colcon.colcon_core.package_discovery:discover_packages(colcon_meta) check parameters
[2.046s] Level 1:colcon.colcon_core.package_discovery:discover_packages(recursive) check parameters
[2.047s] Level 1:colcon.colcon_core.package_discovery:discover_packages(ignore) check parameters
[2.047s] Level 1:colcon.colcon_core.package_discovery:discover_packages(path) check parameters
[2.048s] Level 1:colcon.colcon_core.package_discovery:discover_packages(colcon_meta) discover
[2.048s] Level 1:colcon.colcon_core.package_discovery:discover_packages(recursive) discover
[2.049s] INFO:colcon.colcon_core.package_discovery:Crawling recursively for packages in '/home/hae/robot_ws/src'
[2.049s] Level 1:colcon.colcon_core.package_identification:_identify(.) by extensions ['ignore', 'ignore_ament_install']
[2.050s] Level 1:colcon.colcon_core.package_identification:_identify(.) by extension 'ignore'
[2.051s] Level 1:colcon.colcon_core.package_identification:_identify(.) by extension 'ignore_ament_install'
[2.052s] Level 1:colcon.colcon_core.package_identification:_identify(.) by extensions ['colcon_pkg']
[2.052s] Level 1:colcon.colcon_core.package_identification:_identify(.) by extension 'colcon_pkg'
[2.052s] Level 1:colcon.colcon_core.package_identification:_identify(.) by extensions ['colcon_meta']
[2.053s] Level 1:colcon.colcon_core.package_identification:_identify(.) by extension 'colcon_meta'
[2.053s] Level 1:colcon.colcon_core.package_identification:_identify(.) by extensions ['ros']
[2.053s] Level 1:colcon.colcon_core.package_identification:_identify(.) by extension 'ros'
[2.121s] Level 1:colcon.colcon_core.package_identification:_identify(.) by extensions ['cmake', 'python']
[2.121s] Level 1:colcon.colcon_core.package_identification:_identify(.) by extension 'cmake'
[2.123s] Level 1:colcon.colcon_core.package_identification:_identify(.) by extension 'python'
[2.123s] Level 1:colcon.colcon_core.package_identification:_identify(.) by extensions ['python_setup_py']
[2.124s] Level 1:colcon.colcon_core.package_identification:_identify(.) by extension 'python_setup_py'
[2.124s] Level 1:colcon.colcon_core.package_identification:_identify(Cgps) by extensions ['ignore', 'ignore_ament_install']
[2.125s] Level 1:colcon.colcon_core.package_identification:_identify(Cgps) by extension 'ignore'
[2.125s] Level 1:colcon.colcon_core.package_identification:_identify(Cgps) by extension 'ignore_ament_install'
[2.126s] Level 1:colcon.colcon_core.package_identification:_identify(Cgps) by extensions ['colcon_pkg']
[2.126s] Level 1:colcon.colcon_core.package_identification:_identify(Cgps) by extension 'colcon_pkg'
[2.127s] Level 1:colcon.colcon_core.package_identification:_identify(Cgps) by extensions ['colcon_meta']
[2.127s] Level 1:colcon.colcon_core.package_identification:_identify(Cgps) by extension 'colcon_meta'
[2.127s] Level 1:colcon.colcon_core.package_identification:_identify(Cgps) by extensions ['ros']
[2.127s] Level 1:colcon.colcon_core.package_identification:_identify(Cgps) by extension 'ros'
[2.128s] Level 1:colcon.colcon_core.package_identification:_identify(Cgps) by extensions ['cmake', 'python']
[2.128s] Level 1:colcon.colcon_core.package_identification:_identify(Cgps) by extension 'cmake'
[2.129s] Level 1:colcon.colcon_core.package_identification:_identify(Cgps) by extension 'python'
[2.129s] Level 1:colcon.colcon_core.package_identification:_identify(Cgps) by extensions ['python_setup_py']
[2.129s] Level 1:colcon.colcon_core.package_identification:_identify(Cgps) by extension 'python_setup_py'
[2.130s] Level 1:colcon.colcon_core.package_identification:_identify(action_test) by extensions ['ignore', 'ignore_ament_install']
[2.131s] Level 1:colcon.colcon_core.package_identification:_identify(action_test) by extension 'ignore'
[2.131s] Level 1:colcon.colcon_core.package_identification:_identify(action_test) by extension 'ignore_ament_install'
[2.132s] Level 1:colcon.colcon_core.package_identification:_identify(action_test) by extensions ['colcon_pkg']
[2.132s] Level 1:colcon.colcon_core.package_identification:_identify(action_test) by extension 'colcon_pkg'
[2.132s] Level 1:colcon.colcon_core.package_identification:_identify(action_test) by extensions ['colcon_meta']
[2.133s] Level 1:colcon.colcon_core.package_identification:_identify(action_test) by extension 'colcon_meta'
[2.133s] Level 1:colcon.colcon_core.package_identification:_identify(action_test) by extensions ['ros']
[2.133s] Level 1:colcon.colcon_core.package_identification:_identify(action_test) by extension 'ros'
[2.146s] DEBUG:colcon.colcon_core.package_identification:Package 'action_test' with type 'ros.ament_cmake' and name 'action_test'
[2.148s] Level 1:colcon.colcon_core.package_identification:_identify(build) by extensions ['ignore', 'ignore_ament_install']
[2.149s] Level 1:colcon.colcon_core.package_identification:_identify(build) by extension 'ignore'
[2.149s] Level 1:colcon.colcon_core.package_identification:_identify(build) ignored
[2.150s] Level 1:colcon.colcon_core.package_identification:_identify(cgps_pkg) by extensions ['ignore', 'ignore_ament_install']
[2.150s] Level 1:colcon.colcon_core.package_identification:_identify(cgps_pkg) by extension 'ignore'
[2.151s] Level 1:colcon.colcon_core.package_identification:_identify(cgps_pkg) by extension 'ignore_ament_install'
[2.151s] Level 1:colcon.colcon_core.package_identification:_identify(cgps_pkg) by extensions ['colcon_pkg']
[2.152s] Level 1:colcon.colcon_core.package_identification:_identify(cgps_pkg) by extension 'colcon_pkg'
[2.152s] Level 1:colcon.colcon_core.package_identification:_identify(cgps_pkg) by extensions ['colcon_meta']
[2.152s] Level 1:colcon.colcon_core.package_identification:_identify(cgps_pkg) by extension 'colcon_meta'
[2.153s] Level 1:colcon.colcon_core.package_identification:_identify(cgps_pkg) by extensions ['ros']
[2.153s] Level 1:colcon.colcon_core.package_identification:_identify(cgps_pkg) by extension 'ros'
[2.157s] DEBUG:colcon.colcon_core.package_identification:Package 'cgps_pkg' with type 'ros.ament_cmake' and name 'cgps_pkg'
[2.159s] Level 1:colcon.colcon_core.package_identification:_identify(dot_pkg) by extensions ['ignore', 'ignore_ament_install']
[2.159s] Level 1:colcon.colcon_core.package_identification:_identify(dot_pkg) by extension 'ignore'
[2.160s] Level 1:colcon.colcon_core.package_identification:_identify(dot_pkg) by extension 'ignore_ament_install'
[2.160s] Level 1:colcon.colcon_core.package_identification:_identify(dot_pkg) by extensions ['colcon_pkg']
[2.161s] Level 1:colcon.colcon_core.package_identification:_identify(dot_pkg) by extension 'colcon_pkg'
[2.161s] Level 1:colcon.colcon_core.package_identification:_identify(dot_pkg) by extensions ['colcon_meta']
[2.163s] Level 1:colcon.colcon_core.package_identification:_identify(dot_pkg) by extension 'colcon_meta'
[2.166s] Level 1:colcon.colcon_core.package_identification:_identify(dot_pkg) by extensions ['ros']
[2.166s] Level 1:colcon.colcon_core.package_identification:_identify(dot_pkg) by extension 'ros'
[2.170s] DEBUG:colcon.colcon_core.package_identification:Package 'dot_pkg' with type 'ros.ament_cmake' and name 'dot_pkg'
[2.170s] Level 1:colcon.colcon_core.package_identification:_identify(install) by extensions ['ignore', 'ignore_ament_install']
[2.171s] Level 1:colcon.colcon_core.package_identification:_identify(install) by extension 'ignore'
[2.172s] Level 1:colcon.colcon_core.package_identification:_identify(install) ignored
[2.176s] Level 1:colcon.colcon_core.package_identification:_identify(log) by extensions ['ignore', 'ignore_ament_install']
[2.177s] Level 1:colcon.colcon_core.package_identification:_identify(log) by extension 'ignore'
[2.178s] Level 1:colcon.colcon_core.package_identification:_identify(log) ignored
[2.178s] Level 1:colcon.colcon_core.package_identification:_identify(robot_action) by extensions ['ignore', 'ignore_ament_install']
[2.179s] Level 1:colcon.colcon_core.package_identification:_identify(robot_action) by extension 'ignore'
[2.180s] Level 1:colcon.colcon_core.package_identification:_identify(robot_action) by extension 'ignore_ament_install'
[2.180s] Level 1:colcon.colcon_core.package_identification:_identify(robot_action) by extensions ['colcon_pkg']
[2.181s] Level 1:colcon.colcon_core.package_identification:_identify(robot_action) by extension 'colcon_pkg'
[2.181s] Level 1:colcon.colcon_core.package_identification:_identify(robot_action) by extensions ['colcon_meta']
[2.181s] Level 1:colcon.colcon_core.package_identification:_identify(robot_action) by extension 'colcon_meta'
[2.181s] Level 1:colcon.colcon_core.package_identification:_identify(robot_action) by extensions ['ros']
[2.182s] Level 1:colcon.colcon_core.package_identification:_identify(robot_action) by extension 'ros'
[2.185s] DEBUG:colcon.colcon_core.package_identification:Package 'robot_action' with type 'ros.ament_cmake' and name 'robot_action'
[2.186s] Level 1:colcon.colcon_core.package_identification:_identify(robot_cleaner_pkg) by extensions ['ignore', 'ignore_ament_install']
[2.187s] Level 1:colcon.colcon_core.package_identification:_identify(robot_cleaner_pkg) by extension 'ignore'
[2.187s] Level 1:colcon.colcon_core.package_identification:_identify(robot_cleaner_pkg) by extension 'ignore_ament_install'
[2.188s] Level 1:colcon.colcon_core.package_identification:_identify(robot_cleaner_pkg) by extensions ['colcon_pkg']
[2.188s] Level 1:colcon.colcon_core.package_identification:_identify(robot_cleaner_pkg) by extension 'colcon_pkg'
[2.189s] Level 1:colcon.colcon_core.package_identification:_identify(robot_cleaner_pkg) by extensions ['colcon_meta']
[2.189s] Level 1:colcon.colcon_core.package_identification:_identify(robot_cleaner_pkg) by extension 'colcon_meta'
[2.189s] Level 1:colcon.colcon_core.package_identification:_identify(robot_cleaner_pkg) by extensions ['ros']
[2.189s] Level 1:colcon.colcon_core.package_identification:_identify(robot_cleaner_pkg) by extension 'ros'
[2.193s] DEBUG:colcon.colcon_core.package_identification:Package 'robot_cleaner_pkg' with type 'ros.ament_cmake' and name 'robot_cleaner_pkg'
[2.193s] Level 1:colcon.colcon_core.package_identification:_identify(robot_drive_pkg) by extensions ['ignore', 'ignore_ament_install']
[2.194s] Level 1:colcon.colcon_core.package_identification:_identify(robot_drive_pkg) by extension 'ignore'
[2.194s] Level 1:colcon.colcon_core.package_identification:_identify(robot_drive_pkg) by extension 'ignore_ament_install'
[2.195s] Level 1:colcon.colcon_core.package_identification:_identify(robot_drive_pkg) by extensions ['colcon_pkg']
[2.196s] Level 1:colcon.colcon_core.package_identification:_identify(robot_drive_pkg) by extension 'colcon_pkg'
[2.196s] Level 1:colcon.colcon_core.package_identification:_identify(robot_drive_pkg) by extensions ['colcon_meta']
[2.197s] Level 1:colcon.colcon_core.package_identification:_identify(robot_drive_pkg) by extension 'colcon_meta'
[2.197s] Level 1:colcon.colcon_core.package_identification:_identify(robot_drive_pkg) by extensions ['ros']
[2.197s] Level 1:colcon.colcon_core.package_identification:_identify(robot_drive_pkg) by extension 'ros'
[2.201s] DEBUG:colcon.colcon_core.package_identification:Package 'robot_drive_pkg' with type 'ros.ament_cmake' and name 'robot_drive_pkg'
[2.201s] Level 1:colcon.colcon_core.package_identification:_identify(robot_go_pkg) by extensions ['ignore', 'ignore_ament_install']
[2.202s] Level 1:colcon.colcon_core.package_identification:_identify(robot_go_pkg) by extension 'ignore'
[2.202s] Level 1:colcon.colcon_core.package_identification:_identify(robot_go_pkg) by extension 'ignore_ament_install'
[2.203s] Level 1:colcon.colcon_core.package_identification:_identify(robot_go_pkg) by extensions ['colcon_pkg']
[2.203s] Level 1:colcon.colcon_core.package_identification:_identify(robot_go_pkg) by extension 'colcon_pkg'
[2.204s] Level 1:colcon.colcon_core.package_identification:_identify(robot_go_pkg) by extensions ['colcon_meta']
[2.205s] Level 1:colcon.colcon_core.package_identification:_identify(robot_go_pkg) by extension 'colcon_meta'
[2.205s] Level 1:colcon.colcon_core.package_identification:_identify(robot_go_pkg) by extensions ['ros']
[2.206s] Level 1:colcon.colcon_core.package_identification:_identify(robot_go_pkg) by extension 'ros'
[2.214s] DEBUG:colcon.colcon_core.package_identification:Package 'robot_go_pkg' with type 'ros.ament_cmake' and name 'robot_go_pkg'
[2.216s] Level 1:colcon.colcon_core.package_identification:_identify(robot_grid_pkg) by extensions ['ignore', 'ignore_ament_install']
[2.218s] Level 1:colcon.colcon_core.package_identification:_identify(robot_grid_pkg) by extension 'ignore'
[2.218s] Level 1:colcon.colcon_core.package_identification:_identify(robot_grid_pkg) by extension 'ignore_ament_install'
[2.219s] Level 1:colcon.colcon_core.package_identification:_identify(robot_grid_pkg) by extensions ['colcon_pkg']
[2.220s] Level 1:colcon.colcon_core.package_identification:_identify(robot_grid_pkg) by extension 'colcon_pkg'
[2.220s] Level 1:colcon.colcon_core.package_identification:_identify(robot_grid_pkg) by extensions ['colcon_meta']
[2.221s] Level 1:colcon.colcon_core.package_identification:_identify(robot_grid_pkg) by extension 'colcon_meta'
[2.222s] Level 1:colcon.colcon_core.package_identification:_identify(robot_grid_pkg) by extensions ['ros']
[2.222s] Level 1:colcon.colcon_core.package_identification:_identify(robot_grid_pkg) by extension 'ros'
[2.228s] DEBUG:colcon.colcon_core.package_identification:Package 'robot_grid_pkg' with type 'ros.ament_cmake' and name 'robot_grid_pkg'
[2.230s] Level 1:colcon.colcon_core.package_identification:_identify(robot_move_pkg) by extensions ['ignore', 'ignore_ament_install']
[2.231s] Level 1:colcon.colcon_core.package_identification:_identify(robot_move_pkg) by extension 'ignore'
[2.232s] Level 1:colcon.colcon_core.package_identification:_identify(robot_move_pkg) by extension 'ignore_ament_install'
[2.233s] Level 1:colcon.colcon_core.package_identification:_identify(robot_move_pkg) by extensions ['colcon_pkg']
[2.233s] Level 1:colcon.colcon_core.package_identification:_identify(robot_move_pkg) by extension 'colcon_pkg'
[2.234s] Level 1:colcon.colcon_core.package_identification:_identify(robot_move_pkg) by extensions ['colcon_meta']
[2.234s] Level 1:colcon.colcon_core.package_identification:_identify(robot_move_pkg) by extension 'colcon_meta'
[2.234s] Level 1:colcon.colcon_core.package_identification:_identify(robot_move_pkg) by extensions ['ros']
[2.235s] Level 1:colcon.colcon_core.package_identification:_identify(robot_move_pkg) by extension 'ros'
[2.238s] DEBUG:colcon.colcon_core.package_identification:Package 'robot_move_pkg' with type 'ros.ament_cmake' and name 'robot_move_pkg'
[2.239s] Level 1:colcon.colcon_core.package_identification:_identify(robot_total_pkg) by extensions ['ignore', 'ignore_ament_install']
[2.240s] Level 1:colcon.colcon_core.package_identification:_identify(robot_total_pkg) by extension 'ignore'
[2.240s] Level 1:colcon.colcon_core.package_identification:_identify(robot_total_pkg) by extension 'ignore_ament_install'
[2.241s] Level 1:colcon.colcon_core.package_identification:_identify(robot_total_pkg) by extensions ['colcon_pkg']
[2.241s] Level 1:colcon.colcon_core.package_identification:_identify(robot_total_pkg) by extension 'colcon_pkg'
[2.242s] Level 1:colcon.colcon_core.package_identification:_identify(robot_total_pkg) by extensions ['colcon_meta']
[2.242s] Level 1:colcon.colcon_core.package_identification:_identify(robot_total_pkg) by extension 'colcon_meta'
[2.242s] Level 1:colcon.colcon_core.package_identification:_identify(robot_total_pkg) by extensions ['ros']
[2.243s] Level 1:colcon.colcon_core.package_identification:_identify(robot_total_pkg) by extension 'ros'
[2.248s] DEBUG:colcon.colcon_core.package_identification:Package 'robot_total_pkg' with type 'ros.ament_cmake' and name 'robot_total_pkg'
[2.249s] Level 1:colcon.colcon_core.package_identification:_identify(test_pkg) by extensions ['ignore', 'ignore_ament_install']
[2.250s] Level 1:colcon.colcon_core.package_identification:_identify(test_pkg) by extension 'ignore'
[2.250s] Level 1:colcon.colcon_core.package_identification:_identify(test_pkg) by extension 'ignore_ament_install'
[2.251s] Level 1:colcon.colcon_core.package_identification:_identify(test_pkg) by extensions ['colcon_pkg']
[2.253s] Level 1:colcon.colcon_core.package_identification:_identify(test_pkg) by extension 'colcon_pkg'
[2.253s] Level 1:colcon.colcon_core.package_identification:_identify(test_pkg) by extensions ['colcon_meta']
[2.253s] Level 1:colcon.colcon_core.package_identification:_identify(test_pkg) by extension 'colcon_meta'
[2.254s] Level 1:colcon.colcon_core.package_identification:_identify(test_pkg) by extensions ['ros']
[2.254s] Level 1:colcon.colcon_core.package_identification:_identify(test_pkg) by extension 'ros'
[2.261s] DEBUG:colcon.colcon_core.package_identification:Package 'test_pkg' with type 'ros.ament_cmake' and name 'test_pkg'
[2.262s] Level 1:colcon.colcon_core.package_discovery:discover_packages(recursive) using defaults
[2.262s] Level 1:colcon.colcon_core.package_discovery:discover_packages(ignore) discover
[2.262s] Level 1:colcon.colcon_core.package_discovery:discover_packages(ignore) using defaults
[2.262s] Level 1:colcon.colcon_core.package_discovery:discover_packages(path) discover
[2.263s] Level 1:colcon.colcon_core.package_discovery:discover_packages(path) using defaults
[2.377s] INFO:colcon.colcon_core.package_selection:Skipping not selected package 'cgps_pkg' in 'cgps_pkg'
[2.377s] INFO:colcon.colcon_core.package_selection:Skipping not selected package 'dot_pkg' in 'dot_pkg'
[2.378s] INFO:colcon.colcon_core.package_selection:Skipping not selected package 'robot_action' in 'robot_action'
[2.378s] INFO:colcon.colcon_core.package_selection:Skipping not selected package 'robot_cleaner_pkg' in 'robot_cleaner_pkg'
[2.378s] INFO:colcon.colcon_core.package_selection:Skipping not selected package 'robot_drive_pkg' in 'robot_drive_pkg'
[2.378s] INFO:colcon.colcon_core.package_selection:Skipping not selected package 'robot_move_pkg' in 'robot_move_pkg'
[2.379s] INFO:colcon.colcon_core.package_selection:Skipping not selected package 'robot_total_pkg' in 'robot_total_pkg'
[2.379s] INFO:colcon.colcon_core.package_selection:Skipping not selected package 'action_test' in 'action_test'
[2.380s] INFO:colcon.colcon_core.package_selection:Skipping not selected package 'robot_go_pkg' in 'robot_go_pkg'
[2.380s] INFO:colcon.colcon_core.package_selection:Skipping not selected package 'test_pkg' in 'test_pkg'
[2.384s] Level 1:colcon.colcon_core.package_discovery:discover_packages(prefix_path) check parameters
[2.384s] Level 1:colcon.colcon_core.package_discovery:discover_packages(prefix_path) discover
[2.408s] DEBUG:colcon.colcon_installed_package_information.package_discovery:Found 12 installed packages in /home/hae/robot_ws/src/install
[2.420s] DEBUG:colcon.colcon_installed_package_information.package_discovery:Found 268 installed packages in /opt/ros/humble
[2.499s] Level 1:colcon.colcon_core.package_discovery:discover_packages(prefix_path) using defaults
[2.819s] Level 5:colcon.colcon_core.verb:set package 'robot_grid_pkg' build argument 'cmake_args' from command line to 'None'
[2.820s] Level 5:colcon.colcon_core.verb:set package 'robot_grid_pkg' build argument 'cmake_target' from command line to 'None'
[2.820s] Level 5:colcon.colcon_core.verb:set package 'robot_grid_pkg' build argument 'cmake_target_skip_unavailable' from command line to 'False'
[2.820s] Level 5:colcon.colcon_core.verb:set package 'robot_grid_pkg' build argument 'cmake_clean_cache' from command line to 'False'
[2.820s] Level 5:colcon.colcon_core.verb:set package 'robot_grid_pkg' build argument 'cmake_clean_first' from command line to 'False'
[2.820s] Level 5:colcon.colcon_core.verb:set package 'robot_grid_pkg' build argument 'cmake_force_configure' from command line to 'False'
[2.820s] Level 5:colcon.colcon_core.verb:set package 'robot_grid_pkg' build argument 'ament_cmake_args' from command line to 'None'
[2.821s] Level 5:colcon.colcon_core.verb:set package 'robot_grid_pkg' build argument 'catkin_cmake_args' from command line to 'None'
[2.821s] Level 5:colcon.colcon_core.verb:set package 'robot_grid_pkg' build argument 'catkin_skip_building_tests' from command line to 'False'
[2.821s] DEBUG:colcon.colcon_core.verb:Building package 'robot_grid_pkg' with the following arguments: {'ament_cmake_args': None, 'build_base': '/home/hae/robot_ws/src/build/robot_grid_pkg', 'catkin_cmake_args': None, 'catkin_skip_building_tests': False, 'cmake_args': None, 'cmake_clean_cache': False, 'cmake_clean_first': False, 'cmake_force_configure': False, 'cmake_target': None, 'cmake_target_skip_unavailable': False, 'install_base': '/home/hae/robot_ws/src/install/robot_grid_pkg', 'merge_install': False, 'path': '/home/hae/robot_ws/src/robot_grid_pkg', 'symlink_install': True, 'test_result_base': None}
[2.822s] INFO:colcon.colcon_core.executor:Executing jobs using 'parallel' executor
[2.826s] DEBUG:colcon.colcon_parallel_executor.executor.parallel:run_until_complete
[2.828s] INFO:colcon.colcon_ros.task.ament_cmake.build:Building ROS package in '/home/hae/robot_ws/src/robot_grid_pkg' with build type 'ament_cmake'
[2.832s] INFO:colcon.colcon_cmake.task.cmake.build:Building CMake package in '/home/hae/robot_ws/src/robot_grid_pkg'
[2.850s] INFO:colcon.colcon_core.plugin_system:Skipping extension 'colcon_core.shell.bat': Not used on non-Windows systems
[2.851s] INFO:colcon.colcon_core.shell:Skip shell extension 'powershell' for command environment: Not usable outside of PowerShell
[2.852s] DEBUG:colcon.colcon_core.shell:Skip shell extension 'dsv' for command environment
[2.926s] DEBUG:colcon.colcon_core.event_handler.log_command:Invoking command in '/home/hae/robot_ws/src/build/robot_grid_pkg': CMAKE_PREFIX_PATH=${CMAKE_PREFIX_PATH}:/opt/ros/humble /usr/bin/cmake --build /home/hae/robot_ws/src/build/robot_grid_pkg -- -j4 -l4
[53.960s] DEBUG:colcon.colcon_core.event_handler.log_command:Invoked command in '/home/hae/robot_ws/src/build/robot_grid_pkg' returned '0': CMAKE_PREFIX_PATH=${CMAKE_PREFIX_PATH}:/opt/ros/humble /usr/bin/cmake --build /home/hae/robot_ws/src/build/robot_grid_pkg -- -j4 -l4
[54.157s] DEBUG:colcon.colcon_core.event_handler.log_command:Invoking command in '/home/hae/robot_ws/src/build/robot_grid_pkg': CMAKE_PREFIX_PATH=${CMAKE_PREFIX_PATH}:/opt/ros/humble /usr/bin/cmake --install /home/hae/robot_ws/src/build/robot_grid_pkg
[54.296s] Level 1:colcon.colcon_core.environment:create_environment_scripts_only(robot_grid_pkg)
[54.308s] Level 1:colcon.colcon_core.environment:checking '/home/hae/robot_ws/src/install/robot_grid_pkg' for CMake module files
[54.311s] Level 1:colcon.colcon_core.environment:checking '/home/hae/robot_ws/src/install/robot_grid_pkg' for CMake config files
[54.312s] DEBUG:colcon.colcon_core.event_handler.log_command:Invoked command in '/home/hae/robot_ws/src/build/robot_grid_pkg' returned '0': CMAKE_PREFIX_PATH=${CMAKE_PREFIX_PATH}:/opt/ros/humble /usr/bin/cmake --install /home/hae/robot_ws/src/build/robot_grid_pkg
[54.314s] Level 1:colcon.colcon_core.shell:create_environment_hook('robot_grid_pkg', 'cmake_prefix_path')
[54.315s] INFO:colcon.colcon_core.shell:Creating environment hook '/home/hae/robot_ws/src/install/robot_grid_pkg/share/robot_grid_pkg/hook/cmake_prefix_path.ps1'
[54.318s] INFO:colcon.colcon_core.shell:Creating environment descriptor '/home/hae/robot_ws/src/install/robot_grid_pkg/share/robot_grid_pkg/hook/cmake_prefix_path.dsv'
[54.321s] INFO:colcon.colcon_core.shell:Creating environment hook '/home/hae/robot_ws/src/install/robot_grid_pkg/share/robot_grid_pkg/hook/cmake_prefix_path.sh'
[54.327s] Level 1:colcon.colcon_core.environment:checking '/home/hae/robot_ws/src/install/robot_grid_pkg/lib'
[54.328s] Level 1:colcon.colcon_core.environment:checking '/home/hae/robot_ws/src/install/robot_grid_pkg/bin'
[54.329s] Level 1:colcon.colcon_core.environment:checking '/home/hae/robot_ws/src/install/robot_grid_pkg/lib/pkgconfig/robot_grid_pkg.pc'
[54.330s] Level 1:colcon.colcon_core.environment:checking '/home/hae/robot_ws/src/install/robot_grid_pkg/lib/python3.10/site-packages'
[54.331s] Level 1:colcon.colcon_core.environment:checking '/home/hae/robot_ws/src/install/robot_grid_pkg/bin'
[54.333s] INFO:colcon.colcon_core.shell:Creating package script '/home/hae/robot_ws/src/install/robot_grid_pkg/share/robot_grid_pkg/package.ps1'
[54.338s] INFO:colcon.colcon_core.shell:Creating package descriptor '/home/hae/robot_ws/src/install/robot_grid_pkg/share/robot_grid_pkg/package.dsv'
[54.341s] INFO:colcon.colcon_core.shell:Creating package script '/home/hae/robot_ws/src/install/robot_grid_pkg/share/robot_grid_pkg/package.sh'
[54.345s] INFO:colcon.colcon_core.shell:Creating package script '/home/hae/robot_ws/src/install/robot_grid_pkg/share/robot_grid_pkg/package.bash'
[54.350s] INFO:colcon.colcon_core.shell:Creating package script '/home/hae/robot_ws/src/install/robot_grid_pkg/share/robot_grid_pkg/package.zsh'
[54.355s] Level 1:colcon.colcon_core.environment:create_file_with_runtime_dependencies(/home/hae/robot_ws/src/install/robot_grid_pkg/share/colcon-core/packages/robot_grid_pkg)
[54.493s] Level 1:colcon.colcon_core.environment:create_environment_scripts_only(robot_grid_pkg)
[54.494s] Level 1:colcon.colcon_core.environment:checking '/home/hae/robot_ws/src/install/robot_grid_pkg' for CMake module files
[54.498s] Level 1:colcon.colcon_core.environment:checking '/home/hae/robot_ws/src/install/robot_grid_pkg' for CMake config files
[54.499s] Level 1:colcon.colcon_core.shell:create_environment_hook('robot_grid_pkg', 'cmake_prefix_path')
[54.501s] INFO:colcon.colcon_core.shell:Creating environment hook '/home/hae/robot_ws/src/install/robot_grid_pkg/share/robot_grid_pkg/hook/cmake_prefix_path.ps1'
[54.503s] INFO:colcon.colcon_core.shell:Creating environment descriptor '/home/hae/robot_ws/src/install/robot_grid_pkg/share/robot_grid_pkg/hook/cmake_prefix_path.dsv'
[54.505s] INFO:colcon.colcon_core.shell:Creating environment hook '/home/hae/robot_ws/src/install/robot_grid_pkg/share/robot_grid_pkg/hook/cmake_prefix_path.sh'
[54.509s] Level 1:colcon.colcon_core.environment:checking '/home/hae/robot_ws/src/install/robot_grid_pkg/lib'
[54.509s] Level 1:colcon.colcon_core.environment:checking '/home/hae/robot_ws/src/install/robot_grid_pkg/bin'
[54.510s] Level 1:colcon.colcon_core.environment:checking '/home/hae/robot_ws/src/install/robot_grid_pkg/lib/pkgconfig/robot_grid_pkg.pc'
[54.511s] Level 1:colcon.colcon_core.environment:checking '/home/hae/robot_ws/src/install/robot_grid_pkg/lib/python3.10/site-packages'
[54.512s] Level 1:colcon.colcon_core.environment:checking '/home/hae/robot_ws/src/install/robot_grid_pkg/bin'
[54.514s] INFO:colcon.colcon_core.shell:Creating package script '/home/hae/robot_ws/src/install/robot_grid_pkg/share/robot_grid_pkg/package.ps1'
[54.517s] INFO:colcon.colcon_core.shell:Creating package descriptor '/home/hae/robot_ws/src/install/robot_grid_pkg/share/robot_grid_pkg/package.dsv'
[54.520s] INFO:colcon.colcon_core.shell:Creating package script '/home/hae/robot_ws/src/install/robot_grid_pkg/share/robot_grid_pkg/package.sh'
[54.523s] INFO:colcon.colcon_core.shell:Creating package script '/home/hae/robot_ws/src/install/robot_grid_pkg/share/robot_grid_pkg/package.bash'
[54.526s] INFO:colcon.colcon_core.shell:Creating package script '/home/hae/robot_ws/src/install/robot_grid_pkg/share/robot_grid_pkg/package.zsh'
[54.528s] Level 1:colcon.colcon_core.environment:create_file_with_runtime_dependencies(/home/hae/robot_ws/src/install/robot_grid_pkg/share/colcon-core/packages/robot_grid_pkg)
[54.531s] DEBUG:colcon.colcon_parallel_executor.executor.parallel:closing loop
[54.535s] DEBUG:colcon.colcon_parallel_executor.executor.parallel:loop closed
[54.535s] DEBUG:colcon.colcon_parallel_executor.executor.parallel:run_until_complete finished with '0'
[54.536s] DEBUG:colcon.colcon_core.event_reactor:joining thread
[54.563s] INFO:colcon.colcon_core.plugin_system:Skipping extension 'colcon_notification.desktop_notification.terminal_notifier': Not used on non-Darwin systems
[54.564s] INFO:colcon.colcon_core.plugin_system:Skipping extension 'colcon_notification.desktop_notification.win32': Not used on non-Windows systems
[54.564s] INFO:colcon.colcon_notification.desktop_notification:Sending desktop notification using 'notify2'
[54.612s] DEBUG:colcon.colcon_core.event_reactor:joined thread
[54.614s] INFO:colcon.colcon_core.shell:Creating prefix script '/home/hae/robot_ws/src/install/local_setup.ps1'
[54.618s] INFO:colcon.colcon_core.shell:Creating prefix util module '/home/hae/robot_ws/src/install/_local_setup_util_ps1.py'
[54.624s] INFO:colcon.colcon_core.shell:Creating prefix chain script '/home/hae/robot_ws/src/install/setup.ps1'
[54.633s] INFO:colcon.colcon_core.shell:Creating prefix script '/home/hae/robot_ws/src/install/local_setup.sh'
[54.636s] INFO:colcon.colcon_core.shell:Creating prefix util module '/home/hae/robot_ws/src/install/_local_setup_util_sh.py'
[54.639s] INFO:colcon.colcon_core.shell:Creating prefix chain script '/home/hae/robot_ws/src/install/setup.sh'
[54.649s] INFO:colcon.colcon_core.shell:Creating prefix script '/home/hae/robot_ws/src/install/local_setup.bash'
[54.653s] INFO:colcon.colcon_core.shell:Creating prefix chain script '/home/hae/robot_ws/src/install/setup.bash'
[54.665s] INFO:colcon.colcon_core.shell:Creating prefix script '/home/hae/robot_ws/src/install/local_setup.zsh'
[54.669s] INFO:colcon.colcon_core.shell:Creating prefix chain script '/home/hae/robot_ws/src/install/setup.zsh'
