[0.446s] DEBUG:colcon:Command line arguments: ['/usr/bin/colcon', 'build', '--symlink-install', '--packages-select', 'test_pkg']
[0.447s] DEBUG:colcon:Parsed command line arguments: Namespace(log_base=None, log_level=None, verb_name='build', build_base='build', install_base='install', merge_install=False, symlink_install=True, test_result_base=None, continue_on_error=False, executor='parallel', parallel_workers=4, event_handlers=None, ignore_user_meta=False, metas=['./colcon.meta'], base_paths=['.'], packages_ignore=None, packages_ignore_regex=None, paths=None, packages_up_to=None, packages_up_to_regex=None, packages_above=None, packages_above_and_dependencies=None, packages_above_depth=None, packages_select_by_dep=None, packages_skip_by_dep=None, packages_skip_up_to=None, packages_select_build_failed=False, packages_skip_build_finished=False, packages_select_test_failures=False, packages_skip_test_passed=False, packages_select=['test_pkg'], packages_skip=None, packages_select_regex=None, packages_skip_regex=None, packages_start=None, packages_end=None, allow_overriding=[], cmake_args=None, cmake_target=None, cmake_target_skip_unavailable=False, cmake_clean_cache=False, cmake_clean_first=False, cmake_force_configure=False, ament_cmake_args=None, catkin_cmake_args=None, catkin_skip_building_tests=False, mixin_files=None, mixin=None, verb_parser=<colcon_mixin.mixin.mixin_argument.MixinArgumentDecorator object at 0xffffb67158d0>, verb_extension=<colcon_core.verb.build.BuildVerb object at 0xffffb6715420>, main=<bound method BuildVerb.main of <colcon_core.verb.build.BuildVerb object at 0xffffb6715420>>, mixin_verb=('build',))
[1.241s] Level 1:colcon.colcon_core.package_discovery:discover_packages(colcon_meta) check parameters
[1.242s] Level 1:colcon.colcon_core.package_discovery:discover_packages(recursive) check parameters
[1.242s] Level 1:colcon.colcon_core.package_discovery:discover_packages(ignore) check parameters
[1.242s] Level 1:colcon.colcon_core.package_discovery:discover_packages(path) check parameters
[1.242s] Level 1:colcon.colcon_core.package_discovery:discover_packages(colcon_meta) discover
[1.242s] Level 1:colcon.colcon_core.package_discovery:discover_packages(recursive) discover
[1.242s] INFO:colcon.colcon_core.package_discovery:Crawling recursively for packages in '/home/hae/robot_ws/src'
[1.243s] Level 1:colcon.colcon_core.package_identification:_identify(.) by extensions ['ignore', 'ignore_ament_install']
[1.243s] Level 1:colcon.colcon_core.package_identification:_identify(.) by extension 'ignore'
[1.244s] Level 1:colcon.colcon_core.package_identification:_identify(.) by extension 'ignore_ament_install'
[1.244s] Level 1:colcon.colcon_core.package_identification:_identify(.) by extensions ['colcon_pkg']
[1.244s] Level 1:colcon.colcon_core.package_identification:_identify(.) by extension 'colcon_pkg'
[1.244s] Level 1:colcon.colcon_core.package_identification:_identify(.) by extensions ['colcon_meta']
[1.244s] Level 1:colcon.colcon_core.package_identification:_identify(.) by extension 'colcon_meta'
[1.245s] Level 1:colcon.colcon_core.package_identification:_identify(.) by extensions ['ros']
[1.245s] Level 1:colcon.colcon_core.package_identification:_identify(.) by extension 'ros'
[1.291s] Level 1:colcon.colcon_core.package_identification:_identify(.) by extensions ['cmake', 'python']
[1.291s] Level 1:colcon.colcon_core.package_identification:_identify(.) by extension 'cmake'
[1.292s] Level 1:colcon.colcon_core.package_identification:_identify(.) by extension 'python'
[1.292s] Level 1:colcon.colcon_core.package_identification:_identify(.) by extensions ['python_setup_py']
[1.292s] Level 1:colcon.colcon_core.package_identification:_identify(.) by extension 'python_setup_py'
[1.293s] Level 1:colcon.colcon_core.package_identification:_identify(action_test) by extensions ['ignore', 'ignore_ament_install']
[1.293s] Level 1:colcon.colcon_core.package_identification:_identify(action_test) by extension 'ignore'
[1.293s] Level 1:colcon.colcon_core.package_identification:_identify(action_test) by extension 'ignore_ament_install'
[1.294s] Level 1:colcon.colcon_core.package_identification:_identify(action_test) by extensions ['colcon_pkg']
[1.294s] Level 1:colcon.colcon_core.package_identification:_identify(action_test) by extension 'colcon_pkg'
[1.294s] Level 1:colcon.colcon_core.package_identification:_identify(action_test) by extensions ['colcon_meta']
[1.294s] Level 1:colcon.colcon_core.package_identification:_identify(action_test) by extension 'colcon_meta'
[1.294s] Level 1:colcon.colcon_core.package_identification:_identify(action_test) by extensions ['ros']
[1.294s] Level 1:colcon.colcon_core.package_identification:_identify(action_test) by extension 'ros'
[1.304s] DEBUG:colcon.colcon_core.package_identification:Package 'action_test' with type 'ros.ament_cmake' and name 'action_test'
[1.305s] Level 1:colcon.colcon_core.package_identification:_identify(build) by extensions ['ignore', 'ignore_ament_install']
[1.305s] Level 1:colcon.colcon_core.package_identification:_identify(build) by extension 'ignore'
[1.306s] Level 1:colcon.colcon_core.package_identification:_identify(build) ignored
[1.306s] Level 1:colcon.colcon_core.package_identification:_identify(install) by extensions ['ignore', 'ignore_ament_install']
[1.307s] Level 1:colcon.colcon_core.package_identification:_identify(install) by extension 'ignore'
[1.307s] Level 1:colcon.colcon_core.package_identification:_identify(install) ignored
[1.309s] Level 1:colcon.colcon_core.package_identification:_identify(log) by extensions ['ignore', 'ignore_ament_install']
[1.309s] Level 1:colcon.colcon_core.package_identification:_identify(log) by extension 'ignore'
[1.309s] Level 1:colcon.colcon_core.package_identification:_identify(log) ignored
[1.310s] Level 1:colcon.colcon_core.package_identification:_identify(robot_action) by extensions ['ignore', 'ignore_ament_install']
[1.310s] Level 1:colcon.colcon_core.package_identification:_identify(robot_action) by extension 'ignore'
[1.310s] Level 1:colcon.colcon_core.package_identification:_identify(robot_action) by extension 'ignore_ament_install'
[1.311s] Level 1:colcon.colcon_core.package_identification:_identify(robot_action) by extensions ['colcon_pkg']
[1.311s] Level 1:colcon.colcon_core.package_identification:_identify(robot_action) by extension 'colcon_pkg'
[1.311s] Level 1:colcon.colcon_core.package_identification:_identify(robot_action) by extensions ['colcon_meta']
[1.311s] Level 1:colcon.colcon_core.package_identification:_identify(robot_action) by extension 'colcon_meta'
[1.311s] Level 1:colcon.colcon_core.package_identification:_identify(robot_action) by extensions ['ros']
[1.311s] Level 1:colcon.colcon_core.package_identification:_identify(robot_action) by extension 'ros'
[1.313s] DEBUG:colcon.colcon_core.package_identification:Package 'robot_action' with type 'ros.ament_cmake' and name 'robot_action'
[1.314s] Level 1:colcon.colcon_core.package_identification:_identify(robot_cleaner_pkg) by extensions ['ignore', 'ignore_ament_install']
[1.314s] Level 1:colcon.colcon_core.package_identification:_identify(robot_cleaner_pkg) by extension 'ignore'
[1.315s] Level 1:colcon.colcon_core.package_identification:_identify(robot_cleaner_pkg) by extension 'ignore_ament_install'
[1.315s] Level 1:colcon.colcon_core.package_identification:_identify(robot_cleaner_pkg) by extensions ['colcon_pkg']
[1.315s] Level 1:colcon.colcon_core.package_identification:_identify(robot_cleaner_pkg) by extension 'colcon_pkg'
[1.315s] Level 1:colcon.colcon_core.package_identification:_identify(robot_cleaner_pkg) by extensions ['colcon_meta']
[1.315s] Level 1:colcon.colcon_core.package_identification:_identify(robot_cleaner_pkg) by extension 'colcon_meta'
[1.315s] Level 1:colcon.colcon_core.package_identification:_identify(robot_cleaner_pkg) by extensions ['ros']
[1.316s] Level 1:colcon.colcon_core.package_identification:_identify(robot_cleaner_pkg) by extension 'ros'
[1.318s] DEBUG:colcon.colcon_core.package_identification:Package 'robot_cleaner_pkg' with type 'ros.ament_cmake' and name 'robot_cleaner_pkg'
[1.319s] Level 1:colcon.colcon_core.package_identification:_identify(robot_go_pkg) by extensions ['ignore', 'ignore_ament_install']
[1.320s] Level 1:colcon.colcon_core.package_identification:_identify(robot_go_pkg) by extension 'ignore'
[1.320s] Level 1:colcon.colcon_core.package_identification:_identify(robot_go_pkg) by extension 'ignore_ament_install'
[1.320s] Level 1:colcon.colcon_core.package_identification:_identify(robot_go_pkg) by extensions ['colcon_pkg']
[1.321s] Level 1:colcon.colcon_core.package_identification:_identify(robot_go_pkg) by extension 'colcon_pkg'
[1.321s] Level 1:colcon.colcon_core.package_identification:_identify(robot_go_pkg) by extensions ['colcon_meta']
[1.321s] Level 1:colcon.colcon_core.package_identification:_identify(robot_go_pkg) by extension 'colcon_meta'
[1.321s] Level 1:colcon.colcon_core.package_identification:_identify(robot_go_pkg) by extensions ['ros']
[1.321s] Level 1:colcon.colcon_core.package_identification:_identify(robot_go_pkg) by extension 'ros'
[1.325s] DEBUG:colcon.colcon_core.package_identification:Package 'robot_go_pkg' with type 'ros.ament_cmake' and name 'robot_go_pkg'
[1.326s] Level 1:colcon.colcon_core.package_identification:_identify(robot_move_pkg) by extensions ['ignore', 'ignore_ament_install']
[1.326s] Level 1:colcon.colcon_core.package_identification:_identify(robot_move_pkg) by extension 'ignore'
[1.326s] Level 1:colcon.colcon_core.package_identification:_identify(robot_move_pkg) by extension 'ignore_ament_install'
[1.327s] Level 1:colcon.colcon_core.package_identification:_identify(robot_move_pkg) by extensions ['colcon_pkg']
[1.327s] Level 1:colcon.colcon_core.package_identification:_identify(robot_move_pkg) by extension 'colcon_pkg'
[1.327s] Level 1:colcon.colcon_core.package_identification:_identify(robot_move_pkg) by extensions ['colcon_meta']
[1.327s] Level 1:colcon.colcon_core.package_identification:_identify(robot_move_pkg) by extension 'colcon_meta'
[1.327s] Level 1:colcon.colcon_core.package_identification:_identify(robot_move_pkg) by extensions ['ros']
[1.328s] Level 1:colcon.colcon_core.package_identification:_identify(robot_move_pkg) by extension 'ros'
[1.330s] DEBUG:colcon.colcon_core.package_identification:Package 'robot_move_pkg' with type 'ros.ament_cmake' and name 'robot_move_pkg'
[1.331s] Level 1:colcon.colcon_core.package_identification:_identify(test_pkg) by extensions ['ignore', 'ignore_ament_install']
[1.332s] Level 1:colcon.colcon_core.package_identification:_identify(test_pkg) by extension 'ignore'
[1.332s] Level 1:colcon.colcon_core.package_identification:_identify(test_pkg) by extension 'ignore_ament_install'
[1.332s] Level 1:colcon.colcon_core.package_identification:_identify(test_pkg) by extensions ['colcon_pkg']
[1.332s] Level 1:colcon.colcon_core.package_identification:_identify(test_pkg) by extension 'colcon_pkg'
[1.333s] Level 1:colcon.colcon_core.package_identification:_identify(test_pkg) by extensions ['colcon_meta']
[1.333s] Level 1:colcon.colcon_core.package_identification:_identify(test_pkg) by extension 'colcon_meta'
[1.333s] Level 1:colcon.colcon_core.package_identification:_identify(test_pkg) by extensions ['ros']
[1.333s] Level 1:colcon.colcon_core.package_identification:_identify(test_pkg) by extension 'ros'
[1.336s] DEBUG:colcon.colcon_core.package_identification:Package 'test_pkg' with type 'ros.ament_cmake' and name 'test_pkg'
[1.337s] Level 1:colcon.colcon_core.package_discovery:discover_packages(recursive) using defaults
[1.337s] Level 1:colcon.colcon_core.package_discovery:discover_packages(ignore) discover
[1.337s] Level 1:colcon.colcon_core.package_discovery:discover_packages(ignore) using defaults
[1.337s] Level 1:colcon.colcon_core.package_discovery:discover_packages(path) discover
[1.337s] Level 1:colcon.colcon_core.package_discovery:discover_packages(path) using defaults
[1.411s] INFO:colcon.colcon_core.package_selection:Skipping not selected package 'robot_action' in 'robot_action'
[1.412s] INFO:colcon.colcon_core.package_selection:Skipping not selected package 'robot_cleaner_pkg' in 'robot_cleaner_pkg'
[1.412s] INFO:colcon.colcon_core.package_selection:Skipping not selected package 'robot_move_pkg' in 'robot_move_pkg'
[1.412s] INFO:colcon.colcon_core.package_selection:Skipping not selected package 'action_test' in 'action_test'
[1.412s] INFO:colcon.colcon_core.package_selection:Skipping not selected package 'robot_go_pkg' in 'robot_go_pkg'
[1.414s] Level 1:colcon.colcon_core.package_discovery:discover_packages(prefix_path) check parameters
[1.414s] Level 1:colcon.colcon_core.package_discovery:discover_packages(prefix_path) discover
[1.428s] DEBUG:colcon.colcon_installed_package_information.package_discovery:Found 268 installed packages in /opt/ros/humble
[1.475s] Level 1:colcon.colcon_core.package_discovery:discover_packages(prefix_path) using defaults
[1.633s] Level 5:colcon.colcon_core.verb:set package 'test_pkg' build argument 'cmake_args' from command line to 'None'
[1.633s] Level 5:colcon.colcon_core.verb:set package 'test_pkg' build argument 'cmake_target' from command line to 'None'
[1.634s] Level 5:colcon.colcon_core.verb:set package 'test_pkg' build argument 'cmake_target_skip_unavailable' from command line to 'False'
[1.634s] Level 5:colcon.colcon_core.verb:set package 'test_pkg' build argument 'cmake_clean_cache' from command line to 'False'
[1.634s] Level 5:colcon.colcon_core.verb:set package 'test_pkg' build argument 'cmake_clean_first' from command line to 'False'
[1.634s] Level 5:colcon.colcon_core.verb:set package 'test_pkg' build argument 'cmake_force_configure' from command line to 'False'
[1.634s] Level 5:colcon.colcon_core.verb:set package 'test_pkg' build argument 'ament_cmake_args' from command line to 'None'
[1.634s] Level 5:colcon.colcon_core.verb:set package 'test_pkg' build argument 'catkin_cmake_args' from command line to 'None'
[1.634s] Level 5:colcon.colcon_core.verb:set package 'test_pkg' build argument 'catkin_skip_building_tests' from command line to 'False'
[1.635s] DEBUG:colcon.colcon_core.verb:Building package 'test_pkg' with the following arguments: {'ament_cmake_args': None, 'build_base': '/home/hae/robot_ws/src/build/test_pkg', 'catkin_cmake_args': None, 'catkin_skip_building_tests': False, 'cmake_args': None, 'cmake_clean_cache': False, 'cmake_clean_first': False, 'cmake_force_configure': False, 'cmake_target': None, 'cmake_target_skip_unavailable': False, 'install_base': '/home/hae/robot_ws/src/install/test_pkg', 'merge_install': False, 'path': '/home/hae/robot_ws/src/test_pkg', 'symlink_install': True, 'test_result_base': None}
[1.635s] INFO:colcon.colcon_core.executor:Executing jobs using 'parallel' executor
[1.639s] DEBUG:colcon.colcon_parallel_executor.executor.parallel:run_until_complete
[1.641s] INFO:colcon.colcon_ros.task.ament_cmake.build:Building ROS package in '/home/hae/robot_ws/src/test_pkg' with build type 'ament_cmake'
[1.642s] INFO:colcon.colcon_cmake.task.cmake.build:Building CMake package in '/home/hae/robot_ws/src/test_pkg'
[1.655s] INFO:colcon.colcon_core.plugin_system:Skipping extension 'colcon_core.shell.bat': Not used on non-Windows systems
[1.656s] INFO:colcon.colcon_core.shell:Skip shell extension 'powershell' for command environment: Not usable outside of PowerShell
[1.656s] DEBUG:colcon.colcon_core.shell:Skip shell extension 'dsv' for command environment
[1.712s] DEBUG:colcon.colcon_core.event_handler.log_command:Invoking command in '/home/hae/robot_ws/src/build/test_pkg': AMENT_PREFIX_PATH=/home/hae/robot_ws/src/install/robot_action:${AMENT_PREFIX_PATH} CMAKE_PREFIX_PATH=/home/hae/robot_ws/src/install/robot_action:/opt/ros/humble LD_LIBRARY_PATH=/home/hae/robot_ws/src/install/robot_action/lib:${LD_LIBRARY_PATH} PYTHONPATH=/home/hae/robot_ws/src/install/robot_action/local/lib/python3.10/dist-packages:${PYTHONPATH} /usr/bin/cmake --build /home/hae/robot_ws/src/build/test_pkg -- -j4 -l4
[41.289s] DEBUG:colcon.colcon_core.event_handler.log_command:Invoked command in '/home/hae/robot_ws/src/build/test_pkg' returned '0': AMENT_PREFIX_PATH=/home/hae/robot_ws/src/install/robot_action:${AMENT_PREFIX_PATH} CMAKE_PREFIX_PATH=/home/hae/robot_ws/src/install/robot_action:/opt/ros/humble LD_LIBRARY_PATH=/home/hae/robot_ws/src/install/robot_action/lib:${LD_LIBRARY_PATH} PYTHONPATH=/home/hae/robot_ws/src/install/robot_action/local/lib/python3.10/dist-packages:${PYTHONPATH} /usr/bin/cmake --build /home/hae/robot_ws/src/build/test_pkg -- -j4 -l4
[41.456s] DEBUG:colcon.colcon_core.event_handler.log_command:Invoking command in '/home/hae/robot_ws/src/build/test_pkg': AMENT_PREFIX_PATH=/home/hae/robot_ws/src/install/robot_action:${AMENT_PREFIX_PATH} CMAKE_PREFIX_PATH=/home/hae/robot_ws/src/install/robot_action:/opt/ros/humble LD_LIBRARY_PATH=/home/hae/robot_ws/src/install/robot_action/lib:${LD_LIBRARY_PATH} PYTHONPATH=/home/hae/robot_ws/src/install/robot_action/local/lib/python3.10/dist-packages:${PYTHONPATH} /usr/bin/cmake --install /home/hae/robot_ws/src/build/test_pkg
[42.074s] Level 1:colcon.colcon_core.environment:create_environment_scripts_only(test_pkg)
[42.077s] DEBUG:colcon.colcon_core.event_handler.log_command:Invoked command in '/home/hae/robot_ws/src/build/test_pkg' returned '0': AMENT_PREFIX_PATH=/home/hae/robot_ws/src/install/robot_action:${AMENT_PREFIX_PATH} CMAKE_PREFIX_PATH=/home/hae/robot_ws/src/install/robot_action:/opt/ros/humble LD_LIBRARY_PATH=/home/hae/robot_ws/src/install/robot_action/lib:${LD_LIBRARY_PATH} PYTHONPATH=/home/hae/robot_ws/src/install/robot_action/local/lib/python3.10/dist-packages:${PYTHONPATH} /usr/bin/cmake --install /home/hae/robot_ws/src/build/test_pkg
[42.094s] Level 1:colcon.colcon_core.environment:checking '/home/hae/robot_ws/src/install/test_pkg' for CMake module files
[42.099s] Level 1:colcon.colcon_core.environment:checking '/home/hae/robot_ws/src/install/test_pkg' for CMake config files
[42.104s] Level 1:colcon.colcon_core.shell:create_environment_hook('test_pkg', 'cmake_prefix_path')
[42.106s] INFO:colcon.colcon_core.shell:Creating environment hook '/home/hae/robot_ws/src/install/test_pkg/share/test_pkg/hook/cmake_prefix_path.ps1'
[42.110s] INFO:colcon.colcon_core.shell:Creating environment descriptor '/home/hae/robot_ws/src/install/test_pkg/share/test_pkg/hook/cmake_prefix_path.dsv'
[42.114s] INFO:colcon.colcon_core.shell:Creating environment hook '/home/hae/robot_ws/src/install/test_pkg/share/test_pkg/hook/cmake_prefix_path.sh'
[42.119s] Level 1:colcon.colcon_core.environment:checking '/home/hae/robot_ws/src/install/test_pkg/lib'
[42.121s] Level 1:colcon.colcon_core.environment:checking '/home/hae/robot_ws/src/install/test_pkg/bin'
[42.121s] Level 1:colcon.colcon_core.environment:checking '/home/hae/robot_ws/src/install/test_pkg/lib/pkgconfig/test_pkg.pc'
[42.122s] Level 1:colcon.colcon_core.environment:checking '/home/hae/robot_ws/src/install/test_pkg/lib/python3.10/site-packages'
[42.124s] Level 1:colcon.colcon_core.environment:checking '/home/hae/robot_ws/src/install/test_pkg/bin'
[42.126s] INFO:colcon.colcon_core.shell:Creating package script '/home/hae/robot_ws/src/install/test_pkg/share/test_pkg/package.ps1'
[42.130s] INFO:colcon.colcon_core.shell:Creating package descriptor '/home/hae/robot_ws/src/install/test_pkg/share/test_pkg/package.dsv'
[42.134s] INFO:colcon.colcon_core.shell:Creating package script '/home/hae/robot_ws/src/install/test_pkg/share/test_pkg/package.sh'
[42.139s] INFO:colcon.colcon_core.shell:Creating package script '/home/hae/robot_ws/src/install/test_pkg/share/test_pkg/package.bash'
[42.145s] INFO:colcon.colcon_core.shell:Creating package script '/home/hae/robot_ws/src/install/test_pkg/share/test_pkg/package.zsh'
[42.151s] Level 1:colcon.colcon_core.environment:create_file_with_runtime_dependencies(/home/hae/robot_ws/src/install/test_pkg/share/colcon-core/packages/test_pkg)
[42.297s] Level 1:colcon.colcon_core.environment:create_environment_scripts_only(test_pkg)
[42.299s] Level 1:colcon.colcon_core.environment:checking '/home/hae/robot_ws/src/install/test_pkg' for CMake module files
[42.303s] Level 1:colcon.colcon_core.environment:checking '/home/hae/robot_ws/src/install/test_pkg' for CMake config files
[42.305s] Level 1:colcon.colcon_core.shell:create_environment_hook('test_pkg', 'cmake_prefix_path')
[42.307s] INFO:colcon.colcon_core.shell:Creating environment hook '/home/hae/robot_ws/src/install/test_pkg/share/test_pkg/hook/cmake_prefix_path.ps1'
[42.309s] INFO:colcon.colcon_core.shell:Creating environment descriptor '/home/hae/robot_ws/src/install/test_pkg/share/test_pkg/hook/cmake_prefix_path.dsv'
[42.311s] INFO:colcon.colcon_core.shell:Creating environment hook '/home/hae/robot_ws/src/install/test_pkg/share/test_pkg/hook/cmake_prefix_path.sh'
[42.315s] Level 1:colcon.colcon_core.environment:checking '/home/hae/robot_ws/src/install/test_pkg/lib'
[42.315s] Level 1:colcon.colcon_core.environment:checking '/home/hae/robot_ws/src/install/test_pkg/bin'
[42.316s] Level 1:colcon.colcon_core.environment:checking '/home/hae/robot_ws/src/install/test_pkg/lib/pkgconfig/test_pkg.pc'
[42.317s] Level 1:colcon.colcon_core.environment:checking '/home/hae/robot_ws/src/install/test_pkg/lib/python3.10/site-packages'
[42.319s] Level 1:colcon.colcon_core.environment:checking '/home/hae/robot_ws/src/install/test_pkg/bin'
[42.321s] INFO:colcon.colcon_core.shell:Creating package script '/home/hae/robot_ws/src/install/test_pkg/share/test_pkg/package.ps1'
[42.324s] INFO:colcon.colcon_core.shell:Creating package descriptor '/home/hae/robot_ws/src/install/test_pkg/share/test_pkg/package.dsv'
[42.327s] INFO:colcon.colcon_core.shell:Creating package script '/home/hae/robot_ws/src/install/test_pkg/share/test_pkg/package.sh'
[42.330s] INFO:colcon.colcon_core.shell:Creating package script '/home/hae/robot_ws/src/install/test_pkg/share/test_pkg/package.bash'
[42.333s] INFO:colcon.colcon_core.shell:Creating package script '/home/hae/robot_ws/src/install/test_pkg/share/test_pkg/package.zsh'
[42.335s] Level 1:colcon.colcon_core.environment:create_file_with_runtime_dependencies(/home/hae/robot_ws/src/install/test_pkg/share/colcon-core/packages/test_pkg)
[42.337s] DEBUG:colcon.colcon_parallel_executor.executor.parallel:closing loop
[42.338s] DEBUG:colcon.colcon_parallel_executor.executor.parallel:loop closed
[42.338s] DEBUG:colcon.colcon_parallel_executor.executor.parallel:run_until_complete finished with '0'
[42.339s] DEBUG:colcon.colcon_core.event_reactor:joining thread
[42.367s] INFO:colcon.colcon_core.plugin_system:Skipping extension 'colcon_notification.desktop_notification.terminal_notifier': Not used on non-Darwin systems
[42.367s] INFO:colcon.colcon_core.plugin_system:Skipping extension 'colcon_notification.desktop_notification.win32': Not used on non-Windows systems
[42.368s] INFO:colcon.colcon_notification.desktop_notification:Sending desktop notification using 'notify2'
[42.415s] DEBUG:colcon.colcon_core.event_reactor:joined thread
[42.417s] INFO:colcon.colcon_core.shell:Creating prefix script '/home/hae/robot_ws/src/install/local_setup.ps1'
[42.421s] INFO:colcon.colcon_core.shell:Creating prefix util module '/home/hae/robot_ws/src/install/_local_setup_util_ps1.py'
[42.427s] INFO:colcon.colcon_core.shell:Creating prefix chain script '/home/hae/robot_ws/src/install/setup.ps1'
[42.431s] INFO:colcon.colcon_core.shell:Creating prefix script '/home/hae/robot_ws/src/install/local_setup.sh'
[42.434s] INFO:colcon.colcon_core.shell:Creating prefix util module '/home/hae/robot_ws/src/install/_local_setup_util_sh.py'
[42.437s] INFO:colcon.colcon_core.shell:Creating prefix chain script '/home/hae/robot_ws/src/install/setup.sh'
[42.443s] INFO:colcon.colcon_core.shell:Creating prefix script '/home/hae/robot_ws/src/install/local_setup.bash'
[42.446s] INFO:colcon.colcon_core.shell:Creating prefix chain script '/home/hae/robot_ws/src/install/setup.bash'
[42.451s] INFO:colcon.colcon_core.shell:Creating prefix script '/home/hae/robot_ws/src/install/local_setup.zsh'
[42.453s] INFO:colcon.colcon_core.shell:Creating prefix chain script '/home/hae/robot_ws/src/install/setup.zsh'
