[0.063s] Invoking command in '/home/hae/robot_ws/src/build/robot_go_pkg': CMAKE_PREFIX_PATH=/home/hae/robot_ws/src/install/robot_action:/home/hae/robot_ws/src/install/test_pkg:/home/hae/robot_ws/src/install/robot_move_pkg:/home/hae/robot_ws/src/install/robot_go_pkg:/home/hae/robot_ws/src/install/robot_cleaner_pkg:/home/hae/robot_ws/src/install/action_test:/opt/ros/humble /usr/bin/cmake --build /home/hae/robot_ws/src/build/robot_go_pkg -- -j4 -l4
[0.272s] [35m[1mConsolidate compiler generated dependencies of target cli_node[0m
[0.280s] [35m[1mConsolidate compiler generated dependencies of target go_node[0m
[0.418s] [ 37%] Built target scan_node
[0.426s] [ 12%] [32mBuilding CXX object CMakeFiles/cli_node.dir/src/cli.cpp.o[0m
[0.452s] [ 50%] [32mBuilding CXX object CMakeFiles/go_node.dir/src/go.cpp.o[0m
[0.456s] [ 75%] Built target test_node
[20.610s] [ 87%] [32m[1mLinking CXX executable cli_node[0m
[21.153s] [100%] [32m[1mLinking CXX executable go_node[0m
[21.725s] [100%] Built target cli_node
[22.252s] [100%] Built target go_node
[22.295s] Invoked command in '/home/hae/robot_ws/src/build/robot_go_pkg' returned '0': CMAKE_PREFIX_PATH=/home/hae/robot_ws/src/install/robot_action:/home/hae/robot_ws/src/install/test_pkg:/home/hae/robot_ws/src/install/robot_move_pkg:/home/hae/robot_ws/src/install/robot_go_pkg:/home/hae/robot_ws/src/install/robot_cleaner_pkg:/home/hae/robot_ws/src/install/action_test:/opt/ros/humble /usr/bin/cmake --build /home/hae/robot_ws/src/build/robot_go_pkg -- -j4 -l4
[22.527s] Invoking command in '/home/hae/robot_ws/src/build/robot_go_pkg': CMAKE_PREFIX_PATH=/home/hae/robot_ws/src/install/robot_action:/home/hae/robot_ws/src/install/test_pkg:/home/hae/robot_ws/src/install/robot_move_pkg:/home/hae/robot_ws/src/install/robot_go_pkg:/home/hae/robot_ws/src/install/robot_cleaner_pkg:/home/hae/robot_ws/src/install/action_test:/opt/ros/humble /usr/bin/cmake --install /home/hae/robot_ws/src/build/robot_go_pkg
[22.554s] -- Install configuration: ""
[22.555s] -- Execute custom install script
[22.557s] -- Up-to-date symlink: /home/hae/robot_ws/src/install/robot_go_pkg/lib/robot_go_pkg/test_node
[22.560s] -- Up-to-date symlink: /home/hae/robot_ws/src/install/robot_go_pkg/lib/robot_go_pkg/scan_node
[22.562s] -- Up-to-date symlink: /home/hae/robot_ws/src/install/robot_go_pkg/lib/robot_go_pkg/go_node
[22.566s] -- Up-to-date symlink: /home/hae/robot_ws/src/install/robot_go_pkg/lib/robot_go_pkg/cli_node
[22.567s] -- Up-to-date symlink: /home/hae/robot_ws/src/install/robot_go_pkg/share/ament_index/resource_index/package_run_dependencies/robot_go_pkg
[22.570s] -- Up-to-date symlink: /home/hae/robot_ws/src/install/robot_go_pkg/share/ament_index/resource_index/parent_prefix_path/robot_go_pkg
[22.572s] -- Up-to-date symlink: /home/hae/robot_ws/src/install/robot_go_pkg/share/robot_go_pkg/environment/ament_prefix_path.sh
[22.573s] -- Up-to-date symlink: /home/hae/robot_ws/src/install/robot_go_pkg/share/robot_go_pkg/environment/ament_prefix_path.dsv
[22.574s] -- Up-to-date symlink: /home/hae/robot_ws/src/install/robot_go_pkg/share/robot_go_pkg/environment/path.sh
[22.575s] -- Up-to-date symlink: /home/hae/robot_ws/src/install/robot_go_pkg/share/robot_go_pkg/environment/path.dsv
[22.575s] -- Up-to-date symlink: /home/hae/robot_ws/src/install/robot_go_pkg/share/robot_go_pkg/local_setup.bash
[22.575s] -- Up-to-date symlink: /home/hae/robot_ws/src/install/robot_go_pkg/share/robot_go_pkg/local_setup.sh
[22.576s] -- Up-to-date symlink: /home/hae/robot_ws/src/install/robot_go_pkg/share/robot_go_pkg/local_setup.zsh
[22.576s] -- Up-to-date symlink: /home/hae/robot_ws/src/install/robot_go_pkg/share/robot_go_pkg/local_setup.dsv
[22.583s] -- Symlinking: /home/hae/robot_ws/src/install/robot_go_pkg/share/robot_go_pkg/package.dsv
[22.606s] -- Up-to-date symlink: /home/hae/robot_ws/src/install/robot_go_pkg/share/ament_index/resource_index/packages/robot_go_pkg
[22.610s] -- Up-to-date symlink: /home/hae/robot_ws/src/install/robot_go_pkg/share/robot_go_pkg/cmake/robot_go_pkgConfig.cmake
[22.611s] -- Up-to-date symlink: /home/hae/robot_ws/src/install/robot_go_pkg/share/robot_go_pkg/cmake/robot_go_pkgConfig-version.cmake
[22.611s] -- Up-to-date symlink: /home/hae/robot_ws/src/install/robot_go_pkg/share/robot_go_pkg/package.xml
[22.629s] Invoked command in '/home/hae/robot_ws/src/build/robot_go_pkg' returned '0': CMAKE_PREFIX_PATH=/home/hae/robot_ws/src/install/robot_action:/home/hae/robot_ws/src/install/test_pkg:/home/hae/robot_ws/src/install/robot_move_pkg:/home/hae/robot_ws/src/install/robot_go_pkg:/home/hae/robot_ws/src/install/robot_cleaner_pkg:/home/hae/robot_ws/src/install/action_test:/opt/ros/humble /usr/bin/cmake --install /home/hae/robot_ws/src/build/robot_go_pkg
