[0.054s] Invoking command in '/home/hae/robot_ws/src/robot_cleaner_pkg/build/robot_cleaner_pkg': CMAKE_PREFIX_PATH=${CMAKE_PREFIX_PATH}:/opt/ros/humble /usr/bin/cmake --build /home/hae/robot_ws/src/robot_cleaner_pkg/build/robot_cleaner_pkg -- -j4 -l4
[0.221s] [35m[1mConsolidate compiler generated dependencies of target cleaner[0m
[0.315s] [100%] Built target cleaner
[0.353s] Invoked command in '/home/hae/robot_ws/src/robot_cleaner_pkg/build/robot_cleaner_pkg' returned '0': CMAKE_PREFIX_PATH=${CMAKE_PREFIX_PATH}:/opt/ros/humble /usr/bin/cmake --build /home/hae/robot_ws/src/robot_cleaner_pkg/build/robot_cleaner_pkg -- -j4 -l4
[0.525s] Invoking command in '/home/hae/robot_ws/src/robot_cleaner_pkg/build/robot_cleaner_pkg': CMAKE_PREFIX_PATH=${CMAKE_PREFIX_PATH}:/opt/ros/humble /usr/bin/cmake --install /home/hae/robot_ws/src/robot_cleaner_pkg/build/robot_cleaner_pkg
[0.553s] -- Install configuration: ""
[0.555s] -- Execute custom install script
[0.557s] -- Up-to-date symlink: /home/hae/robot_ws/src/robot_cleaner_pkg/install/robot_cleaner_pkg/lib/robot_cleaner_pkg/cleaner
[0.558s] -- Up-to-date symlink: /home/hae/robot_ws/src/robot_cleaner_pkg/install/robot_cleaner_pkg/share/ament_index/resource_index/package_run_dependencies/robot_cleaner_pkg
[0.559s] -- Up-to-date symlink: /home/hae/robot_ws/src/robot_cleaner_pkg/install/robot_cleaner_pkg/share/ament_index/resource_index/parent_prefix_path/robot_cleaner_pkg
[0.560s] -- Up-to-date symlink: /home/hae/robot_ws/src/robot_cleaner_pkg/install/robot_cleaner_pkg/share/robot_cleaner_pkg/environment/ament_prefix_path.sh
[0.561s] -- Up-to-date symlink: /home/hae/robot_ws/src/robot_cleaner_pkg/install/robot_cleaner_pkg/share/robot_cleaner_pkg/environment/ament_prefix_path.dsv
[0.562s] -- Up-to-date symlink: /home/hae/robot_ws/src/robot_cleaner_pkg/install/robot_cleaner_pkg/share/robot_cleaner_pkg/environment/path.sh
[0.564s] -- Up-to-date symlink: /home/hae/robot_ws/src/robot_cleaner_pkg/install/robot_cleaner_pkg/share/robot_cleaner_pkg/environment/path.dsv
[0.564s] -- Up-to-date symlink: /home/hae/robot_ws/src/robot_cleaner_pkg/install/robot_cleaner_pkg/share/robot_cleaner_pkg/local_setup.bash
[0.566s] -- Up-to-date symlink: /home/hae/robot_ws/src/robot_cleaner_pkg/install/robot_cleaner_pkg/share/robot_cleaner_pkg/local_setup.sh
[0.567s] -- Up-to-date symlink: /home/hae/robot_ws/src/robot_cleaner_pkg/install/robot_cleaner_pkg/share/robot_cleaner_pkg/local_setup.zsh
[0.568s] -- Up-to-date symlink: /home/hae/robot_ws/src/robot_cleaner_pkg/install/robot_cleaner_pkg/share/robot_cleaner_pkg/local_setup.dsv
[0.568s] -- Symlinking: /home/hae/robot_ws/src/robot_cleaner_pkg/install/robot_cleaner_pkg/share/robot_cleaner_pkg/package.dsv
[0.603s] -- Up-to-date symlink: /home/hae/robot_ws/src/robot_cleaner_pkg/install/robot_cleaner_pkg/share/ament_index/resource_index/packages/robot_cleaner_pkg
[0.604s] -- Up-to-date symlink: /home/hae/robot_ws/src/robot_cleaner_pkg/install/robot_cleaner_pkg/share/robot_cleaner_pkg/cmake/robot_cleaner_pkgConfig.cmake
[0.606s] -- Up-to-date symlink: /home/hae/robot_ws/src/robot_cleaner_pkg/install/robot_cleaner_pkg/share/robot_cleaner_pkg/cmake/robot_cleaner_pkgConfig-version.cmake
[0.607s] -- Up-to-date symlink: /home/hae/robot_ws/src/robot_cleaner_pkg/install/robot_cleaner_pkg/share/robot_cleaner_pkg/package.xml
[0.615s] Invoked command in '/home/hae/robot_ws/src/robot_cleaner_pkg/build/robot_cleaner_pkg' returned '0': CMAKE_PREFIX_PATH=${CMAKE_PREFIX_PATH}:/opt/ros/humble /usr/bin/cmake --install /home/hae/robot_ws/src/robot_cleaner_pkg/build/robot_cleaner_pkg
