-- Found ament_cmake: 1.3.9 (/opt/ros/humble/share/ament_cmake/cmake)
-- Override CMake install command with custom implementation using symlinks instead of copying resources
-- Found rclcpp: 16.0.9 (/opt/ros/humble/share/rclcpp/cmake)
-- Found rosidl_generator_c: 3.1.5 (/opt/ros/humble/share/rosidl_generator_c/cmake)
-- Found rosidl_adapter: 3.1.5 (/opt/ros/humble/share/rosidl_adapter/cmake)
-- Found rosidl_generator_cpp: 3.1.5 (/opt/ros/humble/share/rosidl_generator_cpp/cmake)
-- Using all available rosidl_typesupport_c: rosidl_typesupport_fastrtps_c;rosidl_typesupport_introspection_c
-- Using all available rosidl_typesupport_cpp: rosidl_typesupport_fastrtps_cpp;rosidl_typesupport_introspection_cpp
-- Found rmw_implementation_cmake: 6.1.2 (/opt/ros/humble/share/rmw_implementation_cmake/cmake)
-- Found rmw_fastrtps_cpp: 6.2.6 (/opt/ros/humble/share/rmw_fastrtps_cpp/cmake)
-- Using RMW implementation 'rmw_fastrtps_cpp' as default
-- Configuring done
-- Generating done
-- Build files have been written to: /home/hae/robot_ws/src/build/cgps_pkg
[ 50%] [32mBuilding CXX object CMakeFiles/gps_node.dir/src/gps.cpp.o[0m
[100%] [32m[1mLinking CXX executable gps_node[0m
[100%] Built target gps_node
-- Install configuration: ""
-- Execute custom install script
-- Symlinking: /home/hae/robot_ws/src/install/cgps_pkg/lib/cgps_pkg/gps_node
-- Symlinking: /home/hae/robot_ws/src/install/cgps_pkg/share/ament_index/resource_index/package_run_dependencies/cgps_pkg
-- Symlinking: /home/hae/robot_ws/src/install/cgps_pkg/share/ament_index/resource_index/parent_prefix_path/cgps_pkg
-- Symlinking: /home/hae/robot_ws/src/install/cgps_pkg/share/cgps_pkg/environment/ament_prefix_path.sh
-- Symlinking: /home/hae/robot_ws/src/install/cgps_pkg/share/cgps_pkg/environment/ament_prefix_path.dsv
-- Symlinking: /home/hae/robot_ws/src/install/cgps_pkg/share/cgps_pkg/environment/path.sh
-- Symlinking: /home/hae/robot_ws/src/install/cgps_pkg/share/cgps_pkg/environment/path.dsv
-- Symlinking: /home/hae/robot_ws/src/install/cgps_pkg/share/cgps_pkg/local_setup.bash
-- Symlinking: /home/hae/robot_ws/src/install/cgps_pkg/share/cgps_pkg/local_setup.sh
-- Symlinking: /home/hae/robot_ws/src/install/cgps_pkg/share/cgps_pkg/local_setup.zsh
-- Symlinking: /home/hae/robot_ws/src/install/cgps_pkg/share/cgps_pkg/local_setup.dsv
-- Symlinking: /home/hae/robot_ws/src/install/cgps_pkg/share/cgps_pkg/package.dsv
-- Symlinking: /home/hae/robot_ws/src/install/cgps_pkg/share/ament_index/resource_index/packages/cgps_pkg
-- Symlinking: /home/hae/robot_ws/src/install/cgps_pkg/share/cgps_pkg/cmake/cgps_pkgConfig.cmake
-- Symlinking: /home/hae/robot_ws/src/install/cgps_pkg/share/cgps_pkg/cmake/cgps_pkgConfig-version.cmake
-- Symlinking: /home/hae/robot_ws/src/install/cgps_pkg/share/cgps_pkg/package.xml
