[0.059s] Invoking command in '/home/hae/robot_ws/src/build/cgps_pkg': CMAKE_PREFIX_PATH=${CMAKE_PREFIX_PATH}:/opt/ros/humble /usr/bin/cmake --build /home/hae/robot_ws/src/build/cgps_pkg -- -j4 -l4
[0.162s] -- Found ament_cmake: 1.3.9 (/opt/ros/humble/share/ament_cmake/cmake)
[0.754s] -- Override CMake install command with custom implementation using symlinks instead of copying resources
[0.790s] -- Found rclcpp: 16.0.9 (/opt/ros/humble/share/rclcpp/cmake)
[0.966s] -- Found rosidl_generator_c: 3.1.5 (/opt/ros/humble/share/rosidl_generator_c/cmake)
[0.976s] -- Found rosidl_adapter: 3.1.5 (/opt/ros/humble/share/rosidl_adapter/cmake)
[1.000s] -- Found rosidl_generator_cpp: 3.1.5 (/opt/ros/humble/share/rosidl_generator_cpp/cmake)
[1.047s] -- Using all available rosidl_typesupport_c: rosidl_typesupport_fastrtps_c;rosidl_typesupport_introspection_c
[1.110s] -- Using all available rosidl_typesupport_cpp: rosidl_typesupport_fastrtps_cpp;rosidl_typesupport_introspection_cpp
[1.336s] -- Found rmw_implementation_cmake: 6.1.2 (/opt/ros/humble/share/rmw_implementation_cmake/cmake)
[1.344s] -- Found rmw_fastrtps_cpp: 6.2.6 (/opt/ros/humble/share/rmw_fastrtps_cpp/cmake)
[2.351s] -- Using RMW implementation 'rmw_fastrtps_cpp' as default
[3.263s] -- Configuring done
[3.315s] -- Generating done
[3.325s] -- Build files have been written to: /home/hae/robot_ws/src/build/cgps_pkg
[3.479s] [ 50%] [32mBuilding CXX object CMakeFiles/gps_node.dir/src/gps.cpp.o[0m
[5.440s] [100%] [32m[1mLinking CXX executable gps_node[0m
[5.895s] [100%] Built target gps_node
[5.936s] Invoked command in '/home/hae/robot_ws/src/build/cgps_pkg' returned '0': CMAKE_PREFIX_PATH=${CMAKE_PREFIX_PATH}:/opt/ros/humble /usr/bin/cmake --build /home/hae/robot_ws/src/build/cgps_pkg -- -j4 -l4
[6.116s] Invoking command in '/home/hae/robot_ws/src/build/cgps_pkg': CMAKE_PREFIX_PATH=${CMAKE_PREFIX_PATH}:/opt/ros/humble /usr/bin/cmake --install /home/hae/robot_ws/src/build/cgps_pkg
[6.144s] -- Install configuration: ""
[6.146s] -- Execute custom install script
[6.148s] -- Symlinking: /home/hae/robot_ws/src/install/cgps_pkg/lib/cgps_pkg/gps_node
[6.180s] -- Symlinking: /home/hae/robot_ws/src/install/cgps_pkg/share/ament_index/resource_index/package_run_dependencies/cgps_pkg
[6.217s] -- Symlinking: /home/hae/robot_ws/src/install/cgps_pkg/share/ament_index/resource_index/parent_prefix_path/cgps_pkg
[6.252s] -- Symlinking: /home/hae/robot_ws/src/install/cgps_pkg/share/cgps_pkg/environment/ament_prefix_path.sh
[6.285s] -- Symlinking: /home/hae/robot_ws/src/install/cgps_pkg/share/cgps_pkg/environment/ament_prefix_path.dsv
[6.325s] -- Symlinking: /home/hae/robot_ws/src/install/cgps_pkg/share/cgps_pkg/environment/path.sh
[6.362s] -- Symlinking: /home/hae/robot_ws/src/install/cgps_pkg/share/cgps_pkg/environment/path.dsv
[6.394s] -- Symlinking: /home/hae/robot_ws/src/install/cgps_pkg/share/cgps_pkg/local_setup.bash
[6.428s] -- Symlinking: /home/hae/robot_ws/src/install/cgps_pkg/share/cgps_pkg/local_setup.sh
[6.462s] -- Symlinking: /home/hae/robot_ws/src/install/cgps_pkg/share/cgps_pkg/local_setup.zsh
[6.495s] -- Symlinking: /home/hae/robot_ws/src/install/cgps_pkg/share/cgps_pkg/local_setup.dsv
[6.528s] -- Symlinking: /home/hae/robot_ws/src/install/cgps_pkg/share/cgps_pkg/package.dsv
[6.562s] -- Symlinking: /home/hae/robot_ws/src/install/cgps_pkg/share/ament_index/resource_index/packages/cgps_pkg
[6.606s] -- Symlinking: /home/hae/robot_ws/src/install/cgps_pkg/share/cgps_pkg/cmake/cgps_pkgConfig.cmake
[6.652s] -- Symlinking: /home/hae/robot_ws/src/install/cgps_pkg/share/cgps_pkg/cmake/cgps_pkgConfig-version.cmake
[6.685s] -- Symlinking: /home/hae/robot_ws/src/install/cgps_pkg/share/cgps_pkg/package.xml
[6.724s] Invoked command in '/home/hae/robot_ws/src/build/cgps_pkg' returned '0': CMAKE_PREFIX_PATH=${CMAKE_PREFIX_PATH}:/opt/ros/humble /usr/bin/cmake --install /home/hae/robot_ws/src/build/cgps_pkg
