[0.053s] Invoking command in '/home/hae/robot_ws/src/build/robot_action': CMAKE_PREFIX_PATH=/opt/ros/humble /usr/bin/cmake --build /home/hae/robot_ws/src/build/robot_action -- -j4 -l4
[0.200s] Invoked command in '/home/hae/robot_ws/src/build/robot_action' returned '0': CMAKE_PREFIX_PATH=/opt/ros/humble /usr/bin/cmake --build /home/hae/robot_ws/src/build/robot_action -- -j4 -l4
[0.350s] Invoking command in '/home/hae/robot_ws/src/build/robot_action': CMAKE_PREFIX_PATH=/opt/ros/humble /usr/bin/cmake --install /home/hae/robot_ws/src/build/robot_action
[0.377s] -- Install configuration: ""
[0.378s] -- Execute custom install script
[0.379s] -- Up-to-date symlink: /home/hae/robot_ws/src/install/robot_action/share/ament_index/resource_index/package_run_dependencies/robot_action
[0.381s] -- Up-to-date symlink: /home/hae/robot_ws/src/install/robot_action/share/ament_index/resource_index/parent_prefix_path/robot_action
[0.382s] -- Up-to-date symlink: /home/hae/robot_ws/src/install/robot_action/share/robot_action/environment/ament_prefix_path.sh
[0.382s] -- Up-to-date symlink: /home/hae/robot_ws/src/install/robot_action/share/robot_action/environment/ament_prefix_path.dsv
[0.383s] -- Up-to-date symlink: /home/hae/robot_ws/src/install/robot_action/share/robot_action/environment/path.sh
[0.384s] -- Up-to-date symlink: /home/hae/robot_ws/src/install/robot_action/share/robot_action/environment/path.dsv
[0.385s] -- Up-to-date symlink: /home/hae/robot_ws/src/install/robot_action/share/robot_action/local_setup.bash
[0.386s] -- Up-to-date symlink: /home/hae/robot_ws/src/install/robot_action/share/robot_action/local_setup.sh
[0.387s] -- Up-to-date symlink: /home/hae/robot_ws/src/install/robot_action/share/robot_action/local_setup.zsh
[0.388s] -- Up-to-date symlink: /home/hae/robot_ws/src/install/robot_action/share/robot_action/local_setup.dsv
[0.388s] -- Symlinking: /home/hae/robot_ws/src/install/robot_action/share/robot_action/package.dsv
[0.420s] -- Up-to-date symlink: /home/hae/robot_ws/src/install/robot_action/share/ament_index/resource_index/packages/robot_action
[0.421s] -- Up-to-date symlink: /home/hae/robot_ws/src/install/robot_action/share/robot_action/cmake/robot_actionConfig.cmake
[0.422s] -- Up-to-date symlink: /home/hae/robot_ws/src/install/robot_action/share/robot_action/cmake/robot_actionConfig-version.cmake
[0.423s] -- Up-to-date symlink: /home/hae/robot_ws/src/install/robot_action/share/robot_action/package.xml
[0.430s] Invoked command in '/home/hae/robot_ws/src/build/robot_action' returned '0': CMAKE_PREFIX_PATH=/opt/ros/humble /usr/bin/cmake --install /home/hae/robot_ws/src/build/robot_action
