[0.710s] DEBUG:colcon:Command line arguments: ['/usr/bin/colcon', 'build', '--symlink-install', '--packages-select', 'robot_go_pkg']
[0.711s] DEBUG:colcon:Parsed command line arguments: Namespace(log_base=None, log_level=None, verb_name='build', build_base='build', install_base='install', merge_install=False, symlink_install=True, test_result_base=None, continue_on_error=False, executor='parallel', parallel_workers=4, event_handlers=None, ignore_user_meta=False, metas=['./colcon.meta'], base_paths=['.'], packages_ignore=None, packages_ignore_regex=None, paths=None, packages_up_to=None, packages_up_to_regex=None, packages_above=None, packages_above_and_dependencies=None, packages_above_depth=None, packages_select_by_dep=None, packages_skip_by_dep=None, packages_skip_up_to=None, packages_select_build_failed=False, packages_skip_build_finished=False, packages_select_test_failures=False, packages_skip_test_passed=False, packages_select=['robot_go_pkg'], packages_skip=None, packages_select_regex=None, packages_skip_regex=None, packages_start=None, packages_end=None, allow_overriding=[], cmake_args=None, cmake_target=None, cmake_target_skip_unavailable=False, cmake_clean_cache=False, cmake_clean_first=False, cmake_force_configure=False, ament_cmake_args=None, catkin_cmake_args=None, catkin_skip_building_tests=False, mixin_files=None, mixin=None, verb_parser=<colcon_mixin.mixin.mixin_argument.MixinArgumentDecorator object at 0xffffb76b5b10>, verb_extension=<colcon_core.verb.build.BuildVerb object at 0xffffb76b5660>, main=<bound method BuildVerb.main of <colcon_core.verb.build.BuildVerb object at 0xffffb76b5660>>, mixin_verb=('build',))
[1.771s] Level 1:colcon.colcon_core.package_discovery:discover_packages(colcon_meta) check parameters
[1.772s] Level 1:colcon.colcon_core.package_discovery:discover_packages(recursive) check parameters
[1.772s] Level 1:colcon.colcon_core.package_discovery:discover_packages(ignore) check parameters
[1.772s] Level 1:colcon.colcon_core.package_discovery:discover_packages(path) check parameters
[1.772s] Level 1:colcon.colcon_core.package_discovery:discover_packages(colcon_meta) discover
[1.773s] Level 1:colcon.colcon_core.package_discovery:discover_packages(recursive) discover
[1.773s] INFO:colcon.colcon_core.package_discovery:Crawling recursively for packages in '/home/hae/robot_ws/src'
[1.774s] Level 1:colcon.colcon_core.package_identification:_identify(.) by extensions ['ignore', 'ignore_ament_install']
[1.775s] Level 1:colcon.colcon_core.package_identification:_identify(.) by extension 'ignore'
[1.775s] Level 1:colcon.colcon_core.package_identification:_identify(.) by extension 'ignore_ament_install'
[1.776s] Level 1:colcon.colcon_core.package_identification:_identify(.) by extensions ['colcon_pkg']
[1.776s] Level 1:colcon.colcon_core.package_identification:_identify(.) by extension 'colcon_pkg'
[1.776s] Level 1:colcon.colcon_core.package_identification:_identify(.) by extensions ['colcon_meta']
[1.776s] Level 1:colcon.colcon_core.package_identification:_identify(.) by extension 'colcon_meta'
[1.776s] Level 1:colcon.colcon_core.package_identification:_identify(.) by extensions ['ros']
[1.777s] Level 1:colcon.colcon_core.package_identification:_identify(.) by extension 'ros'
[1.837s] Level 1:colcon.colcon_core.package_identification:_identify(.) by extensions ['cmake', 'python']
[1.837s] Level 1:colcon.colcon_core.package_identification:_identify(.) by extension 'cmake'
[1.837s] Level 1:colcon.colcon_core.package_identification:_identify(.) by extension 'python'
[1.838s] Level 1:colcon.colcon_core.package_identification:_identify(.) by extensions ['python_setup_py']
[1.838s] Level 1:colcon.colcon_core.package_identification:_identify(.) by extension 'python_setup_py'
[1.839s] Level 1:colcon.colcon_core.package_identification:_identify(action_test) by extensions ['ignore', 'ignore_ament_install']
[1.840s] Level 1:colcon.colcon_core.package_identification:_identify(action_test) by extension 'ignore'
[1.840s] Level 1:colcon.colcon_core.package_identification:_identify(action_test) by extension 'ignore_ament_install'
[1.841s] Level 1:colcon.colcon_core.package_identification:_identify(action_test) by extensions ['colcon_pkg']
[1.841s] Level 1:colcon.colcon_core.package_identification:_identify(action_test) by extension 'colcon_pkg'
[1.842s] Level 1:colcon.colcon_core.package_identification:_identify(action_test) by extensions ['colcon_meta']
[1.842s] Level 1:colcon.colcon_core.package_identification:_identify(action_test) by extension 'colcon_meta'
[1.842s] Level 1:colcon.colcon_core.package_identification:_identify(action_test) by extensions ['ros']
[1.843s] Level 1:colcon.colcon_core.package_identification:_identify(action_test) by extension 'ros'
[1.858s] DEBUG:colcon.colcon_core.package_identification:Package 'action_test' with type 'ros.ament_cmake' and name 'action_test'
[1.859s] Level 1:colcon.colcon_core.package_identification:_identify(build) by extensions ['ignore', 'ignore_ament_install']
[1.860s] Level 1:colcon.colcon_core.package_identification:_identify(build) by extension 'ignore'
[1.860s] Level 1:colcon.colcon_core.package_identification:_identify(build) ignored
[1.861s] Level 1:colcon.colcon_core.package_identification:_identify(install) by extensions ['ignore', 'ignore_ament_install']
[1.862s] Level 1:colcon.colcon_core.package_identification:_identify(install) by extension 'ignore'
[1.864s] Level 1:colcon.colcon_core.package_identification:_identify(install) ignored
[1.866s] Level 1:colcon.colcon_core.package_identification:_identify(log) by extensions ['ignore', 'ignore_ament_install']
[1.867s] Level 1:colcon.colcon_core.package_identification:_identify(log) by extension 'ignore'
[1.868s] Level 1:colcon.colcon_core.package_identification:_identify(log) ignored
[1.869s] Level 1:colcon.colcon_core.package_identification:_identify(robot_action) by extensions ['ignore', 'ignore_ament_install']
[1.870s] Level 1:colcon.colcon_core.package_identification:_identify(robot_action) by extension 'ignore'
[1.870s] Level 1:colcon.colcon_core.package_identification:_identify(robot_action) by extension 'ignore_ament_install'
[1.871s] Level 1:colcon.colcon_core.package_identification:_identify(robot_action) by extensions ['colcon_pkg']
[1.871s] Level 1:colcon.colcon_core.package_identification:_identify(robot_action) by extension 'colcon_pkg'
[1.872s] Level 1:colcon.colcon_core.package_identification:_identify(robot_action) by extensions ['colcon_meta']
[1.872s] Level 1:colcon.colcon_core.package_identification:_identify(robot_action) by extension 'colcon_meta'
[1.872s] Level 1:colcon.colcon_core.package_identification:_identify(robot_action) by extensions ['ros']
[1.873s] Level 1:colcon.colcon_core.package_identification:_identify(robot_action) by extension 'ros'
[1.876s] DEBUG:colcon.colcon_core.package_identification:Package 'robot_action' with type 'ros.ament_cmake' and name 'robot_action'
[1.878s] Level 1:colcon.colcon_core.package_identification:_identify(robot_cleaner_pkg) by extensions ['ignore', 'ignore_ament_install']
[1.878s] Level 1:colcon.colcon_core.package_identification:_identify(robot_cleaner_pkg) by extension 'ignore'
[1.879s] Level 1:colcon.colcon_core.package_identification:_identify(robot_cleaner_pkg) by extension 'ignore_ament_install'
[1.879s] Level 1:colcon.colcon_core.package_identification:_identify(robot_cleaner_pkg) by extensions ['colcon_pkg']
[1.880s] Level 1:colcon.colcon_core.package_identification:_identify(robot_cleaner_pkg) by extension 'colcon_pkg'
[1.880s] Level 1:colcon.colcon_core.package_identification:_identify(robot_cleaner_pkg) by extensions ['colcon_meta']
[1.881s] Level 1:colcon.colcon_core.package_identification:_identify(robot_cleaner_pkg) by extension 'colcon_meta'
[1.881s] Level 1:colcon.colcon_core.package_identification:_identify(robot_cleaner_pkg) by extensions ['ros']
[1.881s] Level 1:colcon.colcon_core.package_identification:_identify(robot_cleaner_pkg) by extension 'ros'
[1.886s] DEBUG:colcon.colcon_core.package_identification:Package 'robot_cleaner_pkg' with type 'ros.ament_cmake' and name 'robot_cleaner_pkg'
[1.887s] Level 1:colcon.colcon_core.package_identification:_identify(robot_go_pkg) by extensions ['ignore', 'ignore_ament_install']
[1.887s] Level 1:colcon.colcon_core.package_identification:_identify(robot_go_pkg) by extension 'ignore'
[1.888s] Level 1:colcon.colcon_core.package_identification:_identify(robot_go_pkg) by extension 'ignore_ament_install'
[1.888s] Level 1:colcon.colcon_core.package_identification:_identify(robot_go_pkg) by extensions ['colcon_pkg']
[1.889s] Level 1:colcon.colcon_core.package_identification:_identify(robot_go_pkg) by extension 'colcon_pkg'
[1.889s] Level 1:colcon.colcon_core.package_identification:_identify(robot_go_pkg) by extensions ['colcon_meta']
[1.890s] Level 1:colcon.colcon_core.package_identification:_identify(robot_go_pkg) by extension 'colcon_meta'
[1.890s] Level 1:colcon.colcon_core.package_identification:_identify(robot_go_pkg) by extensions ['ros']
[1.890s] Level 1:colcon.colcon_core.package_identification:_identify(robot_go_pkg) by extension 'ros'
[1.895s] DEBUG:colcon.colcon_core.package_identification:Package 'robot_go_pkg' with type 'ros.ament_cmake' and name 'robot_go_pkg'
[1.896s] Level 1:colcon.colcon_core.package_identification:_identify(robot_move_pkg) by extensions ['ignore', 'ignore_ament_install']
[1.897s] Level 1:colcon.colcon_core.package_identification:_identify(robot_move_pkg) by extension 'ignore'
[1.897s] Level 1:colcon.colcon_core.package_identification:_identify(robot_move_pkg) by extension 'ignore_ament_install'
[1.898s] Level 1:colcon.colcon_core.package_identification:_identify(robot_move_pkg) by extensions ['colcon_pkg']
[1.898s] Level 1:colcon.colcon_core.package_identification:_identify(robot_move_pkg) by extension 'colcon_pkg'
[1.898s] Level 1:colcon.colcon_core.package_identification:_identify(robot_move_pkg) by extensions ['colcon_meta']
[1.899s] Level 1:colcon.colcon_core.package_identification:_identify(robot_move_pkg) by extension 'colcon_meta'
[1.899s] Level 1:colcon.colcon_core.package_identification:_identify(robot_move_pkg) by extensions ['ros']
[1.900s] Level 1:colcon.colcon_core.package_identification:_identify(robot_move_pkg) by extension 'ros'
[1.904s] DEBUG:colcon.colcon_core.package_identification:Package 'robot_move_pkg' with type 'ros.ament_cmake' and name 'robot_move_pkg'
[1.905s] Level 1:colcon.colcon_core.package_identification:_identify(test_pkg) by extensions ['ignore', 'ignore_ament_install']
[1.905s] Level 1:colcon.colcon_core.package_identification:_identify(test_pkg) by extension 'ignore'
[1.906s] Level 1:colcon.colcon_core.package_identification:_identify(test_pkg) by extension 'ignore_ament_install'
[1.906s] Level 1:colcon.colcon_core.package_identification:_identify(test_pkg) by extensions ['colcon_pkg']
[1.907s] Level 1:colcon.colcon_core.package_identification:_identify(test_pkg) by extension 'colcon_pkg'
[1.907s] Level 1:colcon.colcon_core.package_identification:_identify(test_pkg) by extensions ['colcon_meta']
[1.907s] Level 1:colcon.colcon_core.package_identification:_identify(test_pkg) by extension 'colcon_meta'
[1.908s] Level 1:colcon.colcon_core.package_identification:_identify(test_pkg) by extensions ['ros']
[1.908s] Level 1:colcon.colcon_core.package_identification:_identify(test_pkg) by extension 'ros'
[1.913s] DEBUG:colcon.colcon_core.package_identification:Package 'test_pkg' with type 'ros.ament_cmake' and name 'test_pkg'
[1.913s] Level 1:colcon.colcon_core.package_discovery:discover_packages(recursive) using defaults
[1.914s] Level 1:colcon.colcon_core.package_discovery:discover_packages(ignore) discover
[1.914s] Level 1:colcon.colcon_core.package_discovery:discover_packages(ignore) using defaults
[1.914s] Level 1:colcon.colcon_core.package_discovery:discover_packages(path) discover
[1.914s] Level 1:colcon.colcon_core.package_discovery:discover_packages(path) using defaults
[2.010s] INFO:colcon.colcon_core.package_selection:Skipping not selected package 'robot_action' in 'robot_action'
[2.010s] INFO:colcon.colcon_core.package_selection:Skipping not selected package 'robot_cleaner_pkg' in 'robot_cleaner_pkg'
[2.010s] INFO:colcon.colcon_core.package_selection:Skipping not selected package 'robot_move_pkg' in 'robot_move_pkg'
[2.010s] INFO:colcon.colcon_core.package_selection:Skipping not selected package 'action_test' in 'action_test'
[2.011s] INFO:colcon.colcon_core.package_selection:Skipping not selected package 'test_pkg' in 'test_pkg'
[2.013s] Level 1:colcon.colcon_core.package_discovery:discover_packages(prefix_path) check parameters
[2.013s] Level 1:colcon.colcon_core.package_discovery:discover_packages(prefix_path) discover
[2.026s] DEBUG:colcon.colcon_installed_package_information.package_discovery:Found 7 installed packages in /home/hae/robot_ws/src/install
[2.036s] DEBUG:colcon.colcon_installed_package_information.package_discovery:Found 268 installed packages in /opt/ros/humble
[2.047s] Level 1:colcon.colcon_core.package_discovery:discover_packages(prefix_path) using defaults
[2.382s] Level 5:colcon.colcon_core.verb:set package 'robot_go_pkg' build argument 'cmake_args' from command line to 'None'
[2.382s] Level 5:colcon.colcon_core.verb:set package 'robot_go_pkg' build argument 'cmake_target' from command line to 'None'
[2.383s] Level 5:colcon.colcon_core.verb:set package 'robot_go_pkg' build argument 'cmake_target_skip_unavailable' from command line to 'False'
[2.383s] Level 5:colcon.colcon_core.verb:set package 'robot_go_pkg' build argument 'cmake_clean_cache' from command line to 'False'
[2.383s] Level 5:colcon.colcon_core.verb:set package 'robot_go_pkg' build argument 'cmake_clean_first' from command line to 'False'
[2.383s] Level 5:colcon.colcon_core.verb:set package 'robot_go_pkg' build argument 'cmake_force_configure' from command line to 'False'
[2.383s] Level 5:colcon.colcon_core.verb:set package 'robot_go_pkg' build argument 'ament_cmake_args' from command line to 'None'
[2.383s] Level 5:colcon.colcon_core.verb:set package 'robot_go_pkg' build argument 'catkin_cmake_args' from command line to 'None'
[2.384s] Level 5:colcon.colcon_core.verb:set package 'robot_go_pkg' build argument 'catkin_skip_building_tests' from command line to 'False'
[2.384s] DEBUG:colcon.colcon_core.verb:Building package 'robot_go_pkg' with the following arguments: {'ament_cmake_args': None, 'build_base': '/home/hae/robot_ws/src/build/robot_go_pkg', 'catkin_cmake_args': None, 'catkin_skip_building_tests': False, 'cmake_args': None, 'cmake_clean_cache': False, 'cmake_clean_first': False, 'cmake_force_configure': False, 'cmake_target': None, 'cmake_target_skip_unavailable': False, 'install_base': '/home/hae/robot_ws/src/install/robot_go_pkg', 'merge_install': False, 'path': '/home/hae/robot_ws/src/robot_go_pkg', 'symlink_install': True, 'test_result_base': None}
[2.384s] INFO:colcon.colcon_core.executor:Executing jobs using 'parallel' executor
[2.388s] DEBUG:colcon.colcon_parallel_executor.executor.parallel:run_until_complete
[2.390s] INFO:colcon.colcon_ros.task.ament_cmake.build:Building ROS package in '/home/hae/robot_ws/src/robot_go_pkg' with build type 'ament_cmake'
[2.391s] INFO:colcon.colcon_cmake.task.cmake.build:Building CMake package in '/home/hae/robot_ws/src/robot_go_pkg'
[2.403s] INFO:colcon.colcon_core.plugin_system:Skipping extension 'colcon_core.shell.bat': Not used on non-Windows systems
[2.404s] INFO:colcon.colcon_core.shell:Skip shell extension 'powershell' for command environment: Not usable outside of PowerShell
[2.404s] DEBUG:colcon.colcon_core.shell:Skip shell extension 'dsv' for command environment
[2.467s] DEBUG:colcon.colcon_core.event_handler.log_command:Invoking command in '/home/hae/robot_ws/src/build/robot_go_pkg': CMAKE_PREFIX_PATH=/home/hae/robot_ws/src/install/robot_action:/home/hae/robot_ws/src/install/test_pkg:/home/hae/robot_ws/src/install/robot_move_pkg:/home/hae/robot_ws/src/install/robot_go_pkg:/home/hae/robot_ws/src/install/robot_cleaner_pkg:/home/hae/robot_ws/src/install/action_test:/opt/ros/humble /usr/bin/cmake --build /home/hae/robot_ws/src/build/robot_go_pkg -- -j4 -l4
[28.797s] DEBUG:colcon.colcon_core.event_handler.log_command:Invoked command in '/home/hae/robot_ws/src/build/robot_go_pkg' returned '2': CMAKE_PREFIX_PATH=/home/hae/robot_ws/src/install/robot_action:/home/hae/robot_ws/src/install/test_pkg:/home/hae/robot_ws/src/install/robot_move_pkg:/home/hae/robot_ws/src/install/robot_go_pkg:/home/hae/robot_ws/src/install/robot_cleaner_pkg:/home/hae/robot_ws/src/install/action_test:/opt/ros/humble /usr/bin/cmake --build /home/hae/robot_ws/src/build/robot_go_pkg -- -j4 -l4
[28.988s] Level 1:colcon.colcon_core.environment:create_environment_scripts_only(robot_go_pkg)
[29.000s] Level 1:colcon.colcon_core.environment:checking '/home/hae/robot_ws/src/install/robot_go_pkg' for CMake module files
[29.004s] Level 1:colcon.colcon_core.environment:checking '/home/hae/robot_ws/src/install/robot_go_pkg' for CMake config files
[29.005s] Level 1:colcon.colcon_core.shell:create_environment_hook('robot_go_pkg', 'cmake_prefix_path')
[29.006s] INFO:colcon.colcon_core.shell:Creating environment hook '/home/hae/robot_ws/src/install/robot_go_pkg/share/robot_go_pkg/hook/cmake_prefix_path.ps1'
[29.223s] INFO:colcon.colcon_core.shell:Creating environment descriptor '/home/hae/robot_ws/src/install/robot_go_pkg/share/robot_go_pkg/hook/cmake_prefix_path.dsv'
[29.228s] INFO:colcon.colcon_core.shell:Creating environment hook '/home/hae/robot_ws/src/install/robot_go_pkg/share/robot_go_pkg/hook/cmake_prefix_path.sh'
[29.237s] Level 1:colcon.colcon_core.environment:checking '/home/hae/robot_ws/src/install/robot_go_pkg/lib'
[29.238s] Level 1:colcon.colcon_core.environment:checking '/home/hae/robot_ws/src/install/robot_go_pkg/bin'
[29.238s] Level 1:colcon.colcon_core.environment:checking '/home/hae/robot_ws/src/install/robot_go_pkg/lib/pkgconfig/robot_go_pkg.pc'
[29.239s] Level 1:colcon.colcon_core.environment:checking '/home/hae/robot_ws/src/install/robot_go_pkg/lib/python3.10/site-packages'
[29.240s] Level 1:colcon.colcon_core.environment:checking '/home/hae/robot_ws/src/install/robot_go_pkg/bin'
[29.242s] INFO:colcon.colcon_core.shell:Creating package script '/home/hae/robot_ws/src/install/robot_go_pkg/share/robot_go_pkg/package.ps1'
[29.245s] INFO:colcon.colcon_core.shell:Creating package descriptor '/home/hae/robot_ws/src/install/robot_go_pkg/share/robot_go_pkg/package.dsv'
[29.248s] INFO:colcon.colcon_core.shell:Creating package script '/home/hae/robot_ws/src/install/robot_go_pkg/share/robot_go_pkg/package.sh'
[29.251s] INFO:colcon.colcon_core.shell:Creating package script '/home/hae/robot_ws/src/install/robot_go_pkg/share/robot_go_pkg/package.bash'
[29.254s] INFO:colcon.colcon_core.shell:Creating package script '/home/hae/robot_ws/src/install/robot_go_pkg/share/robot_go_pkg/package.zsh'
[29.257s] Level 1:colcon.colcon_core.environment:create_file_with_runtime_dependencies(/home/hae/robot_ws/src/install/robot_go_pkg/share/colcon-core/packages/robot_go_pkg)
[29.269s] DEBUG:colcon.colcon_parallel_executor.executor.parallel:closing loop
[29.270s] DEBUG:colcon.colcon_parallel_executor.executor.parallel:loop closed
[29.270s] DEBUG:colcon.colcon_parallel_executor.executor.parallel:run_until_complete finished with '2'
[29.270s] DEBUG:colcon.colcon_core.event_reactor:joining thread
[29.503s] INFO:colcon.colcon_core.plugin_system:Skipping extension 'colcon_notification.desktop_notification.terminal_notifier': Not used on non-Darwin systems
[29.503s] INFO:colcon.colcon_core.plugin_system:Skipping extension 'colcon_notification.desktop_notification.win32': Not used on non-Windows systems
[29.503s] INFO:colcon.colcon_notification.desktop_notification:Sending desktop notification using 'notify2'
[29.542s] DEBUG:colcon.colcon_core.event_reactor:joined thread
[29.544s] INFO:colcon.colcon_core.shell:Creating prefix script '/home/hae/robot_ws/src/install/local_setup.ps1'
[29.547s] INFO:colcon.colcon_core.shell:Creating prefix util module '/home/hae/robot_ws/src/install/_local_setup_util_ps1.py'
[29.552s] INFO:colcon.colcon_core.shell:Creating prefix chain script '/home/hae/robot_ws/src/install/setup.ps1'
[29.558s] INFO:colcon.colcon_core.shell:Creating prefix script '/home/hae/robot_ws/src/install/local_setup.sh'
[29.560s] INFO:colcon.colcon_core.shell:Creating prefix util module '/home/hae/robot_ws/src/install/_local_setup_util_sh.py'
[29.562s] INFO:colcon.colcon_core.shell:Creating prefix chain script '/home/hae/robot_ws/src/install/setup.sh'
[29.568s] INFO:colcon.colcon_core.shell:Creating prefix script '/home/hae/robot_ws/src/install/local_setup.bash'
[29.570s] INFO:colcon.colcon_core.shell:Creating prefix chain script '/home/hae/robot_ws/src/install/setup.bash'
[29.576s] INFO:colcon.colcon_core.shell:Creating prefix script '/home/hae/robot_ws/src/install/local_setup.zsh'
[29.578s] INFO:colcon.colcon_core.shell:Creating prefix chain script '/home/hae/robot_ws/src/install/setup.zsh'
