[0.048s] Invoking command in '/home/hae/robot_ws/src/robot_cleaner_pkg/build/robot_cleaner_pkg': CMAKE_PREFIX_PATH=${CMAKE_PREFIX_PATH}:/opt/ros/humble /usr/bin/cmake --build /home/hae/robot_ws/src/robot_cleaner_pkg/build/robot_cleaner_pkg -- -j4 -l4
[0.226s] [35m[1mConsolidate compiler generated dependencies of target cleaner[0m
[0.314s] [ 50%] [32mBuilding CXX object CMakeFiles/cleaner.dir/src/cleaner.cpp.o[0m
[33.407s] [100%] [32m[1mLinking CXX executable cleaner[0m
[35.314s] [100%] Built target cleaner
[35.355s] Invoked command in '/home/hae/robot_ws/src/robot_cleaner_pkg/build/robot_cleaner_pkg' returned '0': CMAKE_PREFIX_PATH=${CMAKE_PREFIX_PATH}:/opt/ros/humble /usr/bin/cmake --build /home/hae/robot_ws/src/robot_cleaner_pkg/build/robot_cleaner_pkg -- -j4 -l4
[35.523s] Invoking command in '/home/hae/robot_ws/src/robot_cleaner_pkg/build/robot_cleaner_pkg': CMAKE_PREFIX_PATH=${CMAKE_PREFIX_PATH}:/opt/ros/humble /usr/bin/cmake --install /home/hae/robot_ws/src/robot_cleaner_pkg/build/robot_cleaner_pkg
[35.548s] -- Install configuration: ""
[35.550s] -- Execute custom install script
[35.552s] -- Up-to-date symlink: /home/hae/robot_ws/src/robot_cleaner_pkg/install/robot_cleaner_pkg/lib/robot_cleaner_pkg/cleaner
[35.553s] -- Up-to-date symlink: /home/hae/robot_ws/src/robot_cleaner_pkg/install/robot_cleaner_pkg/share/ament_index/resource_index/package_run_dependencies/robot_cleaner_pkg
[35.555s] -- Up-to-date symlink: /home/hae/robot_ws/src/robot_cleaner_pkg/install/robot_cleaner_pkg/share/ament_index/resource_index/parent_prefix_path/robot_cleaner_pkg
[35.556s] -- Up-to-date symlink: /home/hae/robot_ws/src/robot_cleaner_pkg/install/robot_cleaner_pkg/share/robot_cleaner_pkg/environment/ament_prefix_path.sh
[35.558s] -- Up-to-date symlink: /home/hae/robot_ws/src/robot_cleaner_pkg/install/robot_cleaner_pkg/share/robot_cleaner_pkg/environment/ament_prefix_path.dsv
[35.559s] -- Up-to-date symlink: /home/hae/robot_ws/src/robot_cleaner_pkg/install/robot_cleaner_pkg/share/robot_cleaner_pkg/environment/path.sh
[35.560s] -- Up-to-date symlink: /home/hae/robot_ws/src/robot_cleaner_pkg/install/robot_cleaner_pkg/share/robot_cleaner_pkg/environment/path.dsv
[35.561s] -- Up-to-date symlink: /home/hae/robot_ws/src/robot_cleaner_pkg/install/robot_cleaner_pkg/share/robot_cleaner_pkg/local_setup.bash
[35.563s] -- Up-to-date symlink: /home/hae/robot_ws/src/robot_cleaner_pkg/install/robot_cleaner_pkg/share/robot_cleaner_pkg/local_setup.sh
[35.564s] -- Up-to-date symlink: /home/hae/robot_ws/src/robot_cleaner_pkg/install/robot_cleaner_pkg/share/robot_cleaner_pkg/local_setup.zsh
[35.565s] -- Up-to-date symlink: /home/hae/robot_ws/src/robot_cleaner_pkg/install/robot_cleaner_pkg/share/robot_cleaner_pkg/local_setup.dsv
[35.566s] -- Symlinking: /home/hae/robot_ws/src/robot_cleaner_pkg/install/robot_cleaner_pkg/share/robot_cleaner_pkg/package.dsv
[35.600s] -- Up-to-date symlink: /home/hae/robot_ws/src/robot_cleaner_pkg/install/robot_cleaner_pkg/share/ament_index/resource_index/packages/robot_cleaner_pkg
[35.601s] -- Up-to-date symlink: /home/hae/robot_ws/src/robot_cleaner_pkg/install/robot_cleaner_pkg/share/robot_cleaner_pkg/cmake/robot_cleaner_pkgConfig.cmake
[35.602s] -- Up-to-date symlink: /home/hae/robot_ws/src/robot_cleaner_pkg/install/robot_cleaner_pkg/share/robot_cleaner_pkg/cmake/robot_cleaner_pkgConfig-version.cmake
[35.604s] -- Up-to-date symlink: /home/hae/robot_ws/src/robot_cleaner_pkg/install/robot_cleaner_pkg/share/robot_cleaner_pkg/package.xml
[35.612s] Invoked command in '/home/hae/robot_ws/src/robot_cleaner_pkg/build/robot_cleaner_pkg' returned '0': CMAKE_PREFIX_PATH=${CMAKE_PREFIX_PATH}:/opt/ros/humble /usr/bin/cmake --install /home/hae/robot_ws/src/robot_cleaner_pkg/build/robot_cleaner_pkg
