[0.066s] Invoking command in '/home/hae/robot_ws/src/build/robot_go_pkg': AMENT_PREFIX_PATH=/home/hae/robot_ws/src/install/robot_action:${AMENT_PREFIX_PATH} CMAKE_PREFIX_PATH=/home/hae/robot_ws/src/install/robot_action:/opt/ros/humble LD_LIBRARY_PATH=/home/hae/robot_ws/src/install/robot_action/lib:${LD_LIBRARY_PATH} PYTHONPATH=/home/hae/robot_ws/src/install/robot_action/local/lib/python3.10/dist-packages:${PYTHONPATH} /usr/bin/cmake --build /home/hae/robot_ws/src/build/robot_go_pkg -- -j4 -l4
[0.237s] [35m[1mConsolidate compiler generated dependencies of target server_node[0m
[0.237s] [35m[1mConsolidate compiler generated dependencies of target cli_node[0m
[0.336s] [ 75%] [32mBuilding CXX object CMakeFiles/cli_node.dir/src/actioncli.cpp.o[0m
[0.337s] [ 75%] Built target server_node
[10.767s] [01m[K/home/hae/robot_ws/src/robot_go_pkg/src/actioncli.cpp:[m[K In member function ‘[01m[Kvoid MoveActionClient::send_goal()[m[K’:
[10.768s] [01m[K/home/hae/robot_ws/src/robot_go_pkg/src/actioncli.cpp:35:127:[m[K [01;31m[Kerror: [m[Kno match for ‘[01m[Koperator=[m[K’ (operand types are ‘[01m[Krclcpp_action::Client<robot_action::action::Move>::GoalResponseCallback[m[K’ {aka ‘[01m[Kstd::function<void(std::shared_ptr<rclcpp_action::ClientGoalHandle<robot_action::action::Move> >)>[m[K’} and ‘[01m[Kstd::_Bind_helper<false, void (MoveActionClient::*)(std::shared_future<std::shared_ptr<rclcpp_action::ClientGoalHandle<robot_action::action::Move> > >), MoveActionClient*, const std::_Placeholder<1>&>::type[m[K’)
[10.769s]    35 |         goal_options.goal_response_callback = std::bind(&MoveActionClient::goal_response_callback, this, std::placeholders::_1[01;31m[K)[m[K;
[10.770s]       |                                                                                                                               [01;31m[K^[m[K
[10.770s] In file included from [01m[K/usr/include/c++/11/future:47[m[K,
[10.771s]                  from [01m[K/opt/ros/humble/include/rclcpp/rclcpp/executors.hpp:18[m[K,
[10.771s]                  from [01m[K/opt/ros/humble/include/rclcpp/rclcpp/rclcpp.hpp:155[m[K,
[10.772s]                  from [01m[K/home/hae/robot_ws/src/robot_go_pkg/src/actioncli.cpp:1[m[K:
[10.772s] [01m[K/usr/include/c++/11/bits/std_function.h:530:9:[m[K [01;36m[Knote: [m[Kcandidate: ‘[01m[Ktemplate<class _Functor> std::function<_Res(_ArgTypes ...)>::_Requires<std::function<_Res(_ArgTypes ...)>::_Callable<_Functor>, std::function<_Res(_ArgTypes ...)>&> std::function<_Res(_ArgTypes ...)>::operator=(_Functor&&) [with _Functor = _Functor; _Res = void; _ArgTypes = {std::shared_ptr<rclcpp_action::ClientGoalHandle<robot_action::action::Move> >}][m[K’
[10.773s]   530 |         [01;36m[Koperator[m[K=(_Functor&& __f)
[10.773s]       |         [01;36m[K^~~~~~~~[m[K
[10.773s] [01m[K/usr/include/c++/11/bits/std_function.h:530:9:[m[K [01;36m[Knote: [m[K  template argument deduction/substitution failed:
[10.774s] In file included from [01m[K/usr/include/c++/11/bits/move.h:57[m[K,
[10.774s]                  from [01m[K/usr/include/c++/11/bits/stl_pair.h:59[m[K,
[10.775s]                  from [01m[K/usr/include/c++/11/bits/stl_algobase.h:64[m[K,
[10.775s]                  from [01m[K/usr/include/c++/11/memory:63[m[K,
[10.776s]                  from [01m[K/opt/ros/humble/include/rclcpp/rclcpp/rclcpp.hpp:153[m[K,
[10.776s]                  from [01m[K/home/hae/robot_ws/src/robot_go_pkg/src/actioncli.cpp:1[m[K:
[10.776s] /usr/include/c++/11/type_traits: In substitution of ‘[01m[Ktemplate<bool _Cond, class _Tp> using __enable_if_t = typename std::enable_if::type [with bool _Cond = false; _Tp = std::function<void(std::shared_ptr<rclcpp_action::ClientGoalHandle<robot_action::action::Move> >)>&][m[K’:
[10.777s] [01m[K/usr/include/c++/11/bits/std_function.h:353:8:[m[K   required by substitution of ‘[01m[Ktemplate<class _Res, class ... _ArgTypes> template<class _Cond, class _Tp> using _Requires = std::__enable_if_t<_Cond::value, _Tp> [with _Cond = std::function<void(std::shared_ptr<rclcpp_action::ClientGoalHandle<robot_action::action::Move> >)>::_Callable<std::_Bind<void (MoveActionClient::*(MoveActionClient*, std::_Placeholder<1>))(std::shared_future<std::shared_ptr<rclcpp_action::ClientGoalHandle<robot_action::action::Move> > >)>, std::_Bind<void (MoveActionClient::*(MoveActionClient*, std::_Placeholder<1>))(std::shared_future<std::shared_ptr<rclcpp_action::ClientGoalHandle<robot_action::action::Move> > >)>, std::__invoke_result<std::_Bind<void (MoveActionClient::*(MoveActionClient*, std::_Placeholder<1>))(std::shared_future<std::shared_ptr<rclcpp_action::ClientGoalHandle<robot_action::action::Move> > >)>&, std::shared_ptr<rclcpp_action::ClientGoalHandle<robot_action::action::Move> > > >; _Tp = std::function<void(std::shared_ptr<rclcpp_action::ClientGoalHandle<robot_action::action::Move> >)>&; _Res = void; _ArgTypes = {std::shared_ptr<rclcpp_action::ClientGoalHandle<robot_action::action::Move> >}][m[K’
[10.777s] [01m[K/usr/include/c++/11/bits/std_function.h:530:2:[m[K   required by substitution of ‘[01m[Ktemplate<class _Functor> std::function<void(std::shared_ptr<rclcpp_action::ClientGoalHandle<robot_action::action::Move> >)>::_Requires<std::function<void(std::shared_ptr<rclcpp_action::ClientGoalHandle<robot_action::action::Move> >)>::_Callable<_Functor, typename std::enable_if<(! std::is_same<typename std::remove_cv<typename std::remove_reference<_Tp>::type>::type, std::function<void(std::shared_ptr<rclcpp_action::ClientGoalHandle<robot_action::action::Move> >)> >::value), std::decay<_Tp> >::type::type, std::__invoke_result<typename std::enable_if<(! std::is_same<typename std::remove_cv<typename std::remove_reference<_Tp>::type>::type, std::function<void(std::shared_ptr<rclcpp_action::ClientGoalHandle<robot_action::action::Move> >)> >::value), std::decay<_Tp> >::type::type&, std::shared_ptr<rclcpp_action::ClientGoalHandle<robot_action::action::Move> > > >, std::function<void(std::shared_ptr<rclcpp_action::ClientGoalHandle<robot_action::action::Move> >)>&> std::function<void(std::shared_ptr<rclcpp_action::ClientGoalHandle<robot_action::action::Move> >)>::operator=<_Functor>(_Functor&&) [with _Functor = std::_Bind<void (MoveActionClient::*(MoveActionClient*, std::_Placeholder<1>))(std::shared_future<std::shared_ptr<rclcpp_action::ClientGoalHandle<robot_action::action::Move> > >)>][m[K’
[10.778s] [01m[K/home/hae/robot_ws/src/robot_go_pkg/src/actioncli.cpp:35:127:[m[K   required from here
[10.778s] [01m[K/usr/include/c++/11/type_traits:2205:11:[m[K [01;31m[Kerror: [m[Kno type named ‘[01m[Ktype[m[K’ in ‘[01m[Kstruct std::enable_if<false, std::function<void(std::shared_ptr<rclcpp_action::ClientGoalHandle<robot_action::action::Move> >)>&>[m[K’
[10.779s]  2205 |     using [01;31m[K__enable_if_t[m[K = typename enable_if<_Cond, _Tp>::type;
[10.780s]       |           [01;31m[K^~~~~~~~~~~~~[m[K
[10.780s] In file included from [01m[K/usr/include/c++/11/future:47[m[K,
[10.781s]                  from [01m[K/opt/ros/humble/include/rclcpp/rclcpp/executors.hpp:18[m[K,
[10.781s]                  from [01m[K/opt/ros/humble/include/rclcpp/rclcpp/rclcpp.hpp:155[m[K,
[10.782s]                  from [01m[K/home/hae/robot_ws/src/robot_go_pkg/src/actioncli.cpp:1[m[K:
[10.783s] [01m[K/usr/include/c++/11/bits/std_function.h:540:9:[m[K [01;36m[Knote: [m[Kcandidate: ‘[01m[Ktemplate<class _Functor> std::function<_Res(_ArgTypes ...)>& std::function<_Res(_ArgTypes ...)>::operator=(std::reference_wrapper<_Functor>) [with _Functor = _Functor; _Res = void; _ArgTypes = {std::shared_ptr<rclcpp_action::ClientGoalHandle<robot_action::action::Move> >}][m[K’
[10.783s]   540 |         [01;36m[Koperator[m[K=(reference_wrapper<_Functor> __f) noexcept
[10.784s]       |         [01;36m[K^~~~~~~~[m[K
[10.784s] [01m[K/usr/include/c++/11/bits/std_function.h:540:9:[m[K [01;36m[Knote: [m[K  template argument deduction/substitution failed:
[10.785s] [01m[K/home/hae/robot_ws/src/robot_go_pkg/src/actioncli.cpp:35:127:[m[K [01;36m[Knote: [m[K  ‘[01m[Kstd::_Bind<void (MoveActionClient::*(MoveActionClient*, std::_Placeholder<1>))(std::shared_future<std::shared_ptr<rclcpp_action::ClientGoalHandle<robot_action::action::Move> > >)>[m[K’ is not derived from ‘[01m[Kstd::reference_wrapper<_Tp>[m[K’
[10.785s]    35 |         goal_options.goal_response_callback = std::bind(&MoveActionClient::goal_response_callback, this, std::placeholders::_1[01;36m[K)[m[K;
[10.786s]       |                                                                                                                               [01;36m[K^[m[K
[10.787s] In file included from [01m[K/usr/include/c++/11/future:47[m[K,
[10.787s]                  from [01m[K/opt/ros/humble/include/rclcpp/rclcpp/executors.hpp:18[m[K,
[10.788s]                  from [01m[K/opt/ros/humble/include/rclcpp/rclcpp/rclcpp.hpp:155[m[K,
[10.788s]                  from [01m[K/home/hae/robot_ws/src/robot_go_pkg/src/actioncli.cpp:1[m[K:
[10.789s] [01m[K/usr/include/c++/11/bits/std_function.h:469:7:[m[K [01;36m[Knote: [m[Kcandidate: ‘[01m[Kstd::function<_Res(_ArgTypes ...)>& std::function<_Res(_ArgTypes ...)>::operator=(const std::function<_Res(_ArgTypes ...)>&) [with _Res = void; _ArgTypes = {std::shared_ptr<rclcpp_action::ClientGoalHandle<robot_action::action::Move> >}][m[K’
[10.789s]   469 |       [01;36m[Koperator[m[K=(const function& __x)
[10.789s]       |       [01;36m[K^~~~~~~~[m[K
[10.790s] [01m[K/usr/include/c++/11/bits/std_function.h:469:33:[m[K [01;36m[Knote: [m[K  no known conversion for argument 1 from ‘[01m[Kstd::_Bind_helper<false, void (MoveActionClient::*)(std::shared_future<std::shared_ptr<rclcpp_action::ClientGoalHandle<robot_action::action::Move> > >), MoveActionClient*, const std::_Placeholder<1>&>::type[m[K’ to ‘[01m[Kconst std::function<void(std::shared_ptr<rclcpp_action::ClientGoalHandle<robot_action::action::Move> >)>&[m[K’
[10.790s]   469 |       operator=([01;36m[Kconst function& __x[m[K)
[10.791s]       |                 [01;36m[K~~~~~~~~~~~~~~~~^~~[m[K
[10.792s] [01m[K/usr/include/c++/11/bits/std_function.h:487:7:[m[K [01;36m[Knote: [m[Kcandidate: ‘[01m[Kstd::function<_Res(_ArgTypes ...)>& std::function<_Res(_ArgTypes ...)>::operator=(std::function<_Res(_ArgTypes ...)>&&) [with _Res = void; _ArgTypes = {std::shared_ptr<rclcpp_action::ClientGoalHandle<robot_action::action::Move> >}][m[K’
[10.793s]   487 |       [01;36m[Koperator[m[K=(function&& __x) noexcept
[10.793s]       |       [01;36m[K^~~~~~~~[m[K
[10.794s] [01m[K/usr/include/c++/11/bits/std_function.h:487:28:[m[K [01;36m[Knote: [m[K  no known conversion for argument 1 from ‘[01m[Kstd::_Bind_helper<false, void (MoveActionClient::*)(std::shared_future<std::shared_ptr<rclcpp_action::ClientGoalHandle<robot_action::action::Move> > >), MoveActionClient*, const std::_Placeholder<1>&>::type[m[K’ to ‘[01m[Kstd::function<void(std::shared_ptr<rclcpp_action::ClientGoalHandle<robot_action::action::Move> >)>&&[m[K’
[10.795s]   487 |       operator=([01;36m[Kfunction&& __x[m[K) noexcept
[10.795s]       |                 [01;36m[K~~~~~~~~~~~^~~[m[K
[10.795s] [01m[K/usr/include/c++/11/bits/std_function.h:501:7:[m[K [01;36m[Knote: [m[Kcandidate: ‘[01m[Kstd::function<_Res(_ArgTypes ...)>& std::function<_Res(_ArgTypes ...)>::operator=(std::nullptr_t) [with _Res = void; _ArgTypes = {std::shared_ptr<rclcpp_action::ClientGoalHandle<robot_action::action::Move> >}; std::nullptr_t = std::nullptr_t][m[K’
[10.796s]   501 |       [01;36m[Koperator[m[K=(nullptr_t) noexcept
[10.796s]       |       [01;36m[K^~~~~~~~[m[K
[10.797s] [01m[K/usr/include/c++/11/bits/std_function.h:501:17:[m[K [01;36m[Knote: [m[K  no known conversion for argument 1 from ‘[01m[Kstd::_Bind_helper<false, void (MoveActionClient::*)(std::shared_future<std::shared_ptr<rclcpp_action::ClientGoalHandle<robot_action::action::Move> > >), MoveActionClient*, const std::_Placeholder<1>&>::type[m[K’ to ‘[01m[Kstd::nullptr_t[m[K’
[10.797s]   501 |       operator=([01;36m[Knullptr_t[m[K) noexcept
[10.798s]       |                 [01;36m[K^~~~~~~~~[m[K
[13.427s] gmake[2]: *** [CMakeFiles/cli_node.dir/build.make:76: CMakeFiles/cli_node.dir/src/actioncli.cpp.o] Error 1
[13.428s] gmake[1]: *** [CMakeFiles/Makefile2:165: CMakeFiles/cli_node.dir/all] Error 2
[13.429s] gmake: *** [Makefile:146: all] Error 2
[13.436s] Invoked command in '/home/hae/robot_ws/src/build/robot_go_pkg' returned '2': AMENT_PREFIX_PATH=/home/hae/robot_ws/src/install/robot_action:${AMENT_PREFIX_PATH} CMAKE_PREFIX_PATH=/home/hae/robot_ws/src/install/robot_action:/opt/ros/humble LD_LIBRARY_PATH=/home/hae/robot_ws/src/install/robot_action/lib:${LD_LIBRARY_PATH} PYTHONPATH=/home/hae/robot_ws/src/install/robot_action/local/lib/python3.10/dist-packages:${PYTHONPATH} /usr/bin/cmake --build /home/hae/robot_ws/src/build/robot_go_pkg -- -j4 -l4
