[0.057s] Invoking command in '/home/hae/robot_ws/src/build/robot_action_pkg': CMAKE_PREFIX_PATH=${CMAKE_PREFIX_PATH}:/opt/ros/humble /usr/bin/cmake --build /home/hae/robot_ws/src/build/robot_action_pkg -- -j4 -l4
[0.281s] [  3%] [32mBuilding CXX object CMakeFiles/action_server.dir/src/action_server.cpp.o[0m
[0.286s] [  7%] [32mBuilding CXX object CMakeFiles/action_client.dir/src/action_client.cpp.o[0m
[0.289s] [ 19%] Built target robot_action_pkg__rosidl_generator_c
[0.293s] [ 23%] Built target robot_action_pkg__cpp
[0.398s] [ 34%] Built target robot_action_pkg__rosidl_typesupport_introspection_c
[0.404s] [ 46%] Built target robot_action_pkg__rosidl_typesupport_fastrtps_c
[0.515s] [ 57%] Built target robot_action_pkg__rosidl_typesupport_c
[0.521s] [ 69%] Built target robot_action_pkg__rosidl_typesupport_introspection_cpp
[0.609s] [ 80%] Built target robot_action_pkg__rosidl_typesupport_cpp
[0.627s] [ 92%] Built target robot_action_pkg__rosidl_typesupport_fastrtps_cpp
[0.708s] [ 92%] Built target robot_action_pkg
[1.957s] [01m[K/home/hae/robot_ws/src/robot_action_pkg/src/action_server.cpp:3:10:[m[K [01;31m[Kfatal error: [m[Krobot_action_pkg/action/move.hpp: No such file or directory
[1.958s]     3 | #include [01;31m[K<robot_action_pkg/action/move.hpp>[m[K
[1.958s]       |          [01;31m[K^~~~~~~~~~~~~~~~~~~~~~~~~~~~~~~~~~[m[K
[1.960s] compilation terminated.
[1.967s] gmake[2]: *** [CMakeFiles/action_server.dir/build.make:76: CMakeFiles/action_server.dir/src/action_server.cpp.o] Error 1
[1.968s] gmake[1]: *** [CMakeFiles/Makefile2:397: CMakeFiles/action_server.dir/all] Error 2
[1.968s] gmake[1]: *** Waiting for unfinished jobs....
[1.988s] [01m[K/home/hae/robot_ws/src/robot_action_pkg/src/action_client.cpp:3:10:[m[K [01;31m[Kfatal error: [m[Krobot_action_pkg/action/move.hpp: No such file or directory
[1.988s]     3 | #include [01;31m[K<robot_action_pkg/action/move.hpp>[m[K
[1.989s]       |          [01;31m[K^~~~~~~~~~~~~~~~~~~~~~~~~~~~~~~~~~[m[K
[1.989s] compilation terminated.
[1.998s] gmake[2]: *** [CMakeFiles/action_client.dir/build.make:76: CMakeFiles/action_client.dir/src/action_client.cpp.o] Error 1
[1.999s] gmake[1]: *** [CMakeFiles/Makefile2:423: CMakeFiles/action_client.dir/all] Error 2
[2.000s] gmake: *** [Makefile:146: all] Error 2
[2.006s] Invoked command in '/home/hae/robot_ws/src/build/robot_action_pkg' returned '2': CMAKE_PREFIX_PATH=${CMAKE_PREFIX_PATH}:/opt/ros/humble /usr/bin/cmake --build /home/hae/robot_ws/src/build/robot_action_pkg -- -j4 -l4
