[ 25%] [32mBuilding CXX object CMakeFiles/scan_node.dir/src/scan.cpp.o[0m
[ 50%] [32m[1mLinking CXX executable scan_node[0m
[ 50%] Built target scan_node
[ 75%] [32mBuilding CXX object CMakeFiles/drive_node.dir/src/drive.cpp.o[0m
[100%] [32m[1mLinking CXX executable drive_node[0m
[100%] Built target drive_node
-- Install configuration: ""
-- Execute custom install script
-- Symlinking: /home/hae/robot_ws/src/install/robot_drive_pkg/lib/robot_drive_pkg/drive_node
-- Symlinking: /home/hae/robot_ws/src/install/robot_drive_pkg/lib/robot_drive_pkg/scan_node
-- Symlinking: /home/hae/robot_ws/src/install/robot_drive_pkg/share/ament_index/resource_index/package_run_dependencies/robot_drive_pkg
-- Symlinking: /home/hae/robot_ws/src/install/robot_drive_pkg/share/ament_index/resource_index/parent_prefix_path/robot_drive_pkg
-- Symlinking: /home/hae/robot_ws/src/install/robot_drive_pkg/share/robot_drive_pkg/environment/ament_prefix_path.sh
-- Symlinking: /home/hae/robot_ws/src/install/robot_drive_pkg/share/robot_drive_pkg/environment/ament_prefix_path.dsv
-- Symlinking: /home/hae/robot_ws/src/install/robot_drive_pkg/share/robot_drive_pkg/environment/path.sh
-- Symlinking: /home/hae/robot_ws/src/install/robot_drive_pkg/share/robot_drive_pkg/environment/path.dsv
-- Symlinking: /home/hae/robot_ws/src/install/robot_drive_pkg/share/robot_drive_pkg/local_setup.bash
-- Symlinking: /home/hae/robot_ws/src/install/robot_drive_pkg/share/robot_drive_pkg/local_setup.sh
-- Symlinking: /home/hae/robot_ws/src/install/robot_drive_pkg/share/robot_drive_pkg/local_setup.zsh
-- Symlinking: /home/hae/robot_ws/src/install/robot_drive_pkg/share/robot_drive_pkg/local_setup.dsv
-- Symlinking: /home/hae/robot_ws/src/install/robot_drive_pkg/share/robot_drive_pkg/package.dsv
-- Symlinking: /home/hae/robot_ws/src/install/robot_drive_pkg/share/ament_index/resource_index/packages/robot_drive_pkg
-- Symlinking: /home/hae/robot_ws/src/install/robot_drive_pkg/share/robot_drive_pkg/cmake/robot_drive_pkgConfig.cmake
-- Symlinking: /home/hae/robot_ws/src/install/robot_drive_pkg/share/robot_drive_pkg/cmake/robot_drive_pkgConfig-version.cmake
-- Symlinking: /home/hae/robot_ws/src/install/robot_drive_pkg/share/robot_drive_pkg/package.xml
