[0.454s] DEBUG:colcon:Command line arguments: ['/usr/bin/colcon', 'build', '--symlink-install', '--packages-select', 'robot_go_pkg']
[0.454s] DEBUG:colcon:Parsed command line arguments: Namespace(log_base=None, log_level=None, verb_name='build', build_base='build', install_base='install', merge_install=False, symlink_install=True, test_result_base=None, continue_on_error=False, executor='parallel', parallel_workers=4, event_handlers=None, ignore_user_meta=False, metas=['./colcon.meta'], base_paths=['.'], packages_ignore=None, packages_ignore_regex=None, paths=None, packages_up_to=None, packages_up_to_regex=None, packages_above=None, packages_above_and_dependencies=None, packages_above_depth=None, packages_select_by_dep=None, packages_skip_by_dep=None, packages_skip_up_to=None, packages_select_build_failed=False, packages_skip_build_finished=False, packages_select_test_failures=False, packages_skip_test_passed=False, packages_select=['robot_go_pkg'], packages_skip=None, packages_select_regex=None, packages_skip_regex=None, packages_start=None, packages_end=None, allow_overriding=[], cmake_args=None, cmake_target=None, cmake_target_skip_unavailable=False, cmake_clean_cache=False, cmake_clean_first=False, cmake_force_configure=False, ament_cmake_args=None, catkin_cmake_args=None, catkin_skip_building_tests=False, mixin_files=None, mixin=None, verb_parser=<colcon_mixin.mixin.mixin_argument.MixinArgumentDecorator object at 0xffffb76b58a0>, verb_extension=<colcon_core.verb.build.BuildVerb object at 0xffffb76b53f0>, main=<bound method BuildVerb.main of <colcon_core.verb.build.BuildVerb object at 0xffffb76b53f0>>, mixin_verb=('build',))
[1.242s] Level 1:colcon.colcon_core.package_discovery:discover_packages(colcon_meta) check parameters
[1.243s] Level 1:colcon.colcon_core.package_discovery:discover_packages(recursive) check parameters
[1.243s] Level 1:colcon.colcon_core.package_discovery:discover_packages(ignore) check parameters
[1.243s] Level 1:colcon.colcon_core.package_discovery:discover_packages(path) check parameters
[1.243s] Level 1:colcon.colcon_core.package_discovery:discover_packages(colcon_meta) discover
[1.244s] Level 1:colcon.colcon_core.package_discovery:discover_packages(recursive) discover
[1.244s] INFO:colcon.colcon_core.package_discovery:Crawling recursively for packages in '/home/hae/robot_ws/src'
[1.244s] Level 1:colcon.colcon_core.package_identification:_identify(.) by extensions ['ignore', 'ignore_ament_install']
[1.245s] Level 1:colcon.colcon_core.package_identification:_identify(.) by extension 'ignore'
[1.245s] Level 1:colcon.colcon_core.package_identification:_identify(.) by extension 'ignore_ament_install'
[1.245s] Level 1:colcon.colcon_core.package_identification:_identify(.) by extensions ['colcon_pkg']
[1.245s] Level 1:colcon.colcon_core.package_identification:_identify(.) by extension 'colcon_pkg'
[1.245s] Level 1:colcon.colcon_core.package_identification:_identify(.) by extensions ['colcon_meta']
[1.246s] Level 1:colcon.colcon_core.package_identification:_identify(.) by extension 'colcon_meta'
[1.246s] Level 1:colcon.colcon_core.package_identification:_identify(.) by extensions ['ros']
[1.246s] Level 1:colcon.colcon_core.package_identification:_identify(.) by extension 'ros'
[1.295s] Level 1:colcon.colcon_core.package_identification:_identify(.) by extensions ['cmake', 'python']
[1.295s] Level 1:colcon.colcon_core.package_identification:_identify(.) by extension 'cmake'
[1.296s] Level 1:colcon.colcon_core.package_identification:_identify(.) by extension 'python'
[1.296s] Level 1:colcon.colcon_core.package_identification:_identify(.) by extensions ['python_setup_py']
[1.296s] Level 1:colcon.colcon_core.package_identification:_identify(.) by extension 'python_setup_py'
[1.297s] Level 1:colcon.colcon_core.package_identification:_identify(action_test) by extensions ['ignore', 'ignore_ament_install']
[1.297s] Level 1:colcon.colcon_core.package_identification:_identify(action_test) by extension 'ignore'
[1.297s] Level 1:colcon.colcon_core.package_identification:_identify(action_test) by extension 'ignore_ament_install'
[1.298s] Level 1:colcon.colcon_core.package_identification:_identify(action_test) by extensions ['colcon_pkg']
[1.298s] Level 1:colcon.colcon_core.package_identification:_identify(action_test) by extension 'colcon_pkg'
[1.298s] Level 1:colcon.colcon_core.package_identification:_identify(action_test) by extensions ['colcon_meta']
[1.298s] Level 1:colcon.colcon_core.package_identification:_identify(action_test) by extension 'colcon_meta'
[1.298s] Level 1:colcon.colcon_core.package_identification:_identify(action_test) by extensions ['ros']
[1.298s] Level 1:colcon.colcon_core.package_identification:_identify(action_test) by extension 'ros'
[1.308s] DEBUG:colcon.colcon_core.package_identification:Package 'action_test' with type 'ros.ament_cmake' and name 'action_test'
[1.309s] Level 1:colcon.colcon_core.package_identification:_identify(build) by extensions ['ignore', 'ignore_ament_install']
[1.309s] Level 1:colcon.colcon_core.package_identification:_identify(build) by extension 'ignore'
[1.310s] Level 1:colcon.colcon_core.package_identification:_identify(build) ignored
[1.310s] Level 1:colcon.colcon_core.package_identification:_identify(install) by extensions ['ignore', 'ignore_ament_install']
[1.311s] Level 1:colcon.colcon_core.package_identification:_identify(install) by extension 'ignore'
[1.311s] Level 1:colcon.colcon_core.package_identification:_identify(install) ignored
[1.313s] Level 1:colcon.colcon_core.package_identification:_identify(log) by extensions ['ignore', 'ignore_ament_install']
[1.313s] Level 1:colcon.colcon_core.package_identification:_identify(log) by extension 'ignore'
[1.313s] Level 1:colcon.colcon_core.package_identification:_identify(log) ignored
[1.314s] Level 1:colcon.colcon_core.package_identification:_identify(robot_action) by extensions ['ignore', 'ignore_ament_install']
[1.314s] Level 1:colcon.colcon_core.package_identification:_identify(robot_action) by extension 'ignore'
[1.314s] Level 1:colcon.colcon_core.package_identification:_identify(robot_action) by extension 'ignore_ament_install'
[1.315s] Level 1:colcon.colcon_core.package_identification:_identify(robot_action) by extensions ['colcon_pkg']
[1.315s] Level 1:colcon.colcon_core.package_identification:_identify(robot_action) by extension 'colcon_pkg'
[1.315s] Level 1:colcon.colcon_core.package_identification:_identify(robot_action) by extensions ['colcon_meta']
[1.315s] Level 1:colcon.colcon_core.package_identification:_identify(robot_action) by extension 'colcon_meta'
[1.315s] Level 1:colcon.colcon_core.package_identification:_identify(robot_action) by extensions ['ros']
[1.315s] Level 1:colcon.colcon_core.package_identification:_identify(robot_action) by extension 'ros'
[1.317s] DEBUG:colcon.colcon_core.package_identification:Package 'robot_action' with type 'ros.ament_cmake' and name 'robot_action'
[1.318s] Level 1:colcon.colcon_core.package_identification:_identify(robot_cleaner_pkg) by extensions ['ignore', 'ignore_ament_install']
[1.318s] Level 1:colcon.colcon_core.package_identification:_identify(robot_cleaner_pkg) by extension 'ignore'
[1.319s] Level 1:colcon.colcon_core.package_identification:_identify(robot_cleaner_pkg) by extension 'ignore_ament_install'
[1.319s] Level 1:colcon.colcon_core.package_identification:_identify(robot_cleaner_pkg) by extensions ['colcon_pkg']
[1.320s] Level 1:colcon.colcon_core.package_identification:_identify(robot_cleaner_pkg) by extension 'colcon_pkg'
[1.320s] Level 1:colcon.colcon_core.package_identification:_identify(robot_cleaner_pkg) by extensions ['colcon_meta']
[1.320s] Level 1:colcon.colcon_core.package_identification:_identify(robot_cleaner_pkg) by extension 'colcon_meta'
[1.320s] Level 1:colcon.colcon_core.package_identification:_identify(robot_cleaner_pkg) by extensions ['ros']
[1.320s] Level 1:colcon.colcon_core.package_identification:_identify(robot_cleaner_pkg) by extension 'ros'
[1.323s] DEBUG:colcon.colcon_core.package_identification:Package 'robot_cleaner_pkg' with type 'ros.ament_cmake' and name 'robot_cleaner_pkg'
[1.324s] Level 1:colcon.colcon_core.package_identification:_identify(robot_go_pkg) by extensions ['ignore', 'ignore_ament_install']
[1.324s] Level 1:colcon.colcon_core.package_identification:_identify(robot_go_pkg) by extension 'ignore'
[1.325s] Level 1:colcon.colcon_core.package_identification:_identify(robot_go_pkg) by extension 'ignore_ament_install'
[1.325s] Level 1:colcon.colcon_core.package_identification:_identify(robot_go_pkg) by extensions ['colcon_pkg']
[1.325s] Level 1:colcon.colcon_core.package_identification:_identify(robot_go_pkg) by extension 'colcon_pkg'
[1.325s] Level 1:colcon.colcon_core.package_identification:_identify(robot_go_pkg) by extensions ['colcon_meta']
[1.325s] Level 1:colcon.colcon_core.package_identification:_identify(robot_go_pkg) by extension 'colcon_meta'
[1.325s] Level 1:colcon.colcon_core.package_identification:_identify(robot_go_pkg) by extensions ['ros']
[1.326s] Level 1:colcon.colcon_core.package_identification:_identify(robot_go_pkg) by extension 'ros'
[1.329s] DEBUG:colcon.colcon_core.package_identification:Package 'robot_go_pkg' with type 'ros.ament_cmake' and name 'robot_go_pkg'
[1.330s] Level 1:colcon.colcon_core.package_identification:_identify(robot_move_pkg) by extensions ['ignore', 'ignore_ament_install']
[1.330s] Level 1:colcon.colcon_core.package_identification:_identify(robot_move_pkg) by extension 'ignore'
[1.331s] Level 1:colcon.colcon_core.package_identification:_identify(robot_move_pkg) by extension 'ignore_ament_install'
[1.331s] Level 1:colcon.colcon_core.package_identification:_identify(robot_move_pkg) by extensions ['colcon_pkg']
[1.331s] Level 1:colcon.colcon_core.package_identification:_identify(robot_move_pkg) by extension 'colcon_pkg'
[1.331s] Level 1:colcon.colcon_core.package_identification:_identify(robot_move_pkg) by extensions ['colcon_meta']
[1.332s] Level 1:colcon.colcon_core.package_identification:_identify(robot_move_pkg) by extension 'colcon_meta'
[1.332s] Level 1:colcon.colcon_core.package_identification:_identify(robot_move_pkg) by extensions ['ros']
[1.332s] Level 1:colcon.colcon_core.package_identification:_identify(robot_move_pkg) by extension 'ros'
[1.335s] DEBUG:colcon.colcon_core.package_identification:Package 'robot_move_pkg' with type 'ros.ament_cmake' and name 'robot_move_pkg'
[1.336s] Level 1:colcon.colcon_core.package_discovery:discover_packages(recursive) using defaults
[1.336s] Level 1:colcon.colcon_core.package_discovery:discover_packages(ignore) discover
[1.336s] Level 1:colcon.colcon_core.package_discovery:discover_packages(ignore) using defaults
[1.336s] Level 1:colcon.colcon_core.package_discovery:discover_packages(path) discover
[1.336s] Level 1:colcon.colcon_core.package_discovery:discover_packages(path) using defaults
[1.410s] INFO:colcon.colcon_core.package_selection:Skipping not selected package 'robot_action' in 'robot_action'
[1.411s] INFO:colcon.colcon_core.package_selection:Skipping not selected package 'robot_cleaner_pkg' in 'robot_cleaner_pkg'
[1.411s] INFO:colcon.colcon_core.package_selection:Skipping not selected package 'robot_move_pkg' in 'robot_move_pkg'
[1.411s] INFO:colcon.colcon_core.package_selection:Skipping not selected package 'action_test' in 'action_test'
[1.413s] Level 1:colcon.colcon_core.package_discovery:discover_packages(prefix_path) check parameters
[1.413s] Level 1:colcon.colcon_core.package_discovery:discover_packages(prefix_path) discover
[1.426s] DEBUG:colcon.colcon_installed_package_information.package_discovery:Found 268 installed packages in /opt/ros/humble
[1.436s] Level 1:colcon.colcon_core.package_discovery:discover_packages(prefix_path) using defaults
[1.635s] Level 5:colcon.colcon_core.verb:set package 'robot_go_pkg' build argument 'cmake_args' from command line to 'None'
[1.636s] Level 5:colcon.colcon_core.verb:set package 'robot_go_pkg' build argument 'cmake_target' from command line to 'None'
[1.636s] Level 5:colcon.colcon_core.verb:set package 'robot_go_pkg' build argument 'cmake_target_skip_unavailable' from command line to 'False'
[1.636s] Level 5:colcon.colcon_core.verb:set package 'robot_go_pkg' build argument 'cmake_clean_cache' from command line to 'False'
[1.636s] Level 5:colcon.colcon_core.verb:set package 'robot_go_pkg' build argument 'cmake_clean_first' from command line to 'False'
[1.636s] Level 5:colcon.colcon_core.verb:set package 'robot_go_pkg' build argument 'cmake_force_configure' from command line to 'False'
[1.636s] Level 5:colcon.colcon_core.verb:set package 'robot_go_pkg' build argument 'ament_cmake_args' from command line to 'None'
[1.636s] Level 5:colcon.colcon_core.verb:set package 'robot_go_pkg' build argument 'catkin_cmake_args' from command line to 'None'
[1.636s] Level 5:colcon.colcon_core.verb:set package 'robot_go_pkg' build argument 'catkin_skip_building_tests' from command line to 'False'
[1.636s] DEBUG:colcon.colcon_core.verb:Building package 'robot_go_pkg' with the following arguments: {'ament_cmake_args': None, 'build_base': '/home/hae/robot_ws/src/build/robot_go_pkg', 'catkin_cmake_args': None, 'catkin_skip_building_tests': False, 'cmake_args': None, 'cmake_clean_cache': False, 'cmake_clean_first': False, 'cmake_force_configure': False, 'cmake_target': None, 'cmake_target_skip_unavailable': False, 'install_base': '/home/hae/robot_ws/src/install/robot_go_pkg', 'merge_install': False, 'path': '/home/hae/robot_ws/src/robot_go_pkg', 'symlink_install': True, 'test_result_base': None}
[1.637s] INFO:colcon.colcon_core.executor:Executing jobs using 'parallel' executor
[1.640s] DEBUG:colcon.colcon_parallel_executor.executor.parallel:run_until_complete
[1.641s] INFO:colcon.colcon_ros.task.ament_cmake.build:Building ROS package in '/home/hae/robot_ws/src/robot_go_pkg' with build type 'ament_cmake'
[1.642s] INFO:colcon.colcon_cmake.task.cmake.build:Building CMake package in '/home/hae/robot_ws/src/robot_go_pkg'
[1.652s] INFO:colcon.colcon_core.plugin_system:Skipping extension 'colcon_core.shell.bat': Not used on non-Windows systems
[1.653s] INFO:colcon.colcon_core.shell:Skip shell extension 'powershell' for command environment: Not usable outside of PowerShell
[1.653s] DEBUG:colcon.colcon_core.shell:Skip shell extension 'dsv' for command environment
[1.707s] DEBUG:colcon.colcon_core.event_handler.log_command:Invoking command in '/home/hae/robot_ws/src/build/robot_go_pkg': AMENT_PREFIX_PATH=/home/hae/robot_ws/src/install/robot_action:${AMENT_PREFIX_PATH} CMAKE_PREFIX_PATH=/home/hae/robot_ws/src/install/robot_action:/opt/ros/humble LD_LIBRARY_PATH=/home/hae/robot_ws/src/install/robot_action/lib:${LD_LIBRARY_PATH} PYTHONPATH=/home/hae/robot_ws/src/install/robot_action/local/lib/python3.10/dist-packages:${PYTHONPATH} /usr/bin/cmake --build /home/hae/robot_ws/src/build/robot_go_pkg -- -j4 -l4
[2.009s] DEBUG:colcon.colcon_core.event_handler.log_command:Invoked command in '/home/hae/robot_ws/src/build/robot_go_pkg' returned '0': AMENT_PREFIX_PATH=/home/hae/robot_ws/src/install/robot_action:${AMENT_PREFIX_PATH} CMAKE_PREFIX_PATH=/home/hae/robot_ws/src/install/robot_action:/opt/ros/humble LD_LIBRARY_PATH=/home/hae/robot_ws/src/install/robot_action/lib:${LD_LIBRARY_PATH} PYTHONPATH=/home/hae/robot_ws/src/install/robot_action/local/lib/python3.10/dist-packages:${PYTHONPATH} /usr/bin/cmake --build /home/hae/robot_ws/src/build/robot_go_pkg -- -j4 -l4
[2.207s] DEBUG:colcon.colcon_core.event_handler.log_command:Invoking command in '/home/hae/robot_ws/src/build/robot_go_pkg': AMENT_PREFIX_PATH=/home/hae/robot_ws/src/install/robot_action:${AMENT_PREFIX_PATH} CMAKE_PREFIX_PATH=/home/hae/robot_ws/src/install/robot_action:/opt/ros/humble LD_LIBRARY_PATH=/home/hae/robot_ws/src/install/robot_action/lib:${LD_LIBRARY_PATH} PYTHONPATH=/home/hae/robot_ws/src/install/robot_action/local/lib/python3.10/dist-packages:${PYTHONPATH} /usr/bin/cmake --install /home/hae/robot_ws/src/build/robot_go_pkg
[2.291s] Level 1:colcon.colcon_core.environment:create_environment_scripts_only(robot_go_pkg)
[2.294s] DEBUG:colcon.colcon_core.event_handler.log_command:Invoked command in '/home/hae/robot_ws/src/build/robot_go_pkg' returned '0': AMENT_PREFIX_PATH=/home/hae/robot_ws/src/install/robot_action:${AMENT_PREFIX_PATH} CMAKE_PREFIX_PATH=/home/hae/robot_ws/src/install/robot_action:/opt/ros/humble LD_LIBRARY_PATH=/home/hae/robot_ws/src/install/robot_action/lib:${LD_LIBRARY_PATH} PYTHONPATH=/home/hae/robot_ws/src/install/robot_action/local/lib/python3.10/dist-packages:${PYTHONPATH} /usr/bin/cmake --install /home/hae/robot_ws/src/build/robot_go_pkg
[2.306s] Level 1:colcon.colcon_core.environment:checking '/home/hae/robot_ws/src/install/robot_go_pkg' for CMake module files
[2.309s] Level 1:colcon.colcon_core.environment:checking '/home/hae/robot_ws/src/install/robot_go_pkg' for CMake config files
[2.310s] Level 1:colcon.colcon_core.shell:create_environment_hook('robot_go_pkg', 'cmake_prefix_path')
[2.311s] INFO:colcon.colcon_core.shell:Creating environment hook '/home/hae/robot_ws/src/install/robot_go_pkg/share/robot_go_pkg/hook/cmake_prefix_path.ps1'
[2.314s] INFO:colcon.colcon_core.shell:Creating environment descriptor '/home/hae/robot_ws/src/install/robot_go_pkg/share/robot_go_pkg/hook/cmake_prefix_path.dsv'
[2.316s] INFO:colcon.colcon_core.shell:Creating environment hook '/home/hae/robot_ws/src/install/robot_go_pkg/share/robot_go_pkg/hook/cmake_prefix_path.sh'
[2.320s] Level 1:colcon.colcon_core.environment:checking '/home/hae/robot_ws/src/install/robot_go_pkg/lib'
[2.321s] Level 1:colcon.colcon_core.environment:checking '/home/hae/robot_ws/src/install/robot_go_pkg/bin'
[2.321s] Level 1:colcon.colcon_core.environment:checking '/home/hae/robot_ws/src/install/robot_go_pkg/lib/pkgconfig/robot_go_pkg.pc'
[2.322s] Level 1:colcon.colcon_core.environment:checking '/home/hae/robot_ws/src/install/robot_go_pkg/lib/python3.10/site-packages'
[2.323s] Level 1:colcon.colcon_core.environment:checking '/home/hae/robot_ws/src/install/robot_go_pkg/bin'
[2.324s] INFO:colcon.colcon_core.shell:Creating package script '/home/hae/robot_ws/src/install/robot_go_pkg/share/robot_go_pkg/package.ps1'
[2.327s] INFO:colcon.colcon_core.shell:Creating package descriptor '/home/hae/robot_ws/src/install/robot_go_pkg/share/robot_go_pkg/package.dsv'
[2.329s] INFO:colcon.colcon_core.shell:Creating package script '/home/hae/robot_ws/src/install/robot_go_pkg/share/robot_go_pkg/package.sh'
[2.333s] INFO:colcon.colcon_core.shell:Creating package script '/home/hae/robot_ws/src/install/robot_go_pkg/share/robot_go_pkg/package.bash'
[2.336s] INFO:colcon.colcon_core.shell:Creating package script '/home/hae/robot_ws/src/install/robot_go_pkg/share/robot_go_pkg/package.zsh'
[2.339s] Level 1:colcon.colcon_core.environment:create_file_with_runtime_dependencies(/home/hae/robot_ws/src/install/robot_go_pkg/share/colcon-core/packages/robot_go_pkg)
[2.493s] Level 1:colcon.colcon_core.environment:create_environment_scripts_only(robot_go_pkg)
[2.494s] Level 1:colcon.colcon_core.environment:checking '/home/hae/robot_ws/src/install/robot_go_pkg' for CMake module files
[2.498s] Level 1:colcon.colcon_core.environment:checking '/home/hae/robot_ws/src/install/robot_go_pkg' for CMake config files
[2.499s] Level 1:colcon.colcon_core.shell:create_environment_hook('robot_go_pkg', 'cmake_prefix_path')
[2.500s] INFO:colcon.colcon_core.shell:Creating environment hook '/home/hae/robot_ws/src/install/robot_go_pkg/share/robot_go_pkg/hook/cmake_prefix_path.ps1'
[2.502s] INFO:colcon.colcon_core.shell:Creating environment descriptor '/home/hae/robot_ws/src/install/robot_go_pkg/share/robot_go_pkg/hook/cmake_prefix_path.dsv'
[2.504s] INFO:colcon.colcon_core.shell:Creating environment hook '/home/hae/robot_ws/src/install/robot_go_pkg/share/robot_go_pkg/hook/cmake_prefix_path.sh'
[2.507s] Level 1:colcon.colcon_core.environment:checking '/home/hae/robot_ws/src/install/robot_go_pkg/lib'
[2.507s] Level 1:colcon.colcon_core.environment:checking '/home/hae/robot_ws/src/install/robot_go_pkg/bin'
[2.508s] Level 1:colcon.colcon_core.environment:checking '/home/hae/robot_ws/src/install/robot_go_pkg/lib/pkgconfig/robot_go_pkg.pc'
[2.509s] Level 1:colcon.colcon_core.environment:checking '/home/hae/robot_ws/src/install/robot_go_pkg/lib/python3.10/site-packages'
[2.510s] Level 1:colcon.colcon_core.environment:checking '/home/hae/robot_ws/src/install/robot_go_pkg/bin'
[2.511s] INFO:colcon.colcon_core.shell:Creating package script '/home/hae/robot_ws/src/install/robot_go_pkg/share/robot_go_pkg/package.ps1'
[2.514s] INFO:colcon.colcon_core.shell:Creating package descriptor '/home/hae/robot_ws/src/install/robot_go_pkg/share/robot_go_pkg/package.dsv'
[2.516s] INFO:colcon.colcon_core.shell:Creating package script '/home/hae/robot_ws/src/install/robot_go_pkg/share/robot_go_pkg/package.sh'
[2.518s] INFO:colcon.colcon_core.shell:Creating package script '/home/hae/robot_ws/src/install/robot_go_pkg/share/robot_go_pkg/package.bash'
[2.520s] INFO:colcon.colcon_core.shell:Creating package script '/home/hae/robot_ws/src/install/robot_go_pkg/share/robot_go_pkg/package.zsh'
[2.522s] Level 1:colcon.colcon_core.environment:create_file_with_runtime_dependencies(/home/hae/robot_ws/src/install/robot_go_pkg/share/colcon-core/packages/robot_go_pkg)
[2.523s] DEBUG:colcon.colcon_parallel_executor.executor.parallel:closing loop
[2.525s] DEBUG:colcon.colcon_parallel_executor.executor.parallel:loop closed
[2.525s] DEBUG:colcon.colcon_parallel_executor.executor.parallel:run_until_complete finished with '0'
[2.526s] DEBUG:colcon.colcon_core.event_reactor:joining thread
[2.548s] INFO:colcon.colcon_core.plugin_system:Skipping extension 'colcon_notification.desktop_notification.terminal_notifier': Not used on non-Darwin systems
[2.549s] INFO:colcon.colcon_core.plugin_system:Skipping extension 'colcon_notification.desktop_notification.win32': Not used on non-Windows systems
[2.549s] INFO:colcon.colcon_notification.desktop_notification:Sending desktop notification using 'notify2'
[2.587s] DEBUG:colcon.colcon_core.event_reactor:joined thread
[2.589s] INFO:colcon.colcon_core.shell:Creating prefix script '/home/hae/robot_ws/src/install/local_setup.ps1'
[2.593s] INFO:colcon.colcon_core.shell:Creating prefix util module '/home/hae/robot_ws/src/install/_local_setup_util_ps1.py'
[2.598s] INFO:colcon.colcon_core.shell:Creating prefix chain script '/home/hae/robot_ws/src/install/setup.ps1'
[2.602s] INFO:colcon.colcon_core.shell:Creating prefix script '/home/hae/robot_ws/src/install/local_setup.sh'
[2.605s] INFO:colcon.colcon_core.shell:Creating prefix util module '/home/hae/robot_ws/src/install/_local_setup_util_sh.py'
[2.608s] INFO:colcon.colcon_core.shell:Creating prefix chain script '/home/hae/robot_ws/src/install/setup.sh'
[2.613s] INFO:colcon.colcon_core.shell:Creating prefix script '/home/hae/robot_ws/src/install/local_setup.bash'
[2.616s] INFO:colcon.colcon_core.shell:Creating prefix chain script '/home/hae/robot_ws/src/install/setup.bash'
[2.620s] INFO:colcon.colcon_core.shell:Creating prefix script '/home/hae/robot_ws/src/install/local_setup.zsh'
[2.622s] INFO:colcon.colcon_core.shell:Creating prefix chain script '/home/hae/robot_ws/src/install/setup.zsh'
