[0.043s] Invoking command in '/home/hae/robot_ws/src/build/robot_drive_pkg': CMAKE_PREFIX_PATH=/opt/ros/humble /usr/bin/cmake /home/hae/robot_ws/src/robot_drive_pkg -DAMENT_CMAKE_SYMLINK_INSTALL=1 -DCMAKE_INSTALL_PREFIX=/home/hae/robot_ws/src/install/robot_drive_pkg
[0.097s] -- Found ament_cmake: 1.3.9 (/opt/ros/humble/share/ament_cmake/cmake)
[0.666s] -- Override CMake install command with custom implementation using symlinks instead of copying resources
[0.699s] -- Found rclcpp: 16.0.9 (/opt/ros/humble/share/rclcpp/cmake)
[0.878s] -- Found rosidl_generator_c: 3.1.5 (/opt/ros/humble/share/rosidl_generator_c/cmake)
[0.888s] -- Found rosidl_adapter: 3.1.5 (/opt/ros/humble/share/rosidl_adapter/cmake)
[0.914s] -- Found rosidl_generator_cpp: 3.1.5 (/opt/ros/humble/share/rosidl_generator_cpp/cmake)
[0.958s] -- Using all available rosidl_typesupport_c: rosidl_typesupport_fastrtps_c;rosidl_typesupport_introspection_c
[1.021s] -- Using all available rosidl_typesupport_cpp: rosidl_typesupport_fastrtps_cpp;rosidl_typesupport_introspection_cpp
[1.243s] -- Found rmw_implementation_cmake: 6.1.2 (/opt/ros/humble/share/rmw_implementation_cmake/cmake)
[1.249s] -- Found rmw_fastrtps_cpp: 6.2.6 (/opt/ros/humble/share/rmw_fastrtps_cpp/cmake)
[2.269s] -- Using RMW implementation 'rmw_fastrtps_cpp' as default
[2.880s] -- Found sensor_msgs: 4.2.4 (/opt/ros/humble/share/sensor_msgs/cmake)
[3.531s] [31mCMake Error at CMakeLists.txt:13 (find_package):
[3.531s]   By not providing "Findgeometry_megs.cmake" in CMAKE_MODULE_PATH this
[3.532s]   project has asked CMake to find a package configuration file provided by
[3.532s]   "geometry_megs", but CMake did not find one.
[3.533s] 
[3.533s]   Could not find a package configuration file provided by "geometry_megs"
[3.534s]   with any of the following names:
[3.534s] 
[3.535s]     geometry_megsConfig.cmake
[3.535s]     geometry_megs-config.cmake
[3.535s] 
[3.536s]   Add the installation prefix of "geometry_megs" to CMAKE_PREFIX_PATH or set
[3.536s]   "geometry_megs_DIR" to a directory containing one of the above files.  If
[3.537s]   "geometry_megs" provides a separate development package or SDK, be sure it
[3.537s]   has been installed.
[3.537s] 
[3.538s] [0m
[3.539s] -- Configuring incomplete, errors occurred!
[3.539s] See also "/home/hae/robot_ws/src/build/robot_drive_pkg/CMakeFiles/CMakeOutput.log".
[3.562s] Invoked command in '/home/hae/robot_ws/src/build/robot_drive_pkg' returned '1': CMAKE_PREFIX_PATH=/opt/ros/humble /usr/bin/cmake /home/hae/robot_ws/src/robot_drive_pkg -DAMENT_CMAKE_SYMLINK_INSTALL=1 -DCMAKE_INSTALL_PREFIX=/home/hae/robot_ws/src/install/robot_drive_pkg
