[0.054s] Invoking command in '/home/hae/robot_ws/src/build/robot_grid_pkg': CMAKE_PREFIX_PATH=${CMAKE_PREFIX_PATH}:/opt/ros/humble /usr/bin/cmake --build /home/hae/robot_ws/src/build/robot_grid_pkg -- -j4 -l4
[0.244s] [35m[1mConsolidate compiler generated dependencies of target grid_node[0m
[0.341s] [ 50%] [32mBuilding CXX object CMakeFiles/grid_node.dir/src/grid.cpp.o[0m
[12.608s] [01m[K/home/hae/robot_ws/src/robot_grid_pkg/src/grid.cpp:[m[K In function ‘[01m[Kbool is_turn(Point, Point, Point)[m[K’:
[12.609s] [01m[K/home/hae/robot_ws/src/robot_grid_pkg/src/grid.cpp:53:32:[m[K [01;35m[Kwarning: [m[Kunused parameter ‘[01m[Kcurrent[m[K’ [[01;35m[K]8;;https://gcc.gnu.org/onlinedocs/gcc/Warning-Options.html#index-Wunused-parameter-Wunused-parameter]8;;[m[K]
[12.610s]    53 | bool is_turn(Point prev, [01;35m[KPoint current[m[K, Point next) {
[12.611s]       |                          [01;35m[K~~~~~~^~~~~~~[m[K
[36.969s] [100%] [32m[1mLinking CXX executable grid_node[0m
[39.205s] [100%] Built target grid_node
[39.250s] Invoked command in '/home/hae/robot_ws/src/build/robot_grid_pkg' returned '0': CMAKE_PREFIX_PATH=${CMAKE_PREFIX_PATH}:/opt/ros/humble /usr/bin/cmake --build /home/hae/robot_ws/src/build/robot_grid_pkg -- -j4 -l4
[39.426s] Invoking command in '/home/hae/robot_ws/src/build/robot_grid_pkg': CMAKE_PREFIX_PATH=${CMAKE_PREFIX_PATH}:/opt/ros/humble /usr/bin/cmake --install /home/hae/robot_ws/src/build/robot_grid_pkg
[39.453s] -- Install configuration: ""
[39.457s] -- Execute custom install script
[39.459s] -- Up-to-date symlink: /home/hae/robot_ws/src/install/robot_grid_pkg/lib/robot_grid_pkg/grid_node
[39.459s] -- Up-to-date symlink: /home/hae/robot_ws/src/install/robot_grid_pkg/share/ament_index/resource_index/package_run_dependencies/robot_grid_pkg
[39.464s] -- Up-to-date symlink: /home/hae/robot_ws/src/install/robot_grid_pkg/share/ament_index/resource_index/parent_prefix_path/robot_grid_pkg
[39.467s] -- Up-to-date symlink: /home/hae/robot_ws/src/install/robot_grid_pkg/share/robot_grid_pkg/environment/ament_prefix_path.sh
[39.469s] -- Up-to-date symlink: /home/hae/robot_ws/src/install/robot_grid_pkg/share/robot_grid_pkg/environment/ament_prefix_path.dsv
[39.470s] -- Up-to-date symlink: /home/hae/robot_ws/src/install/robot_grid_pkg/share/robot_grid_pkg/environment/path.sh
[39.470s] -- Up-to-date symlink: /home/hae/robot_ws/src/install/robot_grid_pkg/share/robot_grid_pkg/environment/path.dsv
[39.470s] -- Up-to-date symlink: /home/hae/robot_ws/src/install/robot_grid_pkg/share/robot_grid_pkg/local_setup.bash
[39.471s] -- Up-to-date symlink: /home/hae/robot_ws/src/install/robot_grid_pkg/share/robot_grid_pkg/local_setup.sh
[39.471s] -- Up-to-date symlink: /home/hae/robot_ws/src/install/robot_grid_pkg/share/robot_grid_pkg/local_setup.zsh
[39.472s] -- Up-to-date symlink: /home/hae/robot_ws/src/install/robot_grid_pkg/share/robot_grid_pkg/local_setup.dsv
[39.472s] -- Symlinking: /home/hae/robot_ws/src/install/robot_grid_pkg/share/robot_grid_pkg/package.dsv
[39.503s] -- Up-to-date symlink: /home/hae/robot_ws/src/install/robot_grid_pkg/share/ament_index/resource_index/packages/robot_grid_pkg
[39.506s] -- Up-to-date symlink: /home/hae/robot_ws/src/install/robot_grid_pkg/share/robot_grid_pkg/cmake/robot_grid_pkgConfig.cmake
[39.507s] -- Up-to-date symlink: /home/hae/robot_ws/src/install/robot_grid_pkg/share/robot_grid_pkg/cmake/robot_grid_pkgConfig-version.cmake
[39.508s] -- Up-to-date symlink: /home/hae/robot_ws/src/install/robot_grid_pkg/share/robot_grid_pkg/package.xml
[39.514s] Invoked command in '/home/hae/robot_ws/src/build/robot_grid_pkg' returned '0': CMAKE_PREFIX_PATH=${CMAKE_PREFIX_PATH}:/opt/ros/humble /usr/bin/cmake --install /home/hae/robot_ws/src/build/robot_grid_pkg
