[0.062s] Invoking command in '/home/hae/robot_ws/src/build/cgps_pkg': CMAKE_PREFIX_PATH=${CMAKE_PREFIX_PATH}:/opt/ros/humble /usr/bin/cmake --build /home/hae/robot_ws/src/build/cgps_pkg -- -j4 -l4
[0.165s] -- Found ament_cmake: 1.3.9 (/opt/ros/humble/share/ament_cmake/cmake)
[0.755s] -- Override CMake install command with custom implementation using symlinks instead of copying resources
[0.790s] -- Found rclcpp: 16.0.9 (/opt/ros/humble/share/rclcpp/cmake)
[0.970s] -- Found rosidl_generator_c: 3.1.5 (/opt/ros/humble/share/rosidl_generator_c/cmake)
[0.981s] -- Found rosidl_adapter: 3.1.5 (/opt/ros/humble/share/rosidl_adapter/cmake)
[1.005s] -- Found rosidl_generator_cpp: 3.1.5 (/opt/ros/humble/share/rosidl_generator_cpp/cmake)
[1.052s] -- Using all available rosidl_typesupport_c: rosidl_typesupport_fastrtps_c;rosidl_typesupport_introspection_c
[1.115s] -- Using all available rosidl_typesupport_cpp: rosidl_typesupport_fastrtps_cpp;rosidl_typesupport_introspection_cpp
[1.342s] -- Found rmw_implementation_cmake: 6.1.2 (/opt/ros/humble/share/rmw_implementation_cmake/cmake)
[1.348s] -- Found rmw_fastrtps_cpp: 6.2.6 (/opt/ros/humble/share/rmw_fastrtps_cpp/cmake)
[2.360s] -- Using RMW implementation 'rmw_fastrtps_cpp' as default
[2.955s] -- Found sensor_msgs: 4.2.4 (/opt/ros/humble/share/sensor_msgs/cmake)
[3.603s] [31mCMake Error at CMakeLists.txt:12 (find_package):
[3.604s]   By not providing "Findlibgpsmm.cmake" in CMAKE_MODULE_PATH this project has
[3.604s]   asked CMake to find a package configuration file provided by "libgpsmm",
[3.604s]   but CMake did not find one.
[3.605s] 
[3.606s]   Could not find a package configuration file provided by "libgpsmm" with any
[3.606s]   of the following names:
[3.607s] 
[3.607s]     libgpsmmConfig.cmake
[3.608s]     libgpsmm-config.cmake
[3.608s] 
[3.609s]   Add the installation prefix of "libgpsmm" to CMAKE_PREFIX_PATH or set
[3.611s]   "libgpsmm_DIR" to a directory containing one of the above files.  If
[3.613s]   "libgpsmm" provides a separate development package or SDK, be sure it has
[3.613s]   been installed.
[3.614s] 
[3.615s] [0m
[3.616s] -- Configuring incomplete, errors occurred!
[3.617s] See also "/home/hae/robot_ws/src/build/cgps_pkg/CMakeFiles/CMakeOutput.log".
[3.637s] gmake: *** [Makefile:267: cmake_check_build_system] Error 1
[3.640s] Invoked command in '/home/hae/robot_ws/src/build/cgps_pkg' returned '2': CMAKE_PREFIX_PATH=${CMAKE_PREFIX_PATH}:/opt/ros/humble /usr/bin/cmake --build /home/hae/robot_ws/src/build/cgps_pkg -- -j4 -l4
