[0.888s] DEBUG:colcon:Command line arguments: ['/usr/bin/colcon', 'build', '--symlink-install', '--packages-select', 'dot_pkg']
[0.889s] DEBUG:colcon:Parsed command line arguments: Namespace(log_base=None, log_level=None, verb_name='build', build_base='build', install_base='install', merge_install=False, symlink_install=True, test_result_base=None, continue_on_error=False, executor='parallel', parallel_workers=4, event_handlers=None, ignore_user_meta=False, metas=['./colcon.meta'], base_paths=['.'], packages_ignore=None, packages_ignore_regex=None, paths=None, packages_up_to=None, packages_up_to_regex=None, packages_above=None, packages_above_and_dependencies=None, packages_above_depth=None, packages_select_by_dep=None, packages_skip_by_dep=None, packages_skip_up_to=None, packages_select_build_failed=False, packages_skip_build_finished=False, packages_select_test_failures=False, packages_skip_test_passed=False, packages_select=['dot_pkg'], packages_skip=None, packages_select_regex=None, packages_skip_regex=None, packages_start=None, packages_end=None, allow_overriding=[], cmake_args=None, cmake_target=None, cmake_target_skip_unavailable=False, cmake_clean_cache=False, cmake_clean_first=False, cmake_force_configure=False, ament_cmake_args=None, catkin_cmake_args=None, catkin_skip_building_tests=False, mixin_files=None, mixin=None, verb_parser=<colcon_mixin.mixin.mixin_argument.MixinArgumentDecorator object at 0xffff85c319c0>, verb_extension=<colcon_core.verb.build.BuildVerb object at 0xffff85e020e0>, main=<bound method BuildVerb.main of <colcon_core.verb.build.BuildVerb object at 0xffff85e020e0>>, mixin_verb=('build',))
[2.410s] Level 1:colcon.colcon_core.package_discovery:discover_packages(colcon_meta) check parameters
[2.411s] Level 1:colcon.colcon_core.package_discovery:discover_packages(recursive) check parameters
[2.411s] Level 1:colcon.colcon_core.package_discovery:discover_packages(ignore) check parameters
[2.412s] Level 1:colcon.colcon_core.package_discovery:discover_packages(path) check parameters
[2.412s] Level 1:colcon.colcon_core.package_discovery:discover_packages(colcon_meta) discover
[2.413s] Level 1:colcon.colcon_core.package_discovery:discover_packages(recursive) discover
[2.413s] INFO:colcon.colcon_core.package_discovery:Crawling recursively for packages in '/home/hae/robot_ws/src'
[2.414s] Level 1:colcon.colcon_core.package_identification:_identify(.) by extensions ['ignore', 'ignore_ament_install']
[2.415s] Level 1:colcon.colcon_core.package_identification:_identify(.) by extension 'ignore'
[2.415s] Level 1:colcon.colcon_core.package_identification:_identify(.) by extension 'ignore_ament_install'
[2.416s] Level 1:colcon.colcon_core.package_identification:_identify(.) by extensions ['colcon_pkg']
[2.416s] Level 1:colcon.colcon_core.package_identification:_identify(.) by extension 'colcon_pkg'
[2.416s] Level 1:colcon.colcon_core.package_identification:_identify(.) by extensions ['colcon_meta']
[2.417s] Level 1:colcon.colcon_core.package_identification:_identify(.) by extension 'colcon_meta'
[2.417s] Level 1:colcon.colcon_core.package_identification:_identify(.) by extensions ['ros']
[2.417s] Level 1:colcon.colcon_core.package_identification:_identify(.) by extension 'ros'
[2.514s] Level 1:colcon.colcon_core.package_identification:_identify(.) by extensions ['cmake', 'python']
[2.514s] Level 1:colcon.colcon_core.package_identification:_identify(.) by extension 'cmake'
[2.514s] Level 1:colcon.colcon_core.package_identification:_identify(.) by extension 'python'
[2.515s] Level 1:colcon.colcon_core.package_identification:_identify(.) by extensions ['python_setup_py']
[2.515s] Level 1:colcon.colcon_core.package_identification:_identify(.) by extension 'python_setup_py'
[2.515s] Level 1:colcon.colcon_core.package_identification:_identify(Cgps) by extensions ['ignore', 'ignore_ament_install']
[2.516s] Level 1:colcon.colcon_core.package_identification:_identify(Cgps) by extension 'ignore'
[2.516s] Level 1:colcon.colcon_core.package_identification:_identify(Cgps) by extension 'ignore_ament_install'
[2.516s] Level 1:colcon.colcon_core.package_identification:_identify(Cgps) by extensions ['colcon_pkg']
[2.516s] Level 1:colcon.colcon_core.package_identification:_identify(Cgps) by extension 'colcon_pkg'
[2.517s] Level 1:colcon.colcon_core.package_identification:_identify(Cgps) by extensions ['colcon_meta']
[2.517s] Level 1:colcon.colcon_core.package_identification:_identify(Cgps) by extension 'colcon_meta'
[2.517s] Level 1:colcon.colcon_core.package_identification:_identify(Cgps) by extensions ['ros']
[2.517s] Level 1:colcon.colcon_core.package_identification:_identify(Cgps) by extension 'ros'
[2.518s] Level 1:colcon.colcon_core.package_identification:_identify(Cgps) by extensions ['cmake', 'python']
[2.518s] Level 1:colcon.colcon_core.package_identification:_identify(Cgps) by extension 'cmake'
[2.518s] Level 1:colcon.colcon_core.package_identification:_identify(Cgps) by extension 'python'
[2.518s] Level 1:colcon.colcon_core.package_identification:_identify(Cgps) by extensions ['python_setup_py']
[2.518s] Level 1:colcon.colcon_core.package_identification:_identify(Cgps) by extension 'python_setup_py'
[2.519s] Level 1:colcon.colcon_core.package_identification:_identify(action_test) by extensions ['ignore', 'ignore_ament_install']
[2.519s] Level 1:colcon.colcon_core.package_identification:_identify(action_test) by extension 'ignore'
[2.519s] Level 1:colcon.colcon_core.package_identification:_identify(action_test) by extension 'ignore_ament_install'
[2.520s] Level 1:colcon.colcon_core.package_identification:_identify(action_test) by extensions ['colcon_pkg']
[2.520s] Level 1:colcon.colcon_core.package_identification:_identify(action_test) by extension 'colcon_pkg'
[2.520s] Level 1:colcon.colcon_core.package_identification:_identify(action_test) by extensions ['colcon_meta']
[2.520s] Level 1:colcon.colcon_core.package_identification:_identify(action_test) by extension 'colcon_meta'
[2.520s] Level 1:colcon.colcon_core.package_identification:_identify(action_test) by extensions ['ros']
[2.520s] Level 1:colcon.colcon_core.package_identification:_identify(action_test) by extension 'ros'
[2.534s] DEBUG:colcon.colcon_core.package_identification:Package 'action_test' with type 'ros.ament_cmake' and name 'action_test'
[2.535s] Level 1:colcon.colcon_core.package_identification:_identify(build) by extensions ['ignore', 'ignore_ament_install']
[2.535s] Level 1:colcon.colcon_core.package_identification:_identify(build) by extension 'ignore'
[2.535s] Level 1:colcon.colcon_core.package_identification:_identify(build) ignored
[2.536s] Level 1:colcon.colcon_core.package_identification:_identify(cgps_pkg) by extensions ['ignore', 'ignore_ament_install']
[2.536s] Level 1:colcon.colcon_core.package_identification:_identify(cgps_pkg) by extension 'ignore'
[2.537s] Level 1:colcon.colcon_core.package_identification:_identify(cgps_pkg) by extension 'ignore_ament_install'
[2.537s] Level 1:colcon.colcon_core.package_identification:_identify(cgps_pkg) by extensions ['colcon_pkg']
[2.537s] Level 1:colcon.colcon_core.package_identification:_identify(cgps_pkg) by extension 'colcon_pkg'
[2.537s] Level 1:colcon.colcon_core.package_identification:_identify(cgps_pkg) by extensions ['colcon_meta']
[2.537s] Level 1:colcon.colcon_core.package_identification:_identify(cgps_pkg) by extension 'colcon_meta'
[2.538s] Level 1:colcon.colcon_core.package_identification:_identify(cgps_pkg) by extensions ['ros']
[2.538s] Level 1:colcon.colcon_core.package_identification:_identify(cgps_pkg) by extension 'ros'
[2.541s] DEBUG:colcon.colcon_core.package_identification:Package 'cgps_pkg' with type 'ros.ament_cmake' and name 'cgps_pkg'
[2.542s] Level 1:colcon.colcon_core.package_identification:_identify(dot_pkg) by extensions ['ignore', 'ignore_ament_install']
[2.542s] Level 1:colcon.colcon_core.package_identification:_identify(dot_pkg) by extension 'ignore'
[2.543s] Level 1:colcon.colcon_core.package_identification:_identify(dot_pkg) by extension 'ignore_ament_install'
[2.543s] Level 1:colcon.colcon_core.package_identification:_identify(dot_pkg) by extensions ['colcon_pkg']
[2.543s] Level 1:colcon.colcon_core.package_identification:_identify(dot_pkg) by extension 'colcon_pkg'
[2.543s] Level 1:colcon.colcon_core.package_identification:_identify(dot_pkg) by extensions ['colcon_meta']
[2.544s] Level 1:colcon.colcon_core.package_identification:_identify(dot_pkg) by extension 'colcon_meta'
[2.544s] Level 1:colcon.colcon_core.package_identification:_identify(dot_pkg) by extensions ['ros']
[2.544s] Level 1:colcon.colcon_core.package_identification:_identify(dot_pkg) by extension 'ros'
[2.547s] DEBUG:colcon.colcon_core.package_identification:Package 'dot_pkg' with type 'ros.ament_cmake' and name 'dot_pkg'
[2.548s] Level 1:colcon.colcon_core.package_identification:_identify(install) by extensions ['ignore', 'ignore_ament_install']
[2.549s] Level 1:colcon.colcon_core.package_identification:_identify(install) by extension 'ignore'
[2.549s] Level 1:colcon.colcon_core.package_identification:_identify(install) ignored
[2.552s] Level 1:colcon.colcon_core.package_identification:_identify(log) by extensions ['ignore', 'ignore_ament_install']
[2.553s] Level 1:colcon.colcon_core.package_identification:_identify(log) by extension 'ignore'
[2.553s] Level 1:colcon.colcon_core.package_identification:_identify(log) ignored
[2.554s] Level 1:colcon.colcon_core.package_identification:_identify(robot_action) by extensions ['ignore', 'ignore_ament_install']
[2.554s] Level 1:colcon.colcon_core.package_identification:_identify(robot_action) by extension 'ignore'
[2.554s] Level 1:colcon.colcon_core.package_identification:_identify(robot_action) by extension 'ignore_ament_install'
[2.555s] Level 1:colcon.colcon_core.package_identification:_identify(robot_action) by extensions ['colcon_pkg']
[2.555s] Level 1:colcon.colcon_core.package_identification:_identify(robot_action) by extension 'colcon_pkg'
[2.555s] Level 1:colcon.colcon_core.package_identification:_identify(robot_action) by extensions ['colcon_meta']
[2.555s] Level 1:colcon.colcon_core.package_identification:_identify(robot_action) by extension 'colcon_meta'
[2.555s] Level 1:colcon.colcon_core.package_identification:_identify(robot_action) by extensions ['ros']
[2.555s] Level 1:colcon.colcon_core.package_identification:_identify(robot_action) by extension 'ros'
[2.558s] DEBUG:colcon.colcon_core.package_identification:Package 'robot_action' with type 'ros.ament_cmake' and name 'robot_action'
[2.559s] Level 1:colcon.colcon_core.package_identification:_identify(robot_cleaner_pkg) by extensions ['ignore', 'ignore_ament_install']
[2.559s] Level 1:colcon.colcon_core.package_identification:_identify(robot_cleaner_pkg) by extension 'ignore'
[2.559s] Level 1:colcon.colcon_core.package_identification:_identify(robot_cleaner_pkg) by extension 'ignore_ament_install'
[2.560s] Level 1:colcon.colcon_core.package_identification:_identify(robot_cleaner_pkg) by extensions ['colcon_pkg']
[2.560s] Level 1:colcon.colcon_core.package_identification:_identify(robot_cleaner_pkg) by extension 'colcon_pkg'
[2.560s] Level 1:colcon.colcon_core.package_identification:_identify(robot_cleaner_pkg) by extensions ['colcon_meta']
[2.560s] Level 1:colcon.colcon_core.package_identification:_identify(robot_cleaner_pkg) by extension 'colcon_meta'
[2.560s] Level 1:colcon.colcon_core.package_identification:_identify(robot_cleaner_pkg) by extensions ['ros']
[2.561s] Level 1:colcon.colcon_core.package_identification:_identify(robot_cleaner_pkg) by extension 'ros'
[2.564s] DEBUG:colcon.colcon_core.package_identification:Package 'robot_cleaner_pkg' with type 'ros.ament_cmake' and name 'robot_cleaner_pkg'
[2.565s] Level 1:colcon.colcon_core.package_identification:_identify(robot_drive_pkg) by extensions ['ignore', 'ignore_ament_install']
[2.565s] Level 1:colcon.colcon_core.package_identification:_identify(robot_drive_pkg) by extension 'ignore'
[2.565s] Level 1:colcon.colcon_core.package_identification:_identify(robot_drive_pkg) by extension 'ignore_ament_install'
[2.566s] Level 1:colcon.colcon_core.package_identification:_identify(robot_drive_pkg) by extensions ['colcon_pkg']
[2.566s] Level 1:colcon.colcon_core.package_identification:_identify(robot_drive_pkg) by extension 'colcon_pkg'
[2.566s] Level 1:colcon.colcon_core.package_identification:_identify(robot_drive_pkg) by extensions ['colcon_meta']
[2.566s] Level 1:colcon.colcon_core.package_identification:_identify(robot_drive_pkg) by extension 'colcon_meta'
[2.566s] Level 1:colcon.colcon_core.package_identification:_identify(robot_drive_pkg) by extensions ['ros']
[2.566s] Level 1:colcon.colcon_core.package_identification:_identify(robot_drive_pkg) by extension 'ros'
[2.570s] DEBUG:colcon.colcon_core.package_identification:Package 'robot_drive_pkg' with type 'ros.ament_cmake' and name 'robot_drive_pkg'
[2.570s] Level 1:colcon.colcon_core.package_identification:_identify(robot_go_pkg) by extensions ['ignore', 'ignore_ament_install']
[2.571s] Level 1:colcon.colcon_core.package_identification:_identify(robot_go_pkg) by extension 'ignore'
[2.571s] Level 1:colcon.colcon_core.package_identification:_identify(robot_go_pkg) by extension 'ignore_ament_install'
[2.571s] Level 1:colcon.colcon_core.package_identification:_identify(robot_go_pkg) by extensions ['colcon_pkg']
[2.571s] Level 1:colcon.colcon_core.package_identification:_identify(robot_go_pkg) by extension 'colcon_pkg'
[2.571s] Level 1:colcon.colcon_core.package_identification:_identify(robot_go_pkg) by extensions ['colcon_meta']
[2.572s] Level 1:colcon.colcon_core.package_identification:_identify(robot_go_pkg) by extension 'colcon_meta'
[2.572s] Level 1:colcon.colcon_core.package_identification:_identify(robot_go_pkg) by extensions ['ros']
[2.572s] Level 1:colcon.colcon_core.package_identification:_identify(robot_go_pkg) by extension 'ros'
[2.577s] DEBUG:colcon.colcon_core.package_identification:Package 'robot_go_pkg' with type 'ros.ament_cmake' and name 'robot_go_pkg'
[2.577s] Level 1:colcon.colcon_core.package_identification:_identify(robot_move_pkg) by extensions ['ignore', 'ignore_ament_install']
[2.578s] Level 1:colcon.colcon_core.package_identification:_identify(robot_move_pkg) by extension 'ignore'
[2.578s] Level 1:colcon.colcon_core.package_identification:_identify(robot_move_pkg) by extension 'ignore_ament_install'
[2.579s] Level 1:colcon.colcon_core.package_identification:_identify(robot_move_pkg) by extensions ['colcon_pkg']
[2.579s] Level 1:colcon.colcon_core.package_identification:_identify(robot_move_pkg) by extension 'colcon_pkg'
[2.579s] Level 1:colcon.colcon_core.package_identification:_identify(robot_move_pkg) by extensions ['colcon_meta']
[2.579s] Level 1:colcon.colcon_core.package_identification:_identify(robot_move_pkg) by extension 'colcon_meta'
[2.579s] Level 1:colcon.colcon_core.package_identification:_identify(robot_move_pkg) by extensions ['ros']
[2.579s] Level 1:colcon.colcon_core.package_identification:_identify(robot_move_pkg) by extension 'ros'
[2.583s] DEBUG:colcon.colcon_core.package_identification:Package 'robot_move_pkg' with type 'ros.ament_cmake' and name 'robot_move_pkg'
[2.583s] Level 1:colcon.colcon_core.package_identification:_identify(test_pkg) by extensions ['ignore', 'ignore_ament_install']
[2.584s] Level 1:colcon.colcon_core.package_identification:_identify(test_pkg) by extension 'ignore'
[2.584s] Level 1:colcon.colcon_core.package_identification:_identify(test_pkg) by extension 'ignore_ament_install'
[2.584s] Level 1:colcon.colcon_core.package_identification:_identify(test_pkg) by extensions ['colcon_pkg']
[2.584s] Level 1:colcon.colcon_core.package_identification:_identify(test_pkg) by extension 'colcon_pkg'
[2.585s] Level 1:colcon.colcon_core.package_identification:_identify(test_pkg) by extensions ['colcon_meta']
[2.585s] Level 1:colcon.colcon_core.package_identification:_identify(test_pkg) by extension 'colcon_meta'
[2.585s] Level 1:colcon.colcon_core.package_identification:_identify(test_pkg) by extensions ['ros']
[2.585s] Level 1:colcon.colcon_core.package_identification:_identify(test_pkg) by extension 'ros'
[2.589s] DEBUG:colcon.colcon_core.package_identification:Package 'test_pkg' with type 'ros.ament_cmake' and name 'test_pkg'
[2.589s] Level 1:colcon.colcon_core.package_discovery:discover_packages(recursive) using defaults
[2.590s] Level 1:colcon.colcon_core.package_discovery:discover_packages(ignore) discover
[2.590s] Level 1:colcon.colcon_core.package_discovery:discover_packages(ignore) using defaults
[2.590s] Level 1:colcon.colcon_core.package_discovery:discover_packages(path) discover
[2.590s] Level 1:colcon.colcon_core.package_discovery:discover_packages(path) using defaults
[2.730s] INFO:colcon.colcon_core.package_selection:Skipping not selected package 'cgps_pkg' in 'cgps_pkg'
[2.730s] INFO:colcon.colcon_core.package_selection:Skipping not selected package 'robot_action' in 'robot_action'
[2.731s] INFO:colcon.colcon_core.package_selection:Skipping not selected package 'robot_cleaner_pkg' in 'robot_cleaner_pkg'
[2.731s] INFO:colcon.colcon_core.package_selection:Skipping not selected package 'robot_drive_pkg' in 'robot_drive_pkg'
[2.731s] INFO:colcon.colcon_core.package_selection:Skipping not selected package 'robot_move_pkg' in 'robot_move_pkg'
[2.731s] INFO:colcon.colcon_core.package_selection:Skipping not selected package 'action_test' in 'action_test'
[2.731s] INFO:colcon.colcon_core.package_selection:Skipping not selected package 'robot_go_pkg' in 'robot_go_pkg'
[2.731s] INFO:colcon.colcon_core.package_selection:Skipping not selected package 'test_pkg' in 'test_pkg'
[2.735s] Level 1:colcon.colcon_core.package_discovery:discover_packages(prefix_path) check parameters
[2.735s] Level 1:colcon.colcon_core.package_discovery:discover_packages(prefix_path) discover
[2.761s] DEBUG:colcon.colcon_installed_package_information.package_discovery:Found 10 installed packages in /home/hae/robot_ws/src/install
[2.772s] DEBUG:colcon.colcon_installed_package_information.package_discovery:Found 268 installed packages in /opt/ros/humble
[2.822s] Level 1:colcon.colcon_core.package_discovery:discover_packages(prefix_path) using defaults
[3.146s] Level 5:colcon.colcon_core.verb:set package 'dot_pkg' build argument 'cmake_args' from command line to 'None'
[3.146s] Level 5:colcon.colcon_core.verb:set package 'dot_pkg' build argument 'cmake_target' from command line to 'None'
[3.147s] Level 5:colcon.colcon_core.verb:set package 'dot_pkg' build argument 'cmake_target_skip_unavailable' from command line to 'False'
[3.147s] Level 5:colcon.colcon_core.verb:set package 'dot_pkg' build argument 'cmake_clean_cache' from command line to 'False'
[3.147s] Level 5:colcon.colcon_core.verb:set package 'dot_pkg' build argument 'cmake_clean_first' from command line to 'False'
[3.147s] Level 5:colcon.colcon_core.verb:set package 'dot_pkg' build argument 'cmake_force_configure' from command line to 'False'
[3.147s] Level 5:colcon.colcon_core.verb:set package 'dot_pkg' build argument 'ament_cmake_args' from command line to 'None'
[3.147s] Level 5:colcon.colcon_core.verb:set package 'dot_pkg' build argument 'catkin_cmake_args' from command line to 'None'
[3.147s] Level 5:colcon.colcon_core.verb:set package 'dot_pkg' build argument 'catkin_skip_building_tests' from command line to 'False'
[3.148s] DEBUG:colcon.colcon_core.verb:Building package 'dot_pkg' with the following arguments: {'ament_cmake_args': None, 'build_base': '/home/hae/robot_ws/src/build/dot_pkg', 'catkin_cmake_args': None, 'catkin_skip_building_tests': False, 'cmake_args': None, 'cmake_clean_cache': False, 'cmake_clean_first': False, 'cmake_force_configure': False, 'cmake_target': None, 'cmake_target_skip_unavailable': False, 'install_base': '/home/hae/robot_ws/src/install/dot_pkg', 'merge_install': False, 'path': '/home/hae/robot_ws/src/dot_pkg', 'symlink_install': True, 'test_result_base': None}
[3.148s] INFO:colcon.colcon_core.executor:Executing jobs using 'parallel' executor
[3.153s] DEBUG:colcon.colcon_parallel_executor.executor.parallel:run_until_complete
[3.154s] INFO:colcon.colcon_ros.task.ament_cmake.build:Building ROS package in '/home/hae/robot_ws/src/dot_pkg' with build type 'ament_cmake'
[3.155s] INFO:colcon.colcon_cmake.task.cmake.build:Building CMake package in '/home/hae/robot_ws/src/dot_pkg'
[3.174s] INFO:colcon.colcon_core.plugin_system:Skipping extension 'colcon_core.shell.bat': Not used on non-Windows systems
[3.175s] INFO:colcon.colcon_core.shell:Skip shell extension 'powershell' for command environment: Not usable outside of PowerShell
[3.175s] DEBUG:colcon.colcon_core.shell:Skip shell extension 'dsv' for command environment
[3.225s] DEBUG:colcon.colcon_core.event_handler.log_command:Invoking command in '/home/hae/robot_ws/src/build/dot_pkg': CMAKE_PREFIX_PATH=${CMAKE_PREFIX_PATH}:/opt/ros/humble /usr/bin/cmake --build /home/hae/robot_ws/src/build/dot_pkg -- -j4 -l4
[43.248s] DEBUG:colcon.colcon_core.event_handler.log_command:Invoked command in '/home/hae/robot_ws/src/build/dot_pkg' returned '0': CMAKE_PREFIX_PATH=${CMAKE_PREFIX_PATH}:/opt/ros/humble /usr/bin/cmake --build /home/hae/robot_ws/src/build/dot_pkg -- -j4 -l4
[43.655s] DEBUG:colcon.colcon_core.event_handler.log_command:Invoking command in '/home/hae/robot_ws/src/build/dot_pkg': CMAKE_PREFIX_PATH=${CMAKE_PREFIX_PATH}:/opt/ros/humble /usr/bin/cmake --install /home/hae/robot_ws/src/build/dot_pkg
[43.807s] Level 1:colcon.colcon_core.environment:create_environment_scripts_only(dot_pkg)
[43.824s] DEBUG:colcon.colcon_core.event_handler.log_command:Invoked command in '/home/hae/robot_ws/src/build/dot_pkg' returned '0': CMAKE_PREFIX_PATH=${CMAKE_PREFIX_PATH}:/opt/ros/humble /usr/bin/cmake --install /home/hae/robot_ws/src/build/dot_pkg
[43.973s] Level 1:colcon.colcon_core.environment:checking '/home/hae/robot_ws/src/install/dot_pkg' for CMake module files
[43.986s] Level 1:colcon.colcon_core.environment:checking '/home/hae/robot_ws/src/install/dot_pkg' for CMake config files
[43.994s] Level 1:colcon.colcon_core.shell:create_environment_hook('dot_pkg', 'cmake_prefix_path')
[44.001s] INFO:colcon.colcon_core.shell:Creating environment hook '/home/hae/robot_ws/src/install/dot_pkg/share/dot_pkg/hook/cmake_prefix_path.ps1'
[44.020s] INFO:colcon.colcon_core.shell:Creating environment descriptor '/home/hae/robot_ws/src/install/dot_pkg/share/dot_pkg/hook/cmake_prefix_path.dsv'
[44.026s] INFO:colcon.colcon_core.shell:Creating environment hook '/home/hae/robot_ws/src/install/dot_pkg/share/dot_pkg/hook/cmake_prefix_path.sh'
[44.052s] Level 1:colcon.colcon_core.environment:checking '/home/hae/robot_ws/src/install/dot_pkg/lib'
[44.054s] Level 1:colcon.colcon_core.environment:checking '/home/hae/robot_ws/src/install/dot_pkg/bin'
[44.054s] Level 1:colcon.colcon_core.environment:checking '/home/hae/robot_ws/src/install/dot_pkg/lib/pkgconfig/dot_pkg.pc'
[44.062s] Level 1:colcon.colcon_core.environment:checking '/home/hae/robot_ws/src/install/dot_pkg/lib/python3.10/site-packages'
[44.064s] Level 1:colcon.colcon_core.environment:checking '/home/hae/robot_ws/src/install/dot_pkg/bin'
[44.067s] INFO:colcon.colcon_core.shell:Creating package script '/home/hae/robot_ws/src/install/dot_pkg/share/dot_pkg/package.ps1'
[44.072s] INFO:colcon.colcon_core.shell:Creating package descriptor '/home/hae/robot_ws/src/install/dot_pkg/share/dot_pkg/package.dsv'
[44.078s] INFO:colcon.colcon_core.shell:Creating package script '/home/hae/robot_ws/src/install/dot_pkg/share/dot_pkg/package.sh'
[44.085s] INFO:colcon.colcon_core.shell:Creating package script '/home/hae/robot_ws/src/install/dot_pkg/share/dot_pkg/package.bash'
[44.093s] INFO:colcon.colcon_core.shell:Creating package script '/home/hae/robot_ws/src/install/dot_pkg/share/dot_pkg/package.zsh'
[44.106s] Level 1:colcon.colcon_core.environment:create_file_with_runtime_dependencies(/home/hae/robot_ws/src/install/dot_pkg/share/colcon-core/packages/dot_pkg)
[44.260s] Level 1:colcon.colcon_core.environment:create_environment_scripts_only(dot_pkg)
[44.261s] Level 1:colcon.colcon_core.environment:checking '/home/hae/robot_ws/src/install/dot_pkg' for CMake module files
[44.265s] Level 1:colcon.colcon_core.environment:checking '/home/hae/robot_ws/src/install/dot_pkg' for CMake config files
[44.267s] Level 1:colcon.colcon_core.shell:create_environment_hook('dot_pkg', 'cmake_prefix_path')
[44.268s] INFO:colcon.colcon_core.shell:Creating environment hook '/home/hae/robot_ws/src/install/dot_pkg/share/dot_pkg/hook/cmake_prefix_path.ps1'
[44.270s] INFO:colcon.colcon_core.shell:Creating environment descriptor '/home/hae/robot_ws/src/install/dot_pkg/share/dot_pkg/hook/cmake_prefix_path.dsv'
[44.273s] INFO:colcon.colcon_core.shell:Creating environment hook '/home/hae/robot_ws/src/install/dot_pkg/share/dot_pkg/hook/cmake_prefix_path.sh'
[44.276s] Level 1:colcon.colcon_core.environment:checking '/home/hae/robot_ws/src/install/dot_pkg/lib'
[44.277s] Level 1:colcon.colcon_core.environment:checking '/home/hae/robot_ws/src/install/dot_pkg/bin'
[44.277s] Level 1:colcon.colcon_core.environment:checking '/home/hae/robot_ws/src/install/dot_pkg/lib/pkgconfig/dot_pkg.pc'
[44.279s] Level 1:colcon.colcon_core.environment:checking '/home/hae/robot_ws/src/install/dot_pkg/lib/python3.10/site-packages'
[44.280s] Level 1:colcon.colcon_core.environment:checking '/home/hae/robot_ws/src/install/dot_pkg/bin'
[44.281s] INFO:colcon.colcon_core.shell:Creating package script '/home/hae/robot_ws/src/install/dot_pkg/share/dot_pkg/package.ps1'
[44.284s] INFO:colcon.colcon_core.shell:Creating package descriptor '/home/hae/robot_ws/src/install/dot_pkg/share/dot_pkg/package.dsv'
[44.288s] INFO:colcon.colcon_core.shell:Creating package script '/home/hae/robot_ws/src/install/dot_pkg/share/dot_pkg/package.sh'
[44.290s] INFO:colcon.colcon_core.shell:Creating package script '/home/hae/robot_ws/src/install/dot_pkg/share/dot_pkg/package.bash'
[44.292s] INFO:colcon.colcon_core.shell:Creating package script '/home/hae/robot_ws/src/install/dot_pkg/share/dot_pkg/package.zsh'
[44.294s] Level 1:colcon.colcon_core.environment:create_file_with_runtime_dependencies(/home/hae/robot_ws/src/install/dot_pkg/share/colcon-core/packages/dot_pkg)
[44.301s] DEBUG:colcon.colcon_parallel_executor.executor.parallel:closing loop
[44.310s] DEBUG:colcon.colcon_parallel_executor.executor.parallel:loop closed
[44.311s] DEBUG:colcon.colcon_parallel_executor.executor.parallel:run_until_complete finished with '0'
[44.312s] DEBUG:colcon.colcon_core.event_reactor:joining thread
[44.441s] INFO:colcon.colcon_core.plugin_system:Skipping extension 'colcon_notification.desktop_notification.terminal_notifier': Not used on non-Darwin systems
[44.442s] INFO:colcon.colcon_core.plugin_system:Skipping extension 'colcon_notification.desktop_notification.win32': Not used on non-Windows systems
[44.443s] INFO:colcon.colcon_notification.desktop_notification:Sending desktop notification using 'notify2'
[44.742s] DEBUG:colcon.colcon_core.event_reactor:joined thread
[44.747s] INFO:colcon.colcon_core.shell:Creating prefix script '/home/hae/robot_ws/src/install/local_setup.ps1'
[44.755s] INFO:colcon.colcon_core.shell:Creating prefix util module '/home/hae/robot_ws/src/install/_local_setup_util_ps1.py'
[44.767s] INFO:colcon.colcon_core.shell:Creating prefix chain script '/home/hae/robot_ws/src/install/setup.ps1'
[44.790s] INFO:colcon.colcon_core.shell:Creating prefix script '/home/hae/robot_ws/src/install/local_setup.sh'
[44.795s] INFO:colcon.colcon_core.shell:Creating prefix util module '/home/hae/robot_ws/src/install/_local_setup_util_sh.py'
[44.797s] INFO:colcon.colcon_core.shell:Creating prefix chain script '/home/hae/robot_ws/src/install/setup.sh'
[44.817s] INFO:colcon.colcon_core.shell:Creating prefix script '/home/hae/robot_ws/src/install/local_setup.bash'
[44.824s] INFO:colcon.colcon_core.shell:Creating prefix chain script '/home/hae/robot_ws/src/install/setup.bash'
[44.834s] INFO:colcon.colcon_core.shell:Creating prefix script '/home/hae/robot_ws/src/install/local_setup.zsh'
[44.839s] INFO:colcon.colcon_core.shell:Creating prefix chain script '/home/hae/robot_ws/src/install/setup.zsh'
