[0.067s] Invoking command in '/home/hae/robot_ws/src/build/dot_pkg': CMAKE_PREFIX_PATH=${CMAKE_PREFIX_PATH}:/opt/ros/humble /usr/bin/cmake --build /home/hae/robot_ws/src/build/dot_pkg -- -j4 -l4
[0.334s] [35m[1mConsolidate compiler generated dependencies of target dot_node[0m
[0.432s] [ 50%] [32mBuilding CXX object CMakeFiles/dot_node.dir/src/dot.cpp.o[0m
[37.112s] [100%] [32m[1mLinking CXX executable dot_node[0m
[39.823s] [100%] Built target dot_node
[40.020s] Invoked command in '/home/hae/robot_ws/src/build/dot_pkg' returned '0': CMAKE_PREFIX_PATH=${CMAKE_PREFIX_PATH}:/opt/ros/humble /usr/bin/cmake --build /home/hae/robot_ws/src/build/dot_pkg -- -j4 -l4
[40.494s] Invoking command in '/home/hae/robot_ws/src/build/dot_pkg': CMAKE_PREFIX_PATH=${CMAKE_PREFIX_PATH}:/opt/ros/humble /usr/bin/cmake --install /home/hae/robot_ws/src/build/dot_pkg
[40.535s] -- Install configuration: ""
[40.541s] -- Execute custom install script
[40.548s] -- Up-to-date symlink: /home/hae/robot_ws/src/install/dot_pkg/lib/dot_pkg/dot_node
[40.558s] -- Up-to-date symlink: /home/hae/robot_ws/src/install/dot_pkg/share/ament_index/resource_index/package_run_dependencies/dot_pkg
[40.567s] -- Up-to-date symlink: /home/hae/robot_ws/src/install/dot_pkg/share/ament_index/resource_index/parent_prefix_path/dot_pkg
[40.579s] -- Up-to-date symlink: /home/hae/robot_ws/src/install/dot_pkg/share/dot_pkg/environment/ament_prefix_path.sh
[40.582s] -- Up-to-date symlink: /home/hae/robot_ws/src/install/dot_pkg/share/dot_pkg/environment/ament_prefix_path.dsv
[40.584s] -- Up-to-date symlink: /home/hae/robot_ws/src/install/dot_pkg/share/dot_pkg/environment/path.sh
[40.586s] -- Up-to-date symlink: /home/hae/robot_ws/src/install/dot_pkg/share/dot_pkg/environment/path.dsv
[40.588s] -- Up-to-date symlink: /home/hae/robot_ws/src/install/dot_pkg/share/dot_pkg/local_setup.bash
[40.590s] -- Up-to-date symlink: /home/hae/robot_ws/src/install/dot_pkg/share/dot_pkg/local_setup.sh
[40.592s] -- Up-to-date symlink: /home/hae/robot_ws/src/install/dot_pkg/share/dot_pkg/local_setup.zsh
[40.594s] -- Up-to-date symlink: /home/hae/robot_ws/src/install/dot_pkg/share/dot_pkg/local_setup.dsv
[40.595s] -- Symlinking: /home/hae/robot_ws/src/install/dot_pkg/share/dot_pkg/package.dsv
[40.634s] -- Up-to-date symlink: /home/hae/robot_ws/src/install/dot_pkg/share/ament_index/resource_index/packages/dot_pkg
[40.637s] -- Up-to-date symlink: /home/hae/robot_ws/src/install/dot_pkg/share/dot_pkg/cmake/dot_pkgConfig.cmake
[40.638s] -- Up-to-date symlink: /home/hae/robot_ws/src/install/dot_pkg/share/dot_pkg/cmake/dot_pkgConfig-version.cmake
[40.640s] -- Up-to-date symlink: /home/hae/robot_ws/src/install/dot_pkg/share/dot_pkg/package.xml
[40.661s] Invoked command in '/home/hae/robot_ws/src/build/dot_pkg' returned '0': CMAKE_PREFIX_PATH=${CMAKE_PREFIX_PATH}:/opt/ros/humble /usr/bin/cmake --install /home/hae/robot_ws/src/build/dot_pkg
