[0.053s] Invoking command in '/home/hae/robot_ws/src/build/cgps_pkg': CMAKE_PREFIX_PATH=${CMAKE_PREFIX_PATH}:/opt/ros/humble /usr/bin/cmake --build /home/hae/robot_ws/src/build/cgps_pkg -- -j4 -l4
[0.165s] -- Found ament_cmake: 1.3.9 (/opt/ros/humble/share/ament_cmake/cmake)
[0.765s] -- Override CMake install command with custom implementation using symlinks instead of copying resources
[0.800s] -- Found rclcpp: 16.0.9 (/opt/ros/humble/share/rclcpp/cmake)
[0.974s] -- Found rosidl_generator_c: 3.1.5 (/opt/ros/humble/share/rosidl_generator_c/cmake)
[0.985s] -- Found rosidl_adapter: 3.1.5 (/opt/ros/humble/share/rosidl_adapter/cmake)
[1.010s] -- Found rosidl_generator_cpp: 3.1.5 (/opt/ros/humble/share/rosidl_generator_cpp/cmake)
[1.056s] -- Using all available rosidl_typesupport_c: rosidl_typesupport_fastrtps_c;rosidl_typesupport_introspection_c
[1.119s] -- Using all available rosidl_typesupport_cpp: rosidl_typesupport_fastrtps_cpp;rosidl_typesupport_introspection_cpp
[1.346s] -- Found rmw_implementation_cmake: 6.1.2 (/opt/ros/humble/share/rmw_implementation_cmake/cmake)
[1.352s] -- Found rmw_fastrtps_cpp: 6.2.6 (/opt/ros/humble/share/rmw_fastrtps_cpp/cmake)
[2.350s] -- Using RMW implementation 'rmw_fastrtps_cpp' as default
[2.953s] -- Found sensor_msgs: 4.2.4 (/opt/ros/humble/share/sensor_msgs/cmake)
[3.585s] [31mCMake Error at CMakeLists.txt:12 (find_package):
[3.585s]   By not providing "Findlibgpsmm.cmake" in CMAKE_MODULE_PATH this project has
[3.586s]   asked CMake to find a package configuration file provided by "libgpsmm",
[3.587s]   but CMake did not find one.
[3.587s] 
[3.588s]   Could not find a package configuration file provided by "libgpsmm" with any
[3.589s]   of the following names:
[3.589s] 
[3.590s]     libgpsmmConfig.cmake
[3.592s]     libgpsmm-config.cmake
[3.594s] 
[3.595s]   Add the installation prefix of "libgpsmm" to CMAKE_PREFIX_PATH or set
[3.597s]   "libgpsmm_DIR" to a directory containing one of the above files.  If
[3.598s]   "libgpsmm" provides a separate development package or SDK, be sure it has
[3.600s]   been installed.
[3.601s] 
[3.601s] [0m
[3.602s] -- Configuring incomplete, errors occurred!
[3.605s] See also "/home/hae/robot_ws/src/build/cgps_pkg/CMakeFiles/CMakeOutput.log".
[3.618s] gmake: *** [Makefile:267: cmake_check_build_system] Error 1
[3.624s] Invoked command in '/home/hae/robot_ws/src/build/cgps_pkg' returned '2': CMAKE_PREFIX_PATH=${CMAKE_PREFIX_PATH}:/opt/ros/humble /usr/bin/cmake --build /home/hae/robot_ws/src/build/cgps_pkg -- -j4 -l4
