[35m[1mConsolidate compiler generated dependencies of target gps_node[0m
[ 50%] [32mBuilding CXX object CMakeFiles/gps_node.dir/src/gps.cpp.o[0m
[100%] [32m[1mLinking CXX executable gps_node[0m
[100%] Built target gps_node
-- Install configuration: ""
-- Execute custom install script
-- Up-to-date symlink: /home/hae/robot_ws/src/install/cgps_pkg/lib/cgps_pkg/gps_node
-- Up-to-date symlink: /home/hae/robot_ws/src/install/cgps_pkg/share/ament_index/resource_index/package_run_dependencies/cgps_pkg
-- Up-to-date symlink: /home/hae/robot_ws/src/install/cgps_pkg/share/ament_index/resource_index/parent_prefix_path/cgps_pkg
-- Up-to-date symlink: /home/hae/robot_ws/src/install/cgps_pkg/share/cgps_pkg/environment/ament_prefix_path.sh
-- Up-to-date symlink: /home/hae/robot_ws/src/install/cgps_pkg/share/cgps_pkg/environment/ament_prefix_path.dsv
-- Up-to-date symlink: /home/hae/robot_ws/src/install/cgps_pkg/share/cgps_pkg/environment/path.sh
-- Up-to-date symlink: /home/hae/robot_ws/src/install/cgps_pkg/share/cgps_pkg/environment/path.dsv
-- Up-to-date symlink: /home/hae/robot_ws/src/install/cgps_pkg/share/cgps_pkg/local_setup.bash
-- Up-to-date symlink: /home/hae/robot_ws/src/install/cgps_pkg/share/cgps_pkg/local_setup.sh
-- Up-to-date symlink: /home/hae/robot_ws/src/install/cgps_pkg/share/cgps_pkg/local_setup.zsh
-- Up-to-date symlink: /home/hae/robot_ws/src/install/cgps_pkg/share/cgps_pkg/local_setup.dsv
-- Symlinking: /home/hae/robot_ws/src/install/cgps_pkg/share/cgps_pkg/package.dsv
-- Up-to-date symlink: /home/hae/robot_ws/src/install/cgps_pkg/share/ament_index/resource_index/packages/cgps_pkg
-- Up-to-date symlink: /home/hae/robot_ws/src/install/cgps_pkg/share/cgps_pkg/cmake/cgps_pkgConfig.cmake
-- Up-to-date symlink: /home/hae/robot_ws/src/install/cgps_pkg/share/cgps_pkg/cmake/cgps_pkgConfig-version.cmake
-- Up-to-date symlink: /home/hae/robot_ws/src/install/cgps_pkg/share/cgps_pkg/package.xml
