[35m[1mConsolidate compiler generated dependencies of target cli_node[0m
[ 33%] Built target scan_node
[ 66%] Built target go_node
[ 83%] [32mBuilding CXX object CMakeFiles/cli_node.dir/src/cli.cpp.o[0m
[01m[K/home/hae/robot_ws/src/robot_go_pkg/src/cli.cpp:[m[K In member function ‘[01m[Kvoid TurtlebotClient::send_goal(double)[m[K’:
[01m[K/home/hae/robot_ws/src/robot_go_pkg/src/cli.cpp:41:13:[m[K [01;31m[Kerror: [m[Kno match for ‘[01m[Koperator=[m[K’ (operand types are ‘[01m[Krclcpp_action::Client<robot_action::action::Move>::GoalResponseCallback[m[K’ {aka ‘[01m[Kstd::function<void(std::shared_ptr<rclcpp_action::ClientGoalHandle<robot_action::action::Move> >)>[m[K’} and ‘[01m[KTurtlebotClient::send_goal(double)::<lambda(std::shared_future<std::shared_ptr<rclcpp_action::ClientGoalHandle<robot_action::action::Move> > >)>[m[K’)
   41 |             [01;31m[K}[m[K;
      |             [01;31m[K^[m[K
In file included from [01m[K/usr/include/c++/11/future:47[m[K,
                 from [01m[K/opt/ros/humble/include/rclcpp/rclcpp/executors.hpp:18[m[K,
                 from [01m[K/opt/ros/humble/include/rclcpp/rclcpp/rclcpp.hpp:155[m[K,
                 from [01m[K/home/hae/robot_ws/src/robot_go_pkg/src/cli.cpp:1[m[K:
[01m[K/usr/include/c++/11/bits/std_function.h:530:9:[m[K [01;36m[Knote: [m[Kcandidate: ‘[01m[Ktemplate<class _Functor> std::function<_Res(_ArgTypes ...)>::_Requires<std::function<_Res(_ArgTypes ...)>::_Callable<_Functor>, std::function<_Res(_ArgTypes ...)>&> std::function<_Res(_ArgTypes ...)>::operator=(_Functor&&) [with _Functor = _Functor; _Res = void; _ArgTypes = {std::shared_ptr<rclcpp_action::ClientGoalHandle<robot_action::action::Move> >}][m[K’
  530 |         [01;36m[Koperator[m[K=(_Functor&& __f)
      |         [01;36m[K^~~~~~~~[m[K
[01m[K/usr/include/c++/11/bits/std_function.h:530:9:[m[K [01;36m[Knote: [m[K  template argument deduction/substitution failed:
In file included from [01m[K/usr/include/c++/11/bits/move.h:57[m[K,
                 from [01m[K/usr/include/c++/11/bits/stl_pair.h:59[m[K,
                 from [01m[K/usr/include/c++/11/bits/stl_algobase.h:64[m[K,
                 from [01m[K/usr/include/c++/11/memory:63[m[K,
                 from [01m[K/opt/ros/humble/include/rclcpp/rclcpp/rclcpp.hpp:153[m[K,
                 from [01m[K/home/hae/robot_ws/src/robot_go_pkg/src/cli.cpp:1[m[K:
/usr/include/c++/11/type_traits: In substitution of ‘[01m[Ktemplate<bool _Cond, class _Tp> using __enable_if_t = typename std::enable_if::type [with bool _Cond = false; _Tp = std::function<void(std::shared_ptr<rclcpp_action::ClientGoalHandle<robot_action::action::Move> >)>&][m[K’:
[01m[K/usr/include/c++/11/bits/std_function.h:353:8:[m[K   required by substitution of ‘[01m[Ktemplate<class _Res, class ... _ArgTypes> template<class _Cond, class _Tp> using _Requires = std::__enable_if_t<_Cond::value, _Tp> [with _Cond = std::function<void(std::shared_ptr<rclcpp_action::ClientGoalHandle<robot_action::action::Move> >)>::_Callable<TurtlebotClient::send_goal(double)::<lambda(std::shared_future<std::shared_ptr<rclcpp_action::ClientGoalHandle<robot_action::action::Move> > >)>, TurtlebotClient::send_goal(double)::<lambda(std::shared_future<std::shared_ptr<rclcpp_action::ClientGoalHandle<robot_action::action::Move> > >)>, std::__invoke_result<TurtlebotClient::send_goal(double)::<lambda(std::shared_future<std::shared_ptr<rclcpp_action::ClientGoalHandle<robot_action::action::Move> > >)>&, std::shared_ptr<rclcpp_action::ClientGoalHandle<robot_action::action::Move> > > >; _Tp = std::function<void(std::shared_ptr<rclcpp_action::ClientGoalHandle<robot_action::action::Move> >)>&; _Res = void; _ArgTypes = {std::shared_ptr<rclcpp_action::ClientGoalHandle<robot_action::action::Move> >}][m[K’
[01m[K/usr/include/c++/11/bits/std_function.h:530:2:[m[K   required by substitution of ‘[01m[Ktemplate<class _Functor> std::function<void(std::shared_ptr<rclcpp_action::ClientGoalHandle<robot_action::action::Move> >)>::_Requires<std::function<void(std::shared_ptr<rclcpp_action::ClientGoalHandle<robot_action::action::Move> >)>::_Callable<_Functor, typename std::enable_if<(! std::is_same<typename std::remove_cv<typename std::remove_reference<_Tp>::type>::type, std::function<void(std::shared_ptr<rclcpp_action::ClientGoalHandle<robot_action::action::Move> >)> >::value), std::decay<_Tp> >::type::type, std::__invoke_result<typename std::enable_if<(! std::is_same<typename std::remove_cv<typename std::remove_reference<_Tp>::type>::type, std::function<void(std::shared_ptr<rclcpp_action::ClientGoalHandle<robot_action::action::Move> >)> >::value), std::decay<_Tp> >::type::type&, std::shared_ptr<rclcpp_action::ClientGoalHandle<robot_action::action::Move> > > >, std::function<void(std::shared_ptr<rclcpp_action::ClientGoalHandle<robot_action::action::Move> >)>&> std::function<void(std::shared_ptr<rclcpp_action::ClientGoalHandle<robot_action::action::Move> >)>::operator=<_Functor>(_Functor&&) [with _Functor = TurtlebotClient::send_goal(double)::<lambda(std::shared_future<std::shared_ptr<rclcpp_action::ClientGoalHandle<robot_action::action::Move> > >)>][m[K’
[01m[K/home/hae/robot_ws/src/robot_go_pkg/src/cli.cpp:41:13:[m[K   required from here
[01m[K/usr/include/c++/11/type_traits:2205:11:[m[K [01;31m[Kerror: [m[Kno type named ‘[01m[Ktype[m[K’ in ‘[01m[Kstruct std::enable_if<false, std::function<void(std::shared_ptr<rclcpp_action::ClientGoalHandle<robot_action::action::Move> >)>&>[m[K’
 2205 |     using [01;31m[K__enable_if_t[m[K = typename enable_if<_Cond, _Tp>::type;
      |           [01;31m[K^~~~~~~~~~~~~[m[K
In file included from [01m[K/usr/include/c++/11/future:47[m[K,
                 from [01m[K/opt/ros/humble/include/rclcpp/rclcpp/executors.hpp:18[m[K,
                 from [01m[K/opt/ros/humble/include/rclcpp/rclcpp/rclcpp.hpp:155[m[K,
                 from [01m[K/home/hae/robot_ws/src/robot_go_pkg/src/cli.cpp:1[m[K:
[01m[K/usr/include/c++/11/bits/std_function.h:540:9:[m[K [01;36m[Knote: [m[Kcandidate: ‘[01m[Ktemplate<class _Functor> std::function<_Res(_ArgTypes ...)>& std::function<_Res(_ArgTypes ...)>::operator=(std::reference_wrapper<_Functor>) [with _Functor = _Functor; _Res = void; _ArgTypes = {std::shared_ptr<rclcpp_action::ClientGoalHandle<robot_action::action::Move> >}][m[K’
  540 |         [01;36m[Koperator[m[K=(reference_wrapper<_Functor> __f) noexcept
      |         [01;36m[K^~~~~~~~[m[K
[01m[K/usr/include/c++/11/bits/std_function.h:540:9:[m[K [01;36m[Knote: [m[K  template argument deduction/substitution failed:
[01m[K/home/hae/robot_ws/src/robot_go_pkg/src/cli.cpp:41:13:[m[K [01;36m[Knote: [m[K  ‘[01m[KTurtlebotClient::send_goal(double)::<lambda(std::shared_future<std::shared_ptr<rclcpp_action::ClientGoalHandle<robot_action::action::Move> > >)>[m[K’ is not derived from ‘[01m[Kstd::reference_wrapper<_Tp>[m[K’
   41 |             [01;36m[K}[m[K;
      |             [01;36m[K^[m[K
In file included from [01m[K/usr/include/c++/11/future:47[m[K,
                 from [01m[K/opt/ros/humble/include/rclcpp/rclcpp/executors.hpp:18[m[K,
                 from [01m[K/opt/ros/humble/include/rclcpp/rclcpp/rclcpp.hpp:155[m[K,
                 from [01m[K/home/hae/robot_ws/src/robot_go_pkg/src/cli.cpp:1[m[K:
[01m[K/usr/include/c++/11/bits/std_function.h:469:7:[m[K [01;36m[Knote: [m[Kcandidate: ‘[01m[Kstd::function<_Res(_ArgTypes ...)>& std::function<_Res(_ArgTypes ...)>::operator=(const std::function<_Res(_ArgTypes ...)>&) [with _Res = void; _ArgTypes = {std::shared_ptr<rclcpp_action::ClientGoalHandle<robot_action::action::Move> >}][m[K’
  469 |       [01;36m[Koperator[m[K=(const function& __x)
      |       [01;36m[K^~~~~~~~[m[K
[01m[K/usr/include/c++/11/bits/std_function.h:469:33:[m[K [01;36m[Knote: [m[K  no known conversion for argument 1 from ‘[01m[KTurtlebotClient::send_goal(double)::<lambda(std::shared_future<std::shared_ptr<rclcpp_action::ClientGoalHandle<robot_action::action::Move> > >)>[m[K’ to ‘[01m[Kconst std::function<void(std::shared_ptr<rclcpp_action::ClientGoalHandle<robot_action::action::Move> >)>&[m[K’
  469 |       operator=([01;36m[Kconst function& __x[m[K)
      |                 [01;36m[K~~~~~~~~~~~~~~~~^~~[m[K
[01m[K/usr/include/c++/11/bits/std_function.h:487:7:[m[K [01;36m[Knote: [m[Kcandidate: ‘[01m[Kstd::function<_Res(_ArgTypes ...)>& std::function<_Res(_ArgTypes ...)>::operator=(std::function<_Res(_ArgTypes ...)>&&) [with _Res = void; _ArgTypes = {std::shared_ptr<rclcpp_action::ClientGoalHandle<robot_action::action::Move> >}][m[K’
  487 |       [01;36m[Koperator[m[K=(function&& __x) noexcept
      |       [01;36m[K^~~~~~~~[m[K
[01m[K/usr/include/c++/11/bits/std_function.h:487:28:[m[K [01;36m[Knote: [m[K  no known conversion for argument 1 from ‘[01m[KTurtlebotClient::send_goal(double)::<lambda(std::shared_future<std::shared_ptr<rclcpp_action::ClientGoalHandle<robot_action::action::Move> > >)>[m[K’ to ‘[01m[Kstd::function<void(std::shared_ptr<rclcpp_action::ClientGoalHandle<robot_action::action::Move> >)>&&[m[K’
  487 |       operator=([01;36m[Kfunction&& __x[m[K) noexcept
      |                 [01;36m[K~~~~~~~~~~~^~~[m[K
[01m[K/usr/include/c++/11/bits/std_function.h:501:7:[m[K [01;36m[Knote: [m[Kcandidate: ‘[01m[Kstd::function<_Res(_ArgTypes ...)>& std::function<_Res(_ArgTypes ...)>::operator=(std::nullptr_t) [with _Res = void; _ArgTypes = {std::shared_ptr<rclcpp_action::ClientGoalHandle<robot_action::action::Move> >}; std::nullptr_t = std::nullptr_t][m[K’
  501 |       [01;36m[Koperator[m[K=(nullptr_t) noexcept
      |       [01;36m[K^~~~~~~~[m[K
[01m[K/usr/include/c++/11/bits/std_function.h:501:17:[m[K [01;36m[Knote: [m[K  no known conversion for argument 1 from ‘[01m[KTurtlebotClient::send_goal(double)::<lambda(std::shared_future<std::shared_ptr<rclcpp_action::ClientGoalHandle<robot_action::action::Move> > >)>[m[K’ to ‘[01m[Kstd::nullptr_t[m[K’
  501 |       operator=([01;36m[Knullptr_t[m[K) noexcept
      |                 [01;36m[K^~~~~~~~~[m[K
[01m[K/home/hae/robot_ws/src/robot_go_pkg/src/cli.cpp:48:13:[m[K [01;31m[Kerror: [m[Kno match for ‘[01m[Koperator=[m[K’ (operand types are ‘[01m[Krclcpp_action::Client<robot_action::action::Move>::FeedbackCallback[m[K’ {aka ‘[01m[Kstd::function<void(std::shared_ptr<rclcpp_action::ClientGoalHandle<robot_action::action::Move> >, std::shared_ptr<const robot_action::action::Move_Feedback_<std::allocator<void> > >)>[m[K’} and ‘[01m[KTurtlebotClient::send_goal(double)::<lambda(std::shared_ptr<robot_action::action::Move_Feedback_<std::allocator<void> > >)>[m[K’)
   48 |             [01;31m[K}[m[K;
      |             [01;31m[K^[m[K
In file included from [01m[K/usr/include/c++/11/future:47[m[K,
                 from [01m[K/opt/ros/humble/include/rclcpp/rclcpp/executors.hpp:18[m[K,
                 from [01m[K/opt/ros/humble/include/rclcpp/rclcpp/rclcpp.hpp:155[m[K,
                 from [01m[K/home/hae/robot_ws/src/robot_go_pkg/src/cli.cpp:1[m[K:
[01m[K/usr/include/c++/11/bits/std_function.h:530:9:[m[K [01;36m[Knote: [m[Kcandidate: ‘[01m[Ktemplate<class _Functor> std::function<_Res(_ArgTypes ...)>::_Requires<std::function<_Res(_ArgTypes ...)>::_Callable<_Functor>, std::function<_Res(_ArgTypes ...)>&> std::function<_Res(_ArgTypes ...)>::operator=(_Functor&&) [with _Functor = _Functor; _Res = void; _ArgTypes = {std::shared_ptr<rclcpp_action::ClientGoalHandle<robot_action::action::Move> >, std::shared_ptr<const robot_action::action::Move_Feedback_<std::allocator<void> > >}][m[K’
  530 |         [01;36m[Koperator[m[K=(_Functor&& __f)
      |         [01;36m[K^~~~~~~~[m[K
[01m[K/usr/include/c++/11/bits/std_function.h:530:9:[m[K [01;36m[Knote: [m[K  template argument deduction/substitution failed:
In file included from [01m[K/usr/include/c++/11/bits/move.h:57[m[K,
                 from [01m[K/usr/include/c++/11/bits/stl_pair.h:59[m[K,
                 from [01m[K/usr/include/c++/11/bits/stl_algobase.h:64[m[K,
                 from [01m[K/usr/include/c++/11/memory:63[m[K,
                 from [01m[K/opt/ros/humble/include/rclcpp/rclcpp/rclcpp.hpp:153[m[K,
                 from [01m[K/home/hae/robot_ws/src/robot_go_pkg/src/cli.cpp:1[m[K:
/usr/include/c++/11/type_traits: In substitution of ‘[01m[Ktemplate<bool _Cond, class _Tp> using __enable_if_t = typename std::enable_if::type [with bool _Cond = false; _Tp = std::function<void(std::shared_ptr<rclcpp_action::ClientGoalHandle<robot_action::action::Move> >, std::shared_ptr<const robot_action::action::Move_Feedback_<std::allocator<void> > >)>&][m[K’:
[01m[K/usr/include/c++/11/bits/std_function.h:353:8:[m[K   required by substitution of ‘[01m[Ktemplate<class _Res, class ... _ArgTypes> template<class _Cond, class _Tp> using _Requires = std::__enable_if_t<_Cond::value, _Tp> [with _Cond = std::function<void(std::shared_ptr<rclcpp_action::ClientGoalHandle<robot_action::action::Move> >, std::shared_ptr<const robot_action::action::Move_Feedback_<std::allocator<void> > >)>::_Callable<TurtlebotClient::send_goal(double)::<lambda(std::shared_ptr<robot_action::action::Move_Feedback_<std::allocator<void> > >)>, TurtlebotClient::send_goal(double)::<lambda(std::shared_ptr<robot_action::action::Move_Feedback_<std::allocator<void> > >)>, std::__invoke_result<TurtlebotClient::send_goal(double)::<lambda(std::shared_ptr<robot_action::action::Move_Feedback_<std::allocator<void> > >)>&, std::shared_ptr<rclcpp_action::ClientGoalHandle<robot_action::action::Move> >, std::shared_ptr<const robot_action::action::Move_Feedback_<std::allocator<void> > > > >; _Tp = std::function<void(std::shared_ptr<rclcpp_action::ClientGoalHandle<robot_action::action::Move> >, std::shared_ptr<const robot_action::action::Move_Feedback_<std::allocator<void> > >)>&; _Res = void; _ArgTypes = {std::shared_ptr<rclcpp_action::ClientGoalHandle<robot_action::action::Move> >, std::shared_ptr<const robot_action::action::Move_Feedback_<std::allocator<void> > >}][m[K’
[01m[K/usr/include/c++/11/bits/std_function.h:530:2:[m[K   required by substitution of ‘[01m[Ktemplate<class _Functor> std::function<void(std::shared_ptr<rclcpp_action::ClientGoalHandle<robot_action::action::Move> >, std::shared_ptr<const robot_action::action::Move_Feedback_<std::allocator<void> > >)>::_Requires<std::function<void(std::shared_ptr<rclcpp_action::ClientGoalHandle<robot_action::action::Move> >, std::shared_ptr<const robot_action::action::Move_Feedback_<std::allocator<void> > >)>::_Callable<_Functor, typename std::enable_if<(! std::is_same<typename std::remove_cv<typename std::remove_reference<_Tp>::type>::type, std::function<void(std::shared_ptr<rclcpp_action::ClientGoalHandle<robot_action::action::Move> >, std::shared_ptr<const robot_action::action::Move_Feedback_<std::allocator<void> > >)> >::value), std::decay<_Tp> >::type::type, std::__invoke_result<typename std::enable_if<(! std::is_same<typename std::remove_cv<typename std::remove_reference<_Tp>::type>::type, std::function<void(std::shared_ptr<rclcpp_action::ClientGoalHandle<robot_action::action::Move> >, std::shared_ptr<const robot_action::action::Move_Feedback_<std::allocator<void> > >)> >::value), std::decay<_Tp> >::type::type&, std::shared_ptr<rclcpp_action::ClientGoalHandle<robot_action::action::Move> >, std::shared_ptr<const robot_action::action::Move_Feedback_<std::allocator<void> > > > >, std::function<void(std::shared_ptr<rclcpp_action::ClientGoalHandle<robot_action::action::Move> >, std::shared_ptr<const robot_action::action::Move_Feedback_<std::allocator<void> > >)>&> std::function<void(std::shared_ptr<rclcpp_action::ClientGoalHandle<robot_action::action::Move> >, std::shared_ptr<const robot_action::action::Move_Feedback_<std::allocator<void> > >)>::operator=<_Functor>(_Functor&&) [with _Functor = TurtlebotClient::send_goal(double)::<lambda(std::shared_ptr<robot_action::action::Move_Feedback_<std::allocator<void> > >)>][m[K’
[01m[K/home/hae/robot_ws/src/robot_go_pkg/src/cli.cpp:48:13:[m[K   required from here
[01m[K/usr/include/c++/11/type_traits:2205:11:[m[K [01;31m[Kerror: [m[Kno type named ‘[01m[Ktype[m[K’ in ‘[01m[Kstruct std::enable_if<false, std::function<void(std::shared_ptr<rclcpp_action::ClientGoalHandle<robot_action::action::Move> >, std::shared_ptr<const robot_action::action::Move_Feedback_<std::allocator<void> > >)>&>[m[K’
 2205 |     using [01;31m[K__enable_if_t[m[K = typename enable_if<_Cond, _Tp>::type;
      |           [01;31m[K^~~~~~~~~~~~~[m[K
In file included from [01m[K/usr/include/c++/11/future:47[m[K,
                 from [01m[K/opt/ros/humble/include/rclcpp/rclcpp/executors.hpp:18[m[K,
                 from [01m[K/opt/ros/humble/include/rclcpp/rclcpp/rclcpp.hpp:155[m[K,
                 from [01m[K/home/hae/robot_ws/src/robot_go_pkg/src/cli.cpp:1[m[K:
[01m[K/usr/include/c++/11/bits/std_function.h:540:9:[m[K [01;36m[Knote: [m[Kcandidate: ‘[01m[Ktemplate<class _Functor> std::function<_Res(_ArgTypes ...)>& std::function<_Res(_ArgTypes ...)>::operator=(std::reference_wrapper<_Functor>) [with _Functor = _Functor; _Res = void; _ArgTypes = {std::shared_ptr<rclcpp_action::ClientGoalHandle<robot_action::action::Move> >, std::shared_ptr<const robot_action::action::Move_Feedback_<std::allocator<void> > >}][m[K’
  540 |         [01;36m[Koperator[m[K=(reference_wrapper<_Functor> __f) noexcept
      |         [01;36m[K^~~~~~~~[m[K
[01m[K/usr/include/c++/11/bits/std_function.h:540:9:[m[K [01;36m[Knote: [m[K  template argument deduction/substitution failed:
[01m[K/home/hae/robot_ws/src/robot_go_pkg/src/cli.cpp:48:13:[m[K [01;36m[Knote: [m[K  ‘[01m[KTurtlebotClient::send_goal(double)::<lambda(std::shared_ptr<robot_action::action::Move_Feedback_<std::allocator<void> > >)>[m[K’ is not derived from ‘[01m[Kstd::reference_wrapper<_Tp>[m[K’
   48 |             [01;36m[K}[m[K;
      |             [01;36m[K^[m[K
In file included from [01m[K/usr/include/c++/11/future:47[m[K,
                 from [01m[K/opt/ros/humble/include/rclcpp/rclcpp/executors.hpp:18[m[K,
                 from [01m[K/opt/ros/humble/include/rclcpp/rclcpp/rclcpp.hpp:155[m[K,
                 from [01m[K/home/hae/robot_ws/src/robot_go_pkg/src/cli.cpp:1[m[K:
[01m[K/usr/include/c++/11/bits/std_function.h:469:7:[m[K [01;36m[Knote: [m[Kcandidate: ‘[01m[Kstd::function<_Res(_ArgTypes ...)>& std::function<_Res(_ArgTypes ...)>::operator=(const std::function<_Res(_ArgTypes ...)>&) [with _Res = void; _ArgTypes = {std::shared_ptr<rclcpp_action::ClientGoalHandle<robot_action::action::Move> >, std::shared_ptr<const robot_action::action::Move_Feedback_<std::allocator<void> > >}][m[K’
  469 |       [01;36m[Koperator[m[K=(const function& __x)
      |       [01;36m[K^~~~~~~~[m[K
[01m[K/usr/include/c++/11/bits/std_function.h:469:33:[m[K [01;36m[Knote: [m[K  no known conversion for argument 1 from ‘[01m[KTurtlebotClient::send_goal(double)::<lambda(std::shared_ptr<robot_action::action::Move_Feedback_<std::allocator<void> > >)>[m[K’ to ‘[01m[Kconst std::function<void(std::shared_ptr<rclcpp_action::ClientGoalHandle<robot_action::action::Move> >, std::shared_ptr<const robot_action::action::Move_Feedback_<std::allocator<void> > >)>&[m[K’
  469 |       operator=([01;36m[Kconst function& __x[m[K)
      |                 [01;36m[K~~~~~~~~~~~~~~~~^~~[m[K
[01m[K/usr/include/c++/11/bits/std_function.h:487:7:[m[K [01;36m[Knote: [m[Kcandidate: ‘[01m[Kstd::function<_Res(_ArgTypes ...)>& std::function<_Res(_ArgTypes ...)>::operator=(std::function<_Res(_ArgTypes ...)>&&) [with _Res = void; _ArgTypes = {std::shared_ptr<rclcpp_action::ClientGoalHandle<robot_action::action::Move> >, std::shared_ptr<const robot_action::action::Move_Feedback_<std::allocator<void> > >}][m[K’
  487 |       [01;36m[Koperator[m[K=(function&& __x) noexcept
      |       [01;36m[K^~~~~~~~[m[K
[01m[K/usr/include/c++/11/bits/std_function.h:487:28:[m[K [01;36m[Knote: [m[K  no known conversion for argument 1 from ‘[01m[KTurtlebotClient::send_goal(double)::<lambda(std::shared_ptr<robot_action::action::Move_Feedback_<std::allocator<void> > >)>[m[K’ to ‘[01m[Kstd::function<void(std::shared_ptr<rclcpp_action::ClientGoalHandle<robot_action::action::Move> >, std::shared_ptr<const robot_action::action::Move_Feedback_<std::allocator<void> > >)>&&[m[K’
  487 |       operator=([01;36m[Kfunction&& __x[m[K) noexcept
      |                 [01;36m[K~~~~~~~~~~~^~~[m[K
[01m[K/usr/include/c++/11/bits/std_function.h:501:7:[m[K [01;36m[Knote: [m[Kcandidate: ‘[01m[Kstd::function<_Res(_ArgTypes ...)>& std::function<_Res(_ArgTypes ...)>::operator=(std::nullptr_t) [with _Res = void; _ArgTypes = {std::shared_ptr<rclcpp_action::ClientGoalHandle<robot_action::action::Move> >, std::shared_ptr<const robot_action::action::Move_Feedback_<std::allocator<void> > >}; std::nullptr_t = std::nullptr_t][m[K’
  501 |       [01;36m[Koperator[m[K=(nullptr_t) noexcept
      |       [01;36m[K^~~~~~~~[m[K
[01m[K/usr/include/c++/11/bits/std_function.h:501:17:[m[K [01;36m[Knote: [m[K  no known conversion for argument 1 from ‘[01m[KTurtlebotClient::send_goal(double)::<lambda(std::shared_ptr<robot_action::action::Move_Feedback_<std::allocator<void> > >)>[m[K’ to ‘[01m[Kstd::nullptr_t[m[K’
  501 |       operator=([01;36m[Knullptr_t[m[K) noexcept
      |                 [01;36m[K^~~~~~~~~[m[K
[01m[K/home/hae/robot_ws/src/robot_go_pkg/src/cli.cpp:61:47:[m[K [01;31m[Kerror: [m[Kno matching function for call to ‘[01m[Kspin_until_future_complete(TurtlebotClient*, std::shared_future<std::shared_ptr<rclcpp_action::ClientGoalHandle<robot_action::action::Move> > >&)[m[K’
   61 |         if ([01;31m[Krclcpp::spin_until_future_complete(this, goal_handle_future)[m[K != rclcpp::FutureReturnCode::SUCCESS) {
      |             [01;31m[K~~~~~~~~~~~~~~~~~~~~~~~~~~~~~~~~~~^~~~~~~~~~~~~~~~~~~~~~~~~~[m[K
In file included from [01m[K/opt/ros/humble/include/rclcpp/rclcpp/rclcpp.hpp:155[m[K,
                 from [01m[K/home/hae/robot_ws/src/robot_go_pkg/src/cli.cpp:1[m[K:
[01m[K/opt/ros/humble/include/rclcpp/rclcpp/executors.hpp:105:1:[m[K [01;36m[Knote: [m[Kcandidate: ‘[01m[Ktemplate<class FutureT, class TimeRepT, class TimeT> rclcpp::FutureReturnCode rclcpp::spin_until_future_complete(rclcpp::node_interfaces::NodeBaseInterface::SharedPtr, const FutureT&, std::chrono::duration<_Rep, _Period>)[m[K’
  105 | [01;36m[Kspin_until_future_complete[m[K(
      | [01;36m[K^~~~~~~~~~~~~~~~~~~~~~~~~~[m[K
[01m[K/opt/ros/humble/include/rclcpp/rclcpp/executors.hpp:105:1:[m[K [01;36m[Knote: [m[K  template argument deduction/substitution failed:
[01m[K/home/hae/robot_ws/src/robot_go_pkg/src/cli.cpp:61:48:[m[K [01;36m[Knote: [m[K  cannot convert ‘[01m[K(TurtlebotClient*)this[m[K’ (type ‘[01m[KTurtlebotClient*[m[K’) to type ‘[01m[Krclcpp::node_interfaces::NodeBaseInterface::SharedPtr[m[K’ {aka ‘[01m[Kstd::shared_ptr<rclcpp::node_interfaces::NodeBaseInterface>[m[K’}
   61 |         if (rclcpp::spin_until_future_complete([01;36m[Kthis[m[K, goal_handle_future) != rclcpp::FutureReturnCode::SUCCESS) {
      |                                                [01;36m[K^~~~[m[K
In file included from [01m[K/opt/ros/humble/include/rclcpp/rclcpp/rclcpp.hpp:155[m[K,
                 from [01m[K/home/hae/robot_ws/src/robot_go_pkg/src/cli.cpp:1[m[K:
[01m[K/opt/ros/humble/include/rclcpp/rclcpp/executors.hpp:117:1:[m[K [01;36m[Knote: [m[Kcandidate: ‘[01m[Ktemplate<class NodeT, class FutureT, class TimeRepT, class TimeT> rclcpp::FutureReturnCode rclcpp::spin_until_future_complete(std::shared_ptr<_Tp>, const FutureT&, std::chrono::duration<_Rep2, _Period2>)[m[K’
  117 | [01;36m[Kspin_until_future_complete[m[K(
      | [01;36m[K^~~~~~~~~~~~~~~~~~~~~~~~~~[m[K
[01m[K/opt/ros/humble/include/rclcpp/rclcpp/executors.hpp:117:1:[m[K [01;36m[Knote: [m[K  template argument deduction/substitution failed:
[01m[K/home/hae/robot_ws/src/robot_go_pkg/src/cli.cpp:61:47:[m[K [01;36m[Knote: [m[K  mismatched types ‘[01m[Kstd::shared_ptr<_Tp>[m[K’ and ‘[01m[KTurtlebotClient*[m[K’
   61 |         if ([01;36m[Krclcpp::spin_until_future_complete(this, goal_handle_future)[m[K != rclcpp::FutureReturnCode::SUCCESS) {
      |             [01;36m[K~~~~~~~~~~~~~~~~~~~~~~~~~~~~~~~~~~^~~~~~~~~~~~~~~~~~~~~~~~~~[m[K
[01m[K/home/hae/robot_ws/src/robot_go_pkg/src/cli.cpp:[m[K In member function ‘[01m[Kvoid TurtlebotClient::handle_goal_response(std::shared_ptr<rclcpp_action::ClientGoalHandle<robot_action::action::Move> >)[m[K’:
[01m[K/home/hae/robot_ws/src/robot_go_pkg/src/cli.cpp:80:43:[m[K [01;31m[Kerror: [m[K‘[01m[Kusing element_type = class rclcpp_action::ClientGoalHandle<robot_action::action::Move>[m[K’ {aka ‘[01m[Kclass rclcpp_action::ClientGoalHandle<robot_action::action::Move>[m[K’} has no member named ‘[01m[Kasync_result[m[K’; did you mean ‘[01m[Kasync_get_result[m[K’?
   80 |         auto result_future = goal_handle->[01;31m[Kasync_result[m[K();
      |                                           [01;31m[K^~~~~~~~~~~~[m[K
      |                                           [32m[Kasync_get_result[m[K
gmake[2]: *** [CMakeFiles/cli_node.dir/build.make:76: CMakeFiles/cli_node.dir/src/cli.cpp.o] Error 1
gmake[1]: *** [CMakeFiles/Makefile2:193: CMakeFiles/cli_node.dir/all] Error 2
gmake: *** [Makefile:146: all] Error 2
