[0.064s] Invoking command in '/home/hae/robot_ws/src/build/robot_grid_pkg': CMAKE_PREFIX_PATH=${CMAKE_PREFIX_PATH}:/opt/ros/humble /usr/bin/cmake --build /home/hae/robot_ws/src/build/robot_grid_pkg -- -j4 -l4
[0.253s] [35m[1mConsolidate compiler generated dependencies of target grid_node[0m
[0.348s] [ 50%] [32mBuilding CXX object CMakeFiles/grid_node.dir/src/grid.cpp.o[0m
[12.814s] [01m[K/home/hae/robot_ws/src/robot_grid_pkg/src/grid.cpp:[m[K In member function ‘[01m[Kbool TurtlebotController::is_turn(const TurtlebotController::Point&, const TurtlebotController::Point&, const TurtlebotController::Point&)[m[K’:
[12.815s] [01m[K/home/hae/robot_ws/src/robot_grid_pkg/src/grid.cpp:93:50:[m[K [01;35m[Kwarning: [m[Kunused parameter ‘[01m[Kcurrent[m[K’ [[01;35m[K]8;;https://gcc.gnu.org/onlinedocs/gcc/Warning-Options.html#index-Wunused-parameter-Wunused-parameter]8;;[m[K]
[12.816s]    93 |     bool is_turn(const Point& prev, [01;35m[Kconst Point& current[m[K, const Point& next) {
[12.816s]       |                                     [01;35m[K~~~~~~~~~~~~~^~~~~~~[m[K
[36.112s] [100%] [32m[1mLinking CXX executable grid_node[0m
[38.281s] [100%] Built target grid_node
[38.323s] Invoked command in '/home/hae/robot_ws/src/build/robot_grid_pkg' returned '0': CMAKE_PREFIX_PATH=${CMAKE_PREFIX_PATH}:/opt/ros/humble /usr/bin/cmake --build /home/hae/robot_ws/src/build/robot_grid_pkg -- -j4 -l4
[38.494s] Invoking command in '/home/hae/robot_ws/src/build/robot_grid_pkg': CMAKE_PREFIX_PATH=${CMAKE_PREFIX_PATH}:/opt/ros/humble /usr/bin/cmake --install /home/hae/robot_ws/src/build/robot_grid_pkg
[38.519s] -- Install configuration: ""
[38.521s] -- Execute custom install script
[38.523s] -- Up-to-date symlink: /home/hae/robot_ws/src/install/robot_grid_pkg/lib/robot_grid_pkg/grid_node
[38.525s] -- Up-to-date symlink: /home/hae/robot_ws/src/install/robot_grid_pkg/share/ament_index/resource_index/package_run_dependencies/robot_grid_pkg
[38.526s] -- Up-to-date symlink: /home/hae/robot_ws/src/install/robot_grid_pkg/share/ament_index/resource_index/parent_prefix_path/robot_grid_pkg
[38.527s] -- Up-to-date symlink: /home/hae/robot_ws/src/install/robot_grid_pkg/share/robot_grid_pkg/environment/ament_prefix_path.sh
[38.528s] -- Up-to-date symlink: /home/hae/robot_ws/src/install/robot_grid_pkg/share/robot_grid_pkg/environment/ament_prefix_path.dsv
[38.529s] -- Up-to-date symlink: /home/hae/robot_ws/src/install/robot_grid_pkg/share/robot_grid_pkg/environment/path.sh
[38.531s] -- Up-to-date symlink: /home/hae/robot_ws/src/install/robot_grid_pkg/share/robot_grid_pkg/environment/path.dsv
[38.532s] -- Up-to-date symlink: /home/hae/robot_ws/src/install/robot_grid_pkg/share/robot_grid_pkg/local_setup.bash
[38.533s] -- Up-to-date symlink: /home/hae/robot_ws/src/install/robot_grid_pkg/share/robot_grid_pkg/local_setup.sh
[38.534s] -- Up-to-date symlink: /home/hae/robot_ws/src/install/robot_grid_pkg/share/robot_grid_pkg/local_setup.zsh
[38.535s] -- Up-to-date symlink: /home/hae/robot_ws/src/install/robot_grid_pkg/share/robot_grid_pkg/local_setup.dsv
[38.537s] -- Symlinking: /home/hae/robot_ws/src/install/robot_grid_pkg/share/robot_grid_pkg/package.dsv
[38.572s] -- Up-to-date symlink: /home/hae/robot_ws/src/install/robot_grid_pkg/share/ament_index/resource_index/packages/robot_grid_pkg
[38.572s] -- Up-to-date symlink: /home/hae/robot_ws/src/install/robot_grid_pkg/share/robot_grid_pkg/cmake/robot_grid_pkgConfig.cmake
[38.573s] -- Up-to-date symlink: /home/hae/robot_ws/src/install/robot_grid_pkg/share/robot_grid_pkg/cmake/robot_grid_pkgConfig-version.cmake
[38.575s] -- Up-to-date symlink: /home/hae/robot_ws/src/install/robot_grid_pkg/share/robot_grid_pkg/package.xml
[38.581s] Invoked command in '/home/hae/robot_ws/src/build/robot_grid_pkg' returned '0': CMAKE_PREFIX_PATH=${CMAKE_PREFIX_PATH}:/opt/ros/humble /usr/bin/cmake --install /home/hae/robot_ws/src/build/robot_grid_pkg
