[0.052s] Invoking command in '/home/hae/robot_ws/src/build/robot_total_pkg': CMAKE_PREFIX_PATH=/opt/ros/humble /usr/bin/cmake /home/hae/robot_ws/src/robot_total_pkg -DAMENT_CMAKE_SYMLINK_INSTALL=1 -DCMAKE_INSTALL_PREFIX=/home/hae/robot_ws/src/install/robot_total_pkg
[1.085s] -- The C compiler identification is GNU 11.4.0
[1.810s] -- The CXX compiler identification is GNU 11.4.0
[1.854s] -- Detecting C compiler ABI info
[2.261s] -- Detecting C compiler ABI info - done
[2.295s] -- Check for working C compiler: /usr/bin/cc - skipped
[2.297s] -- Detecting C compile features
[2.300s] -- Detecting C compile features - done
[2.317s] -- Detecting CXX compiler ABI info
[2.718s] -- Detecting CXX compiler ABI info - done
[2.767s] -- Check for working CXX compiler: /usr/bin/c++ - skipped
[2.771s] -- Detecting CXX compile features
[2.772s] -- Detecting CXX compile features - done
[2.814s] -- Found ament_cmake: 1.3.9 (/opt/ros/humble/share/ament_cmake/cmake)
[3.754s] -- Found Python3: /usr/bin/python3 (found version "3.10.12") found components: Interpreter 
[4.102s] -- Override CMake install command with custom implementation using symlinks instead of copying resources
[4.409s] -- Found rclcpp: 16.0.9 (/opt/ros/humble/share/rclcpp/cmake)
[4.927s] -- Found rosidl_generator_c: 3.1.5 (/opt/ros/humble/share/rosidl_generator_c/cmake)
[4.977s] -- Found rosidl_adapter: 3.1.5 (/opt/ros/humble/share/rosidl_adapter/cmake)
[5.055s] -- Found rosidl_generator_cpp: 3.1.5 (/opt/ros/humble/share/rosidl_generator_cpp/cmake)
[5.182s] -- Using all available rosidl_typesupport_c: rosidl_typesupport_fastrtps_c;rosidl_typesupport_introspection_c
[5.326s] -- Using all available rosidl_typesupport_cpp: rosidl_typesupport_fastrtps_cpp;rosidl_typesupport_introspection_cpp
[5.796s] -- Found rmw_implementation_cmake: 6.1.2 (/opt/ros/humble/share/rmw_implementation_cmake/cmake)
[5.822s] -- Found rmw_fastrtps_cpp: 6.2.6 (/opt/ros/humble/share/rmw_fastrtps_cpp/cmake)
[6.523s] -- Found OpenSSL: /usr/lib/aarch64-linux-gnu/libcrypto.so (found version "3.0.2")  
[6.805s] -- Found FastRTPS: /opt/ros/humble/include  
[7.274s] -- Using RMW implementation 'rmw_fastrtps_cpp' as default
[7.372s] -- Looking for pthread.h
[7.784s] -- Looking for pthread.h - found
[7.787s] -- Performing Test CMAKE_HAVE_LIBC_PTHREAD
[8.161s] -- Performing Test CMAKE_HAVE_LIBC_PTHREAD - Success
[8.169s] -- Found Threads: TRUE  
[8.994s] -- Found geometry_msgs: 4.2.4 (/opt/ros/humble/share/geometry_msgs/cmake)
[9.212s] -- Found sensor_msgs: 4.2.4 (/opt/ros/humble/share/sensor_msgs/cmake)
[9.729s] -- Found nav_msgs: 4.2.4 (/opt/ros/humble/share/nav_msgs/cmake)
[10.138s] -- Found tf2_geometry_msgs: 0.25.7 (/opt/ros/humble/share/tf2_geometry_msgs/cmake)
[10.338s] -- Found eigen3_cmake_module: 0.1.1 (/opt/ros/humble/share/eigen3_cmake_module/cmake)
[10.346s] -- Found Eigen3: TRUE (found version "3.4.0") 
[10.348s] -- Ensuring Eigen3 include directory is part of orocos-kdl CMake target
[12.230s] -- Found ament_lint_auto: 0.12.11 (/opt/ros/humble/share/ament_lint_auto/cmake)
[12.746s] -- Added test 'cppcheck' to perform static code analysis on C / C++ code
[12.747s] -- Configured cppcheck include dirs: 
[12.748s] -- Configured cppcheck exclude dirs and/or files: 
[12.753s] -- Added test 'lint_cmake' to check CMake code style
[12.763s] -- Added test 'uncrustify' to check C / C++ code style
[12.764s] -- Configured uncrustify additional arguments: 
[12.767s] -- Added test 'xmllint' to check XML markup files
[12.784s] -- Configuring done
[12.819s] [31mCMake Error at CMakeLists.txt:29 (add_executable):
[12.820s]   Cannot find source file:
[12.820s] 
[12.821s]     src/scan.cpp
[12.822s] 
[12.822s]   Tried extensions .c .C .c++ .cc .cpp .cxx .cu .mpp .m .M .mm .ixx .cppm .h
[12.823s]   .hh .h++ .hm .hpp .hxx .in .txx .f .F .for .f77 .f90 .f95 .f03 .hip .ispc
[12.828s] 
[12.829s] [0m
[12.830s] [31mCMake Error at CMakeLists.txt:29 (add_executable):
[12.831s]   No SOURCES given to target: scan_node
[12.832s] 
[12.833s] [0m
[12.834s] [0mCMake Generate step failed.  Build files cannot be regenerated correctly.[0m
[12.876s] Invoked command in '/home/hae/robot_ws/src/build/robot_total_pkg' returned '1': CMAKE_PREFIX_PATH=/opt/ros/humble /usr/bin/cmake /home/hae/robot_ws/src/robot_total_pkg -DAMENT_CMAKE_SYMLINK_INSTALL=1 -DCMAKE_INSTALL_PREFIX=/home/hae/robot_ws/src/install/robot_total_pkg
