[0.050s] Invoking command in '/home/hae/robot_ws/src/robot_cleaner_pkg/build/robot_cleaner_pkg': CMAKE_PREFIX_PATH=${CMAKE_PREFIX_PATH}:/opt/ros/humble /usr/bin/cmake --build /home/hae/robot_ws/src/robot_cleaner_pkg/build/robot_cleaner_pkg -- -j4 -l4
[0.225s] [35m[1mConsolidate compiler generated dependencies of target cleaner[0m
[0.320s] [ 50%] [32mBuilding CXX object CMakeFiles/cleaner.dir/src/cleaner.cpp.o[0m
[33.764s] [100%] [32m[1mLinking CXX executable cleaner[0m
[35.704s] [100%] Built target cleaner
[35.745s] Invoked command in '/home/hae/robot_ws/src/robot_cleaner_pkg/build/robot_cleaner_pkg' returned '0': CMAKE_PREFIX_PATH=${CMAKE_PREFIX_PATH}:/opt/ros/humble /usr/bin/cmake --build /home/hae/robot_ws/src/robot_cleaner_pkg/build/robot_cleaner_pkg -- -j4 -l4
[35.903s] Invoking command in '/home/hae/robot_ws/src/robot_cleaner_pkg/build/robot_cleaner_pkg': CMAKE_PREFIX_PATH=${CMAKE_PREFIX_PATH}:/opt/ros/humble /usr/bin/cmake --install /home/hae/robot_ws/src/robot_cleaner_pkg/build/robot_cleaner_pkg
[35.929s] -- Install configuration: ""
[35.931s] -- Execute custom install script
[35.933s] -- Up-to-date symlink: /home/hae/robot_ws/src/robot_cleaner_pkg/install/robot_cleaner_pkg/lib/robot_cleaner_pkg/cleaner
[35.934s] -- Up-to-date symlink: /home/hae/robot_ws/src/robot_cleaner_pkg/install/robot_cleaner_pkg/share/ament_index/resource_index/package_run_dependencies/robot_cleaner_pkg
[35.936s] -- Up-to-date symlink: /home/hae/robot_ws/src/robot_cleaner_pkg/install/robot_cleaner_pkg/share/ament_index/resource_index/parent_prefix_path/robot_cleaner_pkg
[35.937s] -- Up-to-date symlink: /home/hae/robot_ws/src/robot_cleaner_pkg/install/robot_cleaner_pkg/share/robot_cleaner_pkg/environment/ament_prefix_path.sh
[35.938s] -- Up-to-date symlink: /home/hae/robot_ws/src/robot_cleaner_pkg/install/robot_cleaner_pkg/share/robot_cleaner_pkg/environment/ament_prefix_path.dsv
[35.940s] -- Up-to-date symlink: /home/hae/robot_ws/src/robot_cleaner_pkg/install/robot_cleaner_pkg/share/robot_cleaner_pkg/environment/path.sh
[35.942s] -- Up-to-date symlink: /home/hae/robot_ws/src/robot_cleaner_pkg/install/robot_cleaner_pkg/share/robot_cleaner_pkg/environment/path.dsv
[35.943s] -- Up-to-date symlink: /home/hae/robot_ws/src/robot_cleaner_pkg/install/robot_cleaner_pkg/share/robot_cleaner_pkg/local_setup.bash
[35.944s] -- Up-to-date symlink: /home/hae/robot_ws/src/robot_cleaner_pkg/install/robot_cleaner_pkg/share/robot_cleaner_pkg/local_setup.sh
[35.945s] -- Up-to-date symlink: /home/hae/robot_ws/src/robot_cleaner_pkg/install/robot_cleaner_pkg/share/robot_cleaner_pkg/local_setup.zsh
[35.946s] -- Up-to-date symlink: /home/hae/robot_ws/src/robot_cleaner_pkg/install/robot_cleaner_pkg/share/robot_cleaner_pkg/local_setup.dsv
[35.947s] -- Symlinking: /home/hae/robot_ws/src/robot_cleaner_pkg/install/robot_cleaner_pkg/share/robot_cleaner_pkg/package.dsv
[35.982s] -- Up-to-date symlink: /home/hae/robot_ws/src/robot_cleaner_pkg/install/robot_cleaner_pkg/share/ament_index/resource_index/packages/robot_cleaner_pkg
[35.983s] -- Up-to-date symlink: /home/hae/robot_ws/src/robot_cleaner_pkg/install/robot_cleaner_pkg/share/robot_cleaner_pkg/cmake/robot_cleaner_pkgConfig.cmake
[35.984s] -- Up-to-date symlink: /home/hae/robot_ws/src/robot_cleaner_pkg/install/robot_cleaner_pkg/share/robot_cleaner_pkg/cmake/robot_cleaner_pkgConfig-version.cmake
[35.985s] -- Up-to-date symlink: /home/hae/robot_ws/src/robot_cleaner_pkg/install/robot_cleaner_pkg/share/robot_cleaner_pkg/package.xml
[35.992s] Invoked command in '/home/hae/robot_ws/src/robot_cleaner_pkg/build/robot_cleaner_pkg' returned '0': CMAKE_PREFIX_PATH=${CMAKE_PREFIX_PATH}:/opt/ros/humble /usr/bin/cmake --install /home/hae/robot_ws/src/robot_cleaner_pkg/build/robot_cleaner_pkg
