[0.449s] DEBUG:colcon:Command line arguments: ['/usr/bin/colcon', 'build', '--symlink-install', '--packages-select', 'robot_cleaner_pkg']
[0.449s] DEBUG:colcon:Parsed command line arguments: Namespace(log_base=None, log_level=None, verb_name='build', build_base='build', install_base='install', merge_install=False, symlink_install=True, test_result_base=None, continue_on_error=False, executor='parallel', parallel_workers=4, event_handlers=None, ignore_user_meta=False, metas=['./colcon.meta'], base_paths=['.'], packages_ignore=None, packages_ignore_regex=None, paths=None, packages_up_to=None, packages_up_to_regex=None, packages_above=None, packages_above_and_dependencies=None, packages_above_depth=None, packages_select_by_dep=None, packages_skip_by_dep=None, packages_skip_up_to=None, packages_select_build_failed=False, packages_skip_build_finished=False, packages_select_test_failures=False, packages_skip_test_passed=False, packages_select=['robot_cleaner_pkg'], packages_skip=None, packages_select_regex=None, packages_skip_regex=None, packages_start=None, packages_end=None, allow_overriding=[], cmake_args=None, cmake_target=None, cmake_target_skip_unavailable=False, cmake_clean_cache=False, cmake_clean_first=False, cmake_force_configure=False, ament_cmake_args=None, catkin_cmake_args=None, catkin_skip_building_tests=False, mixin_files=None, mixin=None, verb_parser=<colcon_mixin.mixin.mixin_argument.MixinArgumentDecorator object at 0xffff8ac857e0>, verb_extension=<colcon_core.verb.build.BuildVerb object at 0xffff8ac85330>, main=<bound method BuildVerb.main of <colcon_core.verb.build.BuildVerb object at 0xffff8ac85330>>, mixin_verb=('build',))
[1.227s] Level 1:colcon.colcon_core.package_discovery:discover_packages(colcon_meta) check parameters
[1.227s] Level 1:colcon.colcon_core.package_discovery:discover_packages(recursive) check parameters
[1.228s] Level 1:colcon.colcon_core.package_discovery:discover_packages(ignore) check parameters
[1.228s] Level 1:colcon.colcon_core.package_discovery:discover_packages(path) check parameters
[1.228s] Level 1:colcon.colcon_core.package_discovery:discover_packages(colcon_meta) discover
[1.228s] Level 1:colcon.colcon_core.package_discovery:discover_packages(recursive) discover
[1.228s] INFO:colcon.colcon_core.package_discovery:Crawling recursively for packages in '/home/hae/robot_ws/src/robot_cleaner_pkg'
[1.229s] Level 1:colcon.colcon_core.package_identification:_identify(.) by extensions ['ignore', 'ignore_ament_install']
[1.229s] Level 1:colcon.colcon_core.package_identification:_identify(.) by extension 'ignore'
[1.229s] Level 1:colcon.colcon_core.package_identification:_identify(.) by extension 'ignore_ament_install'
[1.230s] Level 1:colcon.colcon_core.package_identification:_identify(.) by extensions ['colcon_pkg']
[1.230s] Level 1:colcon.colcon_core.package_identification:_identify(.) by extension 'colcon_pkg'
[1.230s] Level 1:colcon.colcon_core.package_identification:_identify(.) by extensions ['colcon_meta']
[1.230s] Level 1:colcon.colcon_core.package_identification:_identify(.) by extension 'colcon_meta'
[1.230s] Level 1:colcon.colcon_core.package_identification:_identify(.) by extensions ['ros']
[1.230s] Level 1:colcon.colcon_core.package_identification:_identify(.) by extension 'ros'
[1.286s] DEBUG:colcon.colcon_core.package_identification:Package '.' with type 'ros.ament_cmake' and name 'robot_cleaner_pkg'
[1.286s] Level 1:colcon.colcon_core.package_discovery:discover_packages(recursive) using defaults
[1.287s] Level 1:colcon.colcon_core.package_discovery:discover_packages(ignore) discover
[1.287s] Level 1:colcon.colcon_core.package_discovery:discover_packages(ignore) using defaults
[1.287s] Level 1:colcon.colcon_core.package_discovery:discover_packages(path) discover
[1.287s] Level 1:colcon.colcon_core.package_discovery:discover_packages(path) using defaults
[1.359s] Level 1:colcon.colcon_core.package_discovery:discover_packages(prefix_path) check parameters
[1.360s] Level 1:colcon.colcon_core.package_discovery:discover_packages(prefix_path) discover
[1.368s] DEBUG:colcon.colcon_installed_package_information.package_discovery:Found 1 installed packages in /home/hae/robot_ws/src/robot_cleaner_pkg/install
[1.370s] DEBUG:colcon.colcon_installed_package_information.package_discovery:Found 2 installed packages in /home/hae/install
[1.379s] DEBUG:colcon.colcon_installed_package_information.package_discovery:Found 268 installed packages in /opt/ros/humble
[1.389s] Level 1:colcon.colcon_core.package_discovery:discover_packages(prefix_path) using defaults
[1.595s] Level 5:colcon.colcon_core.verb:set package 'robot_cleaner_pkg' build argument 'cmake_args' from command line to 'None'
[1.595s] Level 5:colcon.colcon_core.verb:set package 'robot_cleaner_pkg' build argument 'cmake_target' from command line to 'None'
[1.595s] Level 5:colcon.colcon_core.verb:set package 'robot_cleaner_pkg' build argument 'cmake_target_skip_unavailable' from command line to 'False'
[1.595s] Level 5:colcon.colcon_core.verb:set package 'robot_cleaner_pkg' build argument 'cmake_clean_cache' from command line to 'False'
[1.595s] Level 5:colcon.colcon_core.verb:set package 'robot_cleaner_pkg' build argument 'cmake_clean_first' from command line to 'False'
[1.595s] Level 5:colcon.colcon_core.verb:set package 'robot_cleaner_pkg' build argument 'cmake_force_configure' from command line to 'False'
[1.596s] Level 5:colcon.colcon_core.verb:set package 'robot_cleaner_pkg' build argument 'ament_cmake_args' from command line to 'None'
[1.596s] Level 5:colcon.colcon_core.verb:set package 'robot_cleaner_pkg' build argument 'catkin_cmake_args' from command line to 'None'
[1.596s] Level 5:colcon.colcon_core.verb:set package 'robot_cleaner_pkg' build argument 'catkin_skip_building_tests' from command line to 'False'
[1.596s] DEBUG:colcon.colcon_core.verb:Building package 'robot_cleaner_pkg' with the following arguments: {'ament_cmake_args': None, 'build_base': '/home/hae/robot_ws/src/robot_cleaner_pkg/build/robot_cleaner_pkg', 'catkin_cmake_args': None, 'catkin_skip_building_tests': False, 'cmake_args': None, 'cmake_clean_cache': False, 'cmake_clean_first': False, 'cmake_force_configure': False, 'cmake_target': None, 'cmake_target_skip_unavailable': False, 'install_base': '/home/hae/robot_ws/src/robot_cleaner_pkg/install/robot_cleaner_pkg', 'merge_install': False, 'path': '/home/hae/robot_ws/src/robot_cleaner_pkg', 'symlink_install': True, 'test_result_base': None}
[1.597s] INFO:colcon.colcon_core.executor:Executing jobs using 'parallel' executor
[1.600s] DEBUG:colcon.colcon_parallel_executor.executor.parallel:run_until_complete
[1.601s] INFO:colcon.colcon_ros.task.ament_cmake.build:Building ROS package in '/home/hae/robot_ws/src/robot_cleaner_pkg' with build type 'ament_cmake'
[1.602s] INFO:colcon.colcon_cmake.task.cmake.build:Building CMake package in '/home/hae/robot_ws/src/robot_cleaner_pkg'
[1.610s] INFO:colcon.colcon_core.plugin_system:Skipping extension 'colcon_core.shell.bat': Not used on non-Windows systems
[1.610s] INFO:colcon.colcon_core.shell:Skip shell extension 'powershell' for command environment: Not usable outside of PowerShell
[1.611s] DEBUG:colcon.colcon_core.shell:Skip shell extension 'dsv' for command environment
[1.657s] DEBUG:colcon.colcon_core.event_handler.log_command:Invoking command in '/home/hae/robot_ws/src/robot_cleaner_pkg/build/robot_cleaner_pkg': CMAKE_PREFIX_PATH=${CMAKE_PREFIX_PATH}:/opt/ros/humble /usr/bin/cmake --build /home/hae/robot_ws/src/robot_cleaner_pkg/build/robot_cleaner_pkg -- -j4 -l4
[21.230s] DEBUG:colcon.colcon_core.event_handler.log_command:Invoked command in '/home/hae/robot_ws/src/robot_cleaner_pkg/build/robot_cleaner_pkg' returned '2': CMAKE_PREFIX_PATH=${CMAKE_PREFIX_PATH}:/opt/ros/humble /usr/bin/cmake --build /home/hae/robot_ws/src/robot_cleaner_pkg/build/robot_cleaner_pkg -- -j4 -l4
[21.347s] Level 1:colcon.colcon_core.environment:create_environment_scripts_only(robot_cleaner_pkg)
[21.359s] Level 1:colcon.colcon_core.environment:checking '/home/hae/robot_ws/src/robot_cleaner_pkg/install/robot_cleaner_pkg' for CMake module files
[21.362s] Level 1:colcon.colcon_core.environment:checking '/home/hae/robot_ws/src/robot_cleaner_pkg/install/robot_cleaner_pkg' for CMake config files
[21.364s] Level 1:colcon.colcon_core.shell:create_environment_hook('robot_cleaner_pkg', 'cmake_prefix_path')
[21.365s] INFO:colcon.colcon_core.shell:Creating environment hook '/home/hae/robot_ws/src/robot_cleaner_pkg/install/robot_cleaner_pkg/share/robot_cleaner_pkg/hook/cmake_prefix_path.ps1'
[21.367s] INFO:colcon.colcon_core.shell:Creating environment descriptor '/home/hae/robot_ws/src/robot_cleaner_pkg/install/robot_cleaner_pkg/share/robot_cleaner_pkg/hook/cmake_prefix_path.dsv'
[21.370s] INFO:colcon.colcon_core.shell:Creating environment hook '/home/hae/robot_ws/src/robot_cleaner_pkg/install/robot_cleaner_pkg/share/robot_cleaner_pkg/hook/cmake_prefix_path.sh'
[21.374s] Level 1:colcon.colcon_core.environment:checking '/home/hae/robot_ws/src/robot_cleaner_pkg/install/robot_cleaner_pkg/lib'
[21.375s] Level 1:colcon.colcon_core.environment:checking '/home/hae/robot_ws/src/robot_cleaner_pkg/install/robot_cleaner_pkg/bin'
[21.376s] Level 1:colcon.colcon_core.environment:checking '/home/hae/robot_ws/src/robot_cleaner_pkg/install/robot_cleaner_pkg/lib/pkgconfig/robot_cleaner_pkg.pc'
[21.377s] Level 1:colcon.colcon_core.environment:checking '/home/hae/robot_ws/src/robot_cleaner_pkg/install/robot_cleaner_pkg/lib/python3.10/site-packages'
[21.378s] Level 1:colcon.colcon_core.environment:checking '/home/hae/robot_ws/src/robot_cleaner_pkg/install/robot_cleaner_pkg/bin'
[21.379s] INFO:colcon.colcon_core.shell:Creating package script '/home/hae/robot_ws/src/robot_cleaner_pkg/install/robot_cleaner_pkg/share/robot_cleaner_pkg/package.ps1'
[21.383s] INFO:colcon.colcon_core.shell:Creating package descriptor '/home/hae/robot_ws/src/robot_cleaner_pkg/install/robot_cleaner_pkg/share/robot_cleaner_pkg/package.dsv'
[21.386s] INFO:colcon.colcon_core.shell:Creating package script '/home/hae/robot_ws/src/robot_cleaner_pkg/install/robot_cleaner_pkg/share/robot_cleaner_pkg/package.sh'
[21.389s] INFO:colcon.colcon_core.shell:Creating package script '/home/hae/robot_ws/src/robot_cleaner_pkg/install/robot_cleaner_pkg/share/robot_cleaner_pkg/package.bash'
[21.393s] INFO:colcon.colcon_core.shell:Creating package script '/home/hae/robot_ws/src/robot_cleaner_pkg/install/robot_cleaner_pkg/share/robot_cleaner_pkg/package.zsh'
[21.396s] Level 1:colcon.colcon_core.environment:create_file_with_runtime_dependencies(/home/hae/robot_ws/src/robot_cleaner_pkg/install/robot_cleaner_pkg/share/colcon-core/packages/robot_cleaner_pkg)
[21.408s] DEBUG:colcon.colcon_parallel_executor.executor.parallel:closing loop
[21.408s] DEBUG:colcon.colcon_parallel_executor.executor.parallel:loop closed
[21.409s] DEBUG:colcon.colcon_parallel_executor.executor.parallel:run_until_complete finished with '2'
[21.409s] DEBUG:colcon.colcon_core.event_reactor:joining thread
[21.435s] INFO:colcon.colcon_core.plugin_system:Skipping extension 'colcon_notification.desktop_notification.terminal_notifier': Not used on non-Darwin systems
[21.435s] INFO:colcon.colcon_core.plugin_system:Skipping extension 'colcon_notification.desktop_notification.win32': Not used on non-Windows systems
[21.436s] INFO:colcon.colcon_notification.desktop_notification:Sending desktop notification using 'notify2'
[21.477s] DEBUG:colcon.colcon_core.event_reactor:joined thread
[21.479s] INFO:colcon.colcon_core.shell:Creating prefix script '/home/hae/robot_ws/src/robot_cleaner_pkg/install/local_setup.ps1'
[21.482s] INFO:colcon.colcon_core.shell:Creating prefix util module '/home/hae/robot_ws/src/robot_cleaner_pkg/install/_local_setup_util_ps1.py'
[21.488s] INFO:colcon.colcon_core.shell:Creating prefix chain script '/home/hae/robot_ws/src/robot_cleaner_pkg/install/setup.ps1'
[21.493s] INFO:colcon.colcon_core.shell:Creating prefix script '/home/hae/robot_ws/src/robot_cleaner_pkg/install/local_setup.sh'
[21.496s] INFO:colcon.colcon_core.shell:Creating prefix util module '/home/hae/robot_ws/src/robot_cleaner_pkg/install/_local_setup_util_sh.py'
[21.498s] INFO:colcon.colcon_core.shell:Creating prefix chain script '/home/hae/robot_ws/src/robot_cleaner_pkg/install/setup.sh'
[21.503s] INFO:colcon.colcon_core.shell:Creating prefix script '/home/hae/robot_ws/src/robot_cleaner_pkg/install/local_setup.bash'
[21.506s] INFO:colcon.colcon_core.shell:Creating prefix chain script '/home/hae/robot_ws/src/robot_cleaner_pkg/install/setup.bash'
[21.510s] INFO:colcon.colcon_core.shell:Creating prefix script '/home/hae/robot_ws/src/robot_cleaner_pkg/install/local_setup.zsh'
[21.513s] INFO:colcon.colcon_core.shell:Creating prefix chain script '/home/hae/robot_ws/src/robot_cleaner_pkg/install/setup.zsh'
