-- Found ament_cmake: 1.3.9 (/opt/ros/humble/share/ament_cmake/cmake)
-- Override CMake install command with custom implementation using symlinks instead of copying resources
-- Found rclcpp: 16.0.9 (/opt/ros/humble/share/rclcpp/cmake)
-- Found rosidl_generator_c: 3.1.5 (/opt/ros/humble/share/rosidl_generator_c/cmake)
-- Found rosidl_adapter: 3.1.5 (/opt/ros/humble/share/rosidl_adapter/cmake)
-- Found rosidl_generator_cpp: 3.1.5 (/opt/ros/humble/share/rosidl_generator_cpp/cmake)
-- Using all available rosidl_typesupport_c: rosidl_typesupport_fastrtps_c;rosidl_typesupport_introspection_c
-- Using all available rosidl_typesupport_cpp: rosidl_typesupport_fastrtps_cpp;rosidl_typesupport_introspection_cpp
-- Found rmw_implementation_cmake: 6.1.2 (/opt/ros/humble/share/rmw_implementation_cmake/cmake)
-- Found rmw_fastrtps_cpp: 6.2.6 (/opt/ros/humble/share/rmw_fastrtps_cpp/cmake)
-- Using RMW implementation 'rmw_fastrtps_cpp' as default
-- Found nav_msgs: 4.2.4 (/opt/ros/humble/share/nav_msgs/cmake)
-- Found ament_lint_auto: 0.12.11 (/opt/ros/humble/share/ament_lint_auto/cmake)
-- Added test 'cppcheck' to perform static code analysis on C / C++ code
-- Configured cppcheck include dirs: 
-- Configured cppcheck exclude dirs and/or files: 
-- Added test 'lint_cmake' to check CMake code style
-- Added test 'uncrustify' to check C / C++ code style
-- Configured uncrustify additional arguments: 
-- Added test 'xmllint' to check XML markup files
-- Configuring done
-- Generating done
-- Build files have been written to: /home/hae/robot_ws/src/build/robot_grid_pkg
[ 50%] [32mBuilding CXX object CMakeFiles/grid_node.dir/src/grid.cpp.o[0m
[100%] [32m[1mLinking CXX executable grid_node[0m
[100%] Built target grid_node
-- Install configuration: ""
-- Execute custom install script
-- Symlinking: /home/hae/robot_ws/src/install/robot_grid_pkg/lib/robot_grid_pkg/grid_node
-- Up-to-date symlink: /home/hae/robot_ws/src/install/robot_grid_pkg/share/ament_index/resource_index/package_run_dependencies/robot_grid_pkg
-- Up-to-date symlink: /home/hae/robot_ws/src/install/robot_grid_pkg/share/ament_index/resource_index/parent_prefix_path/robot_grid_pkg
-- Up-to-date symlink: /home/hae/robot_ws/src/install/robot_grid_pkg/share/robot_grid_pkg/environment/ament_prefix_path.sh
-- Up-to-date symlink: /home/hae/robot_ws/src/install/robot_grid_pkg/share/robot_grid_pkg/environment/ament_prefix_path.dsv
-- Up-to-date symlink: /home/hae/robot_ws/src/install/robot_grid_pkg/share/robot_grid_pkg/environment/path.sh
-- Up-to-date symlink: /home/hae/robot_ws/src/install/robot_grid_pkg/share/robot_grid_pkg/environment/path.dsv
-- Up-to-date symlink: /home/hae/robot_ws/src/install/robot_grid_pkg/share/robot_grid_pkg/local_setup.bash
-- Up-to-date symlink: /home/hae/robot_ws/src/install/robot_grid_pkg/share/robot_grid_pkg/local_setup.sh
-- Up-to-date symlink: /home/hae/robot_ws/src/install/robot_grid_pkg/share/robot_grid_pkg/local_setup.zsh
-- Up-to-date symlink: /home/hae/robot_ws/src/install/robot_grid_pkg/share/robot_grid_pkg/local_setup.dsv
-- Symlinking: /home/hae/robot_ws/src/install/robot_grid_pkg/share/robot_grid_pkg/package.dsv
-- Up-to-date symlink: /home/hae/robot_ws/src/install/robot_grid_pkg/share/ament_index/resource_index/packages/robot_grid_pkg
-- Up-to-date symlink: /home/hae/robot_ws/src/install/robot_grid_pkg/share/robot_grid_pkg/cmake/robot_grid_pkgConfig.cmake
-- Up-to-date symlink: /home/hae/robot_ws/src/install/robot_grid_pkg/share/robot_grid_pkg/cmake/robot_grid_pkgConfig-version.cmake
-- Up-to-date symlink: /home/hae/robot_ws/src/install/robot_grid_pkg/share/robot_grid_pkg/package.xml
