[0.065s] Invoking command in '/home/hae/robot_ws/src/build/cgps_pkg': CMAKE_PREFIX_PATH=${CMAKE_PREFIX_PATH}:/opt/ros/humble /usr/bin/cmake --build /home/hae/robot_ws/src/build/cgps_pkg -- -j4 -l4
[0.167s] -- Found ament_cmake: 1.3.9 (/opt/ros/humble/share/ament_cmake/cmake)
[0.804s] -- Override CMake install command with custom implementation using symlinks instead of copying resources
[0.837s] -- Found rclcpp: 16.0.9 (/opt/ros/humble/share/rclcpp/cmake)
[1.057s] -- Found rosidl_generator_c: 3.1.5 (/opt/ros/humble/share/rosidl_generator_c/cmake)
[1.074s] -- Found rosidl_adapter: 3.1.5 (/opt/ros/humble/share/rosidl_adapter/cmake)
[1.113s] -- Found rosidl_generator_cpp: 3.1.5 (/opt/ros/humble/share/rosidl_generator_cpp/cmake)
[1.173s] -- Using all available rosidl_typesupport_c: rosidl_typesupport_fastrtps_c;rosidl_typesupport_introspection_c
[1.262s] -- Using all available rosidl_typesupport_cpp: rosidl_typesupport_fastrtps_cpp;rosidl_typesupport_introspection_cpp
[1.560s] -- Found rmw_implementation_cmake: 6.1.2 (/opt/ros/humble/share/rmw_implementation_cmake/cmake)
[1.568s] -- Found rmw_fastrtps_cpp: 6.2.6 (/opt/ros/humble/share/rmw_fastrtps_cpp/cmake)
[2.847s] -- Using RMW implementation 'rmw_fastrtps_cpp' as default
[3.700s] -- Found geometry_msgs: 4.2.4 (/opt/ros/humble/share/geometry_msgs/cmake)
[3.923s] -- Found nav_msgs: 4.2.4 (/opt/ros/humble/share/nav_msgs/cmake)
[4.277s] -- Found ament_lint_auto: 0.12.11 (/opt/ros/humble/share/ament_lint_auto/cmake)
[4.690s] -- Added test 'cppcheck' to perform static code analysis on C / C++ code
[4.691s] -- Configured cppcheck include dirs: 
[4.692s] -- Configured cppcheck exclude dirs and/or files: 
[4.695s] -- Added test 'lint_cmake' to check CMake code style
[4.703s] -- Added test 'uncrustify' to check C / C++ code style
[4.704s] -- Configured uncrustify additional arguments: 
[4.705s] -- Added test 'xmllint' to check XML markup files
[4.712s] -- Configuring done
[4.775s] -- Generating done
[4.787s] -- Build files have been written to: /home/hae/robot_ws/src/build/cgps_pkg
[4.936s] [35m[1mConsolidate compiler generated dependencies of target gps[0m
[5.009s] [ 50%] [32m[1mLinking CXX executable gps[0m
[5.415s] /usr/bin/ld: CMakeFiles/gps.dir/src/gps.cpp.o: in function `main':
[5.419s] gps.cpp:(.text+0x4c): undefined reference to `gpsmm::stream(int)'
[5.422s] /usr/bin/ld: gps.cpp:(.text+0x80): undefined reference to `gpsmm::~gpsmm()'
[5.425s] /usr/bin/ld: gps.cpp:(.text+0xac): undefined reference to `gpsmm::read()'
[5.429s] /usr/bin/ld: gps.cpp:(.text+0x1d8): undefined reference to `gpsmm::~gpsmm()'
[5.432s] /usr/bin/ld: CMakeFiles/gps.dir/src/gps.cpp.o: in function `gpsmm::gpsmm(char const*, char const*)':
[5.433s] gps.cpp:(.text._ZN5gpsmmC2EPKcS1_[_ZN5gpsmmC5EPKcS1_]+0x14): undefined reference to `vtable for gpsmm'
[5.434s] /usr/bin/ld: gps.cpp:(.text._ZN5gpsmmC2EPKcS1_[_ZN5gpsmmC5EPKcS1_]+0x18): undefined reference to `vtable for gpsmm'
[5.437s] /usr/bin/ld: gps.cpp:(.text._ZN5gpsmmC2EPKcS1_[_ZN5gpsmmC5EPKcS1_]+0x5c): undefined reference to `gpsmm::gps_inner_open(char const*, char const*)'
[5.451s] collect2: error: ld returned 1 exit status
[5.466s] gmake[2]: *** [CMakeFiles/gps.dir/build.make:151: gps] Error 1
[5.467s] gmake[1]: *** [CMakeFiles/Makefile2:137: CMakeFiles/gps.dir/all] Error 2
[5.467s] gmake: *** [Makefile:146: all] Error 2
[5.468s] Invoked command in '/home/hae/robot_ws/src/build/cgps_pkg' returned '2': CMAKE_PREFIX_PATH=${CMAKE_PREFIX_PATH}:/opt/ros/humble /usr/bin/cmake --build /home/hae/robot_ws/src/build/cgps_pkg -- -j4 -l4
