[0.050s] Invoking command in '/home/hae/robot_ws/src/build/robot_action': CMAKE_PREFIX_PATH=${CMAKE_PREFIX_PATH}:/opt/ros/humble /usr/bin/cmake --build /home/hae/robot_ws/src/build/robot_action -- -j4 -l4
[0.277s] [  2%] Built target robot_action__cpp
[0.287s] [ 12%] Built target robot_action__rosidl_generator_c
[0.330s] [ 12%] Built target ament_cmake_python_symlink_robot_action
[0.451s] [ 25%] Built target robot_action__rosidl_typesupport_introspection_c
[0.454s] [ 38%] Built target robot_action__rosidl_typesupport_cpp
[0.456s] [ 43%] Built target robot_action__rosidl_typesupport_fastrtps_c
[0.496s] [ 53%] Built target robot_action__rosidl_typesupport_c
[0.588s] [ 64%] Built target robot_action__rosidl_typesupport_fastrtps_cpp
[0.604s] [ 74%] Built target robot_action__rosidl_typesupport_introspection_cpp
[0.738s] [ 74%] Built target robot_action
[0.856s] [ 76%] Built target robot_action__py
[0.976s] [ 84%] Built target robot_action__rosidl_generator_py
[1.127s] [ 89%] Built target robot_action__rosidl_typesupport_c__pyext
[1.143s] [ 94%] Built target robot_action__rosidl_typesupport_fastrtps_c__pyext
[1.153s] [100%] Built target robot_action__rosidl_typesupport_introspection_c__pyext
[1.972s] running egg_info
[1.976s] writing robot_action.egg-info/PKG-INFO
[1.977s] writing dependency_links to robot_action.egg-info/dependency_links.txt
[1.979s] writing top-level names to robot_action.egg-info/top_level.txt
[1.990s] reading manifest file 'robot_action.egg-info/SOURCES.txt'
[1.993s] writing manifest file 'robot_action.egg-info/SOURCES.txt'
[2.136s] [100%] Built target ament_cmake_python_build_robot_action_egg
[2.184s] Invoked command in '/home/hae/robot_ws/src/build/robot_action' returned '0': CMAKE_PREFIX_PATH=${CMAKE_PREFIX_PATH}:/opt/ros/humble /usr/bin/cmake --build /home/hae/robot_ws/src/build/robot_action -- -j4 -l4
[2.704s] Invoking command in '/home/hae/robot_ws/src/build/robot_action': CMAKE_PREFIX_PATH=${CMAKE_PREFIX_PATH}:/opt/ros/humble /usr/bin/cmake --install /home/hae/robot_ws/src/build/robot_action
[2.737s] -- Install configuration: ""
[2.741s] -- Execute custom install script
[2.744s] -- Up-to-date symlink: /home/hae/robot_ws/src/install/robot_action/share/ament_index/resource_index/rosidl_interfaces/robot_action
[2.749s] -- Up-to-date symlink: /home/hae/robot_ws/src/install/robot_action/include/robot_action/robot_action/action/detail/move__functions.h
[2.751s] -- Up-to-date symlink: /home/hae/robot_ws/src/install/robot_action/include/robot_action/robot_action/action/detail/move__struct.h
[2.754s] -- Up-to-date symlink: /home/hae/robot_ws/src/install/robot_action/include/robot_action/robot_action/action/detail/move__type_support.h
[2.756s] -- Up-to-date symlink: /home/hae/robot_ws/src/install/robot_action/include/robot_action/robot_action/action/detail/test__functions.h
[2.757s] -- Up-to-date symlink: /home/hae/robot_ws/src/install/robot_action/include/robot_action/robot_action/action/detail/test__struct.h
[2.758s] -- Up-to-date symlink: /home/hae/robot_ws/src/install/robot_action/include/robot_action/robot_action/action/detail/test__type_support.h
[2.762s] -- Up-to-date symlink: /home/hae/robot_ws/src/install/robot_action/include/robot_action/robot_action/action/move.h
[2.764s] -- Up-to-date symlink: /home/hae/robot_ws/src/install/robot_action/include/robot_action/robot_action/action/test.h
[2.765s] -- Up-to-date symlink: /home/hae/robot_ws/src/install/robot_action/include/robot_action/robot_action/msg/rosidl_generator_c__visibility_control.h
[2.766s] -- Up-to-date symlink: /home/hae/robot_ws/src/install/robot_action/share/robot_action/environment/library_path.sh
[2.767s] -- Up-to-date symlink: /home/hae/robot_ws/src/install/robot_action/share/robot_action/environment/library_path.dsv
[2.771s] -- Up-to-date symlink: /home/hae/robot_ws/src/install/robot_action/include/robot_action/robot_action/action/detail/move__rosidl_typesupport_fastrtps_c.h
[2.772s] -- Up-to-date symlink: /home/hae/robot_ws/src/install/robot_action/include/robot_action/robot_action/action/detail/test__rosidl_typesupport_fastrtps_c.h
[2.773s] -- Up-to-date symlink: /home/hae/robot_ws/src/install/robot_action/include/robot_action/robot_action/msg/rosidl_typesupport_fastrtps_c__visibility_control.h
[2.776s] -- Up-to-date symlink: /home/hae/robot_ws/src/install/robot_action/include/robot_action/robot_action/action/detail/move__rosidl_typesupport_introspection_c.h
[2.777s] -- Up-to-date symlink: /home/hae/robot_ws/src/install/robot_action/include/robot_action/robot_action/action/detail/test__rosidl_typesupport_introspection_c.h
[2.778s] -- Up-to-date symlink: /home/hae/robot_ws/src/install/robot_action/include/robot_action/robot_action/msg/rosidl_typesupport_introspection_c__visibility_control.h
[2.781s] -- Up-to-date symlink: /home/hae/robot_ws/src/install/robot_action/include/robot_action/robot_action/action/detail/move__builder.hpp
[2.782s] -- Up-to-date symlink: /home/hae/robot_ws/src/install/robot_action/include/robot_action/robot_action/action/detail/move__struct.hpp
[2.783s] -- Up-to-date symlink: /home/hae/robot_ws/src/install/robot_action/include/robot_action/robot_action/action/detail/move__traits.hpp
[2.784s] -- Up-to-date symlink: /home/hae/robot_ws/src/install/robot_action/include/robot_action/robot_action/action/detail/test__builder.hpp
[2.785s] -- Up-to-date symlink: /home/hae/robot_ws/src/install/robot_action/include/robot_action/robot_action/action/detail/test__struct.hpp
[2.787s] -- Up-to-date symlink: /home/hae/robot_ws/src/install/robot_action/include/robot_action/robot_action/action/detail/test__traits.hpp
[2.788s] -- Up-to-date symlink: /home/hae/robot_ws/src/install/robot_action/include/robot_action/robot_action/action/move.hpp
[2.789s] -- Up-to-date symlink: /home/hae/robot_ws/src/install/robot_action/include/robot_action/robot_action/action/test.hpp
[2.793s] -- Up-to-date symlink: /home/hae/robot_ws/src/install/robot_action/include/robot_action/robot_action/action/detail/move__rosidl_typesupport_fastrtps_cpp.hpp
[2.794s] -- Up-to-date symlink: /home/hae/robot_ws/src/install/robot_action/include/robot_action/robot_action/action/detail/test__rosidl_typesupport_fastrtps_cpp.hpp
[2.795s] -- Up-to-date symlink: /home/hae/robot_ws/src/install/robot_action/include/robot_action/robot_action/msg/rosidl_typesupport_fastrtps_cpp__visibility_control.h
[2.797s] -- Up-to-date symlink: /home/hae/robot_ws/src/install/robot_action/include/robot_action/robot_action/action/detail/move__rosidl_typesupport_introspection_cpp.hpp
[2.799s] -- Up-to-date symlink: /home/hae/robot_ws/src/install/robot_action/include/robot_action/robot_action/action/detail/test__rosidl_typesupport_introspection_cpp.hpp
[2.800s] -- Up-to-date symlink: /home/hae/robot_ws/src/install/robot_action/share/robot_action/environment/pythonpath.sh
[2.801s] -- Up-to-date symlink: /home/hae/robot_ws/src/install/robot_action/share/robot_action/environment/pythonpath.dsv
[2.803s] -- Up-to-date symlink: /home/hae/robot_ws/src/install/robot_action/local/lib/python3.10/dist-packages/robot_action-0.0.0-py3.10.egg-info/PKG-INFO
[2.804s] -- Up-to-date symlink: /home/hae/robot_ws/src/install/robot_action/local/lib/python3.10/dist-packages/robot_action-0.0.0-py3.10.egg-info/SOURCES.txt
[2.805s] -- Up-to-date symlink: /home/hae/robot_ws/src/install/robot_action/local/lib/python3.10/dist-packages/robot_action-0.0.0-py3.10.egg-info/dependency_links.txt
[2.807s] -- Up-to-date symlink: /home/hae/robot_ws/src/install/robot_action/local/lib/python3.10/dist-packages/robot_action-0.0.0-py3.10.egg-info/top_level.txt
[2.811s] -- Up-to-date symlink: /home/hae/robot_ws/src/install/robot_action/local/lib/python3.10/dist-packages/robot_action/__init__.py
[2.815s] -- Up-to-date symlink: /home/hae/robot_ws/src/install/robot_action/local/lib/python3.10/dist-packages/robot_action/_robot_action_s.ep.rosidl_typesupport_c.c
[2.817s] -- Up-to-date symlink: /home/hae/robot_ws/src/install/robot_action/local/lib/python3.10/dist-packages/robot_action/_robot_action_s.ep.rosidl_typesupport_fastrtps_c.c
[2.817s] -- Up-to-date symlink: /home/hae/robot_ws/src/install/robot_action/local/lib/python3.10/dist-packages/robot_action/_robot_action_s.ep.rosidl_typesupport_introspection_c.c
[2.818s] -- Up-to-date symlink: /home/hae/robot_ws/src/install/robot_action/local/lib/python3.10/dist-packages/robot_action/action/__init__.py
[2.819s] -- Up-to-date symlink: /home/hae/robot_ws/src/install/robot_action/local/lib/python3.10/dist-packages/robot_action/action/_move.py
[2.820s] -- Up-to-date symlink: /home/hae/robot_ws/src/install/robot_action/local/lib/python3.10/dist-packages/robot_action/action/_move_s.c
[2.820s] -- Up-to-date symlink: /home/hae/robot_ws/src/install/robot_action/local/lib/python3.10/dist-packages/robot_action/action/_test.py
[2.821s] -- Up-to-date symlink: /home/hae/robot_ws/src/install/robot_action/local/lib/python3.10/dist-packages/robot_action/action/_test_s.c
[2.822s] -- Up-to-date symlink: /home/hae/robot_ws/src/install/robot_action/local/lib/python3.10/dist-packages/robot_action/librobot_action__rosidl_generator_py.so
[2.824s] -- Up-to-date symlink: /home/hae/robot_ws/src/install/robot_action/local/lib/python3.10/dist-packages/robot_action/robot_action_s__rosidl_typesupport_c.cpython-310-aarch64-linux-gnu.so
[2.824s] -- Up-to-date symlink: /home/hae/robot_ws/src/install/robot_action/local/lib/python3.10/dist-packages/robot_action/robot_action_s__rosidl_typesupport_fastrtps_c.cpython-310-aarch64-linux-gnu.so
[2.825s] -- Up-to-date symlink: /home/hae/robot_ws/src/install/robot_action/local/lib/python3.10/dist-packages/robot_action/robot_action_s__rosidl_typesupport_introspection_c.cpython-310-aarch64-linux-gnu.so
[2.827s] -- Up-to-date symlink: /home/hae/robot_ws/src/install/robot_action/local/lib/python3.10/dist-packages/robot_action/robot_action_s__rosidl_typesupport_fastrtps_c.cpython-310-aarch64-linux-gnu.so
[2.829s] -- Up-to-date symlink: /home/hae/robot_ws/src/install/robot_action/local/lib/python3.10/dist-packages/robot_action/robot_action_s__rosidl_typesupport_introspection_c.cpython-310-aarch64-linux-gnu.so
[2.830s] -- Up-to-date symlink: /home/hae/robot_ws/src/install/robot_action/local/lib/python3.10/dist-packages/robot_action/robot_action_s__rosidl_typesupport_c.cpython-310-aarch64-linux-gnu.so
[2.831s] -- Up-to-date symlink: /home/hae/robot_ws/src/install/robot_action/share/robot_action/action/Move.idl
[2.833s] -- Up-to-date symlink: /home/hae/robot_ws/src/install/robot_action/share/robot_action/action/Test.idl
[2.834s] -- Up-to-date symlink: /home/hae/robot_ws/src/install/robot_action/share/robot_action/action/Move.action
[2.835s] -- Up-to-date symlink: /home/hae/robot_ws/src/install/robot_action/share/robot_action/action/Test.action
[2.836s] -- Up-to-date symlink: /home/hae/robot_ws/src/install/robot_action/share/ament_index/resource_index/package_run_dependencies/robot_action
[2.837s] -- Up-to-date symlink: /home/hae/robot_ws/src/install/robot_action/share/ament_index/resource_index/parent_prefix_path/robot_action
[2.838s] -- Up-to-date symlink: /home/hae/robot_ws/src/install/robot_action/share/robot_action/environment/ament_prefix_path.sh
[2.839s] -- Up-to-date symlink: /home/hae/robot_ws/src/install/robot_action/share/robot_action/environment/ament_prefix_path.dsv
[2.840s] -- Up-to-date symlink: /home/hae/robot_ws/src/install/robot_action/share/robot_action/environment/path.sh
[2.841s] -- Up-to-date symlink: /home/hae/robot_ws/src/install/robot_action/share/robot_action/environment/path.dsv
[2.842s] -- Up-to-date symlink: /home/hae/robot_ws/src/install/robot_action/share/robot_action/local_setup.bash
[2.843s] -- Up-to-date symlink: /home/hae/robot_ws/src/install/robot_action/share/robot_action/local_setup.sh
[2.845s] -- Up-to-date symlink: /home/hae/robot_ws/src/install/robot_action/share/robot_action/local_setup.zsh
[2.846s] -- Up-to-date symlink: /home/hae/robot_ws/src/install/robot_action/share/robot_action/local_setup.dsv
[2.847s] -- Symlinking: /home/hae/robot_ws/src/install/robot_action/share/robot_action/package.dsv
[2.888s] -- Up-to-date symlink: /home/hae/robot_ws/src/install/robot_action/share/ament_index/resource_index/packages/robot_action
[2.889s] -- Up-to-date symlink: /home/hae/robot_ws/src/install/robot_action/share/robot_action/cmake/rosidl_cmake-extras.cmake
[2.890s] -- Up-to-date symlink: /home/hae/robot_ws/src/install/robot_action/share/robot_action/cmake/ament_cmake_export_dependencies-extras.cmake
[2.892s] -- Up-to-date symlink: /home/hae/robot_ws/src/install/robot_action/share/robot_action/cmake/ament_cmake_export_include_directories-extras.cmake
[2.896s] -- Up-to-date symlink: /home/hae/robot_ws/src/install/robot_action/share/robot_action/cmake/ament_cmake_export_libraries-extras.cmake
[2.896s] -- Up-to-date symlink: /home/hae/robot_ws/src/install/robot_action/share/robot_action/cmake/ament_cmake_export_targets-extras.cmake
[2.897s] -- Up-to-date symlink: /home/hae/robot_ws/src/install/robot_action/share/robot_action/cmake/rosidl_cmake_export_typesupport_targets-extras.cmake
[2.898s] -- Up-to-date symlink: /home/hae/robot_ws/src/install/robot_action/share/robot_action/cmake/rosidl_cmake_export_typesupport_libraries-extras.cmake
[2.899s] -- Up-to-date symlink: /home/hae/robot_ws/src/install/robot_action/share/robot_action/cmake/robot_actionConfig.cmake
[2.900s] -- Up-to-date symlink: /home/hae/robot_ws/src/install/robot_action/share/robot_action/cmake/robot_actionConfig-version.cmake
[2.901s] -- Up-to-date symlink: /home/hae/robot_ws/src/install/robot_action/share/robot_action/package.xml
[2.902s] -- Up-to-date: /home/hae/robot_ws/src/install/robot_action/lib/librobot_action__rosidl_generator_c.so
[2.905s] -- Up-to-date: /home/hae/robot_ws/src/install/robot_action/lib/librobot_action__rosidl_typesupport_fastrtps_c.so
[2.907s] -- Up-to-date: /home/hae/robot_ws/src/install/robot_action/lib/librobot_action__rosidl_typesupport_introspection_c.so
[2.909s] -- Up-to-date: /home/hae/robot_ws/src/install/robot_action/lib/librobot_action__rosidl_typesupport_c.so
[2.912s] -- Up-to-date: /home/hae/robot_ws/src/install/robot_action/lib/librobot_action__rosidl_typesupport_fastrtps_cpp.so
[2.914s] -- Up-to-date: /home/hae/robot_ws/src/install/robot_action/lib/librobot_action__rosidl_typesupport_introspection_cpp.so
[2.916s] -- Up-to-date: /home/hae/robot_ws/src/install/robot_action/lib/librobot_action__rosidl_typesupport_cpp.so
[3.086s] Listing '/home/hae/robot_ws/src/install/robot_action/local/lib/python3.10/dist-packages/robot_action'...
[3.087s] Listing '/home/hae/robot_ws/src/install/robot_action/local/lib/python3.10/dist-packages/robot_action/action'...
[3.112s] -- Up-to-date: /home/hae/robot_ws/src/install/robot_action/lib/librobot_action__rosidl_generator_py.so
[3.114s] -- Up-to-date: /home/hae/robot_ws/src/install/robot_action/share/robot_action/cmake/export_robot_action__rosidl_generator_cExport.cmake
[3.116s] -- Up-to-date: /home/hae/robot_ws/src/install/robot_action/share/robot_action/cmake/export_robot_action__rosidl_generator_cExport-noconfig.cmake
[3.119s] -- Up-to-date: /home/hae/robot_ws/src/install/robot_action/share/robot_action/cmake/export_robot_action__rosidl_typesupport_fastrtps_cExport.cmake
[3.119s] -- Up-to-date: /home/hae/robot_ws/src/install/robot_action/share/robot_action/cmake/export_robot_action__rosidl_typesupport_fastrtps_cExport-noconfig.cmake
[3.123s] -- Up-to-date: /home/hae/robot_ws/src/install/robot_action/share/robot_action/cmake/robot_action__rosidl_typesupport_introspection_cExport.cmake
[3.123s] -- Up-to-date: /home/hae/robot_ws/src/install/robot_action/share/robot_action/cmake/robot_action__rosidl_typesupport_introspection_cExport-noconfig.cmake
[3.126s] -- Up-to-date: /home/hae/robot_ws/src/install/robot_action/share/robot_action/cmake/robot_action__rosidl_typesupport_cExport.cmake
[3.127s] -- Up-to-date: /home/hae/robot_ws/src/install/robot_action/share/robot_action/cmake/robot_action__rosidl_typesupport_cExport-noconfig.cmake
[3.127s] -- Up-to-date: /home/hae/robot_ws/src/install/robot_action/share/robot_action/cmake/export_robot_action__rosidl_generator_cppExport.cmake
[3.128s] -- Up-to-date: /home/hae/robot_ws/src/install/robot_action/share/robot_action/cmake/export_robot_action__rosidl_typesupport_fastrtps_cppExport.cmake
[3.128s] -- Up-to-date: /home/hae/robot_ws/src/install/robot_action/share/robot_action/cmake/export_robot_action__rosidl_typesupport_fastrtps_cppExport-noconfig.cmake
[3.129s] -- Up-to-date: /home/hae/robot_ws/src/install/robot_action/share/robot_action/cmake/robot_action__rosidl_typesupport_introspection_cppExport.cmake
[3.130s] -- Up-to-date: /home/hae/robot_ws/src/install/robot_action/share/robot_action/cmake/robot_action__rosidl_typesupport_introspection_cppExport-noconfig.cmake
[3.131s] -- Up-to-date: /home/hae/robot_ws/src/install/robot_action/share/robot_action/cmake/robot_action__rosidl_typesupport_cppExport.cmake
[3.132s] -- Up-to-date: /home/hae/robot_ws/src/install/robot_action/share/robot_action/cmake/robot_action__rosidl_typesupport_cppExport-noconfig.cmake
[3.133s] -- Up-to-date: /home/hae/robot_ws/src/install/robot_action/share/robot_action/cmake/export_robot_action__rosidl_generator_pyExport.cmake
[3.134s] -- Up-to-date: /home/hae/robot_ws/src/install/robot_action/share/robot_action/cmake/export_robot_action__rosidl_generator_pyExport-noconfig.cmake
[3.138s] Invoked command in '/home/hae/robot_ws/src/build/robot_action' returned '0': CMAKE_PREFIX_PATH=${CMAKE_PREFIX_PATH}:/opt/ros/humble /usr/bin/cmake --install /home/hae/robot_ws/src/build/robot_action
