[1.960s] DEBUG:colcon:Command line arguments: ['/usr/bin/colcon', 'build', '--symlink-install', '--packages-select', 'dot_pkg']
[1.961s] DEBUG:colcon:Parsed command line arguments: Namespace(log_base=None, log_level=None, verb_name='build', build_base='build', install_base='install', merge_install=False, symlink_install=True, test_result_base=None, continue_on_error=False, executor='parallel', parallel_workers=4, event_handlers=None, ignore_user_meta=False, metas=['./colcon.meta'], base_paths=['.'], packages_ignore=None, packages_ignore_regex=None, paths=None, packages_up_to=None, packages_up_to_regex=None, packages_above=None, packages_above_and_dependencies=None, packages_above_depth=None, packages_select_by_dep=None, packages_skip_by_dep=None, packages_skip_up_to=None, packages_select_build_failed=False, packages_skip_build_finished=False, packages_select_test_failures=False, packages_skip_test_passed=False, packages_select=['dot_pkg'], packages_skip=None, packages_select_regex=None, packages_skip_regex=None, packages_start=None, packages_end=None, allow_overriding=[], cmake_args=None, cmake_target=None, cmake_target_skip_unavailable=False, cmake_clean_cache=False, cmake_clean_first=False, cmake_force_configure=False, ament_cmake_args=None, catkin_cmake_args=None, catkin_skip_building_tests=False, mixin_files=None, mixin=None, verb_parser=<colcon_mixin.mixin.mixin_argument.MixinArgumentDecorator object at 0xffffa9dc9780>, verb_extension=<colcon_core.verb.build.BuildVerb object at 0xffffa9fa1ea0>, main=<bound method BuildVerb.main of <colcon_core.verb.build.BuildVerb object at 0xffffa9fa1ea0>>, mixin_verb=('build',))
[3.955s] Level 1:colcon.colcon_core.package_discovery:discover_packages(colcon_meta) check parameters
[3.956s] Level 1:colcon.colcon_core.package_discovery:discover_packages(recursive) check parameters
[3.956s] Level 1:colcon.colcon_core.package_discovery:discover_packages(ignore) check parameters
[3.956s] Level 1:colcon.colcon_core.package_discovery:discover_packages(path) check parameters
[3.957s] Level 1:colcon.colcon_core.package_discovery:discover_packages(colcon_meta) discover
[3.957s] Level 1:colcon.colcon_core.package_discovery:discover_packages(recursive) discover
[3.958s] INFO:colcon.colcon_core.package_discovery:Crawling recursively for packages in '/home/hae/robot_ws/src'
[3.959s] Level 1:colcon.colcon_core.package_identification:_identify(.) by extensions ['ignore', 'ignore_ament_install']
[3.960s] Level 1:colcon.colcon_core.package_identification:_identify(.) by extension 'ignore'
[3.960s] Level 1:colcon.colcon_core.package_identification:_identify(.) by extension 'ignore_ament_install'
[3.961s] Level 1:colcon.colcon_core.package_identification:_identify(.) by extensions ['colcon_pkg']
[3.962s] Level 1:colcon.colcon_core.package_identification:_identify(.) by extension 'colcon_pkg'
[3.962s] Level 1:colcon.colcon_core.package_identification:_identify(.) by extensions ['colcon_meta']
[3.963s] Level 1:colcon.colcon_core.package_identification:_identify(.) by extension 'colcon_meta'
[3.963s] Level 1:colcon.colcon_core.package_identification:_identify(.) by extensions ['ros']
[3.963s] Level 1:colcon.colcon_core.package_identification:_identify(.) by extension 'ros'
[4.103s] Level 1:colcon.colcon_core.package_identification:_identify(.) by extensions ['cmake', 'python']
[4.103s] Level 1:colcon.colcon_core.package_identification:_identify(.) by extension 'cmake'
[4.104s] Level 1:colcon.colcon_core.package_identification:_identify(.) by extension 'python'
[4.105s] Level 1:colcon.colcon_core.package_identification:_identify(.) by extensions ['python_setup_py']
[4.105s] Level 1:colcon.colcon_core.package_identification:_identify(.) by extension 'python_setup_py'
[4.106s] Level 1:colcon.colcon_core.package_identification:_identify(Cgps) by extensions ['ignore', 'ignore_ament_install']
[4.108s] Level 1:colcon.colcon_core.package_identification:_identify(Cgps) by extension 'ignore'
[4.109s] Level 1:colcon.colcon_core.package_identification:_identify(Cgps) by extension 'ignore_ament_install'
[4.109s] Level 1:colcon.colcon_core.package_identification:_identify(Cgps) by extensions ['colcon_pkg']
[4.110s] Level 1:colcon.colcon_core.package_identification:_identify(Cgps) by extension 'colcon_pkg'
[4.111s] Level 1:colcon.colcon_core.package_identification:_identify(Cgps) by extensions ['colcon_meta']
[4.112s] Level 1:colcon.colcon_core.package_identification:_identify(Cgps) by extension 'colcon_meta'
[4.112s] Level 1:colcon.colcon_core.package_identification:_identify(Cgps) by extensions ['ros']
[4.113s] Level 1:colcon.colcon_core.package_identification:_identify(Cgps) by extension 'ros'
[4.114s] Level 1:colcon.colcon_core.package_identification:_identify(Cgps) by extensions ['cmake', 'python']
[4.115s] Level 1:colcon.colcon_core.package_identification:_identify(Cgps) by extension 'cmake'
[4.115s] Level 1:colcon.colcon_core.package_identification:_identify(Cgps) by extension 'python'
[4.117s] Level 1:colcon.colcon_core.package_identification:_identify(Cgps) by extensions ['python_setup_py']
[4.117s] Level 1:colcon.colcon_core.package_identification:_identify(Cgps) by extension 'python_setup_py'
[4.118s] Level 1:colcon.colcon_core.package_identification:_identify(action_test) by extensions ['ignore', 'ignore_ament_install']
[4.120s] Level 1:colcon.colcon_core.package_identification:_identify(action_test) by extension 'ignore'
[4.120s] Level 1:colcon.colcon_core.package_identification:_identify(action_test) by extension 'ignore_ament_install'
[4.121s] Level 1:colcon.colcon_core.package_identification:_identify(action_test) by extensions ['colcon_pkg']
[4.121s] Level 1:colcon.colcon_core.package_identification:_identify(action_test) by extension 'colcon_pkg'
[4.122s] Level 1:colcon.colcon_core.package_identification:_identify(action_test) by extensions ['colcon_meta']
[4.122s] Level 1:colcon.colcon_core.package_identification:_identify(action_test) by extension 'colcon_meta'
[4.123s] Level 1:colcon.colcon_core.package_identification:_identify(action_test) by extensions ['ros']
[4.123s] Level 1:colcon.colcon_core.package_identification:_identify(action_test) by extension 'ros'
[4.190s] DEBUG:colcon.colcon_core.package_identification:Package 'action_test' with type 'ros.ament_cmake' and name 'action_test'
[4.191s] Level 1:colcon.colcon_core.package_identification:_identify(build) by extensions ['ignore', 'ignore_ament_install']
[4.192s] Level 1:colcon.colcon_core.package_identification:_identify(build) by extension 'ignore'
[4.193s] Level 1:colcon.colcon_core.package_identification:_identify(build) ignored
[4.194s] Level 1:colcon.colcon_core.package_identification:_identify(cgps_pkg) by extensions ['ignore', 'ignore_ament_install']
[4.197s] Level 1:colcon.colcon_core.package_identification:_identify(cgps_pkg) by extension 'ignore'
[4.198s] Level 1:colcon.colcon_core.package_identification:_identify(cgps_pkg) by extension 'ignore_ament_install'
[4.201s] Level 1:colcon.colcon_core.package_identification:_identify(cgps_pkg) by extensions ['colcon_pkg']
[4.202s] Level 1:colcon.colcon_core.package_identification:_identify(cgps_pkg) by extension 'colcon_pkg'
[4.202s] Level 1:colcon.colcon_core.package_identification:_identify(cgps_pkg) by extensions ['colcon_meta']
[4.203s] Level 1:colcon.colcon_core.package_identification:_identify(cgps_pkg) by extension 'colcon_meta'
[4.204s] Level 1:colcon.colcon_core.package_identification:_identify(cgps_pkg) by extensions ['ros']
[4.204s] Level 1:colcon.colcon_core.package_identification:_identify(cgps_pkg) by extension 'ros'
[4.215s] DEBUG:colcon.colcon_core.package_identification:Package 'cgps_pkg' with type 'ros.ament_cmake' and name 'cgps_pkg'
[4.216s] Level 1:colcon.colcon_core.package_identification:_identify(dot_pkg) by extensions ['ignore', 'ignore_ament_install']
[4.218s] Level 1:colcon.colcon_core.package_identification:_identify(dot_pkg) by extension 'ignore'
[4.219s] Level 1:colcon.colcon_core.package_identification:_identify(dot_pkg) by extension 'ignore_ament_install'
[4.220s] Level 1:colcon.colcon_core.package_identification:_identify(dot_pkg) by extensions ['colcon_pkg']
[4.221s] Level 1:colcon.colcon_core.package_identification:_identify(dot_pkg) by extension 'colcon_pkg'
[4.222s] Level 1:colcon.colcon_core.package_identification:_identify(dot_pkg) by extensions ['colcon_meta']
[4.224s] Level 1:colcon.colcon_core.package_identification:_identify(dot_pkg) by extension 'colcon_meta'
[4.224s] Level 1:colcon.colcon_core.package_identification:_identify(dot_pkg) by extensions ['ros']
[4.225s] Level 1:colcon.colcon_core.package_identification:_identify(dot_pkg) by extension 'ros'
[4.240s] DEBUG:colcon.colcon_core.package_identification:Package 'dot_pkg' with type 'ros.ament_cmake' and name 'dot_pkg'
[4.241s] Level 1:colcon.colcon_core.package_identification:_identify(install) by extensions ['ignore', 'ignore_ament_install']
[4.242s] Level 1:colcon.colcon_core.package_identification:_identify(install) by extension 'ignore'
[4.243s] Level 1:colcon.colcon_core.package_identification:_identify(install) ignored
[4.248s] Level 1:colcon.colcon_core.package_identification:_identify(log) by extensions ['ignore', 'ignore_ament_install']
[4.250s] Level 1:colcon.colcon_core.package_identification:_identify(log) by extension 'ignore'
[4.250s] Level 1:colcon.colcon_core.package_identification:_identify(log) ignored
[4.252s] Level 1:colcon.colcon_core.package_identification:_identify(robot_action) by extensions ['ignore', 'ignore_ament_install']
[4.254s] Level 1:colcon.colcon_core.package_identification:_identify(robot_action) by extension 'ignore'
[4.254s] Level 1:colcon.colcon_core.package_identification:_identify(robot_action) by extension 'ignore_ament_install'
[4.256s] Level 1:colcon.colcon_core.package_identification:_identify(robot_action) by extensions ['colcon_pkg']
[4.256s] Level 1:colcon.colcon_core.package_identification:_identify(robot_action) by extension 'colcon_pkg'
[4.257s] Level 1:colcon.colcon_core.package_identification:_identify(robot_action) by extensions ['colcon_meta']
[4.258s] Level 1:colcon.colcon_core.package_identification:_identify(robot_action) by extension 'colcon_meta'
[4.259s] Level 1:colcon.colcon_core.package_identification:_identify(robot_action) by extensions ['ros']
[4.259s] Level 1:colcon.colcon_core.package_identification:_identify(robot_action) by extension 'ros'
[4.269s] DEBUG:colcon.colcon_core.package_identification:Package 'robot_action' with type 'ros.ament_cmake' and name 'robot_action'
[4.270s] Level 1:colcon.colcon_core.package_identification:_identify(robot_cleaner_pkg) by extensions ['ignore', 'ignore_ament_install']
[4.271s] Level 1:colcon.colcon_core.package_identification:_identify(robot_cleaner_pkg) by extension 'ignore'
[4.272s] Level 1:colcon.colcon_core.package_identification:_identify(robot_cleaner_pkg) by extension 'ignore_ament_install'
[4.273s] Level 1:colcon.colcon_core.package_identification:_identify(robot_cleaner_pkg) by extensions ['colcon_pkg']
[4.273s] Level 1:colcon.colcon_core.package_identification:_identify(robot_cleaner_pkg) by extension 'colcon_pkg'
[4.273s] Level 1:colcon.colcon_core.package_identification:_identify(robot_cleaner_pkg) by extensions ['colcon_meta']
[4.274s] Level 1:colcon.colcon_core.package_identification:_identify(robot_cleaner_pkg) by extension 'colcon_meta'
[4.274s] Level 1:colcon.colcon_core.package_identification:_identify(robot_cleaner_pkg) by extensions ['ros']
[4.275s] Level 1:colcon.colcon_core.package_identification:_identify(robot_cleaner_pkg) by extension 'ros'
[4.285s] DEBUG:colcon.colcon_core.package_identification:Package 'robot_cleaner_pkg' with type 'ros.ament_cmake' and name 'robot_cleaner_pkg'
[4.286s] Level 1:colcon.colcon_core.package_identification:_identify(robot_drive_pkg) by extensions ['ignore', 'ignore_ament_install']
[4.286s] Level 1:colcon.colcon_core.package_identification:_identify(robot_drive_pkg) by extension 'ignore'
[4.287s] Level 1:colcon.colcon_core.package_identification:_identify(robot_drive_pkg) by extension 'ignore_ament_install'
[4.287s] Level 1:colcon.colcon_core.package_identification:_identify(robot_drive_pkg) by extensions ['colcon_pkg']
[4.287s] Level 1:colcon.colcon_core.package_identification:_identify(robot_drive_pkg) by extension 'colcon_pkg'
[4.291s] Level 1:colcon.colcon_core.package_identification:_identify(robot_drive_pkg) by extensions ['colcon_meta']
[4.291s] Level 1:colcon.colcon_core.package_identification:_identify(robot_drive_pkg) by extension 'colcon_meta'
[4.292s] Level 1:colcon.colcon_core.package_identification:_identify(robot_drive_pkg) by extensions ['ros']
[4.293s] Level 1:colcon.colcon_core.package_identification:_identify(robot_drive_pkg) by extension 'ros'
[4.297s] DEBUG:colcon.colcon_core.package_identification:Package 'robot_drive_pkg' with type 'ros.ament_cmake' and name 'robot_drive_pkg'
[4.298s] Level 1:colcon.colcon_core.package_identification:_identify(robot_go_pkg) by extensions ['ignore', 'ignore_ament_install']
[4.298s] Level 1:colcon.colcon_core.package_identification:_identify(robot_go_pkg) by extension 'ignore'
[4.299s] Level 1:colcon.colcon_core.package_identification:_identify(robot_go_pkg) by extension 'ignore_ament_install'
[4.299s] Level 1:colcon.colcon_core.package_identification:_identify(robot_go_pkg) by extensions ['colcon_pkg']
[4.299s] Level 1:colcon.colcon_core.package_identification:_identify(robot_go_pkg) by extension 'colcon_pkg'
[4.301s] Level 1:colcon.colcon_core.package_identification:_identify(robot_go_pkg) by extensions ['colcon_meta']
[4.313s] Level 1:colcon.colcon_core.package_identification:_identify(robot_go_pkg) by extension 'colcon_meta'
[4.314s] Level 1:colcon.colcon_core.package_identification:_identify(robot_go_pkg) by extensions ['ros']
[4.314s] Level 1:colcon.colcon_core.package_identification:_identify(robot_go_pkg) by extension 'ros'
[4.341s] DEBUG:colcon.colcon_core.package_identification:Package 'robot_go_pkg' with type 'ros.ament_cmake' and name 'robot_go_pkg'
[4.342s] Level 1:colcon.colcon_core.package_identification:_identify(robot_move_pkg) by extensions ['ignore', 'ignore_ament_install']
[4.343s] Level 1:colcon.colcon_core.package_identification:_identify(robot_move_pkg) by extension 'ignore'
[4.344s] Level 1:colcon.colcon_core.package_identification:_identify(robot_move_pkg) by extension 'ignore_ament_install'
[4.345s] Level 1:colcon.colcon_core.package_identification:_identify(robot_move_pkg) by extensions ['colcon_pkg']
[4.345s] Level 1:colcon.colcon_core.package_identification:_identify(robot_move_pkg) by extension 'colcon_pkg'
[4.346s] Level 1:colcon.colcon_core.package_identification:_identify(robot_move_pkg) by extensions ['colcon_meta']
[4.346s] Level 1:colcon.colcon_core.package_identification:_identify(robot_move_pkg) by extension 'colcon_meta'
[4.347s] Level 1:colcon.colcon_core.package_identification:_identify(robot_move_pkg) by extensions ['ros']
[4.360s] Level 1:colcon.colcon_core.package_identification:_identify(robot_move_pkg) by extension 'ros'
[4.371s] DEBUG:colcon.colcon_core.package_identification:Package 'robot_move_pkg' with type 'ros.ament_cmake' and name 'robot_move_pkg'
[4.372s] Level 1:colcon.colcon_core.package_identification:_identify(test_pkg) by extensions ['ignore', 'ignore_ament_install']
[4.373s] Level 1:colcon.colcon_core.package_identification:_identify(test_pkg) by extension 'ignore'
[4.374s] Level 1:colcon.colcon_core.package_identification:_identify(test_pkg) by extension 'ignore_ament_install'
[4.374s] Level 1:colcon.colcon_core.package_identification:_identify(test_pkg) by extensions ['colcon_pkg']
[4.375s] Level 1:colcon.colcon_core.package_identification:_identify(test_pkg) by extension 'colcon_pkg'
[4.375s] Level 1:colcon.colcon_core.package_identification:_identify(test_pkg) by extensions ['colcon_meta']
[4.388s] Level 1:colcon.colcon_core.package_identification:_identify(test_pkg) by extension 'colcon_meta'
[4.389s] Level 1:colcon.colcon_core.package_identification:_identify(test_pkg) by extensions ['ros']
[4.389s] Level 1:colcon.colcon_core.package_identification:_identify(test_pkg) by extension 'ros'
[4.395s] DEBUG:colcon.colcon_core.package_identification:Package 'test_pkg' with type 'ros.ament_cmake' and name 'test_pkg'
[4.400s] Level 1:colcon.colcon_core.package_discovery:discover_packages(recursive) using defaults
[4.401s] Level 1:colcon.colcon_core.package_discovery:discover_packages(ignore) discover
[4.401s] Level 1:colcon.colcon_core.package_discovery:discover_packages(ignore) using defaults
[4.401s] Level 1:colcon.colcon_core.package_discovery:discover_packages(path) discover
[4.402s] Level 1:colcon.colcon_core.package_discovery:discover_packages(path) using defaults
[4.617s] INFO:colcon.colcon_core.package_selection:Skipping not selected package 'cgps_pkg' in 'cgps_pkg'
[4.618s] INFO:colcon.colcon_core.package_selection:Skipping not selected package 'robot_action' in 'robot_action'
[4.618s] INFO:colcon.colcon_core.package_selection:Skipping not selected package 'robot_cleaner_pkg' in 'robot_cleaner_pkg'
[4.618s] INFO:colcon.colcon_core.package_selection:Skipping not selected package 'robot_drive_pkg' in 'robot_drive_pkg'
[4.619s] INFO:colcon.colcon_core.package_selection:Skipping not selected package 'robot_move_pkg' in 'robot_move_pkg'
[4.619s] INFO:colcon.colcon_core.package_selection:Skipping not selected package 'action_test' in 'action_test'
[4.619s] INFO:colcon.colcon_core.package_selection:Skipping not selected package 'robot_go_pkg' in 'robot_go_pkg'
[4.619s] INFO:colcon.colcon_core.package_selection:Skipping not selected package 'test_pkg' in 'test_pkg'
[4.623s] Level 1:colcon.colcon_core.package_discovery:discover_packages(prefix_path) check parameters
[4.624s] Level 1:colcon.colcon_core.package_discovery:discover_packages(prefix_path) discover
[4.653s] DEBUG:colcon.colcon_installed_package_information.package_discovery:Found 268 installed packages in /opt/ros/humble
[4.728s] Level 1:colcon.colcon_core.package_discovery:discover_packages(prefix_path) using defaults
[5.288s] Level 5:colcon.colcon_core.verb:set package 'dot_pkg' build argument 'cmake_args' from command line to 'None'
[5.289s] Level 5:colcon.colcon_core.verb:set package 'dot_pkg' build argument 'cmake_target' from command line to 'None'
[5.289s] Level 5:colcon.colcon_core.verb:set package 'dot_pkg' build argument 'cmake_target_skip_unavailable' from command line to 'False'
[5.289s] Level 5:colcon.colcon_core.verb:set package 'dot_pkg' build argument 'cmake_clean_cache' from command line to 'False'
[5.289s] Level 5:colcon.colcon_core.verb:set package 'dot_pkg' build argument 'cmake_clean_first' from command line to 'False'
[5.289s] Level 5:colcon.colcon_core.verb:set package 'dot_pkg' build argument 'cmake_force_configure' from command line to 'False'
[5.290s] Level 5:colcon.colcon_core.verb:set package 'dot_pkg' build argument 'ament_cmake_args' from command line to 'None'
[5.290s] Level 5:colcon.colcon_core.verb:set package 'dot_pkg' build argument 'catkin_cmake_args' from command line to 'None'
[5.290s] Level 5:colcon.colcon_core.verb:set package 'dot_pkg' build argument 'catkin_skip_building_tests' from command line to 'False'
[5.290s] DEBUG:colcon.colcon_core.verb:Building package 'dot_pkg' with the following arguments: {'ament_cmake_args': None, 'build_base': '/home/hae/robot_ws/src/build/dot_pkg', 'catkin_cmake_args': None, 'catkin_skip_building_tests': False, 'cmake_args': None, 'cmake_clean_cache': False, 'cmake_clean_first': False, 'cmake_force_configure': False, 'cmake_target': None, 'cmake_target_skip_unavailable': False, 'install_base': '/home/hae/robot_ws/src/install/dot_pkg', 'merge_install': False, 'path': '/home/hae/robot_ws/src/dot_pkg', 'symlink_install': True, 'test_result_base': None}
[5.291s] INFO:colcon.colcon_core.executor:Executing jobs using 'parallel' executor
[5.301s] DEBUG:colcon.colcon_parallel_executor.executor.parallel:run_until_complete
[5.303s] INFO:colcon.colcon_ros.task.ament_cmake.build:Building ROS package in '/home/hae/robot_ws/src/dot_pkg' with build type 'ament_cmake'
[5.304s] INFO:colcon.colcon_cmake.task.cmake.build:Building CMake package in '/home/hae/robot_ws/src/dot_pkg'
[5.340s] INFO:colcon.colcon_core.plugin_system:Skipping extension 'colcon_core.shell.bat': Not used on non-Windows systems
[5.350s] INFO:colcon.colcon_core.shell:Skip shell extension 'powershell' for command environment: Not usable outside of PowerShell
[5.350s] DEBUG:colcon.colcon_core.shell:Skip shell extension 'dsv' for command environment
[5.443s] DEBUG:colcon.colcon_core.event_handler.log_command:Invoking command in '/home/hae/robot_ws/src/build/dot_pkg': CMAKE_PREFIX_PATH=/opt/ros/humble /usr/bin/cmake --build /home/hae/robot_ws/src/build/dot_pkg -- -j4 -l4
[63.015s] DEBUG:colcon.colcon_core.event_handler.log_command:Invoked command in '/home/hae/robot_ws/src/build/dot_pkg' returned '0': CMAKE_PREFIX_PATH=/opt/ros/humble /usr/bin/cmake --build /home/hae/robot_ws/src/build/dot_pkg -- -j4 -l4
[63.274s] DEBUG:colcon.colcon_core.event_handler.log_command:Invoking command in '/home/hae/robot_ws/src/build/dot_pkg': CMAKE_PREFIX_PATH=/opt/ros/humble /usr/bin/cmake --install /home/hae/robot_ws/src/build/dot_pkg
[63.437s] Level 1:colcon.colcon_core.environment:create_environment_scripts_only(dot_pkg)
[63.446s] DEBUG:colcon.colcon_core.event_handler.log_command:Invoked command in '/home/hae/robot_ws/src/build/dot_pkg' returned '0': CMAKE_PREFIX_PATH=/opt/ros/humble /usr/bin/cmake --install /home/hae/robot_ws/src/build/dot_pkg
[63.542s] Level 1:colcon.colcon_core.environment:checking '/home/hae/robot_ws/src/install/dot_pkg' for CMake module files
[63.547s] Level 1:colcon.colcon_core.environment:checking '/home/hae/robot_ws/src/install/dot_pkg' for CMake config files
[63.552s] Level 1:colcon.colcon_core.shell:create_environment_hook('dot_pkg', 'cmake_prefix_path')
[63.561s] INFO:colcon.colcon_core.shell:Creating environment hook '/home/hae/robot_ws/src/install/dot_pkg/share/dot_pkg/hook/cmake_prefix_path.ps1'
[63.585s] INFO:colcon.colcon_core.shell:Creating environment descriptor '/home/hae/robot_ws/src/install/dot_pkg/share/dot_pkg/hook/cmake_prefix_path.dsv'
[63.590s] INFO:colcon.colcon_core.shell:Creating environment hook '/home/hae/robot_ws/src/install/dot_pkg/share/dot_pkg/hook/cmake_prefix_path.sh'
[63.601s] Level 1:colcon.colcon_core.environment:checking '/home/hae/robot_ws/src/install/dot_pkg/lib'
[63.602s] Level 1:colcon.colcon_core.environment:checking '/home/hae/robot_ws/src/install/dot_pkg/bin'
[63.603s] Level 1:colcon.colcon_core.environment:checking '/home/hae/robot_ws/src/install/dot_pkg/lib/pkgconfig/dot_pkg.pc'
[63.609s] Level 1:colcon.colcon_core.environment:checking '/home/hae/robot_ws/src/install/dot_pkg/lib/python3.10/site-packages'
[63.610s] Level 1:colcon.colcon_core.environment:checking '/home/hae/robot_ws/src/install/dot_pkg/bin'
[63.612s] INFO:colcon.colcon_core.shell:Creating package script '/home/hae/robot_ws/src/install/dot_pkg/share/dot_pkg/package.ps1'
[63.618s] INFO:colcon.colcon_core.shell:Creating package descriptor '/home/hae/robot_ws/src/install/dot_pkg/share/dot_pkg/package.dsv'
[63.622s] INFO:colcon.colcon_core.shell:Creating package script '/home/hae/robot_ws/src/install/dot_pkg/share/dot_pkg/package.sh'
[63.628s] INFO:colcon.colcon_core.shell:Creating package script '/home/hae/robot_ws/src/install/dot_pkg/share/dot_pkg/package.bash'
[63.634s] INFO:colcon.colcon_core.shell:Creating package script '/home/hae/robot_ws/src/install/dot_pkg/share/dot_pkg/package.zsh'
[63.640s] Level 1:colcon.colcon_core.environment:create_file_with_runtime_dependencies(/home/hae/robot_ws/src/install/dot_pkg/share/colcon-core/packages/dot_pkg)
[63.806s] Level 1:colcon.colcon_core.environment:create_environment_scripts_only(dot_pkg)
[63.810s] Level 1:colcon.colcon_core.environment:checking '/home/hae/robot_ws/src/install/dot_pkg' for CMake module files
[63.814s] Level 1:colcon.colcon_core.environment:checking '/home/hae/robot_ws/src/install/dot_pkg' for CMake config files
[63.815s] Level 1:colcon.colcon_core.shell:create_environment_hook('dot_pkg', 'cmake_prefix_path')
[63.817s] INFO:colcon.colcon_core.shell:Creating environment hook '/home/hae/robot_ws/src/install/dot_pkg/share/dot_pkg/hook/cmake_prefix_path.ps1'
[63.820s] INFO:colcon.colcon_core.shell:Creating environment descriptor '/home/hae/robot_ws/src/install/dot_pkg/share/dot_pkg/hook/cmake_prefix_path.dsv'
[63.822s] INFO:colcon.colcon_core.shell:Creating environment hook '/home/hae/robot_ws/src/install/dot_pkg/share/dot_pkg/hook/cmake_prefix_path.sh'
[63.826s] Level 1:colcon.colcon_core.environment:checking '/home/hae/robot_ws/src/install/dot_pkg/lib'
[63.826s] Level 1:colcon.colcon_core.environment:checking '/home/hae/robot_ws/src/install/dot_pkg/bin'
[63.827s] Level 1:colcon.colcon_core.environment:checking '/home/hae/robot_ws/src/install/dot_pkg/lib/pkgconfig/dot_pkg.pc'
[63.828s] Level 1:colcon.colcon_core.environment:checking '/home/hae/robot_ws/src/install/dot_pkg/lib/python3.10/site-packages'
[63.829s] Level 1:colcon.colcon_core.environment:checking '/home/hae/robot_ws/src/install/dot_pkg/bin'
[63.831s] INFO:colcon.colcon_core.shell:Creating package script '/home/hae/robot_ws/src/install/dot_pkg/share/dot_pkg/package.ps1'
[63.834s] INFO:colcon.colcon_core.shell:Creating package descriptor '/home/hae/robot_ws/src/install/dot_pkg/share/dot_pkg/package.dsv'
[63.838s] INFO:colcon.colcon_core.shell:Creating package script '/home/hae/robot_ws/src/install/dot_pkg/share/dot_pkg/package.sh'
[63.842s] INFO:colcon.colcon_core.shell:Creating package script '/home/hae/robot_ws/src/install/dot_pkg/share/dot_pkg/package.bash'
[63.846s] INFO:colcon.colcon_core.shell:Creating package script '/home/hae/robot_ws/src/install/dot_pkg/share/dot_pkg/package.zsh'
[63.851s] Level 1:colcon.colcon_core.environment:create_file_with_runtime_dependencies(/home/hae/robot_ws/src/install/dot_pkg/share/colcon-core/packages/dot_pkg)
[63.856s] DEBUG:colcon.colcon_parallel_executor.executor.parallel:closing loop
[63.864s] DEBUG:colcon.colcon_parallel_executor.executor.parallel:loop closed
[63.865s] DEBUG:colcon.colcon_parallel_executor.executor.parallel:run_until_complete finished with '0'
[63.866s] DEBUG:colcon.colcon_core.event_reactor:joining thread
[63.994s] INFO:colcon.colcon_core.plugin_system:Skipping extension 'colcon_notification.desktop_notification.terminal_notifier': Not used on non-Darwin systems
[63.995s] INFO:colcon.colcon_core.plugin_system:Skipping extension 'colcon_notification.desktop_notification.win32': Not used on non-Windows systems
[63.997s] INFO:colcon.colcon_notification.desktop_notification:Sending desktop notification using 'notify2'
[64.427s] DEBUG:colcon.colcon_core.event_reactor:joined thread
[64.432s] INFO:colcon.colcon_core.shell:Creating prefix script '/home/hae/robot_ws/src/install/local_setup.ps1'
[64.441s] INFO:colcon.colcon_core.shell:Creating prefix util module '/home/hae/robot_ws/src/install/_local_setup_util_ps1.py'
[64.451s] INFO:colcon.colcon_core.shell:Creating prefix chain script '/home/hae/robot_ws/src/install/setup.ps1'
[64.460s] INFO:colcon.colcon_core.shell:Creating prefix script '/home/hae/robot_ws/src/install/local_setup.sh'
[64.465s] INFO:colcon.colcon_core.shell:Creating prefix util module '/home/hae/robot_ws/src/install/_local_setup_util_sh.py'
[64.469s] INFO:colcon.colcon_core.shell:Creating prefix chain script '/home/hae/robot_ws/src/install/setup.sh'
[64.479s] INFO:colcon.colcon_core.shell:Creating prefix script '/home/hae/robot_ws/src/install/local_setup.bash'
[64.483s] INFO:colcon.colcon_core.shell:Creating prefix chain script '/home/hae/robot_ws/src/install/setup.bash'
[64.489s] INFO:colcon.colcon_core.shell:Creating prefix script '/home/hae/robot_ws/src/install/local_setup.zsh'
[64.493s] INFO:colcon.colcon_core.shell:Creating prefix chain script '/home/hae/robot_ws/src/install/setup.zsh'
