-- Found ament_cmake: 1.3.9 (/opt/ros/humble/share/ament_cmake/cmake)
-- Override CMake install command with custom implementation using symlinks instead of copying resources
-- Found rclcpp: 16.0.9 (/opt/ros/humble/share/rclcpp/cmake)
-- Found rosidl_generator_c: 3.1.5 (/opt/ros/humble/share/rosidl_generator_c/cmake)
-- Found rosidl_adapter: 3.1.5 (/opt/ros/humble/share/rosidl_adapter/cmake)
-- Found rosidl_generator_cpp: 3.1.5 (/opt/ros/humble/share/rosidl_generator_cpp/cmake)
-- Using all available rosidl_typesupport_c: rosidl_typesupport_fastrtps_c;rosidl_typesupport_introspection_c
-- Using all available rosidl_typesupport_cpp: rosidl_typesupport_fastrtps_cpp;rosidl_typesupport_introspection_cpp
-- Found rmw_implementation_cmake: 6.1.2 (/opt/ros/humble/share/rmw_implementation_cmake/cmake)
-- Found rmw_fastrtps_cpp: 6.2.6 (/opt/ros/humble/share/rmw_fastrtps_cpp/cmake)
-- Using RMW implementation 'rmw_fastrtps_cpp' as default
-- Found geometry_msgs: 4.2.4 (/opt/ros/humble/share/geometry_msgs/cmake)
-- Found nav_msgs: 4.2.4 (/opt/ros/humble/share/nav_msgs/cmake)
-- Found ament_lint_auto: 0.12.11 (/opt/ros/humble/share/ament_lint_auto/cmake)
-- Added test 'cppcheck' to perform static code analysis on C / C++ code
-- Configured cppcheck include dirs: 
-- Configured cppcheck exclude dirs and/or files: 
-- Added test 'lint_cmake' to check CMake code style
-- Added test 'uncrustify' to check C / C++ code style
-- Configured uncrustify additional arguments: 
-- Added test 'xmllint' to check XML markup files
-- Configuring done
-- Generating done
-- Build files have been written to: /home/hae/robot_ws/src/build/cgps_pkg
[ 50%] [32mBuilding CXX object CMakeFiles/gps.dir/src/gps.cpp.o[0m
[100%] [32m[1mLinking CXX executable gps[0m
/usr/bin/ld: CMakeFiles/gps.dir/src/gps.cpp.o: in function `main':
gps.cpp:(.text+0x4c): undefined reference to `gpsmm::stream(int)'
/usr/bin/ld: gps.cpp:(.text+0x80): undefined reference to `gpsmm::~gpsmm()'
/usr/bin/ld: gps.cpp:(.text+0xac): undefined reference to `gpsmm::read()'
/usr/bin/ld: gps.cpp:(.text+0x1d8): undefined reference to `gpsmm::~gpsmm()'
/usr/bin/ld: CMakeFiles/gps.dir/src/gps.cpp.o: in function `gpsmm::gpsmm(char const*, char const*)':
gps.cpp:(.text._ZN5gpsmmC2EPKcS1_[_ZN5gpsmmC5EPKcS1_]+0x14): undefined reference to `vtable for gpsmm'
/usr/bin/ld: gps.cpp:(.text._ZN5gpsmmC2EPKcS1_[_ZN5gpsmmC5EPKcS1_]+0x18): undefined reference to `vtable for gpsmm'
/usr/bin/ld: gps.cpp:(.text._ZN5gpsmmC2EPKcS1_[_ZN5gpsmmC5EPKcS1_]+0x5c): undefined reference to `gpsmm::gps_inner_open(char const*, char const*)'
collect2: error: ld returned 1 exit status
gmake[2]: *** [CMakeFiles/gps.dir/build.make:97: gps] Error 1
gmake[1]: *** [CMakeFiles/Makefile2:137: CMakeFiles/gps.dir/all] Error 2
gmake: *** [Makefile:146: all] Error 2
