[0.053s] Invoking command in '/home/hae/robot_ws/src/build/cgps_pkg': CMAKE_PREFIX_PATH=${CMAKE_PREFIX_PATH}:/opt/ros/humble /usr/bin/cmake /home/hae/robot_ws/src/cgps_pkg -DAMENT_CMAKE_SYMLINK_INSTALL=1 -DCMAKE_INSTALL_PREFIX=/home/hae/robot_ws/src/install/cgps_pkg
[0.105s] -- Found ament_cmake: 1.3.9 (/opt/ros/humble/share/ament_cmake/cmake)
[0.742s] -- Override CMake install command with custom implementation using symlinks instead of copying resources
[0.781s] -- Found rclcpp: 16.0.9 (/opt/ros/humble/share/rclcpp/cmake)
[0.979s] -- Found rosidl_generator_c: 3.1.5 (/opt/ros/humble/share/rosidl_generator_c/cmake)
[0.991s] -- Found rosidl_adapter: 3.1.5 (/opt/ros/humble/share/rosidl_adapter/cmake)
[1.021s] -- Found rosidl_generator_cpp: 3.1.5 (/opt/ros/humble/share/rosidl_generator_cpp/cmake)
[1.075s] -- Using all available rosidl_typesupport_c: rosidl_typesupport_fastrtps_c;rosidl_typesupport_introspection_c
[1.152s] -- Using all available rosidl_typesupport_cpp: rosidl_typesupport_fastrtps_cpp;rosidl_typesupport_introspection_cpp
[1.417s] -- Found rmw_implementation_cmake: 6.1.2 (/opt/ros/humble/share/rmw_implementation_cmake/cmake)
[1.425s] -- Found rmw_fastrtps_cpp: 6.2.6 (/opt/ros/humble/share/rmw_fastrtps_cpp/cmake)
[2.475s] -- Using RMW implementation 'rmw_fastrtps_cpp' as default
[3.134s] -- Found geometry_msgs: 4.2.4 (/opt/ros/humble/share/geometry_msgs/cmake)
[3.299s] -- Found nav_msgs: 4.2.4 (/opt/ros/humble/share/nav_msgs/cmake)
[3.649s] -- Found ament_lint_auto: 0.12.11 (/opt/ros/humble/share/ament_lint_auto/cmake)
[4.227s] -- Added test 'cppcheck' to perform static code analysis on C / C++ code
[4.228s] -- Configured cppcheck include dirs: 
[4.229s] -- Configured cppcheck exclude dirs and/or files: 
[4.234s] -- Added test 'lint_cmake' to check CMake code style
[4.243s] -- Added test 'uncrustify' to check C / C++ code style
[4.244s] -- Configured uncrustify additional arguments: 
[4.247s] -- Added test 'xmllint' to check XML markup files
[4.261s] -- Configuring done
[4.307s] -- Generating done
[4.315s] -- Build files have been written to: /home/hae/robot_ws/src/build/cgps_pkg
[4.356s] Invoked command in '/home/hae/robot_ws/src/build/cgps_pkg' returned '0': CMAKE_PREFIX_PATH=${CMAKE_PREFIX_PATH}:/opt/ros/humble /usr/bin/cmake /home/hae/robot_ws/src/cgps_pkg -DAMENT_CMAKE_SYMLINK_INSTALL=1 -DCMAKE_INSTALL_PREFIX=/home/hae/robot_ws/src/install/cgps_pkg
[4.358s] Invoking command in '/home/hae/robot_ws/src/build/cgps_pkg': CMAKE_PREFIX_PATH=${CMAKE_PREFIX_PATH}:/opt/ros/humble /usr/bin/cmake --build /home/hae/robot_ws/src/build/cgps_pkg -- -j4 -l4
[4.642s] [ 50%] [32mBuilding CXX object CMakeFiles/gps.dir/src/gps.cpp.o[0m
[6.393s] [100%] [32m[1mLinking CXX executable gps[0m
[6.678s] /usr/bin/ld: CMakeFiles/gps.dir/src/gps.cpp.o: in function `main':
[6.678s] gps.cpp:(.text+0x4c): undefined reference to `gpsmm::stream(int)'
[6.680s] /usr/bin/ld: gps.cpp:(.text+0x80): undefined reference to `gpsmm::~gpsmm()'
[6.681s] /usr/bin/ld: gps.cpp:(.text+0xac): undefined reference to `gpsmm::read()'
[6.682s] /usr/bin/ld: gps.cpp:(.text+0x1d8): undefined reference to `gpsmm::~gpsmm()'
[6.683s] /usr/bin/ld: CMakeFiles/gps.dir/src/gps.cpp.o: in function `gpsmm::gpsmm(char const*, char const*)':
[6.684s] gps.cpp:(.text._ZN5gpsmmC2EPKcS1_[_ZN5gpsmmC5EPKcS1_]+0x14): undefined reference to `vtable for gpsmm'
[6.685s] /usr/bin/ld: gps.cpp:(.text._ZN5gpsmmC2EPKcS1_[_ZN5gpsmmC5EPKcS1_]+0x18): undefined reference to `vtable for gpsmm'
[6.685s] /usr/bin/ld: gps.cpp:(.text._ZN5gpsmmC2EPKcS1_[_ZN5gpsmmC5EPKcS1_]+0x5c): undefined reference to `gpsmm::gps_inner_open(char const*, char const*)'
[6.697s] collect2: error: ld returned 1 exit status
[6.722s] gmake[2]: *** [CMakeFiles/gps.dir/build.make:97: gps] Error 1
[6.723s] gmake[1]: *** [CMakeFiles/Makefile2:137: CMakeFiles/gps.dir/all] Error 2
[6.723s] gmake: *** [Makefile:146: all] Error 2
[6.724s] Invoked command in '/home/hae/robot_ws/src/build/cgps_pkg' returned '2': CMAKE_PREFIX_PATH=${CMAKE_PREFIX_PATH}:/opt/ros/humble /usr/bin/cmake --build /home/hae/robot_ws/src/build/cgps_pkg -- -j4 -l4
