[35m[1mConsolidate compiler generated dependencies of target cleaner[0m
[ 50%] [32mBuilding CXX object CMakeFiles/cleaner.dir/src/cleaner.cpp.o[0m
[100%] [32m[1mLinking CXX executable cleaner[0m
[100%] Built target cleaner
-- Install configuration: ""
-- Execute custom install script
-- Symlinking: /home/hae/robot_ws/src/install/robot_cleaner_pkg/lib/robot_cleaner_pkg/cleaner
-- Symlinking: /home/hae/robot_ws/src/install/robot_cleaner_pkg/share/ament_index/resource_index/package_run_dependencies/robot_cleaner_pkg
-- Symlinking: /home/hae/robot_ws/src/install/robot_cleaner_pkg/share/ament_index/resource_index/parent_prefix_path/robot_cleaner_pkg
-- Symlinking: /home/hae/robot_ws/src/install/robot_cleaner_pkg/share/robot_cleaner_pkg/environment/ament_prefix_path.sh
-- Symlinking: /home/hae/robot_ws/src/install/robot_cleaner_pkg/share/robot_cleaner_pkg/environment/ament_prefix_path.dsv
-- Symlinking: /home/hae/robot_ws/src/install/robot_cleaner_pkg/share/robot_cleaner_pkg/environment/path.sh
-- Symlinking: /home/hae/robot_ws/src/install/robot_cleaner_pkg/share/robot_cleaner_pkg/environment/path.dsv
-- Symlinking: /home/hae/robot_ws/src/install/robot_cleaner_pkg/share/robot_cleaner_pkg/local_setup.bash
-- Symlinking: /home/hae/robot_ws/src/install/robot_cleaner_pkg/share/robot_cleaner_pkg/local_setup.sh
-- Symlinking: /home/hae/robot_ws/src/install/robot_cleaner_pkg/share/robot_cleaner_pkg/local_setup.zsh
-- Symlinking: /home/hae/robot_ws/src/install/robot_cleaner_pkg/share/robot_cleaner_pkg/local_setup.dsv
-- Symlinking: /home/hae/robot_ws/src/install/robot_cleaner_pkg/share/robot_cleaner_pkg/package.dsv
-- Symlinking: /home/hae/robot_ws/src/install/robot_cleaner_pkg/share/ament_index/resource_index/packages/robot_cleaner_pkg
-- Symlinking: /home/hae/robot_ws/src/install/robot_cleaner_pkg/share/robot_cleaner_pkg/cmake/robot_cleaner_pkgConfig.cmake
-- Symlinking: /home/hae/robot_ws/src/install/robot_cleaner_pkg/share/robot_cleaner_pkg/cmake/robot_cleaner_pkgConfig-version.cmake
-- Symlinking: /home/hae/robot_ws/src/install/robot_cleaner_pkg/share/robot_cleaner_pkg/package.xml
