[0.060s] Invoking command in '/home/hae/robot_ws/src/build/cgps_pkg': CMAKE_PREFIX_PATH=${CMAKE_PREFIX_PATH}:/opt/ros/humble /usr/bin/cmake --build /home/hae/robot_ws/src/build/cgps_pkg -- -j4 -l4
[0.163s] -- Found ament_cmake: 1.3.9 (/opt/ros/humble/share/ament_cmake/cmake)
[0.778s] -- Override CMake install command with custom implementation using symlinks instead of copying resources
[0.812s] -- Found rclcpp: 16.0.9 (/opt/ros/humble/share/rclcpp/cmake)
[1.001s] -- Found rosidl_generator_c: 3.1.5 (/opt/ros/humble/share/rosidl_generator_c/cmake)
[1.014s] -- Found rosidl_adapter: 3.1.5 (/opt/ros/humble/share/rosidl_adapter/cmake)
[1.042s] -- Found rosidl_generator_cpp: 3.1.5 (/opt/ros/humble/share/rosidl_generator_cpp/cmake)
[1.094s] -- Using all available rosidl_typesupport_c: rosidl_typesupport_fastrtps_c;rosidl_typesupport_introspection_c
[1.169s] -- Using all available rosidl_typesupport_cpp: rosidl_typesupport_fastrtps_cpp;rosidl_typesupport_introspection_cpp
[1.443s] -- Found rmw_implementation_cmake: 6.1.2 (/opt/ros/humble/share/rmw_implementation_cmake/cmake)
[1.451s] -- Found rmw_fastrtps_cpp: 6.2.6 (/opt/ros/humble/share/rmw_fastrtps_cpp/cmake)
[2.515s] -- Using RMW implementation 'rmw_fastrtps_cpp' as default
[3.154s] -- Found geometry_msgs: 4.2.4 (/opt/ros/humble/share/geometry_msgs/cmake)
[3.332s] -- Found nav_msgs: 4.2.4 (/opt/ros/humble/share/nav_msgs/cmake)
[3.827s] [31mCMake Error at CMakeLists.txt:14 (find_package):
[3.827s]   By not providing "Findgps.cmake" in CMAKE_MODULE_PATH this project has
[3.828s]   asked CMake to find a package configuration file provided by "gps", but
[3.828s]   CMake did not find one.
[3.828s] 
[3.829s]   Could not find a package configuration file provided by "gps" with any of
[3.830s]   the following names:
[3.830s] 
[3.830s]     gpsConfig.cmake
[3.831s]     gps-config.cmake
[3.831s] 
[3.832s]   Add the installation prefix of "gps" to CMAKE_PREFIX_PATH or set "gps_DIR"
[3.832s]   to a directory containing one of the above files.  If "gps" provides a
[3.833s]   separate development package or SDK, be sure it has been installed.
[3.833s] 
[3.834s] [0m
[3.834s] -- Configuring incomplete, errors occurred!
[3.835s] See also "/home/hae/robot_ws/src/build/cgps_pkg/CMakeFiles/CMakeOutput.log".
[3.865s] gmake: *** [Makefile:267: cmake_check_build_system] Error 1
[3.872s] Invoked command in '/home/hae/robot_ws/src/build/cgps_pkg' returned '2': CMAKE_PREFIX_PATH=${CMAKE_PREFIX_PATH}:/opt/ros/humble /usr/bin/cmake --build /home/hae/robot_ws/src/build/cgps_pkg -- -j4 -l4
