[0.055s] Invoking command in '/home/hae/robot_ws/src/build/robot_drive_pkg': CMAKE_PREFIX_PATH=/opt/ros/humble /usr/bin/cmake /home/hae/robot_ws/src/robot_drive_pkg -DAMENT_CMAKE_SYMLINK_INSTALL=1 -DCMAKE_INSTALL_PREFIX=/home/hae/robot_ws/src/install/robot_drive_pkg
[0.140s] -- Found ament_cmake: 1.3.9 (/opt/ros/humble/share/ament_cmake/cmake)
[0.773s] -- Override CMake install command with custom implementation using symlinks instead of copying resources
[0.812s] -- Found rclcpp: 16.0.9 (/opt/ros/humble/share/rclcpp/cmake)
[0.996s] -- Found rosidl_generator_c: 3.1.5 (/opt/ros/humble/share/rosidl_generator_c/cmake)
[1.006s] -- Found rosidl_adapter: 3.1.5 (/opt/ros/humble/share/rosidl_adapter/cmake)
[1.032s] -- Found rosidl_generator_cpp: 3.1.5 (/opt/ros/humble/share/rosidl_generator_cpp/cmake)
[1.077s] -- Using all available rosidl_typesupport_c: rosidl_typesupport_fastrtps_c;rosidl_typesupport_introspection_c
[1.152s] -- Using all available rosidl_typesupport_cpp: rosidl_typesupport_fastrtps_cpp;rosidl_typesupport_introspection_cpp
[1.408s] -- Found rmw_implementation_cmake: 6.1.2 (/opt/ros/humble/share/rmw_implementation_cmake/cmake)
[1.414s] -- Found rmw_fastrtps_cpp: 6.2.6 (/opt/ros/humble/share/rmw_fastrtps_cpp/cmake)
[2.478s] -- Using RMW implementation 'rmw_fastrtps_cpp' as default
[3.834s] -- Found sensor_msgs: 4.2.4 (/opt/ros/humble/share/sensor_msgs/cmake)
[4.027s] [31mCMake Error at CMakeLists.txt:13 (find_package):
[4.027s]   By not providing "Findgeometry_megs.cmake" in CMAKE_MODULE_PATH this
[4.028s]   project has asked CMake to find a package configuration file provided by
[4.028s]   "geometry_megs", but CMake did not find one.
[4.028s] 
[4.029s]   Could not find a package configuration file provided by "geometry_megs"
[4.029s]   with any of the following names:
[4.030s] 
[4.030s]     geometry_megsConfig.cmake
[4.031s]     geometry_megs-config.cmake
[4.031s] 
[4.031s]   Add the installation prefix of "geometry_megs" to CMAKE_PREFIX_PATH or set
[4.032s]   "geometry_megs_DIR" to a directory containing one of the above files.  If
[4.032s]   "geometry_megs" provides a separate development package or SDK, be sure it
[4.032s]   has been installed.
[4.033s] 
[4.033s] [0m
[4.034s] -- Configuring incomplete, errors occurred!
[4.037s] See also "/home/hae/robot_ws/src/build/robot_drive_pkg/CMakeFiles/CMakeOutput.log".
[4.063s] Invoked command in '/home/hae/robot_ws/src/build/robot_drive_pkg' returned '1': CMAKE_PREFIX_PATH=/opt/ros/humble /usr/bin/cmake /home/hae/robot_ws/src/robot_drive_pkg -DAMENT_CMAKE_SYMLINK_INSTALL=1 -DCMAKE_INSTALL_PREFIX=/home/hae/robot_ws/src/install/robot_drive_pkg
