[0.050s] Invoking command in '/home/hae/robot_ws/src/build/robot_action': CMAKE_PREFIX_PATH=/opt/ros/humble /usr/bin/cmake --build /home/hae/robot_ws/src/build/robot_action -- -j4 -l4
[0.262s] [35m[1mConsolidate compiler generated dependencies of target robot_action__rosidl_generator_c[0m
[0.319s] [  2%] Built target robot_action__cpp
[0.352s] [ 12%] Built target robot_action__rosidl_generator_c
[0.363s] [ 12%] Built target ament_cmake_python_symlink_robot_action
[0.415s] [35m[1mConsolidate compiler generated dependencies of target robot_action__rosidl_typesupport_cpp[0m
[0.443s] [35m[1mConsolidate compiler generated dependencies of target robot_action__rosidl_typesupport_fastrtps_cpp[0m
[0.444s] [35m[1mConsolidate compiler generated dependencies of target robot_action__rosidl_typesupport_fastrtps_c[0m
[0.456s] [35m[1mConsolidate compiler generated dependencies of target robot_action__rosidl_typesupport_introspection_cpp[0m
[0.536s] [ 23%] Built target robot_action__rosidl_typesupport_cpp
[0.545s] [ 33%] Built target robot_action__rosidl_typesupport_fastrtps_c
[0.570s] [ 43%] Built target robot_action__rosidl_typesupport_fastrtps_cpp
[0.654s] [35m[1mConsolidate compiler generated dependencies of target robot_action__rosidl_typesupport_introspection_c[0m
[0.656s] [ 53%] Built target robot_action__rosidl_typesupport_introspection_cpp
[0.674s] [35m[1mConsolidate compiler generated dependencies of target robot_action__rosidl_typesupport_c[0m
[0.755s] [ 64%] Built target robot_action__rosidl_typesupport_introspection_c
[0.761s] [ 74%] Built target robot_action__rosidl_typesupport_c
[0.902s] [ 74%] Built target robot_action
[1.015s] [ 76%] Built target robot_action__py
[1.074s] [35m[1mConsolidate compiler generated dependencies of target robot_action__rosidl_generator_py[0m
[1.143s] [ 84%] Built target robot_action__rosidl_generator_py
[1.207s] [35m[1mConsolidate compiler generated dependencies of target robot_action__rosidl_typesupport_fastrtps_c__pyext[0m
[1.231s] [35m[1mConsolidate compiler generated dependencies of target robot_action__rosidl_typesupport_introspection_c__pyext[0m
[1.239s] [35m[1mConsolidate compiler generated dependencies of target robot_action__rosidl_typesupport_c__pyext[0m
[1.292s] [ 89%] Built target robot_action__rosidl_typesupport_fastrtps_c__pyext
[1.335s] [ 94%] Built target robot_action__rosidl_typesupport_c__pyext
[1.340s] [100%] Built target robot_action__rosidl_typesupport_introspection_c__pyext
[2.238s] running egg_info
[2.242s] writing robot_action.egg-info/PKG-INFO
[2.243s] writing dependency_links to robot_action.egg-info/dependency_links.txt
[2.245s] writing top-level names to robot_action.egg-info/top_level.txt
[2.260s] reading manifest file 'robot_action.egg-info/SOURCES.txt'
[2.264s] writing manifest file 'robot_action.egg-info/SOURCES.txt'
[2.420s] [100%] Built target ament_cmake_python_build_robot_action_egg
[2.466s] Invoked command in '/home/hae/robot_ws/src/build/robot_action' returned '0': CMAKE_PREFIX_PATH=/opt/ros/humble /usr/bin/cmake --build /home/hae/robot_ws/src/build/robot_action -- -j4 -l4
[2.983s] Invoking command in '/home/hae/robot_ws/src/build/robot_action': CMAKE_PREFIX_PATH=/opt/ros/humble /usr/bin/cmake --install /home/hae/robot_ws/src/build/robot_action
[3.014s] -- Install configuration: ""
[3.017s] -- Execute custom install script
[3.019s] -- Up-to-date symlink: /home/hae/robot_ws/src/install/robot_action/share/ament_index/resource_index/rosidl_interfaces/robot_action
[3.023s] -- Up-to-date symlink: /home/hae/robot_ws/src/install/robot_action/include/robot_action/robot_action/action/detail/move__functions.h
[3.024s] -- Up-to-date symlink: /home/hae/robot_ws/src/install/robot_action/include/robot_action/robot_action/action/detail/move__struct.h
[3.025s] -- Up-to-date symlink: /home/hae/robot_ws/src/install/robot_action/include/robot_action/robot_action/action/detail/move__type_support.h
[3.026s] -- Up-to-date symlink: /home/hae/robot_ws/src/install/robot_action/include/robot_action/robot_action/action/detail/test__functions.h
[3.027s] -- Up-to-date symlink: /home/hae/robot_ws/src/install/robot_action/include/robot_action/robot_action/action/detail/test__struct.h
[3.029s] -- Up-to-date symlink: /home/hae/robot_ws/src/install/robot_action/include/robot_action/robot_action/action/detail/test__type_support.h
[3.030s] -- Up-to-date symlink: /home/hae/robot_ws/src/install/robot_action/include/robot_action/robot_action/action/move.h
[3.032s] -- Up-to-date symlink: /home/hae/robot_ws/src/install/robot_action/include/robot_action/robot_action/action/test.h
[3.033s] -- Up-to-date symlink: /home/hae/robot_ws/src/install/robot_action/include/robot_action/robot_action/msg/rosidl_generator_c__visibility_control.h
[3.034s] -- Up-to-date symlink: /home/hae/robot_ws/src/install/robot_action/share/robot_action/environment/library_path.sh
[3.035s] -- Up-to-date symlink: /home/hae/robot_ws/src/install/robot_action/share/robot_action/environment/library_path.dsv
[3.039s] -- Up-to-date symlink: /home/hae/robot_ws/src/install/robot_action/include/robot_action/robot_action/action/detail/move__rosidl_typesupport_fastrtps_c.h
[3.039s] -- Up-to-date symlink: /home/hae/robot_ws/src/install/robot_action/include/robot_action/robot_action/action/detail/test__rosidl_typesupport_fastrtps_c.h
[3.040s] -- Up-to-date symlink: /home/hae/robot_ws/src/install/robot_action/include/robot_action/robot_action/msg/rosidl_typesupport_fastrtps_c__visibility_control.h
[3.043s] -- Up-to-date symlink: /home/hae/robot_ws/src/install/robot_action/include/robot_action/robot_action/action/detail/move__rosidl_typesupport_introspection_c.h
[3.044s] -- Up-to-date symlink: /home/hae/robot_ws/src/install/robot_action/include/robot_action/robot_action/action/detail/test__rosidl_typesupport_introspection_c.h
[3.045s] -- Up-to-date symlink: /home/hae/robot_ws/src/install/robot_action/include/robot_action/robot_action/msg/rosidl_typesupport_introspection_c__visibility_control.h
[3.048s] -- Up-to-date symlink: /home/hae/robot_ws/src/install/robot_action/include/robot_action/robot_action/action/detail/move__builder.hpp
[3.049s] -- Up-to-date symlink: /home/hae/robot_ws/src/install/robot_action/include/robot_action/robot_action/action/detail/move__struct.hpp
[3.050s] -- Up-to-date symlink: /home/hae/robot_ws/src/install/robot_action/include/robot_action/robot_action/action/detail/move__traits.hpp
[3.052s] -- Up-to-date symlink: /home/hae/robot_ws/src/install/robot_action/include/robot_action/robot_action/action/detail/test__builder.hpp
[3.054s] -- Up-to-date symlink: /home/hae/robot_ws/src/install/robot_action/include/robot_action/robot_action/action/detail/test__struct.hpp
[3.056s] -- Up-to-date symlink: /home/hae/robot_ws/src/install/robot_action/include/robot_action/robot_action/action/detail/test__traits.hpp
[3.059s] -- Up-to-date symlink: /home/hae/robot_ws/src/install/robot_action/include/robot_action/robot_action/action/move.hpp
[3.061s] -- Up-to-date symlink: /home/hae/robot_ws/src/install/robot_action/include/robot_action/robot_action/action/test.hpp
[3.066s] -- Up-to-date symlink: /home/hae/robot_ws/src/install/robot_action/include/robot_action/robot_action/action/detail/move__rosidl_typesupport_fastrtps_cpp.hpp
[3.068s] -- Up-to-date symlink: /home/hae/robot_ws/src/install/robot_action/include/robot_action/robot_action/action/detail/test__rosidl_typesupport_fastrtps_cpp.hpp
[3.069s] -- Up-to-date symlink: /home/hae/robot_ws/src/install/robot_action/include/robot_action/robot_action/msg/rosidl_typesupport_fastrtps_cpp__visibility_control.h
[3.071s] -- Up-to-date symlink: /home/hae/robot_ws/src/install/robot_action/include/robot_action/robot_action/action/detail/move__rosidl_typesupport_introspection_cpp.hpp
[3.073s] -- Up-to-date symlink: /home/hae/robot_ws/src/install/robot_action/include/robot_action/robot_action/action/detail/test__rosidl_typesupport_introspection_cpp.hpp
[3.074s] -- Up-to-date symlink: /home/hae/robot_ws/src/install/robot_action/share/robot_action/environment/pythonpath.sh
[3.075s] -- Up-to-date symlink: /home/hae/robot_ws/src/install/robot_action/share/robot_action/environment/pythonpath.dsv
[3.077s] -- Up-to-date symlink: /home/hae/robot_ws/src/install/robot_action/local/lib/python3.10/dist-packages/robot_action-0.0.0-py3.10.egg-info/PKG-INFO
[3.078s] -- Up-to-date symlink: /home/hae/robot_ws/src/install/robot_action/local/lib/python3.10/dist-packages/robot_action-0.0.0-py3.10.egg-info/SOURCES.txt
[3.079s] -- Up-to-date symlink: /home/hae/robot_ws/src/install/robot_action/local/lib/python3.10/dist-packages/robot_action-0.0.0-py3.10.egg-info/dependency_links.txt
[3.080s] -- Up-to-date symlink: /home/hae/robot_ws/src/install/robot_action/local/lib/python3.10/dist-packages/robot_action-0.0.0-py3.10.egg-info/top_level.txt
[3.085s] -- Up-to-date symlink: /home/hae/robot_ws/src/install/robot_action/local/lib/python3.10/dist-packages/robot_action/__init__.py
[3.086s] -- Up-to-date symlink: /home/hae/robot_ws/src/install/robot_action/local/lib/python3.10/dist-packages/robot_action/_robot_action_s.ep.rosidl_typesupport_c.c
[3.087s] -- Up-to-date symlink: /home/hae/robot_ws/src/install/robot_action/local/lib/python3.10/dist-packages/robot_action/_robot_action_s.ep.rosidl_typesupport_fastrtps_c.c
[3.089s] -- Up-to-date symlink: /home/hae/robot_ws/src/install/robot_action/local/lib/python3.10/dist-packages/robot_action/_robot_action_s.ep.rosidl_typesupport_introspection_c.c
[3.090s] -- Up-to-date symlink: /home/hae/robot_ws/src/install/robot_action/local/lib/python3.10/dist-packages/robot_action/action/__init__.py
[3.091s] -- Up-to-date symlink: /home/hae/robot_ws/src/install/robot_action/local/lib/python3.10/dist-packages/robot_action/action/_move.py
[3.092s] -- Up-to-date symlink: /home/hae/robot_ws/src/install/robot_action/local/lib/python3.10/dist-packages/robot_action/action/_move_s.c
[3.093s] -- Up-to-date symlink: /home/hae/robot_ws/src/install/robot_action/local/lib/python3.10/dist-packages/robot_action/action/_test.py
[3.094s] -- Up-to-date symlink: /home/hae/robot_ws/src/install/robot_action/local/lib/python3.10/dist-packages/robot_action/action/_test_s.c
[3.095s] -- Up-to-date symlink: /home/hae/robot_ws/src/install/robot_action/local/lib/python3.10/dist-packages/robot_action/librobot_action__rosidl_generator_py.so
[3.096s] -- Up-to-date symlink: /home/hae/robot_ws/src/install/robot_action/local/lib/python3.10/dist-packages/robot_action/robot_action_s__rosidl_typesupport_c.cpython-310-aarch64-linux-gnu.so
[3.097s] -- Up-to-date symlink: /home/hae/robot_ws/src/install/robot_action/local/lib/python3.10/dist-packages/robot_action/robot_action_s__rosidl_typesupport_fastrtps_c.cpython-310-aarch64-linux-gnu.so
[3.098s] -- Up-to-date symlink: /home/hae/robot_ws/src/install/robot_action/local/lib/python3.10/dist-packages/robot_action/robot_action_s__rosidl_typesupport_introspection_c.cpython-310-aarch64-linux-gnu.so
[3.101s] -- Up-to-date symlink: /home/hae/robot_ws/src/install/robot_action/local/lib/python3.10/dist-packages/robot_action/robot_action_s__rosidl_typesupport_fastrtps_c.cpython-310-aarch64-linux-gnu.so
[3.103s] -- Up-to-date symlink: /home/hae/robot_ws/src/install/robot_action/local/lib/python3.10/dist-packages/robot_action/robot_action_s__rosidl_typesupport_introspection_c.cpython-310-aarch64-linux-gnu.so
[3.106s] -- Up-to-date symlink: /home/hae/robot_ws/src/install/robot_action/local/lib/python3.10/dist-packages/robot_action/robot_action_s__rosidl_typesupport_c.cpython-310-aarch64-linux-gnu.so
[3.107s] -- Up-to-date symlink: /home/hae/robot_ws/src/install/robot_action/share/robot_action/action/Move.idl
[3.108s] -- Up-to-date symlink: /home/hae/robot_ws/src/install/robot_action/share/robot_action/action/Test.idl
[3.109s] -- Up-to-date symlink: /home/hae/robot_ws/src/install/robot_action/share/robot_action/action/Move.action
[3.111s] -- Up-to-date symlink: /home/hae/robot_ws/src/install/robot_action/share/robot_action/action/Test.action
[3.112s] -- Up-to-date symlink: /home/hae/robot_ws/src/install/robot_action/share/ament_index/resource_index/package_run_dependencies/robot_action
[3.113s] -- Up-to-date symlink: /home/hae/robot_ws/src/install/robot_action/share/ament_index/resource_index/parent_prefix_path/robot_action
[3.115s] -- Up-to-date symlink: /home/hae/robot_ws/src/install/robot_action/share/robot_action/environment/ament_prefix_path.sh
[3.116s] -- Up-to-date symlink: /home/hae/robot_ws/src/install/robot_action/share/robot_action/environment/ament_prefix_path.dsv
[3.117s] -- Up-to-date symlink: /home/hae/robot_ws/src/install/robot_action/share/robot_action/environment/path.sh
[3.118s] -- Up-to-date symlink: /home/hae/robot_ws/src/install/robot_action/share/robot_action/environment/path.dsv
[3.120s] -- Up-to-date symlink: /home/hae/robot_ws/src/install/robot_action/share/robot_action/local_setup.bash
[3.121s] -- Up-to-date symlink: /home/hae/robot_ws/src/install/robot_action/share/robot_action/local_setup.sh
[3.122s] -- Up-to-date symlink: /home/hae/robot_ws/src/install/robot_action/share/robot_action/local_setup.zsh
[3.123s] -- Up-to-date symlink: /home/hae/robot_ws/src/install/robot_action/share/robot_action/local_setup.dsv
[3.124s] -- Symlinking: /home/hae/robot_ws/src/install/robot_action/share/robot_action/package.dsv
[3.160s] -- Up-to-date symlink: /home/hae/robot_ws/src/install/robot_action/share/ament_index/resource_index/packages/robot_action
[3.162s] -- Up-to-date symlink: /home/hae/robot_ws/src/install/robot_action/share/robot_action/cmake/rosidl_cmake-extras.cmake
[3.163s] -- Up-to-date symlink: /home/hae/robot_ws/src/install/robot_action/share/robot_action/cmake/ament_cmake_export_dependencies-extras.cmake
[3.164s] -- Up-to-date symlink: /home/hae/robot_ws/src/install/robot_action/share/robot_action/cmake/ament_cmake_export_include_directories-extras.cmake
[3.165s] -- Up-to-date symlink: /home/hae/robot_ws/src/install/robot_action/share/robot_action/cmake/ament_cmake_export_libraries-extras.cmake
[3.166s] -- Up-to-date symlink: /home/hae/robot_ws/src/install/robot_action/share/robot_action/cmake/ament_cmake_export_targets-extras.cmake
[3.167s] -- Up-to-date symlink: /home/hae/robot_ws/src/install/robot_action/share/robot_action/cmake/rosidl_cmake_export_typesupport_targets-extras.cmake
[3.169s] -- Up-to-date symlink: /home/hae/robot_ws/src/install/robot_action/share/robot_action/cmake/rosidl_cmake_export_typesupport_libraries-extras.cmake
[3.170s] -- Up-to-date symlink: /home/hae/robot_ws/src/install/robot_action/share/robot_action/cmake/robot_actionConfig.cmake
[3.171s] -- Up-to-date symlink: /home/hae/robot_ws/src/install/robot_action/share/robot_action/cmake/robot_actionConfig-version.cmake
[3.172s] -- Up-to-date symlink: /home/hae/robot_ws/src/install/robot_action/share/robot_action/package.xml
[3.174s] -- Up-to-date: /home/hae/robot_ws/src/install/robot_action/lib/librobot_action__rosidl_generator_c.so
[3.177s] -- Up-to-date: /home/hae/robot_ws/src/install/robot_action/lib/librobot_action__rosidl_typesupport_fastrtps_c.so
[3.182s] -- Up-to-date: /home/hae/robot_ws/src/install/robot_action/lib/librobot_action__rosidl_typesupport_introspection_c.so
[3.185s] -- Up-to-date: /home/hae/robot_ws/src/install/robot_action/lib/librobot_action__rosidl_typesupport_c.so
[3.188s] -- Up-to-date: /home/hae/robot_ws/src/install/robot_action/lib/librobot_action__rosidl_typesupport_fastrtps_cpp.so
[3.190s] -- Up-to-date: /home/hae/robot_ws/src/install/robot_action/lib/librobot_action__rosidl_typesupport_introspection_cpp.so
[3.192s] -- Up-to-date: /home/hae/robot_ws/src/install/robot_action/lib/librobot_action__rosidl_typesupport_cpp.so
[3.360s] Listing '/home/hae/robot_ws/src/install/robot_action/local/lib/python3.10/dist-packages/robot_action'...
[3.376s] Listing '/home/hae/robot_ws/src/install/robot_action/local/lib/python3.10/dist-packages/robot_action/action'...
[3.419s] -- Up-to-date: /home/hae/robot_ws/src/install/robot_action/lib/librobot_action__rosidl_generator_py.so
[3.424s] -- Up-to-date: /home/hae/robot_ws/src/install/robot_action/share/robot_action/cmake/export_robot_action__rosidl_generator_cExport.cmake
[3.425s] -- Up-to-date: /home/hae/robot_ws/src/install/robot_action/share/robot_action/cmake/export_robot_action__rosidl_generator_cExport-noconfig.cmake
[3.430s] -- Up-to-date: /home/hae/robot_ws/src/install/robot_action/share/robot_action/cmake/export_robot_action__rosidl_typesupport_fastrtps_cExport.cmake
[3.431s] -- Up-to-date: /home/hae/robot_ws/src/install/robot_action/share/robot_action/cmake/export_robot_action__rosidl_typesupport_fastrtps_cExport-noconfig.cmake
[3.442s] -- Up-to-date: /home/hae/robot_ws/src/install/robot_action/share/robot_action/cmake/robot_action__rosidl_typesupport_introspection_cExport.cmake
[3.442s] -- Up-to-date: /home/hae/robot_ws/src/install/robot_action/share/robot_action/cmake/robot_action__rosidl_typesupport_introspection_cExport-noconfig.cmake
[3.443s] -- Up-to-date: /home/hae/robot_ws/src/install/robot_action/share/robot_action/cmake/robot_action__rosidl_typesupport_cExport.cmake
[3.443s] -- Up-to-date: /home/hae/robot_ws/src/install/robot_action/share/robot_action/cmake/robot_action__rosidl_typesupport_cExport-noconfig.cmake
[3.447s] -- Up-to-date: /home/hae/robot_ws/src/install/robot_action/share/robot_action/cmake/export_robot_action__rosidl_generator_cppExport.cmake
[3.453s] -- Up-to-date: /home/hae/robot_ws/src/install/robot_action/share/robot_action/cmake/export_robot_action__rosidl_typesupport_fastrtps_cppExport.cmake
[3.454s] -- Up-to-date: /home/hae/robot_ws/src/install/robot_action/share/robot_action/cmake/export_robot_action__rosidl_typesupport_fastrtps_cppExport-noconfig.cmake
[3.459s] -- Up-to-date: /home/hae/robot_ws/src/install/robot_action/share/robot_action/cmake/robot_action__rosidl_typesupport_introspection_cppExport.cmake
[3.459s] -- Up-to-date: /home/hae/robot_ws/src/install/robot_action/share/robot_action/cmake/robot_action__rosidl_typesupport_introspection_cppExport-noconfig.cmake
[3.464s] -- Up-to-date: /home/hae/robot_ws/src/install/robot_action/share/robot_action/cmake/robot_action__rosidl_typesupport_cppExport.cmake
[3.465s] -- Up-to-date: /home/hae/robot_ws/src/install/robot_action/share/robot_action/cmake/robot_action__rosidl_typesupport_cppExport-noconfig.cmake
[3.470s] -- Up-to-date: /home/hae/robot_ws/src/install/robot_action/share/robot_action/cmake/export_robot_action__rosidl_generator_pyExport.cmake
[3.470s] -- Up-to-date: /home/hae/robot_ws/src/install/robot_action/share/robot_action/cmake/export_robot_action__rosidl_generator_pyExport-noconfig.cmake
[3.482s] Invoked command in '/home/hae/robot_ws/src/build/robot_action' returned '0': CMAKE_PREFIX_PATH=/opt/ros/humble /usr/bin/cmake --install /home/hae/robot_ws/src/build/robot_action
